2026-05-22 15:38:52  INFO  ======================================================================
2026-05-22 15:38:52  INFO  DRS Computation — Representation Stabilization
2026-05-22 15:38:52  INFO  ======================================================================
2026-05-22 15:38:52  INFO  Config:          configs/resnet18_cifar10_steplr.yaml
2026-05-22 15:38:52  INFO  Activations dir: /local/data/gme101/activations_steplr/seed_2
2026-05-22 15:38:52  INFO  Results dir:     /local/data/gme101/results_steplr/seed_2
2026-05-22 15:38:52  INFO  Device:          cuda
2026-05-22 15:38:52  INFO  GPU: NVIDIA L4
2026-05-22 15:38:52  INFO  Seed: 2
2026-05-22 15:38:52  INFO  DRS config: n_planes=500, n_points_per_plane=2500
2026-05-22 15:38:52  INFO  DRS config: probe_epochs=10, probe_lr=0.0001
2026-05-22 15:38:52  INFO  DRS config: compute_freq=10, tau=0.02
2026-05-22 15:38:52  INFO  Extraction labels: 2040 samples (204 per class)
2026-05-22 15:38:52  INFO  Saved plane triplets (500 triplets) to: /local/data/gme101/results_steplr/seed_2/drs_plane_triplets.npy
2026-05-22 15:38:52  INFO  Found 60 activation files in '/local/data/gme101/activations_steplr/seed_2'
2026-05-22 15:38:52  INFO  DRS-eligible pairs (epoch_curr % 10 == 0): 30
2026-05-22 15:38:52  INFO         5 →   10
2026-05-22 15:38:52  INFO        15 →   20
2026-05-22 15:38:52  INFO        25 →   30
2026-05-22 15:38:52  INFO        35 →   40
2026-05-22 15:38:52  INFO        45 →   50
2026-05-22 15:38:52  INFO        55 →   60
2026-05-22 15:38:52  INFO        65 →   70
2026-05-22 15:38:52  INFO        75 →   80
2026-05-22 15:38:52  INFO        85 →   90
2026-05-22 15:38:52  INFO        95 →  100
2026-05-22 15:38:52  INFO       105 →  110
2026-05-22 15:38:52  INFO       115 →  120
2026-05-22 15:38:52  INFO       125 →  130
2026-05-22 15:38:52  INFO       135 →  140
2026-05-22 15:38:52  INFO       145 →  150
2026-05-22 15:38:52  INFO       155 →  160
2026-05-22 15:38:52  INFO       165 →  170
2026-05-22 15:38:52  INFO       175 →  180
2026-05-22 15:38:52  INFO       185 →  190
2026-05-22 15:38:52  INFO       195 →  200
2026-05-22 15:38:52  INFO       205 →  210
2026-05-22 15:38:52  INFO       215 →  220
2026-05-22 15:38:52  INFO       225 →  230
2026-05-22 15:38:52  INFO       235 →  240
2026-05-22 15:38:52  INFO       245 →  250
2026-05-22 15:38:52  INFO       255 →  260
2026-05-22 15:38:52  INFO       265 →  270
2026-05-22 15:38:52  INFO       275 →  280
2026-05-22 15:38:52  INFO       285 →  290
2026-05-22 15:38:52  INFO       295 →  300
2026-05-22 15:38:52  INFO  ----------------------------------------------------------------------
2026-05-22 15:38:52  INFO  DRS pair 1/30: epoch 5 → 10
2026-05-22 15:38:52  INFO      Training probe on current epoch activations...
2026-05-22 15:38:53  INFO      Training probe on previous epoch activations...
2026-05-22 15:38:53  INFO      Evaluating agreement across 500 planes...
2026-05-22 15:38:55  INFO    Pair 1/30  epoch    5 →   10  DRS = 0.6262  change = 0.3738  below_tau = no 
2026-05-22 15:38:55  INFO  DRS pair 2/30: epoch 15 → 20
2026-05-22 15:38:55  INFO      Training probe on current epoch activations...
2026-05-22 15:38:55  INFO      Training probe on previous epoch activations...
2026-05-22 15:38:55  INFO      Evaluating agreement across 500 planes...
2026-05-22 15:38:57  INFO    Pair 2/30  epoch   15 →   20  DRS = 0.8277  change = 0.1723  below_tau = no 
2026-05-22 15:38:57  INFO  DRS pair 3/30: epoch 25 → 30
2026-05-22 15:38:57  INFO      Training probe on current epoch activations...
2026-05-22 15:38:57  INFO      Training probe on previous epoch activations...
2026-05-22 15:38:57  INFO      Evaluating agreement across 500 planes...
2026-05-22 15:38:59  INFO    Pair 3/30  epoch   25 →   30  DRS = 0.8005  change = 0.1995  below_tau = no 
2026-05-22 15:38:59  INFO  DRS pair 4/30: epoch 35 → 40
2026-05-22 15:38:59  INFO      Training probe on current epoch activations...
2026-05-22 15:38:59  INFO      Training probe on previous epoch activations...
2026-05-22 15:38:59  INFO      Evaluating agreement across 500 planes...
2026-05-22 15:39:01  INFO    Pair 4/30  epoch   35 →   40  DRS = 0.8431  change = 0.1569  below_tau = no 
2026-05-22 15:39:01  INFO  DRS pair 5/30: epoch 45 → 50
2026-05-22 15:39:01  INFO      Training probe on current epoch activations...
2026-05-22 15:39:01  INFO      Training probe on previous epoch activations...
2026-05-22 15:39:02  INFO      Evaluating agreement across 500 planes...
2026-05-22 15:39:04  INFO    Pair 5/30  epoch   45 →   50  DRS = 0.7859  change = 0.2141  below_tau = no 
2026-05-22 15:39:04  INFO  DRS pair 6/30: epoch 55 → 60
2026-05-22 15:39:04  INFO      Training probe on current epoch activations...
2026-05-22 15:39:04  INFO      Training probe on previous epoch activations...
2026-05-22 15:39:04  INFO      Evaluating agreement across 500 planes...
2026-05-22 15:39:06  INFO    Pair 6/30  epoch   55 →   60  DRS = 0.8641  change = 0.1359  below_tau = no 
2026-05-22 15:39:06  INFO  DRS pair 7/30: epoch 65 → 70
2026-05-22 15:39:06  INFO      Training probe on current epoch activations...
2026-05-22 15:39:06  INFO      Training probe on previous epoch activations...
2026-05-22 15:39:06  INFO      Evaluating agreement across 500 planes...
2026-05-22 15:39:08  INFO    Pair 7/30  epoch   65 →   70  DRS = 0.8525  change = 0.1475  below_tau = no 
2026-05-22 15:39:08  INFO  DRS pair 8/30: epoch 75 → 80
2026-05-22 15:39:08  INFO      Training probe on current epoch activations...
2026-05-22 15:39:09  INFO      Training probe on previous epoch activations...
2026-05-22 15:39:09  INFO      Evaluating agreement across 500 planes...
2026-05-22 15:39:11  INFO    Pair 8/30  epoch   75 →   80  DRS = 0.8545  change = 0.1455  below_tau = no 
2026-05-22 15:39:11  INFO  DRS pair 9/30: epoch 85 → 90
2026-05-22 15:39:11  INFO      Training probe on current epoch activations...
2026-05-22 15:39:11  INFO      Training probe on previous epoch activations...
2026-05-22 15:39:11  INFO      Evaluating agreement across 500 planes...
2026-05-22 15:39:13  INFO    Pair 9/30  epoch   85 →   90  DRS = 0.8214  change = 0.1786  below_tau = no 
2026-05-22 15:39:13  INFO  DRS pair 10/30: epoch 95 → 100
2026-05-22 15:39:13  INFO      Training probe on current epoch activations...
2026-05-22 15:39:13  INFO      Training probe on previous epoch activations...
2026-05-22 15:39:13  INFO      Evaluating agreement across 500 planes...
2026-05-22 15:39:15  INFO    Pair 10/30  epoch   95 →  100  DRS = 0.7585  change = 0.2415  below_tau = no 
2026-05-22 15:39:15  INFO  DRS pair 11/30: epoch 105 → 110
2026-05-22 15:39:15  INFO      Training probe on current epoch activations...
2026-05-22 15:39:15  INFO      Training probe on previous epoch activations...
2026-05-22 15:39:15  INFO      Evaluating agreement across 500 planes...
2026-05-22 15:39:17  INFO    Pair 11/30  epoch  105 →  110  DRS = 0.8735  change = 0.1265  below_tau = no 
2026-05-22 15:39:17  INFO  DRS pair 12/30: epoch 115 → 120
2026-05-22 15:39:17  INFO      Training probe on current epoch activations...
2026-05-22 15:39:17  INFO      Training probe on previous epoch activations...
2026-05-22 15:39:17  INFO      Evaluating agreement across 500 planes...
2026-05-22 15:39:19  INFO    Pair 12/30  epoch  115 →  120  DRS = 0.8740  change = 0.1260  below_tau = no 
2026-05-22 15:39:19  INFO  DRS pair 13/30: epoch 125 → 130
2026-05-22 15:39:19  INFO      Training probe on current epoch activations...
2026-05-22 15:39:20  INFO      Training probe on previous epoch activations...
2026-05-22 15:39:20  INFO      Evaluating agreement across 500 planes...
2026-05-22 15:39:22  INFO    Pair 13/30  epoch  125 →  130  DRS = 0.8729  change = 0.1271  below_tau = no 
2026-05-22 15:39:22  INFO  DRS pair 14/30: epoch 135 → 140
2026-05-22 15:39:22  INFO      Training probe on current epoch activations...
2026-05-22 15:39:22  INFO      Training probe on previous epoch activations...
2026-05-22 15:39:22  INFO      Evaluating agreement across 500 planes...
2026-05-22 15:39:24  INFO    Pair 14/30  epoch  135 →  140  DRS = 0.8714  change = 0.1286  below_tau = no 
2026-05-22 15:39:24  INFO  DRS pair 15/30: epoch 145 → 150
2026-05-22 15:39:24  INFO      Training probe on current epoch activations...
2026-05-22 15:39:24  INFO      Training probe on previous epoch activations...
2026-05-22 15:39:24  INFO      Evaluating agreement across 500 planes...
2026-05-22 15:39:26  INFO    Pair 15/30  epoch  145 →  150  DRS = 0.8261  change = 0.1739  below_tau = no 
2026-05-22 15:39:26  INFO  DRS pair 16/30: epoch 155 → 160
2026-05-22 15:39:26  INFO      Training probe on current epoch activations...
2026-05-22 15:39:26  INFO      Training probe on previous epoch activations...
2026-05-22 15:39:26  INFO      Evaluating agreement across 500 planes...
2026-05-22 15:39:28  INFO    Pair 16/30  epoch  155 →  160  DRS = 0.8757  change = 0.1243  below_tau = no 
2026-05-22 15:39:28  INFO  DRS pair 17/30: epoch 165 → 170
2026-05-22 15:39:28  INFO      Training probe on current epoch activations...
2026-05-22 15:39:29  INFO      Training probe on previous epoch activations...
2026-05-22 15:39:29  INFO      Evaluating agreement across 500 planes...
2026-05-22 15:39:31  INFO    Pair 17/30  epoch  165 →  170  DRS = 0.8435  change = 0.1565  below_tau = no 
2026-05-22 15:39:31  INFO  DRS pair 18/30: epoch 175 → 180
2026-05-22 15:39:31  INFO      Training probe on current epoch activations...
2026-05-22 15:39:31  INFO      Training probe on previous epoch activations...
2026-05-22 15:39:31  INFO      Evaluating agreement across 500 planes...
2026-05-22 15:39:33  INFO    Pair 18/30  epoch  175 →  180  DRS = 0.8810  change = 0.1190  below_tau = no 
2026-05-22 15:39:33  INFO  DRS pair 19/30: epoch 185 → 190
2026-05-22 15:39:33  INFO      Training probe on current epoch activations...
2026-05-22 15:39:33  INFO      Training probe on previous epoch activations...
2026-05-22 15:39:33  INFO      Evaluating agreement across 500 planes...
2026-05-22 15:39:35  INFO    Pair 19/30  epoch  185 →  190  DRS = 0.8529  change = 0.1471  below_tau = no 
2026-05-22 15:39:35  INFO  DRS pair 20/30: epoch 195 → 200
2026-05-22 15:39:35  INFO      Training probe on current epoch activations...
2026-05-22 15:39:35  INFO      Training probe on previous epoch activations...
2026-05-22 15:39:35  INFO      Evaluating agreement across 500 planes...
2026-05-22 15:39:37  INFO    Pair 20/30  epoch  195 →  200  DRS = 0.8616  change = 0.1384  below_tau = no 
2026-05-22 15:39:37  INFO  DRS pair 21/30: epoch 205 → 210
2026-05-22 15:39:37  INFO      Training probe on current epoch activations...
2026-05-22 15:39:37  INFO      Training probe on previous epoch activations...
2026-05-22 15:39:38  INFO      Evaluating agreement across 500 planes...
2026-05-22 15:39:40  INFO    Pair 21/30  epoch  205 →  210  DRS = 0.8775  change = 0.1225  below_tau = no 
2026-05-22 15:39:40  INFO  DRS pair 22/30: epoch 215 → 220
2026-05-22 15:39:40  INFO      Training probe on current epoch activations...
2026-05-22 15:39:40  INFO      Training probe on previous epoch activations...
2026-05-22 15:39:40  INFO      Evaluating agreement across 500 planes...
2026-05-22 15:39:42  INFO    Pair 22/30  epoch  215 →  220  DRS = 0.8898  change = 0.1102  below_tau = no 
2026-05-22 15:39:42  INFO  DRS pair 23/30: epoch 225 → 230
2026-05-22 15:39:42  INFO      Training probe on current epoch activations...
2026-05-22 15:39:42  INFO      Training probe on previous epoch activations...
2026-05-22 15:39:42  INFO      Evaluating agreement across 500 planes...
2026-05-22 15:39:44  INFO    Pair 23/30  epoch  225 →  230  DRS = 0.8582  change = 0.1418  below_tau = no 
2026-05-22 15:39:44  INFO  DRS pair 24/30: epoch 235 → 240
2026-05-22 15:39:44  INFO      Training probe on current epoch activations...
2026-05-22 15:39:45  INFO      Training probe on previous epoch activations...
2026-05-22 15:39:45  INFO      Evaluating agreement across 500 planes...
2026-05-22 15:39:47  INFO    Pair 24/30  epoch  235 →  240  DRS = 0.8784  change = 0.1216  below_tau = no 
2026-05-22 15:39:47  INFO  DRS pair 25/30: epoch 245 → 250
2026-05-22 15:39:47  INFO      Training probe on current epoch activations...
2026-05-22 15:39:47  INFO      Training probe on previous epoch activations...
2026-05-22 15:39:47  INFO      Evaluating agreement across 500 planes...
2026-05-22 15:39:49  INFO    Pair 25/30  epoch  245 →  250  DRS = 0.8843  change = 0.1157  below_tau = no 
2026-05-22 15:39:49  INFO  DRS pair 26/30: epoch 255 → 260
2026-05-22 15:39:49  INFO      Training probe on current epoch activations...
2026-05-22 15:39:49  INFO      Training probe on previous epoch activations...
2026-05-22 15:39:49  INFO      Evaluating agreement across 500 planes...
2026-05-22 15:39:52  INFO    Pair 26/30  epoch  255 →  260  DRS = 0.8964  change = 0.1036  below_tau = no 
2026-05-22 15:39:52  INFO  DRS pair 27/30: epoch 265 → 270
2026-05-22 15:39:52  INFO      Training probe on current epoch activations...
2026-05-22 15:39:52  INFO      Training probe on previous epoch activations...
2026-05-22 15:39:52  INFO      Evaluating agreement across 500 planes...
2026-05-22 15:39:54  INFO    Pair 27/30  epoch  265 →  270  DRS = 0.8975  change = 0.1025  below_tau = no 
2026-05-22 15:39:54  INFO  DRS pair 28/30: epoch 275 → 280
2026-05-22 15:39:54  INFO      Training probe on current epoch activations...
2026-05-22 15:39:54  INFO      Training probe on previous epoch activations...
2026-05-22 15:39:54  INFO      Evaluating agreement across 500 planes...
2026-05-22 15:39:56  INFO    Pair 28/30  epoch  275 →  280  DRS = 0.9095  change = 0.0905  below_tau = no 
2026-05-22 15:39:56  INFO  DRS pair 29/30: epoch 285 → 290
2026-05-22 15:39:56  INFO      Training probe on current epoch activations...
2026-05-22 15:39:56  INFO      Training probe on previous epoch activations...
2026-05-22 15:39:56  INFO      Evaluating agreement across 500 planes...
2026-05-22 15:39:58  INFO    Pair 29/30  epoch  285 →  290  DRS = 0.8704  change = 0.1296  below_tau = no 
2026-05-22 15:39:58  INFO  DRS pair 30/30: epoch 295 → 300
2026-05-22 15:39:58  INFO      Training probe on current epoch activations...
2026-05-22 15:39:58  INFO      Training probe on previous epoch activations...
2026-05-22 15:39:59  INFO      Evaluating agreement across 500 planes...
2026-05-22 15:40:00  INFO    Pair 30/30  epoch  295 →  300  DRS = 0.8557  change = 0.1443  below_tau = no 
2026-05-22 15:40:00  INFO  ----------------------------------------------------------------------
2026-05-22 15:40:00  INFO  Saved DRS results (30 pairs) to: /local/data/gme101/results_steplr/seed_2/drs_results.csv
2026-05-22 15:40:00  INFO  Pairs below tau=0.02: 0 / 30
2026-05-22 15:40:00  INFO  ======================================================================
2026-05-22 15:40:00  INFO  DRS computation complete.
2026-05-22 15:40:00  INFO  ======================================================================
