2026-05-22 15:40:01  INFO  ======================================================================
2026-05-22 15:40:01  INFO  Stabilization Detection — (τ, K) Criterion
2026-05-22 15:40:01  INFO  ======================================================================
2026-05-22 15:40:01  INFO  Config:  configs/resnet18_cifar10_steplr.yaml
2026-05-22 15:40:01  INFO  τ (tau): 0.02   (change threshold; change = 1 − metric_value)
2026-05-22 15:40:01  INFO  K:       5    (consecutive below-τ pairs required to declare t*)
2026-05-22 15:40:01  INFO  CKA CSV: /local/data/gme101/results_steplr/seed_2/cka_results.csv
2026-05-22 15:40:01  INFO  DRS CSV: /local/data/gme101/results_steplr/seed_2/drs_results.csv
2026-05-22 15:40:01  INFO  ----------------------------------------------------------------------
2026-05-22 15:40:01  INFO  Loading CKA results...
2026-05-22 15:40:01  INFO    Loaded 59 CKA pairs.
2026-05-22 15:40:01  INFO    Pairs below τ=0.02: 19 / 59 (32.2%)
2026-05-22 15:40:01  INFO  ----------------------------------------------------------------------
2026-05-22 15:40:01  INFO  Loading DRS results (optional)...
2026-05-22 15:40:01  INFO    Loaded 30 DRS pairs.
2026-05-22 15:40:01  INFO    Pairs below τ=0.02: 0 / 30 (0.0%)
2026-05-22 15:40:01  INFO  ----------------------------------------------------------------------
2026-05-22 15:40:01  INFO  Running stabilization detection on CKA (τ=0.02, K=5)...
2026-05-22 15:40:01  INFO    CKA stabilization detected at epoch t* = 230
2026-05-22 15:40:01  INFO    CKA pairs (τ=0.02, K=5, detected t*=230):
2026-05-22 15:40:01  INFO    epoch_prev  epoch_curr    change  below_τ  consec  trigger
2026-05-22 15:40:01  INFO    ------------------------------------------------------------
2026-05-22 15:40:01  INFO             5          10    0.1724      no        0        0
2026-05-22 15:40:01  INFO            10          15    0.1683      no        0        0
2026-05-22 15:40:01  INFO            15          20    0.1783      no        0        0
2026-05-22 15:40:01  INFO            20          25    0.1879      no        0        0
2026-05-22 15:40:01  INFO            25          30    0.2693      no        0        0
2026-05-22 15:40:01  INFO            30          35    0.2351      no        0        0
2026-05-22 15:40:01  INFO            35          40    0.1834      no        0        0
2026-05-22 15:40:01  INFO            40          45    0.2426      no        0        0
2026-05-22 15:40:01  INFO            45          50    0.2167      no        0        0
2026-05-22 15:40:01  INFO            50          55    0.2259      no        0        0
2026-05-22 15:40:01  INFO            55          60    0.2455      no        0        0
2026-05-22 15:40:01  INFO            60          65    0.1974      no        0        0
2026-05-22 15:40:01  INFO            65          70    0.1986      no        0        0
2026-05-22 15:40:01  INFO            70          75    0.1939      no        0        0
2026-05-22 15:40:01  INFO            75          80    0.2193      no        0        0
2026-05-22 15:40:01  INFO            80          85    0.2323      no        0        0
2026-05-22 15:40:01  INFO            85          90    0.2152      no        0        0
2026-05-22 15:40:01  INFO            90          95    0.2075      no        0        0
2026-05-22 15:40:01  INFO            95         100    0.1944      no        0        0
2026-05-22 15:40:01  INFO           100         105    0.1574      no        0        0
2026-05-22 15:40:01  INFO           105         110    0.0315      no        0        0
2026-05-22 15:40:01  INFO           110         115    0.0367      no        0        0
2026-05-22 15:40:01  INFO           115         120    0.0482      no        0        0
2026-05-22 15:40:01  INFO           120         125    0.0635      no        0        0
2026-05-22 15:40:01  INFO           125         130    0.0727      no        0        0
2026-05-22 15:40:01  INFO           130         135    0.0780      no        0        0
2026-05-22 15:40:01  INFO           135         140    0.0899      no        0        0
2026-05-22 15:40:01  INFO           140         145    0.1175      no        0        0
2026-05-22 15:40:01  INFO           145         150    0.0985      no        0        0
2026-05-22 15:40:01  INFO           150         155    0.0931      no        0        0
2026-05-22 15:40:01  INFO           155         160    0.0863      no        0        0
2026-05-22 15:40:01  INFO           160         165    0.0937      no        0        0
2026-05-22 15:40:01  INFO           165         170    0.0955      no        0        0
2026-05-22 15:40:01  INFO           170         175    0.1100      no        0        0
2026-05-22 15:40:01  INFO           175         180    0.1064      no        0        0
2026-05-22 15:40:01  INFO           180         185    0.1026      no        0        0
2026-05-22 15:40:01  INFO           185         190    0.1047      no        0        0
2026-05-22 15:40:01  INFO           190         195    0.1049      no        0        0
2026-05-22 15:40:01  INFO           195         200    0.0981      no        0        0
2026-05-22 15:40:01  INFO           200         205    0.0347      no        0        0
2026-05-22 15:40:01  INFO           205         210    0.0033      YES       1        0
2026-05-22 15:40:01  INFO           210         215    0.0020      YES       2        0
2026-05-22 15:40:01  INFO           215         220    0.0020      YES       3        0
2026-05-22 15:40:01  INFO           220         225    0.0017      YES       4        0
2026-05-22 15:40:01  INFO           225         230    0.0019      YES       5        1 ← t*
2026-05-22 15:40:01  INFO           230         235    0.0017      YES       6        0
2026-05-22 15:40:01  INFO           235         240    0.0014      YES       7        0
2026-05-22 15:40:01  INFO           240         245    0.0011      YES       8        0
2026-05-22 15:40:01  INFO           245         250    0.0013      YES       9        0
2026-05-22 15:40:01  INFO           250         255    0.0011      YES      10        0
2026-05-22 15:40:01  INFO           255         260    0.0012      YES      11        0
2026-05-22 15:40:01  INFO           260         265    0.0009      YES      12        0
2026-05-22 15:40:01  INFO           265         270    0.0009      YES      13        0
2026-05-22 15:40:01  INFO           270         275    0.0009      YES      14        0
2026-05-22 15:40:01  INFO           275         280    0.0010      YES      15        0
2026-05-22 15:40:01  INFO           280         285    0.0011      YES      16        0
2026-05-22 15:40:01  INFO           285         290    0.0009      YES      17        0
2026-05-22 15:40:01  INFO           290         295    0.0008      YES      18        0
2026-05-22 15:40:01  INFO           295         300    0.0011      YES      19        0
2026-05-22 15:40:01  INFO  ----------------------------------------------------------------------
2026-05-22 15:40:01  INFO  Running stabilization detection on DRS (τ=0.02, K=5)...
2026-05-22 15:40:01  INFO    DRS stabilization NOT detected (K=5 consecutive below-τ pairs never accumulated)
2026-05-22 15:40:01  INFO    DRS pairs (τ=0.02, K=5, detected t*=None):
2026-05-22 15:40:01  INFO    epoch_prev  epoch_curr    change  below_τ  consec  trigger
2026-05-22 15:40:01  INFO    ------------------------------------------------------------
2026-05-22 15:40:01  INFO             5          10    0.3738      no        0        0
2026-05-22 15:40:01  INFO            15          20    0.1723      no        0        0
2026-05-22 15:40:01  INFO            25          30    0.1995      no        0        0
2026-05-22 15:40:01  INFO            35          40    0.1569      no        0        0
2026-05-22 15:40:01  INFO            45          50    0.2141      no        0        0
2026-05-22 15:40:01  INFO            55          60    0.1359      no        0        0
2026-05-22 15:40:01  INFO            65          70    0.1475      no        0        0
2026-05-22 15:40:01  INFO            75          80    0.1455      no        0        0
2026-05-22 15:40:01  INFO            85          90    0.1786      no        0        0
2026-05-22 15:40:01  INFO            95         100    0.2415      no        0        0
2026-05-22 15:40:01  INFO           105         110    0.1265      no        0        0
2026-05-22 15:40:01  INFO           115         120    0.1260      no        0        0
2026-05-22 15:40:01  INFO           125         130    0.1271      no        0        0
2026-05-22 15:40:01  INFO           135         140    0.1286      no        0        0
2026-05-22 15:40:01  INFO           145         150    0.1739      no        0        0
2026-05-22 15:40:01  INFO           155         160    0.1243      no        0        0
2026-05-22 15:40:01  INFO           165         170    0.1565      no        0        0
2026-05-22 15:40:01  INFO           175         180    0.1190      no        0        0
2026-05-22 15:40:01  INFO           185         190    0.1471      no        0        0
2026-05-22 15:40:01  INFO           195         200    0.1384      no        0        0
2026-05-22 15:40:01  INFO           205         210    0.1225      no        0        0
2026-05-22 15:40:01  INFO           215         220    0.1102      no        0        0
2026-05-22 15:40:01  INFO           225         230    0.1418      no        0        0
2026-05-22 15:40:01  INFO           235         240    0.1216      no        0        0
2026-05-22 15:40:01  INFO           245         250    0.1157      no        0        0
2026-05-22 15:40:01  INFO           255         260    0.1036      no        0        0
2026-05-22 15:40:01  INFO           265         270    0.1025      no        0        0
2026-05-22 15:40:01  INFO           275         280    0.0905      no        0        0
2026-05-22 15:40:01  INFO           285         290    0.1296      no        0        0
2026-05-22 15:40:01  INFO           295         300    0.1442      no        0        0
2026-05-22 15:40:01  INFO  ----------------------------------------------------------------------
2026-05-22 15:40:01  INFO  Computing joint t*...
2026-05-22 15:40:01  WARNING  DRS stabilization not detected but CKA detected t*=230. Joint t* cannot be declared — DRS is still changing. This may mean training has not run long enough for K DRS pairs to accumulate.
2026-05-22 15:40:01  INFO    t*_CKA   = 230
2026-05-22 15:40:01  INFO    t*_DRS   = None
2026-05-22 15:40:01  INFO    t*_JOINT = None
2026-05-22 15:40:01  INFO  ----------------------------------------------------------------------
2026-05-22 15:40:01  INFO  Saving annotated results...
2026-05-22 15:40:01  INFO    Saved annotated pairs to: /local/data/gme101/results_steplr/seed_2/stabilization_cka.csv
2026-05-22 15:40:01  INFO    Saved annotated pairs to: /local/data/gme101/results_steplr/seed_2/stabilization_drs.csv
2026-05-22 15:40:01  INFO    Saved summary to: /local/data/gme101/results_steplr/seed_2/stabilization_summary.csv
2026-05-22 15:40:01  INFO  ======================================================================
2026-05-22 15:40:01  INFO  RECOMMENDATION
2026-05-22 15:40:01  INFO  ======================================================================
2026-05-22 15:40:01  INFO  Stabilization NOT detected within the available training data.
2026-05-22 15:40:01  INFO  
2026-05-22 15:40:01  INFO    Possible causes:
2026-05-22 15:40:01  INFO      - Training may not have run long enough (increase epochs)
2026-05-22 15:40:01  INFO      - τ or K may need adjustment — check the annotated pair CSVs to see how close the metrics came to satisfying the criterion
2026-05-22 15:40:01  INFO      - The representation may genuinely not stabilize (this is also a finding)
2026-05-22 15:40:01  INFO  ======================================================================
