2026-05-22 17:10:36  INFO  ======================================================================
2026-05-22 17:10:36  INFO  CKA Computation — Representation Stabilization
2026-05-22 17:10:36  INFO  ======================================================================
2026-05-22 17:10:36  INFO  Config:          configs/resnet18_cifar10_steplr.yaml
2026-05-22 17:10:36  INFO  Activations dir: /local/data/gme101/activations_steplr/seed_3
2026-05-22 17:10:36  INFO  Results dir:     /local/data/gme101/results_steplr/seed_3
2026-05-22 17:10:36  INFO  Seed: 3
2026-05-22 17:10:36  INFO  Mode: consecutive
2026-05-22 17:10:36  INFO  Stabilization threshold tau = 0.02
2026-05-22 17:10:36  INFO  Found 60 activation files in '/local/data/gme101/activations_steplr/seed_3'
2026-05-22 17:10:36  INFO  Epoch range: 5 to 300
2026-05-22 17:10:36  INFO  Number of CKA pairs to compute: 59
2026-05-22 17:10:36  INFO  ----------------------------------------------------------------------
2026-05-22 17:10:36  INFO    Pair   1/59  epoch    5 →   10  CKA = 0.8698  change = 0.1302  below_tau = no 
2026-05-22 17:10:36  INFO    Pair   2/59  epoch   10 →   15  CKA = 0.8391  change = 0.1609  below_tau = no 
2026-05-22 17:10:36  INFO    Pair   3/59  epoch   15 →   20  CKA = 0.8152  change = 0.1848  below_tau = no 
2026-05-22 17:10:36  INFO    Pair   4/59  epoch   20 →   25  CKA = 0.8054  change = 0.1946  below_tau = no 
2026-05-22 17:10:36  INFO    Pair   5/59  epoch   25 →   30  CKA = 0.7727  change = 0.2273  below_tau = no 
2026-05-22 17:10:36  INFO    Pair   6/59  epoch   30 →   35  CKA = 0.7814  change = 0.2186  below_tau = no 
2026-05-22 17:10:36  INFO    Pair   7/59  epoch   35 →   40  CKA = 0.7118  change = 0.2882  below_tau = no 
2026-05-22 17:10:36  INFO    Pair   8/59  epoch   40 →   45  CKA = 0.7767  change = 0.2233  below_tau = no 
2026-05-22 17:10:36  INFO    Pair   9/59  epoch   45 →   50  CKA = 0.8046  change = 0.1954  below_tau = no 
2026-05-22 17:10:36  INFO    Pair  10/59  epoch   50 →   55  CKA = 0.8243  change = 0.1757  below_tau = no 
2026-05-22 17:10:36  INFO    Pair  11/59  epoch   55 →   60  CKA = 0.7710  change = 0.2290  below_tau = no 
2026-05-22 17:10:36  INFO    Pair  12/59  epoch   60 →   65  CKA = 0.7895  change = 0.2105  below_tau = no 
2026-05-22 17:10:36  INFO    Pair  13/59  epoch   65 →   70  CKA = 0.8250  change = 0.1750  below_tau = no 
2026-05-22 17:10:36  INFO    Pair  14/59  epoch   70 →   75  CKA = 0.7426  change = 0.2574  below_tau = no 
2026-05-22 17:10:36  INFO    Pair  15/59  epoch   75 →   80  CKA = 0.7190  change = 0.2810  below_tau = no 
2026-05-22 17:10:36  INFO    Pair  16/59  epoch   80 →   85  CKA = 0.7261  change = 0.2739  below_tau = no 
2026-05-22 17:10:36  INFO    Pair  17/59  epoch   85 →   90  CKA = 0.7866  change = 0.2134  below_tau = no 
2026-05-22 17:10:36  INFO    Pair  18/59  epoch   90 →   95  CKA = 0.8073  change = 0.1927  below_tau = no 
2026-05-22 17:10:36  INFO    Pair  19/59  epoch   95 →  100  CKA = 0.8157  change = 0.1843  below_tau = no 
2026-05-22 17:10:36  INFO    Pair  20/59  epoch  100 →  105  CKA = 0.8602  change = 0.1398  below_tau = no 
2026-05-22 17:10:36  INFO    Pair  21/59  epoch  105 →  110  CKA = 0.9666  change = 0.0334  below_tau = no 
2026-05-22 17:10:36  INFO    Pair  22/59  epoch  110 →  115  CKA = 0.9554  change = 0.0446  below_tau = no 
2026-05-22 17:10:36  INFO    Pair  23/59  epoch  115 →  120  CKA = 0.9506  change = 0.0494  below_tau = no 
2026-05-22 17:10:36  INFO    Pair  24/59  epoch  120 →  125  CKA = 0.9426  change = 0.0574  below_tau = no 
2026-05-22 17:10:36  INFO    Pair  25/59  epoch  125 →  130  CKA = 0.9313  change = 0.0687  below_tau = no 
2026-05-22 17:10:37  INFO    Pair  26/59  epoch  130 →  135  CKA = 0.9175  change = 0.0825  below_tau = no 
2026-05-22 17:10:37  INFO    Pair  27/59  epoch  135 →  140  CKA = 0.9098  change = 0.0902  below_tau = no 
2026-05-22 17:10:37  INFO    Pair  28/59  epoch  140 →  145  CKA = 0.9040  change = 0.0960  below_tau = no 
2026-05-22 17:10:37  INFO    Pair  29/59  epoch  145 →  150  CKA = 0.8890  change = 0.1110  below_tau = no 
2026-05-22 17:10:37  INFO    Pair  30/59  epoch  150 →  155  CKA = 0.8980  change = 0.1020  below_tau = no 
2026-05-22 17:10:37  INFO    Pair  31/59  epoch  155 →  160  CKA = 0.9084  change = 0.0916  below_tau = no 
2026-05-22 17:10:37  INFO    Pair  32/59  epoch  160 →  165  CKA = 0.9111  change = 0.0889  below_tau = no 
2026-05-22 17:10:37  INFO    Pair  33/59  epoch  165 →  170  CKA = 0.8824  change = 0.1176  below_tau = no 
2026-05-22 17:10:37  INFO    Pair  34/59  epoch  170 →  175  CKA = 0.8853  change = 0.1147  below_tau = no 
2026-05-22 17:10:37  INFO    Pair  35/59  epoch  175 →  180  CKA = 0.8922  change = 0.1078  below_tau = no 
2026-05-22 17:10:37  INFO    Pair  36/59  epoch  180 →  185  CKA = 0.8858  change = 0.1142  below_tau = no 
2026-05-22 17:10:37  INFO    Pair  37/59  epoch  185 →  190  CKA = 0.8984  change = 0.1016  below_tau = no 
2026-05-22 17:10:37  INFO    Pair  38/59  epoch  190 →  195  CKA = 0.9037  change = 0.0963  below_tau = no 
2026-05-22 17:10:37  INFO    Pair  39/59  epoch  195 →  200  CKA = 0.8940  change = 0.1060  below_tau = no 
2026-05-22 17:10:37  INFO    Pair  40/59  epoch  200 →  205  CKA = 0.9603  change = 0.0397  below_tau = no 
2026-05-22 17:10:37  INFO    Pair  41/59  epoch  205 →  210  CKA = 0.9966  change = 0.0034  below_tau = YES
2026-05-22 17:10:37  INFO    Pair  42/59  epoch  210 →  215  CKA = 0.9979  change = 0.0021  below_tau = YES
2026-05-22 17:10:37  INFO    Pair  43/59  epoch  215 →  220  CKA = 0.9984  change = 0.0016  below_tau = YES
2026-05-22 17:10:37  INFO    Pair  44/59  epoch  220 →  225  CKA = 0.9984  change = 0.0016  below_tau = YES
2026-05-22 17:10:37  INFO    Pair  45/59  epoch  225 →  230  CKA = 0.9987  change = 0.0013  below_tau = YES
2026-05-22 17:10:37  INFO    Pair  46/59  epoch  230 →  235  CKA = 0.9986  change = 0.0014  below_tau = YES
2026-05-22 17:10:37  INFO    Pair  47/59  epoch  235 →  240  CKA = 0.9989  change = 0.0011  below_tau = YES
2026-05-22 17:10:37  INFO    Pair  48/59  epoch  240 →  245  CKA = 0.9992  change = 0.0008  below_tau = YES
2026-05-22 17:10:37  INFO    Pair  49/59  epoch  245 →  250  CKA = 0.9989  change = 0.0011  below_tau = YES
2026-05-22 17:10:37  INFO    Pair  50/59  epoch  250 →  255  CKA = 0.9987  change = 0.0013  below_tau = YES
2026-05-22 17:10:37  INFO    Pair  51/59  epoch  255 →  260  CKA = 0.9989  change = 0.0011  below_tau = YES
2026-05-22 17:10:37  INFO    Pair  52/59  epoch  260 →  265  CKA = 0.9986  change = 0.0014  below_tau = YES
2026-05-22 17:10:37  INFO    Pair  53/59  epoch  265 →  270  CKA = 0.9987  change = 0.0013  below_tau = YES
2026-05-22 17:10:38  INFO    Pair  54/59  epoch  270 →  275  CKA = 0.9990  change = 0.0010  below_tau = YES
2026-05-22 17:10:38  INFO    Pair  55/59  epoch  275 →  280  CKA = 0.9989  change = 0.0011  below_tau = YES
2026-05-22 17:10:38  INFO    Pair  56/59  epoch  280 →  285  CKA = 0.9991  change = 0.0009  below_tau = YES
2026-05-22 17:10:38  INFO    Pair  57/59  epoch  285 →  290  CKA = 0.9988  change = 0.0012  below_tau = YES
2026-05-22 17:10:38  INFO    Pair  58/59  epoch  290 →  295  CKA = 0.9991  change = 0.0009  below_tau = YES
2026-05-22 17:10:38  INFO    Pair  59/59  epoch  295 →  300  CKA = 0.9994  change = 0.0006  below_tau = YES
2026-05-22 17:10:38  INFO  ----------------------------------------------------------------------
2026-05-22 17:10:38  INFO  Saved CKA results (59 pairs) to: /local/data/gme101/results_steplr/seed_3/cka_results.csv
2026-05-22 17:10:38  INFO  Pairs below tau=0.02: 19 / 59
2026-05-22 17:10:38  INFO  ======================================================================
2026-05-22 17:10:38  INFO  CKA computation complete.
2026-05-22 17:10:38  INFO  ======================================================================
