2026-05-22 17:10:39  INFO  ======================================================================
2026-05-22 17:10:39  INFO  DRS Computation — Representation Stabilization
2026-05-22 17:10:39  INFO  ======================================================================
2026-05-22 17:10:39  INFO  Config:          configs/resnet18_cifar10_steplr.yaml
2026-05-22 17:10:39  INFO  Activations dir: /local/data/gme101/activations_steplr/seed_3
2026-05-22 17:10:39  INFO  Results dir:     /local/data/gme101/results_steplr/seed_3
2026-05-22 17:10:39  INFO  Device:          cuda
2026-05-22 17:10:39  INFO  GPU: NVIDIA L4
2026-05-22 17:10:39  INFO  Seed: 3
2026-05-22 17:10:39  INFO  DRS config: n_planes=500, n_points_per_plane=2500
2026-05-22 17:10:39  INFO  DRS config: probe_epochs=10, probe_lr=0.0001
2026-05-22 17:10:39  INFO  DRS config: compute_freq=10, tau=0.02
2026-05-22 17:10:39  INFO  Extraction labels: 2040 samples (204 per class)
2026-05-22 17:10:39  INFO  Saved plane triplets (500 triplets) to: /local/data/gme101/results_steplr/seed_3/drs_plane_triplets.npy
2026-05-22 17:10:39  INFO  Found 60 activation files in '/local/data/gme101/activations_steplr/seed_3'
2026-05-22 17:10:39  INFO  DRS-eligible pairs (epoch_curr % 10 == 0): 30
2026-05-22 17:10:39  INFO         5 →   10
2026-05-22 17:10:39  INFO        15 →   20
2026-05-22 17:10:39  INFO        25 →   30
2026-05-22 17:10:39  INFO        35 →   40
2026-05-22 17:10:39  INFO        45 →   50
2026-05-22 17:10:39  INFO        55 →   60
2026-05-22 17:10:39  INFO        65 →   70
2026-05-22 17:10:39  INFO        75 →   80
2026-05-22 17:10:39  INFO        85 →   90
2026-05-22 17:10:39  INFO        95 →  100
2026-05-22 17:10:39  INFO       105 →  110
2026-05-22 17:10:39  INFO       115 →  120
2026-05-22 17:10:39  INFO       125 →  130
2026-05-22 17:10:39  INFO       135 →  140
2026-05-22 17:10:39  INFO       145 →  150
2026-05-22 17:10:39  INFO       155 →  160
2026-05-22 17:10:39  INFO       165 →  170
2026-05-22 17:10:39  INFO       175 →  180
2026-05-22 17:10:39  INFO       185 →  190
2026-05-22 17:10:39  INFO       195 →  200
2026-05-22 17:10:39  INFO       205 →  210
2026-05-22 17:10:39  INFO       215 →  220
2026-05-22 17:10:39  INFO       225 →  230
2026-05-22 17:10:39  INFO       235 →  240
2026-05-22 17:10:39  INFO       245 →  250
2026-05-22 17:10:39  INFO       255 →  260
2026-05-22 17:10:39  INFO       265 →  270
2026-05-22 17:10:39  INFO       275 →  280
2026-05-22 17:10:39  INFO       285 →  290
2026-05-22 17:10:39  INFO       295 →  300
2026-05-22 17:10:39  INFO  ----------------------------------------------------------------------
2026-05-22 17:10:39  INFO  DRS pair 1/30: epoch 5 → 10
2026-05-22 17:10:39  INFO      Training probe on current epoch activations...
2026-05-22 17:10:39  INFO      Training probe on previous epoch activations...
2026-05-22 17:10:40  INFO      Evaluating agreement across 500 planes...
2026-05-22 17:10:41  INFO    Pair 1/30  epoch    5 →   10  DRS = 0.8379  change = 0.1621  below_tau = no 
2026-05-22 17:10:41  INFO  DRS pair 2/30: epoch 15 → 20
2026-05-22 17:10:41  INFO      Training probe on current epoch activations...
2026-05-22 17:10:41  INFO      Training probe on previous epoch activations...
2026-05-22 17:10:42  INFO      Evaluating agreement across 500 planes...
2026-05-22 17:10:44  INFO    Pair 2/30  epoch   15 →   20  DRS = 0.7718  change = 0.2282  below_tau = no 
2026-05-22 17:10:44  INFO  DRS pair 3/30: epoch 25 → 30
2026-05-22 17:10:44  INFO      Training probe on current epoch activations...
2026-05-22 17:10:44  INFO      Training probe on previous epoch activations...
2026-05-22 17:10:44  INFO      Evaluating agreement across 500 planes...
2026-05-22 17:10:46  INFO    Pair 3/30  epoch   25 →   30  DRS = 0.7909  change = 0.2091  below_tau = no 
2026-05-22 17:10:46  INFO  DRS pair 4/30: epoch 35 → 40
2026-05-22 17:10:46  INFO      Training probe on current epoch activations...
2026-05-22 17:10:47  INFO      Training probe on previous epoch activations...
2026-05-22 17:10:47  INFO      Evaluating agreement across 500 planes...
2026-05-22 17:10:49  INFO    Pair 4/30  epoch   35 →   40  DRS = 0.8085  change = 0.1915  below_tau = no 
2026-05-22 17:10:49  INFO  DRS pair 5/30: epoch 45 → 50
2026-05-22 17:10:49  INFO      Training probe on current epoch activations...
2026-05-22 17:10:49  INFO      Training probe on previous epoch activations...
2026-05-22 17:10:49  INFO      Evaluating agreement across 500 planes...
2026-05-22 17:10:51  INFO    Pair 5/30  epoch   45 →   50  DRS = 0.8501  change = 0.1499  below_tau = no 
2026-05-22 17:10:51  INFO  DRS pair 6/30: epoch 55 → 60
2026-05-22 17:10:51  INFO      Training probe on current epoch activations...
2026-05-22 17:10:51  INFO      Training probe on previous epoch activations...
2026-05-22 17:10:51  INFO      Evaluating agreement across 500 planes...
2026-05-22 17:10:53  INFO    Pair 6/30  epoch   55 →   60  DRS = 0.8088  change = 0.1912  below_tau = no 
2026-05-22 17:10:53  INFO  DRS pair 7/30: epoch 65 → 70
2026-05-22 17:10:53  INFO      Training probe on current epoch activations...
2026-05-22 17:10:53  INFO      Training probe on previous epoch activations...
2026-05-22 17:10:54  INFO      Evaluating agreement across 500 planes...
2026-05-22 17:10:56  INFO    Pair 7/30  epoch   65 →   70  DRS = 0.8291  change = 0.1709  below_tau = no 
2026-05-22 17:10:56  INFO  DRS pair 8/30: epoch 75 → 80
2026-05-22 17:10:56  INFO      Training probe on current epoch activations...
2026-05-22 17:10:56  INFO      Training probe on previous epoch activations...
2026-05-22 17:10:56  INFO      Evaluating agreement across 500 planes...
2026-05-22 17:10:58  INFO    Pair 8/30  epoch   75 →   80  DRS = 0.8262  change = 0.1738  below_tau = no 
2026-05-22 17:10:58  INFO  DRS pair 9/30: epoch 85 → 90
2026-05-22 17:10:58  INFO      Training probe on current epoch activations...
2026-05-22 17:10:58  INFO      Training probe on previous epoch activations...
2026-05-22 17:10:58  INFO      Evaluating agreement across 500 planes...
2026-05-22 17:11:00  INFO    Pair 9/30  epoch   85 →   90  DRS = 0.8280  change = 0.1720  below_tau = no 
2026-05-22 17:11:00  INFO  DRS pair 10/30: epoch 95 → 100
2026-05-22 17:11:00  INFO      Training probe on current epoch activations...
2026-05-22 17:11:00  INFO      Training probe on previous epoch activations...
2026-05-22 17:11:00  INFO      Evaluating agreement across 500 planes...
2026-05-22 17:11:03  INFO    Pair 10/30  epoch   95 →  100  DRS = 0.8294  change = 0.1706  below_tau = no 
2026-05-22 17:11:03  INFO  DRS pair 11/30: epoch 105 → 110
2026-05-22 17:11:03  INFO      Training probe on current epoch activations...
2026-05-22 17:11:03  INFO      Training probe on previous epoch activations...
2026-05-22 17:11:03  INFO      Evaluating agreement across 500 planes...
2026-05-22 17:11:05  INFO    Pair 11/30  epoch  105 →  110  DRS = 0.8936  change = 0.1064  below_tau = no 
2026-05-22 17:11:05  INFO  DRS pair 12/30: epoch 115 → 120
2026-05-22 17:11:05  INFO      Training probe on current epoch activations...
2026-05-22 17:11:05  INFO      Training probe on previous epoch activations...
2026-05-22 17:11:05  INFO      Evaluating agreement across 500 planes...
2026-05-22 17:11:07  INFO    Pair 12/30  epoch  115 →  120  DRS = 0.8985  change = 0.1015  below_tau = no 
2026-05-22 17:11:07  INFO  DRS pair 13/30: epoch 125 → 130
2026-05-22 17:11:07  INFO      Training probe on current epoch activations...
2026-05-22 17:11:07  INFO      Training probe on previous epoch activations...
2026-05-22 17:11:08  INFO      Evaluating agreement across 500 planes...
2026-05-22 17:11:09  INFO    Pair 13/30  epoch  125 →  130  DRS = 0.8821  change = 0.1179  below_tau = no 
2026-05-22 17:11:09  INFO  DRS pair 14/30: epoch 135 → 140
2026-05-22 17:11:09  INFO      Training probe on current epoch activations...
2026-05-22 17:11:09  INFO      Training probe on previous epoch activations...
2026-05-22 17:11:10  INFO      Evaluating agreement across 500 planes...
2026-05-22 17:11:12  INFO    Pair 14/30  epoch  135 →  140  DRS = 0.8546  change = 0.1454  below_tau = no 
2026-05-22 17:11:12  INFO  DRS pair 15/30: epoch 145 → 150
2026-05-22 17:11:12  INFO      Training probe on current epoch activations...
2026-05-22 17:11:12  INFO      Training probe on previous epoch activations...
2026-05-22 17:11:12  INFO      Evaluating agreement across 500 planes...
2026-05-22 17:11:14  INFO    Pair 15/30  epoch  145 →  150  DRS = 0.8486  change = 0.1514  below_tau = no 
2026-05-22 17:11:14  INFO  DRS pair 16/30: epoch 155 → 160
2026-05-22 17:11:14  INFO      Training probe on current epoch activations...
2026-05-22 17:11:14  INFO      Training probe on previous epoch activations...
2026-05-22 17:11:14  INFO      Evaluating agreement across 500 planes...
2026-05-22 17:11:16  INFO    Pair 16/30  epoch  155 →  160  DRS = 0.8622  change = 0.1378  below_tau = no 
2026-05-22 17:11:16  INFO  DRS pair 17/30: epoch 165 → 170
2026-05-22 17:11:16  INFO      Training probe on current epoch activations...
2026-05-22 17:11:16  INFO      Training probe on previous epoch activations...
2026-05-22 17:11:16  INFO      Evaluating agreement across 500 planes...
2026-05-22 17:11:18  INFO    Pair 17/30  epoch  165 →  170  DRS = 0.8369  change = 0.1631  below_tau = no 
2026-05-22 17:11:18  INFO  DRS pair 18/30: epoch 175 → 180
2026-05-22 17:11:18  INFO      Training probe on current epoch activations...
2026-05-22 17:11:18  INFO      Training probe on previous epoch activations...
2026-05-22 17:11:18  INFO      Evaluating agreement across 500 planes...
2026-05-22 17:11:20  INFO    Pair 18/30  epoch  175 →  180  DRS = 0.8452  change = 0.1548  below_tau = no 
2026-05-22 17:11:20  INFO  DRS pair 19/30: epoch 185 → 190
2026-05-22 17:11:20  INFO      Training probe on current epoch activations...
2026-05-22 17:11:20  INFO      Training probe on previous epoch activations...
2026-05-22 17:11:20  INFO      Evaluating agreement across 500 planes...
2026-05-22 17:11:23  INFO    Pair 19/30  epoch  185 →  190  DRS = 0.8691  change = 0.1309  below_tau = no 
2026-05-22 17:11:23  INFO  DRS pair 20/30: epoch 195 → 200
2026-05-22 17:11:23  INFO      Training probe on current epoch activations...
2026-05-22 17:11:23  INFO      Training probe on previous epoch activations...
2026-05-22 17:11:23  INFO      Evaluating agreement across 500 planes...
2026-05-22 17:11:25  INFO    Pair 20/30  epoch  195 →  200  DRS = 0.8870  change = 0.1130  below_tau = no 
2026-05-22 17:11:25  INFO  DRS pair 21/30: epoch 205 → 210
2026-05-22 17:11:25  INFO      Training probe on current epoch activations...
2026-05-22 17:11:25  INFO      Training probe on previous epoch activations...
2026-05-22 17:11:25  INFO      Evaluating agreement across 500 planes...
2026-05-22 17:11:27  INFO    Pair 21/30  epoch  205 →  210  DRS = 0.8826  change = 0.1174  below_tau = no 
2026-05-22 17:11:27  INFO  DRS pair 22/30: epoch 215 → 220
2026-05-22 17:11:27  INFO      Training probe on current epoch activations...
2026-05-22 17:11:27  INFO      Training probe on previous epoch activations...
2026-05-22 17:11:27  INFO      Evaluating agreement across 500 planes...
2026-05-22 17:11:29  INFO    Pair 22/30  epoch  215 →  220  DRS = 0.8649  change = 0.1351  below_tau = no 
2026-05-22 17:11:29  INFO  DRS pair 23/30: epoch 225 → 230
2026-05-22 17:11:29  INFO      Training probe on current epoch activations...
2026-05-22 17:11:29  INFO      Training probe on previous epoch activations...
2026-05-22 17:11:29  INFO      Evaluating agreement across 500 planes...
2026-05-22 17:11:32  INFO    Pair 23/30  epoch  225 →  230  DRS = 0.8984  change = 0.1016  below_tau = no 
2026-05-22 17:11:32  INFO  DRS pair 24/30: epoch 235 → 240
2026-05-22 17:11:32  INFO      Training probe on current epoch activations...
2026-05-22 17:11:32  INFO      Training probe on previous epoch activations...
2026-05-22 17:11:32  INFO      Evaluating agreement across 500 planes...
2026-05-22 17:11:34  INFO    Pair 24/30  epoch  235 →  240  DRS = 0.8663  change = 0.1337  below_tau = no 
2026-05-22 17:11:34  INFO  DRS pair 25/30: epoch 245 → 250
2026-05-22 17:11:34  INFO      Training probe on current epoch activations...
2026-05-22 17:11:34  INFO      Training probe on previous epoch activations...
2026-05-22 17:11:34  INFO      Evaluating agreement across 500 planes...
2026-05-22 17:11:36  INFO    Pair 25/30  epoch  245 →  250  DRS = 0.8975  change = 0.1025  below_tau = no 
2026-05-22 17:11:36  INFO  DRS pair 26/30: epoch 255 → 260
2026-05-22 17:11:36  INFO      Training probe on current epoch activations...
2026-05-22 17:11:36  INFO      Training probe on previous epoch activations...
2026-05-22 17:11:36  INFO      Evaluating agreement across 500 planes...
2026-05-22 17:11:38  INFO    Pair 26/30  epoch  255 →  260  DRS = 0.8854  change = 0.1146  below_tau = no 
2026-05-22 17:11:38  INFO  DRS pair 27/30: epoch 265 → 270
2026-05-22 17:11:38  INFO      Training probe on current epoch activations...
2026-05-22 17:11:38  INFO      Training probe on previous epoch activations...
2026-05-22 17:11:38  INFO      Evaluating agreement across 500 planes...
2026-05-22 17:11:40  INFO    Pair 27/30  epoch  265 →  270  DRS = 0.9042  change = 0.0958  below_tau = no 
2026-05-22 17:11:40  INFO  DRS pair 28/30: epoch 275 → 280
2026-05-22 17:11:40  INFO      Training probe on current epoch activations...
2026-05-22 17:11:41  INFO      Training probe on previous epoch activations...
2026-05-22 17:11:41  INFO      Evaluating agreement across 500 planes...
2026-05-22 17:11:43  INFO    Pair 28/30  epoch  275 →  280  DRS = 0.8823  change = 0.1177  below_tau = no 
2026-05-22 17:11:43  INFO  DRS pair 29/30: epoch 285 → 290
2026-05-22 17:11:43  INFO      Training probe on current epoch activations...
2026-05-22 17:11:43  INFO      Training probe on previous epoch activations...
2026-05-22 17:11:43  INFO      Evaluating agreement across 500 planes...
2026-05-22 17:11:45  INFO    Pair 29/30  epoch  285 →  290  DRS = 0.8705  change = 0.1295  below_tau = no 
2026-05-22 17:11:45  INFO  DRS pair 30/30: epoch 295 → 300
2026-05-22 17:11:45  INFO      Training probe on current epoch activations...
2026-05-22 17:11:45  INFO      Training probe on previous epoch activations...
2026-05-22 17:11:45  INFO      Evaluating agreement across 500 planes...
2026-05-22 17:11:47  INFO    Pair 30/30  epoch  295 →  300  DRS = 0.8928  change = 0.1072  below_tau = no 
2026-05-22 17:11:47  INFO  ----------------------------------------------------------------------
2026-05-22 17:11:47  INFO  Saved DRS results (30 pairs) to: /local/data/gme101/results_steplr/seed_3/drs_results.csv
2026-05-22 17:11:47  INFO  Pairs below tau=0.02: 0 / 30
2026-05-22 17:11:47  INFO  ======================================================================
2026-05-22 17:11:47  INFO  DRS computation complete.
2026-05-22 17:11:47  INFO  ======================================================================
