2026-05-22 21:24:41  INFO  ======================================================================
2026-05-22 21:24:41  INFO  Activation Extraction — Full Training and Test Sets
2026-05-22 21:24:41  INFO  ======================================================================
2026-05-22 21:24:41  INFO  Config:          configs/resnet18_cifar10_steplr.yaml
2026-05-22 21:24:41  INFO  Epoch to load:   230
2026-05-22 21:24:41  INFO  Checkpoint dir:  /local/data/gme101/checkpoints_steplr/seed_3
2026-05-22 21:24:41  INFO  Activations dir: /local/data/gme101/activations_steplr/seed_3
2026-05-22 21:24:41  INFO  Device: cuda
2026-05-22 21:24:41  INFO  GPU: NVIDIA L4
2026-05-22 21:24:41  INFO  Building model...
2026-05-22 21:24:41  INFO  Loaded checkpoint from epoch 230
2026-05-22 21:24:41  INFO    Checkpoint train_acc: 0.9998
2026-05-22 21:24:41  INFO    Checkpoint test_acc:  0.9493
2026-05-22 21:24:41  INFO  Building full train loader (no augmentation, no shuffle)...
2026-05-22 21:24:41  INFO    Train batches: 391
2026-05-22 21:24:41  INFO  Building full test loader...
2026-05-22 21:24:42  INFO    Test batches:  79
2026-05-22 21:24:42  INFO  ----------------------------------------------------------------------
2026-05-22 21:24:42  INFO  Extracting activations for full training set...
2026-05-22 21:24:46  INFO    Saved train activations: shape=(50000, 512)  path=/local/data/gme101/activations_steplr/seed_3/train_full_epoch_0230.npy
2026-05-22 21:24:46  INFO    Saved train labels:      shape=(50000,)  path=/local/data/gme101/activations_steplr/seed_3/train_labels.npy
2026-05-22 21:24:46  INFO  ----------------------------------------------------------------------
2026-05-22 21:24:46  INFO  Extracting activations for full test set...
2026-05-22 21:24:47  INFO    Saved test activations: shape=(10000, 512)  path=/local/data/gme101/activations_steplr/seed_3/test_full_epoch_0230.npy
2026-05-22 21:24:47  INFO    Saved test labels:      shape=(10000,)  path=/local/data/gme101/activations_steplr/seed_3/test_labels.npy
2026-05-22 21:24:47  INFO  ======================================================================
2026-05-22 21:24:47  INFO  Extraction complete.
2026-05-22 21:24:47  INFO    Train features: (50000, 512)
2026-05-22 21:24:47  INFO    Test features:  (10000, 512)
2026-05-22 21:24:47  INFO    Checkpoint network test accuracy at epoch 230: 0.9493
2026-05-22 21:24:47  INFO    Next step: run surrogates/linear_probe.py, lightgbm_probe.py, or rf_probe.py with --epoch same as above.
2026-05-22 21:24:47  INFO  ======================================================================
