2026-05-22 17:11:47  INFO  ======================================================================
2026-05-22 17:11:47  INFO  Stabilization Detection — (τ, K) Criterion
2026-05-22 17:11:47  INFO  ======================================================================
2026-05-22 17:11:47  INFO  Config:  configs/resnet18_cifar10_steplr.yaml
2026-05-22 17:11:47  INFO  τ (tau): 0.02   (change threshold; change = 1 − metric_value)
2026-05-22 17:11:47  INFO  K:       5    (consecutive below-τ pairs required to declare t*)
2026-05-22 17:11:47  INFO  CKA CSV: /local/data/gme101/results_steplr/seed_3/cka_results.csv
2026-05-22 17:11:47  INFO  DRS CSV: /local/data/gme101/results_steplr/seed_3/drs_results.csv
2026-05-22 17:11:47  INFO  ----------------------------------------------------------------------
2026-05-22 17:11:47  INFO  Loading CKA results...
2026-05-22 17:11:47  INFO    Loaded 59 CKA pairs.
2026-05-22 17:11:47  INFO    Pairs below τ=0.02: 19 / 59 (32.2%)
2026-05-22 17:11:47  INFO  ----------------------------------------------------------------------
2026-05-22 17:11:47  INFO  Loading DRS results (optional)...
2026-05-22 17:11:47  INFO    Loaded 30 DRS pairs.
2026-05-22 17:11:47  INFO    Pairs below τ=0.02: 0 / 30 (0.0%)
2026-05-22 17:11:47  INFO  ----------------------------------------------------------------------
2026-05-22 17:11:47  INFO  Running stabilization detection on CKA (τ=0.02, K=5)...
2026-05-22 17:11:47  INFO    CKA stabilization detected at epoch t* = 230
2026-05-22 17:11:47  INFO    CKA pairs (τ=0.02, K=5, detected t*=230):
2026-05-22 17:11:47  INFO    epoch_prev  epoch_curr    change  below_τ  consec  trigger
2026-05-22 17:11:47  INFO    ------------------------------------------------------------
2026-05-22 17:11:47  INFO             5          10    0.1302      no        0        0
2026-05-22 17:11:47  INFO            10          15    0.1609      no        0        0
2026-05-22 17:11:47  INFO            15          20    0.1848      no        0        0
2026-05-22 17:11:47  INFO            20          25    0.1946      no        0        0
2026-05-22 17:11:47  INFO            25          30    0.2273      no        0        0
2026-05-22 17:11:47  INFO            30          35    0.2186      no        0        0
2026-05-22 17:11:47  INFO            35          40    0.2882      no        0        0
2026-05-22 17:11:47  INFO            40          45    0.2233      no        0        0
2026-05-22 17:11:47  INFO            45          50    0.1954      no        0        0
2026-05-22 17:11:47  INFO            50          55    0.1757      no        0        0
2026-05-22 17:11:47  INFO            55          60    0.2290      no        0        0
2026-05-22 17:11:47  INFO            60          65    0.2105      no        0        0
2026-05-22 17:11:47  INFO            65          70    0.1750      no        0        0
2026-05-22 17:11:47  INFO            70          75    0.2574      no        0        0
2026-05-22 17:11:47  INFO            75          80    0.2810      no        0        0
2026-05-22 17:11:47  INFO            80          85    0.2739      no        0        0
2026-05-22 17:11:47  INFO            85          90    0.2134      no        0        0
2026-05-22 17:11:47  INFO            90          95    0.1927      no        0        0
2026-05-22 17:11:47  INFO            95         100    0.1843      no        0        0
2026-05-22 17:11:47  INFO           100         105    0.1398      no        0        0
2026-05-22 17:11:47  INFO           105         110    0.0334      no        0        0
2026-05-22 17:11:47  INFO           110         115    0.0446      no        0        0
2026-05-22 17:11:47  INFO           115         120    0.0494      no        0        0
2026-05-22 17:11:47  INFO           120         125    0.0574      no        0        0
2026-05-22 17:11:47  INFO           125         130    0.0687      no        0        0
2026-05-22 17:11:47  INFO           130         135    0.0825      no        0        0
2026-05-22 17:11:47  INFO           135         140    0.0902      no        0        0
2026-05-22 17:11:47  INFO           140         145    0.0960      no        0        0
2026-05-22 17:11:47  INFO           145         150    0.1110      no        0        0
2026-05-22 17:11:47  INFO           150         155    0.1020      no        0        0
2026-05-22 17:11:47  INFO           155         160    0.0916      no        0        0
2026-05-22 17:11:47  INFO           160         165    0.0889      no        0        0
2026-05-22 17:11:47  INFO           165         170    0.1176      no        0        0
2026-05-22 17:11:47  INFO           170         175    0.1147      no        0        0
2026-05-22 17:11:47  INFO           175         180    0.1078      no        0        0
2026-05-22 17:11:47  INFO           180         185    0.1142      no        0        0
2026-05-22 17:11:47  INFO           185         190    0.1016      no        0        0
2026-05-22 17:11:47  INFO           190         195    0.0963      no        0        0
2026-05-22 17:11:47  INFO           195         200    0.1060      no        0        0
2026-05-22 17:11:47  INFO           200         205    0.0397      no        0        0
2026-05-22 17:11:47  INFO           205         210    0.0034      YES       1        0
2026-05-22 17:11:47  INFO           210         215    0.0021      YES       2        0
2026-05-22 17:11:47  INFO           215         220    0.0016      YES       3        0
2026-05-22 17:11:47  INFO           220         225    0.0016      YES       4        0
2026-05-22 17:11:47  INFO           225         230    0.0013      YES       5        1 ← t*
2026-05-22 17:11:47  INFO           230         235    0.0014      YES       6        0
2026-05-22 17:11:47  INFO           235         240    0.0011      YES       7        0
2026-05-22 17:11:47  INFO           240         245    0.0008      YES       8        0
2026-05-22 17:11:47  INFO           245         250    0.0011      YES       9        0
2026-05-22 17:11:47  INFO           250         255    0.0013      YES      10        0
2026-05-22 17:11:47  INFO           255         260    0.0011      YES      11        0
2026-05-22 17:11:47  INFO           260         265    0.0014      YES      12        0
2026-05-22 17:11:47  INFO           265         270    0.0013      YES      13        0
2026-05-22 17:11:47  INFO           270         275    0.0010      YES      14        0
2026-05-22 17:11:47  INFO           275         280    0.0011      YES      15        0
2026-05-22 17:11:47  INFO           280         285    0.0009      YES      16        0
2026-05-22 17:11:47  INFO           285         290    0.0012      YES      17        0
2026-05-22 17:11:47  INFO           290         295    0.0009      YES      18        0
2026-05-22 17:11:47  INFO           295         300    0.0006      YES      19        0
2026-05-22 17:11:47  INFO  ----------------------------------------------------------------------
2026-05-22 17:11:47  INFO  Running stabilization detection on DRS (τ=0.02, K=5)...
2026-05-22 17:11:47  INFO    DRS stabilization NOT detected (K=5 consecutive below-τ pairs never accumulated)
2026-05-22 17:11:47  INFO    DRS pairs (τ=0.02, K=5, detected t*=None):
2026-05-22 17:11:47  INFO    epoch_prev  epoch_curr    change  below_τ  consec  trigger
2026-05-22 17:11:47  INFO    ------------------------------------------------------------
2026-05-22 17:11:47  INFO             5          10    0.1621      no        0        0
2026-05-22 17:11:47  INFO            15          20    0.2282      no        0        0
2026-05-22 17:11:47  INFO            25          30    0.2091      no        0        0
2026-05-22 17:11:47  INFO            35          40    0.1915      no        0        0
2026-05-22 17:11:47  INFO            45          50    0.1499      no        0        0
2026-05-22 17:11:47  INFO            55          60    0.1912      no        0        0
2026-05-22 17:11:47  INFO            65          70    0.1709      no        0        0
2026-05-22 17:11:47  INFO            75          80    0.1738      no        0        0
2026-05-22 17:11:47  INFO            85          90    0.1720      no        0        0
2026-05-22 17:11:47  INFO            95         100    0.1706      no        0        0
2026-05-22 17:11:47  INFO           105         110    0.1064      no        0        0
2026-05-22 17:11:47  INFO           115         120    0.1015      no        0        0
2026-05-22 17:11:47  INFO           125         130    0.1179      no        0        0
2026-05-22 17:11:47  INFO           135         140    0.1454      no        0        0
2026-05-22 17:11:47  INFO           145         150    0.1514      no        0        0
2026-05-22 17:11:47  INFO           155         160    0.1378      no        0        0
2026-05-22 17:11:47  INFO           165         170    0.1631      no        0        0
2026-05-22 17:11:47  INFO           175         180    0.1548      no        0        0
2026-05-22 17:11:47  INFO           185         190    0.1309      no        0        0
2026-05-22 17:11:47  INFO           195         200    0.1130      no        0        0
2026-05-22 17:11:47  INFO           205         210    0.1174      no        0        0
2026-05-22 17:11:47  INFO           215         220    0.1351      no        0        0
2026-05-22 17:11:47  INFO           225         230    0.1016      no        0        0
2026-05-22 17:11:47  INFO           235         240    0.1337      no        0        0
2026-05-22 17:11:47  INFO           245         250    0.1025      no        0        0
2026-05-22 17:11:47  INFO           255         260    0.1146      no        0        0
2026-05-22 17:11:47  INFO           265         270    0.0958      no        0        0
2026-05-22 17:11:47  INFO           275         280    0.1177      no        0        0
2026-05-22 17:11:47  INFO           285         290    0.1295      no        0        0
2026-05-22 17:11:47  INFO           295         300    0.1072      no        0        0
2026-05-22 17:11:47  INFO  ----------------------------------------------------------------------
2026-05-22 17:11:47  INFO  Computing joint t*...
2026-05-22 17:11:47  WARNING  DRS stabilization not detected but CKA detected t*=230. Joint t* cannot be declared — DRS is still changing. This may mean training has not run long enough for K DRS pairs to accumulate.
2026-05-22 17:11:47  INFO    t*_CKA   = 230
2026-05-22 17:11:47  INFO    t*_DRS   = None
2026-05-22 17:11:47  INFO    t*_JOINT = None
2026-05-22 17:11:47  INFO  ----------------------------------------------------------------------
2026-05-22 17:11:47  INFO  Saving annotated results...
2026-05-22 17:11:47  INFO    Saved annotated pairs to: /local/data/gme101/results_steplr/seed_3/stabilization_cka.csv
2026-05-22 17:11:47  INFO    Saved annotated pairs to: /local/data/gme101/results_steplr/seed_3/stabilization_drs.csv
2026-05-22 17:11:47  INFO    Saved summary to: /local/data/gme101/results_steplr/seed_3/stabilization_summary.csv
2026-05-22 17:11:47  INFO  ======================================================================
2026-05-22 17:11:47  INFO  RECOMMENDATION
2026-05-22 17:11:47  INFO  ======================================================================
2026-05-22 17:11:47  INFO  Stabilization NOT detected within the available training data.
2026-05-22 17:11:47  INFO  
2026-05-22 17:11:47  INFO    Possible causes:
2026-05-22 17:11:47  INFO      - Training may not have run long enough (increase epochs)
2026-05-22 17:11:47  INFO      - τ or K may need adjustment — check the annotated pair CSVs to see how close the metrics came to satisfying the criterion
2026-05-22 17:11:47  INFO      - The representation may genuinely not stabilize (this is also a finding)
2026-05-22 17:11:47  INFO  ======================================================================
