2026-05-22 21:24:49  INFO  ======================================================================
2026-05-22 21:24:49  INFO  Surrogate: Logistic Regression (Linear Probe)
2026-05-22 21:24:49  INFO  ======================================================================
2026-05-22 21:24:49  INFO  Config:          configs/resnet18_cifar10_steplr.yaml
2026-05-22 21:24:49  INFO  Epoch:           230
2026-05-22 21:24:49  INFO  C:               1.0
2026-05-22 21:24:49  INFO  max_iter:        1000
2026-05-22 21:24:49  INFO  Loading train features...
2026-05-22 21:24:49  INFO    Train: features=(50000, 512)  labels=(50000,)
2026-05-22 21:24:49  INFO  Loading test features...
2026-05-22 21:24:49  INFO    Test:  features=(10000, 512)  labels=(10000,)
2026-05-22 21:24:49  INFO  Normalizing features (StandardScaler fit on train)...
2026-05-22 21:24:49  INFO  Reference (full network) test_acc at epoch 230: 0.9493
2026-05-22 21:24:49  INFO  Training logistic regression...
2026-05-22 21:24:49  INFO    Solver converged in 7 iterations.
2026-05-22 21:24:49  INFO  ----------------------------------------------------------------------
2026-05-22 21:24:49  INFO  Surrogate train accuracy:        1.0000
2026-05-22 21:24:49  INFO  Surrogate test accuracy:         0.9489
2026-05-22 21:24:49  INFO  Full network test accuracy:      0.9493
2026-05-22 21:24:49  INFO  Accuracy gap (network - surrogate): +0.0004  (surrogate underperforms)
2026-05-22 21:24:49  INFO  Saved results to: /local/data/gme101/results_steplr/seed_3/surrogate_linear_epoch_0230.csv
2026-05-22 21:24:49  INFO  ======================================================================
2026-05-22 21:24:51  INFO  ======================================================================
2026-05-22 21:24:51  INFO  Surrogate: LightGBM
2026-05-22 21:24:51  INFO  ======================================================================
2026-05-22 21:24:51  INFO  Config:          configs/resnet18_cifar10_steplr.yaml
2026-05-22 21:24:51  INFO  Epoch:           230
2026-05-22 21:24:51  INFO  LightGBM:        n_estimators=200  num_leaves=31  lr=0.1
2026-05-22 21:24:51  INFO  Loading train features...
2026-05-22 21:24:51  INFO    Train: features=(50000, 512)  labels=(50000,)
2026-05-22 21:24:51  INFO  Loading test features...
2026-05-22 21:24:51  INFO    Test:  features=(10000, 512)  labels=(10000,)
2026-05-22 21:24:51  INFO  Reference (full network) test_acc at epoch 230: 0.9493
2026-05-22 21:24:51  INFO  Training LightGBM...
2026-05-22 21:24:51  INFO    Fitting LightGBM: n_estimators=200, num_leaves=31, lr=0.1
2026-05-22 21:45:16  INFO  ----------------------------------------------------------------------
2026-05-22 21:45:16  INFO  Surrogate train accuracy:           1.0000
2026-05-22 21:45:16  INFO  Surrogate test accuracy:            0.9474
2026-05-22 21:45:16  INFO  Full network test accuracy:         0.9493
2026-05-22 21:45:16  INFO  Accuracy gap (network - surrogate): +0.0019  (surrogate underperforms)
2026-05-22 21:45:16  INFO  Saved results to: /local/data/gme101/results_steplr/seed_3/surrogate_lightgbm_epoch_0230.csv
2026-05-22 21:45:16  INFO  ======================================================================
2026-05-22 21:45:18  INFO  ======================================================================
2026-05-22 21:45:18  INFO  Surrogate: Random Forest
2026-05-22 21:45:18  INFO  ======================================================================
2026-05-22 21:45:18  INFO  Config:          configs/resnet18_cifar10_steplr.yaml
2026-05-22 21:45:18  INFO  Epoch:           230
2026-05-22 21:45:18  INFO  RandomForest:    n_estimators=200  max_features=sqrt  n_jobs=-1
2026-05-22 21:45:18  INFO  Loading train features...
2026-05-22 21:45:18  INFO    Train: features=(50000, 512)  labels=(50000,)
2026-05-22 21:45:18  INFO  Loading test features...
2026-05-22 21:45:18  INFO    Test:  features=(10000, 512)  labels=(10000,)
2026-05-22 21:45:18  INFO  Reference (full network) test_acc at epoch 230: 0.9493
2026-05-22 21:45:18  INFO  Training Random Forest...
2026-05-22 21:45:18  INFO    Fitting RandomForest: n_estimators=200, max_features=sqrt, n_jobs=-1
2026-05-22 21:45:19  INFO  ----------------------------------------------------------------------
2026-05-22 21:45:19  INFO  Surrogate train accuracy:           1.0000
2026-05-22 21:45:19  INFO  Surrogate test accuracy:            0.9492
2026-05-22 21:45:19  INFO  Full network test accuracy:         0.9493
2026-05-22 21:45:19  INFO  Accuracy gap (network - surrogate): +0.0001  (surrogate underperforms)
2026-05-22 21:45:19  INFO  Saved results to: /local/data/gme101/results_steplr/seed_3/surrogate_rf_epoch_0230.csv
2026-05-22 21:45:19  INFO  ======================================================================
