2026-05-21 12:27:54  INFO  ======================================================================
2026-05-21 12:27:54  INFO  DRS Computation — Representation Stabilization
2026-05-21 12:27:54  INFO  ======================================================================
2026-05-21 12:27:54  INFO  Config:          configs/resnet18_cifar10.yaml
2026-05-21 12:27:54  INFO  Activations dir: /local/data/gme101/activations/seed_1
2026-05-21 12:27:54  INFO  Results dir:     /local/data/gme101/results/seed_1
2026-05-21 12:27:54  INFO  Device:          cuda
2026-05-21 12:27:54  INFO  GPU: NVIDIA L4
2026-05-21 12:27:54  INFO  Seed: 1
2026-05-21 12:27:54  INFO  DRS config: n_planes=500, n_points_per_plane=2500
2026-05-21 12:27:54  INFO  DRS config: probe_epochs=10, probe_lr=0.0001
2026-05-21 12:27:54  INFO  DRS config: compute_freq=10, tau=0.02
2026-05-21 12:27:54  INFO  Extraction labels: 2040 samples (204 per class)
2026-05-21 12:27:54  INFO  Saved plane triplets (500 triplets) to: /local/data/gme101/results/seed_1/drs_plane_triplets.npy
2026-05-21 12:27:54  INFO  Found 60 activation files in '/local/data/gme101/activations/seed_1'
2026-05-21 12:27:54  INFO  DRS-eligible pairs (epoch_curr % 10 == 0): 30
2026-05-21 12:27:54  INFO         5 →   10
2026-05-21 12:27:54  INFO        15 →   20
2026-05-21 12:27:54  INFO        25 →   30
2026-05-21 12:27:54  INFO        35 →   40
2026-05-21 12:27:54  INFO        45 →   50
2026-05-21 12:27:54  INFO        55 →   60
2026-05-21 12:27:54  INFO        65 →   70
2026-05-21 12:27:54  INFO        75 →   80
2026-05-21 12:27:54  INFO        85 →   90
2026-05-21 12:27:54  INFO        95 →  100
2026-05-21 12:27:54  INFO       105 →  110
2026-05-21 12:27:54  INFO       115 →  120
2026-05-21 12:27:54  INFO       125 →  130
2026-05-21 12:27:54  INFO       135 →  140
2026-05-21 12:27:54  INFO       145 →  150
2026-05-21 12:27:54  INFO       155 →  160
2026-05-21 12:27:54  INFO       165 →  170
2026-05-21 12:27:54  INFO       175 →  180
2026-05-21 12:27:54  INFO       185 →  190
2026-05-21 12:27:54  INFO       195 →  200
2026-05-21 12:27:54  INFO       205 →  210
2026-05-21 12:27:54  INFO       215 →  220
2026-05-21 12:27:54  INFO       225 →  230
2026-05-21 12:27:54  INFO       235 →  240
2026-05-21 12:27:54  INFO       245 →  250
2026-05-21 12:27:54  INFO       255 →  260
2026-05-21 12:27:54  INFO       265 →  270
2026-05-21 12:27:54  INFO       275 →  280
2026-05-21 12:27:54  INFO       285 →  290
2026-05-21 12:27:54  INFO       295 →  300
2026-05-21 12:27:54  INFO  ----------------------------------------------------------------------
2026-05-21 12:27:54  INFO  DRS pair 1/30: epoch 5 → 10
2026-05-21 12:27:54  INFO      Training probe on current epoch activations...
2026-05-21 12:27:55  INFO      Training probe on previous epoch activations...
2026-05-21 12:27:55  INFO      Evaluating agreement across 500 planes...
2026-05-21 12:28:07  INFO    Pair 1/30  epoch    5 →   10  DRS = 0.7417  change = 0.2583  below_tau = no 
2026-05-21 12:28:07  INFO  DRS pair 2/30: epoch 15 → 20
2026-05-21 12:28:07  INFO      Training probe on current epoch activations...
2026-05-21 12:28:08  INFO      Training probe on previous epoch activations...
2026-05-21 12:28:08  INFO      Evaluating agreement across 500 planes...
2026-05-21 12:28:19  INFO    Pair 2/30  epoch   15 →   20  DRS = 0.7685  change = 0.2315  below_tau = no 
2026-05-21 12:28:19  INFO  DRS pair 3/30: epoch 25 → 30
2026-05-21 12:28:19  INFO      Training probe on current epoch activations...
2026-05-21 12:28:19  INFO      Training probe on previous epoch activations...
2026-05-21 12:28:19  INFO      Evaluating agreement across 500 planes...
2026-05-21 12:28:30  INFO    Pair 3/30  epoch   25 →   30  DRS = 0.8123  change = 0.1877  below_tau = no 
2026-05-21 12:28:30  INFO  DRS pair 4/30: epoch 35 → 40
2026-05-21 12:28:30  INFO      Training probe on current epoch activations...
2026-05-21 12:28:30  INFO      Training probe on previous epoch activations...
2026-05-21 12:28:30  INFO      Evaluating agreement across 500 planes...
2026-05-21 12:28:41  INFO    Pair 4/30  epoch   35 →   40  DRS = 0.8170  change = 0.1830  below_tau = no 
2026-05-21 12:28:41  INFO  DRS pair 5/30: epoch 45 → 50
2026-05-21 12:28:41  INFO      Training probe on current epoch activations...
2026-05-21 12:28:41  INFO      Training probe on previous epoch activations...
2026-05-21 12:28:41  INFO      Evaluating agreement across 500 planes...
2026-05-21 12:28:52  INFO    Pair 5/30  epoch   45 →   50  DRS = 0.7660  change = 0.2340  below_tau = no 
2026-05-21 12:28:52  INFO  DRS pair 6/30: epoch 55 → 60
2026-05-21 12:28:52  INFO      Training probe on current epoch activations...
2026-05-21 12:28:52  INFO      Training probe on previous epoch activations...
2026-05-21 12:28:52  INFO      Evaluating agreement across 500 planes...
2026-05-21 12:29:03  INFO    Pair 6/30  epoch   55 →   60  DRS = 0.7755  change = 0.2245  below_tau = no 
2026-05-21 12:29:03  INFO  DRS pair 7/30: epoch 65 → 70
2026-05-21 12:29:03  INFO      Training probe on current epoch activations...
2026-05-21 12:29:04  INFO      Training probe on previous epoch activations...
2026-05-21 12:29:04  INFO      Evaluating agreement across 500 planes...
2026-05-21 12:29:13  INFO    Pair 7/30  epoch   65 →   70  DRS = 0.8280  change = 0.1720  below_tau = no 
2026-05-21 12:29:13  INFO  DRS pair 8/30: epoch 75 → 80
2026-05-21 12:29:13  INFO      Training probe on current epoch activations...
2026-05-21 12:29:13  INFO      Training probe on previous epoch activations...
2026-05-21 12:29:13  INFO      Evaluating agreement across 500 planes...
2026-05-21 12:29:23  INFO    Pair 8/30  epoch   75 →   80  DRS = 0.8525  change = 0.1475  below_tau = no 
2026-05-21 12:29:23  INFO  DRS pair 9/30: epoch 85 → 90
2026-05-21 12:29:23  INFO      Training probe on current epoch activations...
2026-05-21 12:29:24  INFO      Training probe on previous epoch activations...
2026-05-21 12:29:24  INFO      Evaluating agreement across 500 planes...
2026-05-21 12:29:35  INFO    Pair 9/30  epoch   85 →   90  DRS = 0.8480  change = 0.1520  below_tau = no 
2026-05-21 12:29:35  INFO  DRS pair 10/30: epoch 95 → 100
2026-05-21 12:29:35  INFO      Training probe on current epoch activations...
2026-05-21 12:29:35  INFO      Training probe on previous epoch activations...
2026-05-21 12:29:35  INFO      Evaluating agreement across 500 planes...
2026-05-21 12:29:46  INFO    Pair 10/30  epoch   95 →  100  DRS = 0.8641  change = 0.1359  below_tau = no 
2026-05-21 12:29:46  INFO  DRS pair 11/30: epoch 105 → 110
2026-05-21 12:29:46  INFO      Training probe on current epoch activations...
2026-05-21 12:29:46  INFO      Training probe on previous epoch activations...
2026-05-21 12:29:46  INFO      Evaluating agreement across 500 planes...
2026-05-21 12:29:57  INFO    Pair 11/30  epoch  105 →  110  DRS = 0.8281  change = 0.1719  below_tau = no 
2026-05-21 12:29:57  INFO  DRS pair 12/30: epoch 115 → 120
2026-05-21 12:29:57  INFO      Training probe on current epoch activations...
2026-05-21 12:29:57  INFO      Training probe on previous epoch activations...
2026-05-21 12:29:57  INFO      Evaluating agreement across 500 planes...
2026-05-21 12:30:07  INFO    Pair 12/30  epoch  115 →  120  DRS = 0.8220  change = 0.1780  below_tau = no 
2026-05-21 12:30:07  INFO  DRS pair 13/30: epoch 125 → 130
2026-05-21 12:30:07  INFO      Training probe on current epoch activations...
2026-05-21 12:30:08  INFO      Training probe on previous epoch activations...
2026-05-21 12:30:08  INFO      Evaluating agreement across 500 planes...
2026-05-21 12:30:18  INFO    Pair 13/30  epoch  125 →  130  DRS = 0.8421  change = 0.1579  below_tau = no 
2026-05-21 12:30:18  INFO  DRS pair 14/30: epoch 135 → 140
2026-05-21 12:30:18  INFO      Training probe on current epoch activations...
2026-05-21 12:30:18  INFO      Training probe on previous epoch activations...
2026-05-21 12:30:19  INFO      Evaluating agreement across 500 planes...
2026-05-21 12:30:22  INFO    Pair 14/30  epoch  135 →  140  DRS = 0.8484  change = 0.1516  below_tau = no 
2026-05-21 12:30:22  INFO  DRS pair 15/30: epoch 145 → 150
2026-05-21 12:30:22  INFO      Training probe on current epoch activations...
2026-05-21 12:30:22  INFO      Training probe on previous epoch activations...
2026-05-21 12:30:22  INFO      Evaluating agreement across 500 planes...
2026-05-21 12:30:25  INFO    Pair 15/30  epoch  145 →  150  DRS = 0.8581  change = 0.1419  below_tau = no 
2026-05-21 12:30:25  INFO  DRS pair 16/30: epoch 155 → 160
2026-05-21 12:30:25  INFO      Training probe on current epoch activations...
2026-05-21 12:30:25  INFO      Training probe on previous epoch activations...
2026-05-21 12:30:25  INFO      Evaluating agreement across 500 planes...
2026-05-21 12:30:27  INFO    Pair 16/30  epoch  155 →  160  DRS = 0.8625  change = 0.1375  below_tau = no 
2026-05-21 12:30:27  INFO  DRS pair 17/30: epoch 165 → 170
2026-05-21 12:30:27  INFO      Training probe on current epoch activations...
2026-05-21 12:30:27  INFO      Training probe on previous epoch activations...
2026-05-21 12:30:28  INFO      Evaluating agreement across 500 planes...
2026-05-21 12:30:30  INFO    Pair 17/30  epoch  165 →  170  DRS = 0.8475  change = 0.1525  below_tau = no 
2026-05-21 12:30:30  INFO  DRS pair 18/30: epoch 175 → 180
2026-05-21 12:30:30  INFO      Training probe on current epoch activations...
2026-05-21 12:30:30  INFO      Training probe on previous epoch activations...
2026-05-21 12:30:30  INFO      Evaluating agreement across 500 planes...
2026-05-21 12:30:32  INFO    Pair 18/30  epoch  175 →  180  DRS = 0.8473  change = 0.1527  below_tau = no 
2026-05-21 12:30:32  INFO  DRS pair 19/30: epoch 185 → 190
2026-05-21 12:30:32  INFO      Training probe on current epoch activations...
2026-05-21 12:30:32  INFO      Training probe on previous epoch activations...
2026-05-21 12:30:32  INFO      Evaluating agreement across 500 planes...
2026-05-21 12:30:34  INFO    Pair 19/30  epoch  185 →  190  DRS = 0.8720  change = 0.1280  below_tau = no 
2026-05-21 12:30:34  INFO  DRS pair 20/30: epoch 195 → 200
2026-05-21 12:30:34  INFO      Training probe on current epoch activations...
2026-05-21 12:30:34  INFO      Training probe on previous epoch activations...
2026-05-21 12:30:35  INFO      Evaluating agreement across 500 planes...
2026-05-21 12:30:36  INFO    Pair 20/30  epoch  195 →  200  DRS = 0.8580  change = 0.1420  below_tau = no 
2026-05-21 12:30:36  INFO  DRS pair 21/30: epoch 205 → 210
2026-05-21 12:30:36  INFO      Training probe on current epoch activations...
2026-05-21 12:30:36  INFO      Training probe on previous epoch activations...
2026-05-21 12:30:37  INFO      Evaluating agreement across 500 planes...
2026-05-21 12:30:39  INFO    Pair 21/30  epoch  205 →  210  DRS = 0.7847  change = 0.2153  below_tau = no 
2026-05-21 12:30:39  INFO  DRS pair 22/30: epoch 215 → 220
2026-05-21 12:30:39  INFO      Training probe on current epoch activations...
2026-05-21 12:30:39  INFO      Training probe on previous epoch activations...
2026-05-21 12:30:39  INFO      Evaluating agreement across 500 planes...
2026-05-21 12:30:41  INFO    Pair 22/30  epoch  215 →  220  DRS = 0.8675  change = 0.1325  below_tau = no 
2026-05-21 12:30:41  INFO  DRS pair 23/30: epoch 225 → 230
2026-05-21 12:30:41  INFO      Training probe on current epoch activations...
2026-05-21 12:30:41  INFO      Training probe on previous epoch activations...
2026-05-21 12:30:41  INFO      Evaluating agreement across 500 planes...
2026-05-21 12:30:44  INFO    Pair 23/30  epoch  225 →  230  DRS = 0.8770  change = 0.1230  below_tau = no 
2026-05-21 12:30:44  INFO  DRS pair 24/30: epoch 235 → 240
2026-05-21 12:30:44  INFO      Training probe on current epoch activations...
2026-05-21 12:30:44  INFO      Training probe on previous epoch activations...
2026-05-21 12:30:44  INFO      Evaluating agreement across 500 planes...
2026-05-21 12:30:46  INFO    Pair 24/30  epoch  235 →  240  DRS = 0.8955  change = 0.1045  below_tau = no 
2026-05-21 12:30:46  INFO  DRS pair 25/30: epoch 245 → 250
2026-05-21 12:30:46  INFO      Training probe on current epoch activations...
2026-05-21 12:30:46  INFO      Training probe on previous epoch activations...
2026-05-21 12:30:46  INFO      Evaluating agreement across 500 planes...
2026-05-21 12:30:48  INFO    Pair 25/30  epoch  245 →  250  DRS = 0.8835  change = 0.1165  below_tau = no 
2026-05-21 12:30:48  INFO  DRS pair 26/30: epoch 255 → 260
2026-05-21 12:30:48  INFO      Training probe on current epoch activations...
2026-05-21 12:30:48  INFO      Training probe on previous epoch activations...
2026-05-21 12:30:49  INFO      Evaluating agreement across 500 planes...
2026-05-21 12:30:51  INFO    Pair 26/30  epoch  255 →  260  DRS = 0.8894  change = 0.1106  below_tau = no 
2026-05-21 12:30:51  INFO  DRS pair 27/30: epoch 265 → 270
2026-05-21 12:30:51  INFO      Training probe on current epoch activations...
2026-05-21 12:30:51  INFO      Training probe on previous epoch activations...
2026-05-21 12:30:51  INFO      Evaluating agreement across 500 planes...
2026-05-21 12:30:53  INFO    Pair 27/30  epoch  265 →  270  DRS = 0.9122  change = 0.0878  below_tau = no 
2026-05-21 12:30:53  INFO  DRS pair 28/30: epoch 275 → 280
2026-05-21 12:30:53  INFO      Training probe on current epoch activations...
2026-05-21 12:30:53  INFO      Training probe on previous epoch activations...
2026-05-21 12:30:53  INFO      Evaluating agreement across 500 planes...
2026-05-21 12:30:56  INFO    Pair 28/30  epoch  275 →  280  DRS = 0.9235  change = 0.0765  below_tau = no 
2026-05-21 12:30:56  INFO  DRS pair 29/30: epoch 285 → 290
2026-05-21 12:30:56  INFO      Training probe on current epoch activations...
2026-05-21 12:30:56  INFO      Training probe on previous epoch activations...
2026-05-21 12:30:56  INFO      Evaluating agreement across 500 planes...
2026-05-21 12:30:58  INFO    Pair 29/30  epoch  285 →  290  DRS = 0.9059  change = 0.0941  below_tau = no 
2026-05-21 12:30:58  INFO  DRS pair 30/30: epoch 295 → 300
2026-05-21 12:30:58  INFO      Training probe on current epoch activations...
2026-05-21 12:30:58  INFO      Training probe on previous epoch activations...
2026-05-21 12:30:58  INFO      Evaluating agreement across 500 planes...
2026-05-21 12:31:01  INFO    Pair 30/30  epoch  295 →  300  DRS = 0.9104  change = 0.0896  below_tau = no 
2026-05-21 12:31:01  INFO  ----------------------------------------------------------------------
2026-05-21 12:31:01  INFO  Saved DRS results (30 pairs) to: /local/data/gme101/results/seed_1/drs_results.csv
2026-05-21 12:31:01  INFO  Pairs below tau=0.02: 0 / 30
2026-05-21 12:31:01  INFO  ======================================================================
2026-05-21 12:31:01  INFO  DRS computation complete.
2026-05-21 12:31:01  INFO  ======================================================================
