2026-05-21 12:31:01  INFO  ======================================================================
2026-05-21 12:31:01  INFO  Stabilization Detection — (τ, K) Criterion
2026-05-21 12:31:01  INFO  ======================================================================
2026-05-21 12:31:01  INFO  Config:  configs/resnet18_cifar10.yaml
2026-05-21 12:31:01  INFO  τ (tau): 0.02   (change threshold; change = 1 − metric_value)
2026-05-21 12:31:01  INFO  K:       5    (consecutive below-τ pairs required to declare t*)
2026-05-21 12:31:01  INFO  CKA CSV: /local/data/gme101/results/seed_1/cka_results.csv
2026-05-21 12:31:01  INFO  DRS CSV: /local/data/gme101/results/seed_1/drs_results.csv
2026-05-21 12:31:01  INFO  ----------------------------------------------------------------------
2026-05-21 12:31:01  INFO  Loading CKA results...
2026-05-21 12:31:01  INFO    Loaded 59 CKA pairs.
2026-05-21 12:31:01  INFO    Pairs below τ=0.02: 8 / 59 (13.6%)
2026-05-21 12:31:01  INFO  ----------------------------------------------------------------------
2026-05-21 12:31:01  INFO  Loading DRS results (optional)...
2026-05-21 12:31:01  INFO    Loaded 30 DRS pairs.
2026-05-21 12:31:01  INFO    Pairs below τ=0.02: 0 / 30 (0.0%)
2026-05-21 12:31:01  INFO  ----------------------------------------------------------------------
2026-05-21 12:31:01  INFO  Running stabilization detection on CKA (τ=0.02, K=5)...
2026-05-21 12:31:01  INFO    CKA stabilization detected at epoch t* = 285
2026-05-21 12:31:01  INFO    CKA pairs (τ=0.02, K=5, detected t*=285):
2026-05-21 12:31:01  INFO    epoch_prev  epoch_curr    change  below_τ  consec  trigger
2026-05-21 12:31:01  INFO    ------------------------------------------------------------
2026-05-21 12:31:01  INFO             5          10    0.2033      no        0        0
2026-05-21 12:31:01  INFO            10          15    0.1735      no        0        0
2026-05-21 12:31:01  INFO            15          20    0.2106      no        0        0
2026-05-21 12:31:01  INFO            20          25    0.2246      no        0        0
2026-05-21 12:31:01  INFO            25          30    0.1680      no        0        0
2026-05-21 12:31:01  INFO            30          35    0.1692      no        0        0
2026-05-21 12:31:01  INFO            35          40    0.1918      no        0        0
2026-05-21 12:31:01  INFO            40          45    0.1838      no        0        0
2026-05-21 12:31:01  INFO            45          50    0.2699      no        0        0
2026-05-21 12:31:01  INFO            50          55    0.2574      no        0        0
2026-05-21 12:31:01  INFO            55          60    0.2065      no        0        0
2026-05-21 12:31:01  INFO            60          65    0.1859      no        0        0
2026-05-21 12:31:01  INFO            65          70    0.1989      no        0        0
2026-05-21 12:31:01  INFO            70          75    0.2250      no        0        0
2026-05-21 12:31:01  INFO            75          80    0.1672      no        0        0
2026-05-21 12:31:01  INFO            80          85    0.1988      no        0        0
2026-05-21 12:31:01  INFO            85          90    0.1889      no        0        0
2026-05-21 12:31:01  INFO            90          95    0.1835      no        0        0
2026-05-21 12:31:01  INFO            95         100    0.2014      no        0        0
2026-05-21 12:31:01  INFO           100         105    0.1910      no        0        0
2026-05-21 12:31:01  INFO           105         110    0.1678      no        0        0
2026-05-21 12:31:01  INFO           110         115    0.1739      no        0        0
2026-05-21 12:31:01  INFO           115         120    0.1723      no        0        0
2026-05-21 12:31:01  INFO           120         125    0.1831      no        0        0
2026-05-21 12:31:01  INFO           125         130    0.1957      no        0        0
2026-05-21 12:31:01  INFO           130         135    0.2075      no        0        0
2026-05-21 12:31:01  INFO           135         140    0.2120      no        0        0
2026-05-21 12:31:01  INFO           140         145    0.1780      no        0        0
2026-05-21 12:31:01  INFO           145         150    0.1882      no        0        0
2026-05-21 12:31:01  INFO           150         155    0.1627      no        0        0
2026-05-21 12:31:01  INFO           155         160    0.1432      no        0        0
2026-05-21 12:31:01  INFO           160         165    0.1580      no        0        0
2026-05-21 12:31:01  INFO           165         170    0.1567      no        0        0
2026-05-21 12:31:01  INFO           170         175    0.1609      no        0        0
2026-05-21 12:31:01  INFO           175         180    0.1714      no        0        0
2026-05-21 12:31:01  INFO           180         185    0.1513      no        0        0
2026-05-21 12:31:01  INFO           185         190    0.1631      no        0        0
2026-05-21 12:31:01  INFO           190         195    0.1618      no        0        0
2026-05-21 12:31:01  INFO           195         200    0.1403      no        0        0
2026-05-21 12:31:01  INFO           200         205    0.1339      no        0        0
2026-05-21 12:31:01  INFO           205         210    0.1249      no        0        0
2026-05-21 12:31:01  INFO           210         215    0.1316      no        0        0
2026-05-21 12:31:01  INFO           215         220    0.1376      no        0        0
2026-05-21 12:31:01  INFO           220         225    0.1091      no        0        0
2026-05-21 12:31:01  INFO           225         230    0.1081      no        0        0
2026-05-21 12:31:01  INFO           230         235    0.1018      no        0        0
2026-05-21 12:31:01  INFO           235         240    0.0952      no        0        0
2026-05-21 12:31:01  INFO           240         245    0.0720      no        0        0
2026-05-21 12:31:01  INFO           245         250    0.0541      no        0        0
2026-05-21 12:31:01  INFO           250         255    0.0363      no        0        0
2026-05-21 12:31:01  INFO           255         260    0.0248      no        0        0
2026-05-21 12:31:01  INFO           260         265    0.0123      YES       1        0
2026-05-21 12:31:01  INFO           265         270    0.0052      YES       2        0
2026-05-21 12:31:01  INFO           270         275    0.0032      YES       3        0
2026-05-21 12:31:01  INFO           275         280    0.0019      YES       4        0
2026-05-21 12:31:01  INFO           280         285    0.0014      YES       5        1 ← t*
2026-05-21 12:31:01  INFO           285         290    0.0008      YES       6        0
2026-05-21 12:31:01  INFO           290         295    0.0005      YES       7        0
2026-05-21 12:31:01  INFO           295         300    0.0006      YES       8        0
2026-05-21 12:31:01  INFO  ----------------------------------------------------------------------
2026-05-21 12:31:01  INFO  Running stabilization detection on DRS (τ=0.02, K=5)...
2026-05-21 12:31:01  INFO    DRS stabilization NOT detected (K=5 consecutive below-τ pairs never accumulated)
2026-05-21 12:31:01  INFO    DRS pairs (τ=0.02, K=5, detected t*=None):
2026-05-21 12:31:01  INFO    epoch_prev  epoch_curr    change  below_τ  consec  trigger
2026-05-21 12:31:01  INFO    ------------------------------------------------------------
2026-05-21 12:31:01  INFO             5          10    0.2583      no        0        0
2026-05-21 12:31:01  INFO            15          20    0.2315      no        0        0
2026-05-21 12:31:01  INFO            25          30    0.1877      no        0        0
2026-05-21 12:31:01  INFO            35          40    0.1830      no        0        0
2026-05-21 12:31:01  INFO            45          50    0.2340      no        0        0
2026-05-21 12:31:01  INFO            55          60    0.2245      no        0        0
2026-05-21 12:31:01  INFO            65          70    0.1720      no        0        0
2026-05-21 12:31:01  INFO            75          80    0.1475      no        0        0
2026-05-21 12:31:01  INFO            85          90    0.1520      no        0        0
2026-05-21 12:31:01  INFO            95         100    0.1359      no        0        0
2026-05-21 12:31:01  INFO           105         110    0.1719      no        0        0
2026-05-21 12:31:01  INFO           115         120    0.1780      no        0        0
2026-05-21 12:31:01  INFO           125         130    0.1579      no        0        0
2026-05-21 12:31:01  INFO           135         140    0.1516      no        0        0
2026-05-21 12:31:01  INFO           145         150    0.1419      no        0        0
2026-05-21 12:31:01  INFO           155         160    0.1375      no        0        0
2026-05-21 12:31:01  INFO           165         170    0.1525      no        0        0
2026-05-21 12:31:01  INFO           175         180    0.1527      no        0        0
2026-05-21 12:31:01  INFO           185         190    0.1280      no        0        0
2026-05-21 12:31:01  INFO           195         200    0.1420      no        0        0
2026-05-21 12:31:01  INFO           205         210    0.2153      no        0        0
2026-05-21 12:31:01  INFO           215         220    0.1325      no        0        0
2026-05-21 12:31:01  INFO           225         230    0.1230      no        0        0
2026-05-21 12:31:01  INFO           235         240    0.1045      no        0        0
2026-05-21 12:31:01  INFO           245         250    0.1165      no        0        0
2026-05-21 12:31:01  INFO           255         260    0.1106      no        0        0
2026-05-21 12:31:01  INFO           265         270    0.0878      no        0        0
2026-05-21 12:31:01  INFO           275         280    0.0765      no        0        0
2026-05-21 12:31:01  INFO           285         290    0.0941      no        0        0
2026-05-21 12:31:01  INFO           295         300    0.0896      no        0        0
2026-05-21 12:31:01  INFO  ----------------------------------------------------------------------
2026-05-21 12:31:01  INFO  Computing joint t*...
2026-05-21 12:31:01  WARNING  DRS stabilization not detected but CKA detected t*=285. Joint t* cannot be declared — DRS is still changing. This may mean training has not run long enough for K DRS pairs to accumulate.
2026-05-21 12:31:01  INFO    t*_CKA   = 285
2026-05-21 12:31:01  INFO    t*_DRS   = None
2026-05-21 12:31:01  INFO    t*_JOINT = None
2026-05-21 12:31:01  INFO  ----------------------------------------------------------------------
2026-05-21 12:31:01  INFO  Saving annotated results...
2026-05-21 12:31:01  INFO    Saved annotated pairs to: /local/data/gme101/results/seed_1/stabilization_cka.csv
2026-05-21 12:31:01  INFO    Saved annotated pairs to: /local/data/gme101/results/seed_1/stabilization_drs.csv
2026-05-21 12:31:01  INFO    Saved summary to: /local/data/gme101/results/seed_1/stabilization_summary.csv
2026-05-21 12:31:01  INFO  ======================================================================
2026-05-21 12:31:01  INFO  RECOMMENDATION
2026-05-21 12:31:01  INFO  ======================================================================
2026-05-21 12:31:01  INFO  Stabilization NOT detected within the available training data.
2026-05-21 12:31:01  INFO  
2026-05-21 12:31:01  INFO    Possible causes:
2026-05-21 12:31:01  INFO      - Training may not have run long enough (increase epochs)
2026-05-21 12:31:01  INFO      - τ or K may need adjustment — check the annotated pair CSVs to see how close the metrics came to satisfying the criterion
2026-05-21 12:31:01  INFO      - The representation may genuinely not stabilize (this is also a finding)
2026-05-21 12:31:01  INFO  ======================================================================
