2026-05-21 07:40:21  INFO  ======================================================================
2026-05-21 07:40:21  INFO  Surrogate: Logistic Regression (Linear Probe)
2026-05-21 07:40:21  INFO  ======================================================================
2026-05-21 07:40:21  INFO  Config:          configs/resnet18_cifar10.yaml
2026-05-21 07:40:21  INFO  Epoch:           280
2026-05-21 07:40:21  INFO  C:               1.0
2026-05-21 07:40:21  INFO  max_iter:        1000
2026-05-21 07:40:21  INFO  Loading train features...
2026-05-21 07:40:22  INFO  ======================================================================
2026-05-21 07:40:22  INFO  Surrogate: LightGBM
2026-05-21 07:40:22  INFO  ======================================================================
2026-05-21 07:40:22  INFO  Config:          configs/resnet18_cifar10.yaml
2026-05-21 07:40:22  INFO  Epoch:           280
2026-05-21 07:40:22  INFO  LightGBM:        n_estimators=200  num_leaves=31  lr=0.1
2026-05-21 07:40:22  INFO  Loading train features...
2026-05-21 07:40:24  INFO  ======================================================================
2026-05-21 07:40:24  INFO  Surrogate: Random Forest
2026-05-21 07:40:24  INFO  ======================================================================
2026-05-21 07:40:24  INFO  Config:          configs/resnet18_cifar10.yaml
2026-05-21 07:40:24  INFO  Epoch:           280
2026-05-21 07:40:24  INFO  RandomForest:    n_estimators=200  max_features=sqrt  n_jobs=-1
2026-05-21 07:40:24  INFO  Loading train features...
2026-05-21 16:29:32  INFO  ======================================================================
2026-05-21 16:29:32  INFO  Surrogate: Logistic Regression (Linear Probe)
2026-05-21 16:29:32  INFO  ======================================================================
2026-05-21 16:29:32  INFO  Config:          configs/resnet18_cifar10.yaml
2026-05-21 16:29:32  INFO  Epoch:           285
2026-05-21 16:29:32  INFO  C:               1.0
2026-05-21 16:29:32  INFO  max_iter:        1000
2026-05-21 16:29:32  INFO  Loading train features...
2026-05-21 16:29:32  INFO    Train: features=(50000, 512)  labels=(50000,)
2026-05-21 16:29:32  INFO  Loading test features...
2026-05-21 16:29:32  INFO    Test:  features=(10000, 512)  labels=(10000,)
2026-05-21 16:29:32  INFO  Normalizing features (StandardScaler fit on train)...
2026-05-21 16:29:32  INFO  Reference (full network) test_acc at epoch 285: 0.9545
2026-05-21 16:29:32  INFO  Training logistic regression...
2026-05-21 16:29:32  INFO    Solver converged in 7 iterations.
2026-05-21 16:29:32  INFO  ----------------------------------------------------------------------
2026-05-21 16:29:32  INFO  Surrogate train accuracy:        1.0000
2026-05-21 16:29:32  INFO  Surrogate test accuracy:         0.9552
2026-05-21 16:29:32  INFO  Full network test accuracy:      0.9545
2026-05-21 16:29:32  INFO  Accuracy gap (network - surrogate): -0.0007  (surrogate matches or exceeds)
2026-05-21 16:29:32  INFO  Saved results to: /local/data/gme101/results/seed_1/surrogate_linear_epoch_0285.csv
2026-05-21 16:29:32  INFO  ======================================================================
2026-05-21 16:29:34  INFO  ======================================================================
2026-05-21 16:29:34  INFO  Surrogate: LightGBM
2026-05-21 16:29:34  INFO  ======================================================================
2026-05-21 16:29:34  INFO  Config:          configs/resnet18_cifar10.yaml
2026-05-21 16:29:34  INFO  Epoch:           285
2026-05-21 16:29:34  INFO  LightGBM:        n_estimators=200  num_leaves=31  lr=0.1
2026-05-21 16:29:34  INFO  Loading train features...
2026-05-21 16:29:34  INFO    Train: features=(50000, 512)  labels=(50000,)
2026-05-21 16:29:34  INFO  Loading test features...
2026-05-21 16:29:34  INFO    Test:  features=(10000, 512)  labels=(10000,)
2026-05-21 16:29:34  INFO  Reference (full network) test_acc at epoch 285: 0.9545
2026-05-21 16:29:34  INFO  Training LightGBM...
2026-05-21 16:29:34  INFO    Fitting LightGBM: n_estimators=200, num_leaves=31, lr=0.1
2026-05-21 16:37:10  INFO  ----------------------------------------------------------------------
2026-05-21 16:37:10  INFO  Surrogate train accuracy:           1.0000
2026-05-21 16:37:10  INFO  Surrogate test accuracy:            0.9492
2026-05-21 16:37:10  INFO  Full network test accuracy:         0.9545
2026-05-21 16:37:10  INFO  Accuracy gap (network - surrogate): +0.0053  (surrogate underperforms)
2026-05-21 16:37:10  INFO  Saved results to: /local/data/gme101/results/seed_1/surrogate_lightgbm_epoch_0285.csv
2026-05-21 16:37:10  INFO  ======================================================================
2026-05-21 16:37:12  INFO  ======================================================================
2026-05-21 16:37:12  INFO  Surrogate: Random Forest
2026-05-21 16:37:12  INFO  ======================================================================
2026-05-21 16:37:12  INFO  Config:          configs/resnet18_cifar10.yaml
2026-05-21 16:37:12  INFO  Epoch:           285
2026-05-21 16:37:12  INFO  RandomForest:    n_estimators=200  max_features=sqrt  n_jobs=-1
2026-05-21 16:37:12  INFO  Loading train features...
2026-05-21 16:37:12  INFO    Train: features=(50000, 512)  labels=(50000,)
2026-05-21 16:37:12  INFO  Loading test features...
2026-05-21 16:37:12  INFO    Test:  features=(10000, 512)  labels=(10000,)
2026-05-21 16:37:12  INFO  Reference (full network) test_acc at epoch 285: 0.9545
2026-05-21 16:37:12  INFO  Training Random Forest...
2026-05-21 16:37:12  INFO    Fitting RandomForest: n_estimators=200, max_features=sqrt, n_jobs=-1
2026-05-21 16:37:13  INFO  ----------------------------------------------------------------------
2026-05-21 16:37:13  INFO  Surrogate train accuracy:           1.0000
2026-05-21 16:37:13  INFO  Surrogate test accuracy:            0.9550
2026-05-21 16:37:13  INFO  Full network test accuracy:         0.9545
2026-05-21 16:37:13  INFO  Accuracy gap (network - surrogate): -0.0005  (surrogate matches or exceeds)
2026-05-21 16:37:13  INFO  Saved results to: /local/data/gme101/results/seed_1/surrogate_rf_epoch_0285.csv
2026-05-21 16:37:13  INFO  ======================================================================
