2026-05-21 10:52:03  INFO  ======================================================================
2026-05-21 10:52:03  INFO  CKA Computation — Representation Stabilization
2026-05-21 10:52:03  INFO  ======================================================================
2026-05-21 10:52:03  INFO  Config:          configs/resnet18_cifar10.yaml
2026-05-21 10:52:03  INFO  Activations dir: /local/data/gme101/activations/seed_0
2026-05-21 10:52:03  INFO  Results dir:     /local/data/gme101/results/seed_0
2026-05-21 10:52:03  INFO  Seed: 0
2026-05-21 10:52:03  INFO  Mode: consecutive
2026-05-21 10:52:03  INFO  Stabilization threshold tau = 0.02
2026-05-21 10:52:03  INFO  Found 60 activation files in '/local/data/gme101/activations/seed_0'
2026-05-21 10:52:03  INFO  Epoch range: 5 to 300
2026-05-21 10:52:03  INFO  Number of CKA pairs to compute: 59
2026-05-21 10:52:03  INFO  ----------------------------------------------------------------------
2026-05-21 10:52:03  INFO    Pair   1/59  epoch    5 →   10  CKA = 0.8087  change = 0.1913  below_tau = no 
2026-05-21 10:52:03  INFO    Pair   2/59  epoch   10 →   15  CKA = 0.8181  change = 0.1819  below_tau = no 
2026-05-21 10:52:03  INFO    Pair   3/59  epoch   15 →   20  CKA = 0.7805  change = 0.2195  below_tau = no 
2026-05-21 10:52:04  INFO    Pair   4/59  epoch   20 →   25  CKA = 0.7386  change = 0.2614  below_tau = no 
2026-05-21 10:52:04  INFO    Pair   5/59  epoch   25 →   30  CKA = 0.8136  change = 0.1864  below_tau = no 
2026-05-21 10:52:04  INFO    Pair   6/59  epoch   30 →   35  CKA = 0.7797  change = 0.2203  below_tau = no 
2026-05-21 10:52:04  INFO    Pair   7/59  epoch   35 →   40  CKA = 0.7984  change = 0.2016  below_tau = no 
2026-05-21 10:52:04  INFO    Pair   8/59  epoch   40 →   45  CKA = 0.8007  change = 0.1993  below_tau = no 
2026-05-21 10:52:05  INFO    Pair   9/59  epoch   45 →   50  CKA = 0.8277  change = 0.1723  below_tau = no 
2026-05-21 10:52:05  INFO    Pair  10/59  epoch   50 →   55  CKA = 0.8555  change = 0.1445  below_tau = no 
2026-05-21 10:52:05  INFO    Pair  11/59  epoch   55 →   60  CKA = 0.8242  change = 0.1758  below_tau = no 
2026-05-21 10:52:05  INFO    Pair  12/59  epoch   60 →   65  CKA = 0.8111  change = 0.1889  below_tau = no 
2026-05-21 10:52:05  INFO    Pair  13/59  epoch   65 →   70  CKA = 0.8003  change = 0.1997  below_tau = no 
2026-05-21 10:52:05  INFO    Pair  14/59  epoch   70 →   75  CKA = 0.7877  change = 0.2123  below_tau = no 
2026-05-21 10:52:06  INFO    Pair  15/59  epoch   75 →   80  CKA = 0.7913  change = 0.2087  below_tau = no 
2026-05-21 10:52:06  INFO    Pair  16/59  epoch   80 →   85  CKA = 0.8271  change = 0.1729  below_tau = no 
2026-05-21 10:52:06  INFO    Pair  17/59  epoch   85 →   90  CKA = 0.8382  change = 0.1618  below_tau = no 
2026-05-21 10:52:06  INFO    Pair  18/59  epoch   90 →   95  CKA = 0.8136  change = 0.1864  below_tau = no 
2026-05-21 10:52:06  INFO    Pair  19/59  epoch   95 →  100  CKA = 0.8157  change = 0.1843  below_tau = no 
2026-05-21 10:52:06  INFO    Pair  20/59  epoch  100 →  105  CKA = 0.8112  change = 0.1888  below_tau = no 
2026-05-21 10:52:06  INFO    Pair  21/59  epoch  105 →  110  CKA = 0.8159  change = 0.1841  below_tau = no 
2026-05-21 10:52:07  INFO    Pair  22/59  epoch  110 →  115  CKA = 0.8420  change = 0.1580  below_tau = no 
2026-05-21 10:52:07  INFO    Pair  23/59  epoch  115 →  120  CKA = 0.8417  change = 0.1583  below_tau = no 
2026-05-21 10:52:07  INFO    Pair  24/59  epoch  120 →  125  CKA = 0.8308  change = 0.1692  below_tau = no 
2026-05-21 10:52:07  INFO    Pair  25/59  epoch  125 →  130  CKA = 0.8290  change = 0.1710  below_tau = no 
2026-05-21 10:52:07  INFO    Pair  26/59  epoch  130 →  135  CKA = 0.8321  change = 0.1679  below_tau = no 
2026-05-21 10:52:07  INFO    Pair  27/59  epoch  135 →  140  CKA = 0.8601  change = 0.1399  below_tau = no 
2026-05-21 10:52:08  INFO    Pair  28/59  epoch  140 →  145  CKA = 0.8710  change = 0.1290  below_tau = no 
2026-05-21 10:52:08  INFO    Pair  29/59  epoch  145 →  150  CKA = 0.8562  change = 0.1438  below_tau = no 
2026-05-21 10:52:08  INFO    Pair  30/59  epoch  150 →  155  CKA = 0.8457  change = 0.1543  below_tau = no 
2026-05-21 10:52:08  INFO    Pair  31/59  epoch  155 →  160  CKA = 0.8439  change = 0.1561  below_tau = no 
2026-05-21 10:52:08  INFO    Pair  32/59  epoch  160 →  165  CKA = 0.8445  change = 0.1555  below_tau = no 
2026-05-21 10:52:08  INFO    Pair  33/59  epoch  165 →  170  CKA = 0.8261  change = 0.1739  below_tau = no 
2026-05-21 10:52:09  INFO    Pair  34/59  epoch  170 →  175  CKA = 0.8384  change = 0.1616  below_tau = no 
2026-05-21 10:52:09  INFO    Pair  35/59  epoch  175 →  180  CKA = 0.8560  change = 0.1440  below_tau = no 
2026-05-21 10:52:09  INFO    Pair  36/59  epoch  180 →  185  CKA = 0.8357  change = 0.1643  below_tau = no 
2026-05-21 10:52:09  INFO    Pair  37/59  epoch  185 →  190  CKA = 0.8487  change = 0.1513  below_tau = no 
2026-05-21 10:52:09  INFO    Pair  38/59  epoch  190 →  195  CKA = 0.8516  change = 0.1484  below_tau = no 
2026-05-21 10:52:09  INFO    Pair  39/59  epoch  195 →  200  CKA = 0.8533  change = 0.1467  below_tau = no 
2026-05-21 10:52:10  INFO    Pair  40/59  epoch  200 →  205  CKA = 0.8610  change = 0.1390  below_tau = no 
2026-05-21 10:52:10  INFO    Pair  41/59  epoch  205 →  210  CKA = 0.8471  change = 0.1529  below_tau = no 
2026-05-21 10:52:10  INFO    Pair  42/59  epoch  210 →  215  CKA = 0.8809  change = 0.1191  below_tau = no 
2026-05-21 10:52:10  INFO    Pair  43/59  epoch  215 →  220  CKA = 0.8811  change = 0.1189  below_tau = no 
2026-05-21 10:52:10  INFO    Pair  44/59  epoch  220 →  225  CKA = 0.8815  change = 0.1185  below_tau = no 
2026-05-21 10:52:10  INFO    Pair  45/59  epoch  225 →  230  CKA = 0.8961  change = 0.1039  below_tau = no 
2026-05-21 10:52:11  INFO    Pair  46/59  epoch  230 →  235  CKA = 0.8972  change = 0.1028  below_tau = no 
2026-05-21 10:52:11  INFO    Pair  47/59  epoch  235 →  240  CKA = 0.9156  change = 0.0844  below_tau = no 
2026-05-21 10:52:11  INFO    Pair  48/59  epoch  240 →  245  CKA = 0.9278  change = 0.0722  below_tau = no 
2026-05-21 10:52:11  INFO    Pair  49/59  epoch  245 →  250  CKA = 0.9373  change = 0.0627  below_tau = no 
2026-05-21 10:52:11  INFO    Pair  50/59  epoch  250 →  255  CKA = 0.9552  change = 0.0448  below_tau = no 
2026-05-21 10:52:11  INFO    Pair  51/59  epoch  255 →  260  CKA = 0.9811  change = 0.0189  below_tau = YES
2026-05-21 10:52:12  INFO    Pair  52/59  epoch  260 →  265  CKA = 0.9909  change = 0.0091  below_tau = YES
2026-05-21 10:52:12  INFO    Pair  53/59  epoch  265 →  270  CKA = 0.9961  change = 0.0039  below_tau = YES
2026-05-21 10:52:12  INFO    Pair  54/59  epoch  270 →  275  CKA = 0.9977  change = 0.0023  below_tau = YES
2026-05-21 10:52:12  INFO    Pair  55/59  epoch  275 →  280  CKA = 0.9985  change = 0.0015  below_tau = YES
2026-05-21 10:52:12  INFO    Pair  56/59  epoch  280 →  285  CKA = 0.9993  change = 0.0007  below_tau = YES
2026-05-21 10:52:12  INFO    Pair  57/59  epoch  285 →  290  CKA = 0.9994  change = 0.0006  below_tau = YES
2026-05-21 10:52:13  INFO    Pair  58/59  epoch  290 →  295  CKA = 0.9994  change = 0.0006  below_tau = YES
2026-05-21 10:52:13  INFO    Pair  59/59  epoch  295 →  300  CKA = 0.9994  change = 0.0006  below_tau = YES
2026-05-21 10:52:13  INFO  ----------------------------------------------------------------------
2026-05-21 10:52:13  INFO  Saved CKA results (59 pairs) to: /local/data/gme101/results/seed_0/cka_results.csv
2026-05-21 10:52:13  INFO  Pairs below tau=0.02: 9 / 59
2026-05-21 10:52:13  INFO  ======================================================================
2026-05-21 10:52:13  INFO  CKA computation complete.
2026-05-21 10:52:13  INFO  ======================================================================
