2026-05-20 13:09:52  INFO  ======================================================================
2026-05-20 13:09:52  INFO  DRS Computation — Representation Stabilization
2026-05-20 13:09:52  INFO  ======================================================================
2026-05-20 13:09:52  INFO  Config:          configs/resnet18_cifar10.yaml
2026-05-20 13:09:52  INFO  Activations dir: /local/data/gme101/activations/seed_0
2026-05-20 13:09:52  INFO  Results dir:     /local/data/gme101/results/seed_0
2026-05-20 13:09:52  INFO  Device:          cuda
2026-05-20 13:09:52  INFO  GPU: NVIDIA L4
2026-05-20 13:09:52  INFO  Seed: 0
2026-05-20 13:09:52  INFO  DRS config: n_planes=500, n_points_per_plane=2500
2026-05-20 13:09:52  INFO  DRS config: probe_epochs=10, probe_lr=0.0001
2026-05-20 13:09:52  INFO  DRS config: compute_freq=10, tau=0.02
2026-05-20 13:09:52  INFO  Extraction labels: 2040 samples (204 per class)
2026-05-20 13:09:52  INFO  Saved plane triplets (500 triplets) to: /local/data/gme101/results/seed_0/drs_plane_triplets.npy
2026-05-20 13:09:52  INFO  Found 60 activation files in '/local/data/gme101/activations/seed_0'
2026-05-20 13:09:52  INFO  DRS-eligible pairs (epoch_curr % 10 == 0): 30
2026-05-20 13:09:52  INFO         5 →   10
2026-05-20 13:09:52  INFO        15 →   20
2026-05-20 13:09:52  INFO        25 →   30
2026-05-20 13:09:52  INFO        35 →   40
2026-05-20 13:09:52  INFO        45 →   50
2026-05-20 13:09:52  INFO        55 →   60
2026-05-20 13:09:52  INFO        65 →   70
2026-05-20 13:09:52  INFO        75 →   80
2026-05-20 13:09:52  INFO        85 →   90
2026-05-20 13:09:52  INFO        95 →  100
2026-05-20 13:09:52  INFO       105 →  110
2026-05-20 13:09:52  INFO       115 →  120
2026-05-20 13:09:52  INFO       125 →  130
2026-05-20 13:09:52  INFO       135 →  140
2026-05-20 13:09:52  INFO       145 →  150
2026-05-20 13:09:52  INFO       155 →  160
2026-05-20 13:09:52  INFO       165 →  170
2026-05-20 13:09:52  INFO       175 →  180
2026-05-20 13:09:52  INFO       185 →  190
2026-05-20 13:09:52  INFO       195 →  200
2026-05-20 13:09:52  INFO       205 →  210
2026-05-20 13:09:52  INFO       215 →  220
2026-05-20 13:09:52  INFO       225 →  230
2026-05-20 13:09:52  INFO       235 →  240
2026-05-20 13:09:52  INFO       245 →  250
2026-05-20 13:09:52  INFO       255 →  260
2026-05-20 13:09:52  INFO       265 →  270
2026-05-20 13:09:52  INFO       275 →  280
2026-05-20 13:09:52  INFO       285 →  290
2026-05-20 13:09:52  INFO       295 →  300
2026-05-20 13:09:52  INFO  ----------------------------------------------------------------------
2026-05-20 13:09:52  INFO  DRS pair 1/30: epoch 5 → 10
2026-05-20 13:09:52  INFO      Training probe on current epoch activations...
2026-05-20 13:09:53  INFO      Training probe on previous epoch activations...
2026-05-20 13:09:53  INFO      Evaluating agreement across 500 planes...
2026-05-20 13:09:55  INFO    Pair 1/30  epoch    5 →   10  DRS = 0.6784  change = 0.3216  below_tau = no 
2026-05-20 13:09:55  INFO  DRS pair 2/30: epoch 15 → 20
2026-05-20 13:09:55  INFO      Training probe on current epoch activations...
2026-05-20 13:09:55  INFO      Training probe on previous epoch activations...
2026-05-20 13:09:56  INFO      Evaluating agreement across 500 planes...
2026-05-20 13:09:58  INFO    Pair 2/30  epoch   15 →   20  DRS = 0.7880  change = 0.2120  below_tau = no 
2026-05-20 13:09:58  INFO  DRS pair 3/30: epoch 25 → 30
2026-05-20 13:09:58  INFO      Training probe on current epoch activations...
2026-05-20 13:09:58  INFO      Training probe on previous epoch activations...
2026-05-20 13:09:58  INFO      Evaluating agreement across 500 planes...
2026-05-20 13:10:00  INFO    Pair 3/30  epoch   25 →   30  DRS = 0.8390  change = 0.1610  below_tau = no 
2026-05-20 13:10:00  INFO  DRS pair 4/30: epoch 35 → 40
2026-05-20 13:10:00  INFO      Training probe on current epoch activations...
2026-05-20 13:10:00  INFO      Training probe on previous epoch activations...
2026-05-20 13:10:00  INFO      Evaluating agreement across 500 planes...
2026-05-20 13:10:03  INFO    Pair 4/30  epoch   35 →   40  DRS = 0.8035  change = 0.1965  below_tau = no 
2026-05-20 13:10:03  INFO  DRS pair 5/30: epoch 45 → 50
2026-05-20 13:10:03  INFO      Training probe on current epoch activations...
2026-05-20 13:10:03  INFO      Training probe on previous epoch activations...
2026-05-20 13:10:03  INFO      Evaluating agreement across 500 planes...
2026-05-20 13:10:06  INFO    Pair 5/30  epoch   45 →   50  DRS = 0.8119  change = 0.1881  below_tau = no 
2026-05-20 13:10:06  INFO  DRS pair 6/30: epoch 55 → 60
2026-05-20 13:10:06  INFO      Training probe on current epoch activations...
2026-05-20 13:10:06  INFO      Training probe on previous epoch activations...
2026-05-20 13:10:06  INFO      Evaluating agreement across 500 planes...
2026-05-20 13:10:09  INFO    Pair 6/30  epoch   55 →   60  DRS = 0.8524  change = 0.1476  below_tau = no 
2026-05-20 13:10:09  INFO  DRS pair 7/30: epoch 65 → 70
2026-05-20 13:10:09  INFO      Training probe on current epoch activations...
2026-05-20 13:10:09  INFO      Training probe on previous epoch activations...
2026-05-20 13:10:09  INFO      Evaluating agreement across 500 planes...
2026-05-20 13:10:11  INFO    Pair 7/30  epoch   65 →   70  DRS = 0.8367  change = 0.1633  below_tau = no 
2026-05-20 13:10:11  INFO  DRS pair 8/30: epoch 75 → 80
2026-05-20 13:10:11  INFO      Training probe on current epoch activations...
2026-05-20 13:10:12  INFO      Training probe on previous epoch activations...
2026-05-20 13:10:12  INFO      Evaluating agreement across 500 planes...
2026-05-20 13:10:14  INFO    Pair 8/30  epoch   75 →   80  DRS = 0.8294  change = 0.1706  below_tau = no 
2026-05-20 13:10:14  INFO  DRS pair 9/30: epoch 85 → 90
2026-05-20 13:10:14  INFO      Training probe on current epoch activations...
2026-05-20 13:10:14  INFO      Training probe on previous epoch activations...
2026-05-20 13:10:14  INFO      Evaluating agreement across 500 planes...
2026-05-20 13:10:17  INFO    Pair 9/30  epoch   85 →   90  DRS = 0.8664  change = 0.1336  below_tau = no 
2026-05-20 13:10:17  INFO  DRS pair 10/30: epoch 95 → 100
2026-05-20 13:10:17  INFO      Training probe on current epoch activations...
2026-05-20 13:10:17  INFO      Training probe on previous epoch activations...
2026-05-20 13:10:17  INFO      Evaluating agreement across 500 planes...
2026-05-20 13:10:19  INFO    Pair 10/30  epoch   95 →  100  DRS = 0.8543  change = 0.1457  below_tau = no 
2026-05-20 13:10:19  INFO  DRS pair 11/30: epoch 105 → 110
2026-05-20 13:10:19  INFO      Training probe on current epoch activations...
2026-05-20 13:10:19  INFO      Training probe on previous epoch activations...
2026-05-20 13:10:19  INFO      Evaluating agreement across 500 planes...
2026-05-20 13:10:21  INFO    Pair 11/30  epoch  105 →  110  DRS = 0.8708  change = 0.1292  below_tau = no 
2026-05-20 13:10:21  INFO  DRS pair 12/30: epoch 115 → 120
2026-05-20 13:10:21  INFO      Training probe on current epoch activations...
2026-05-20 13:10:21  INFO      Training probe on previous epoch activations...
2026-05-20 13:10:21  INFO      Evaluating agreement across 500 planes...
2026-05-20 13:10:24  INFO    Pair 12/30  epoch  115 →  120  DRS = 0.8501  change = 0.1499  below_tau = no 
2026-05-20 13:10:24  INFO  DRS pair 13/30: epoch 125 → 130
2026-05-20 13:10:24  INFO      Training probe on current epoch activations...
2026-05-20 13:10:24  INFO      Training probe on previous epoch activations...
2026-05-20 13:10:24  INFO      Evaluating agreement across 500 planes...
2026-05-20 13:10:26  INFO    Pair 13/30  epoch  125 →  130  DRS = 0.8286  change = 0.1714  below_tau = no 
2026-05-20 13:10:26  INFO  DRS pair 14/30: epoch 135 → 140
2026-05-20 13:10:26  INFO      Training probe on current epoch activations...
2026-05-20 13:10:26  INFO      Training probe on previous epoch activations...
2026-05-20 13:10:26  INFO      Evaluating agreement across 500 planes...
2026-05-20 13:10:28  INFO    Pair 14/30  epoch  135 →  140  DRS = 0.8262  change = 0.1738  below_tau = no 
2026-05-20 13:10:28  INFO  DRS pair 15/30: epoch 145 → 150
2026-05-20 13:10:28  INFO      Training probe on current epoch activations...
2026-05-20 13:10:28  INFO      Training probe on previous epoch activations...
2026-05-20 13:10:29  INFO      Evaluating agreement across 500 planes...
2026-05-20 13:10:31  INFO    Pair 15/30  epoch  145 →  150  DRS = 0.9035  change = 0.0965  below_tau = no 
2026-05-20 13:10:31  INFO  DRS pair 16/30: epoch 155 → 160
2026-05-20 13:10:31  INFO      Training probe on current epoch activations...
2026-05-20 13:10:31  INFO      Training probe on previous epoch activations...
2026-05-20 13:10:31  INFO      Evaluating agreement across 500 planes...
2026-05-20 13:10:33  INFO    Pair 16/30  epoch  155 →  160  DRS = 0.8389  change = 0.1611  below_tau = no 
2026-05-20 13:10:33  INFO  DRS pair 17/30: epoch 165 → 170
2026-05-20 13:10:33  INFO      Training probe on current epoch activations...
2026-05-20 13:10:33  INFO      Training probe on previous epoch activations...
2026-05-20 13:10:33  INFO      Evaluating agreement across 500 planes...
2026-05-20 13:10:35  INFO    Pair 17/30  epoch  165 →  170  DRS = 0.8312  change = 0.1688  below_tau = no 
2026-05-20 13:10:35  INFO  DRS pair 18/30: epoch 175 → 180
2026-05-20 13:10:35  INFO      Training probe on current epoch activations...
2026-05-20 13:10:35  INFO      Training probe on previous epoch activations...
2026-05-20 13:10:35  INFO      Evaluating agreement across 500 planes...
2026-05-20 13:10:37  INFO    Pair 18/30  epoch  175 →  180  DRS = 0.8615  change = 0.1385  below_tau = no 
2026-05-20 13:10:37  INFO  DRS pair 19/30: epoch 185 → 190
2026-05-20 13:10:37  INFO      Training probe on current epoch activations...
2026-05-20 13:10:37  INFO      Training probe on previous epoch activations...
2026-05-20 13:10:38  INFO      Evaluating agreement across 500 planes...
2026-05-20 13:10:40  INFO    Pair 19/30  epoch  185 →  190  DRS = 0.8411  change = 0.1589  below_tau = no 
2026-05-20 13:10:40  INFO  DRS pair 20/30: epoch 195 → 200
2026-05-20 13:10:40  INFO      Training probe on current epoch activations...
2026-05-20 13:10:40  INFO      Training probe on previous epoch activations...
2026-05-20 13:10:40  INFO      Evaluating agreement across 500 planes...
2026-05-20 13:10:42  INFO    Pair 20/30  epoch  195 →  200  DRS = 0.8863  change = 0.1137  below_tau = no 
2026-05-20 13:10:42  INFO  DRS pair 21/30: epoch 205 → 210
2026-05-20 13:10:42  INFO      Training probe on current epoch activations...
2026-05-20 13:10:42  INFO      Training probe on previous epoch activations...
2026-05-20 13:10:42  INFO      Evaluating agreement across 500 planes...
2026-05-20 13:10:45  INFO    Pair 21/30  epoch  205 →  210  DRS = 0.8502  change = 0.1498  below_tau = no 
2026-05-20 13:10:45  INFO  DRS pair 22/30: epoch 215 → 220
2026-05-20 13:10:45  INFO      Training probe on current epoch activations...
2026-05-20 13:10:45  INFO      Training probe on previous epoch activations...
2026-05-20 13:10:45  INFO      Evaluating agreement across 500 planes...
2026-05-20 13:10:47  INFO    Pair 22/30  epoch  215 →  220  DRS = 0.8383  change = 0.1617  below_tau = no 
2026-05-20 13:10:47  INFO  DRS pair 23/30: epoch 225 → 230
2026-05-20 13:10:47  INFO      Training probe on current epoch activations...
2026-05-20 13:10:47  INFO      Training probe on previous epoch activations...
2026-05-20 13:10:47  INFO      Evaluating agreement across 500 planes...
2026-05-20 13:10:49  INFO    Pair 23/30  epoch  225 →  230  DRS = 0.8614  change = 0.1386  below_tau = no 
2026-05-20 13:10:49  INFO  DRS pair 24/30: epoch 235 → 240
2026-05-20 13:10:49  INFO      Training probe on current epoch activations...
2026-05-20 13:10:49  INFO      Training probe on previous epoch activations...
2026-05-20 13:10:50  INFO      Evaluating agreement across 500 planes...
2026-05-20 13:10:52  INFO    Pair 24/30  epoch  235 →  240  DRS = 0.8580  change = 0.1420  below_tau = no 
2026-05-20 13:10:52  INFO  DRS pair 25/30: epoch 245 → 250
2026-05-20 13:10:52  INFO      Training probe on current epoch activations...
2026-05-20 13:10:52  INFO      Training probe on previous epoch activations...
2026-05-20 13:10:52  INFO      Evaluating agreement across 500 planes...
2026-05-20 13:10:55  INFO    Pair 25/30  epoch  245 →  250  DRS = 0.8779  change = 0.1221  below_tau = no 
2026-05-20 13:10:55  INFO  DRS pair 26/30: epoch 255 → 260
2026-05-20 13:10:55  INFO      Training probe on current epoch activations...
2026-05-20 13:10:55  INFO      Training probe on previous epoch activations...
2026-05-20 13:10:55  INFO      Evaluating agreement across 500 planes...
2026-05-20 13:10:57  INFO    Pair 26/30  epoch  255 →  260  DRS = 0.8920  change = 0.1080  below_tau = no 
2026-05-20 13:10:57  INFO  DRS pair 27/30: epoch 265 → 270
2026-05-20 13:10:57  INFO      Training probe on current epoch activations...
2026-05-20 13:10:57  INFO      Training probe on previous epoch activations...
2026-05-20 13:10:57  INFO      Evaluating agreement across 500 planes...
2026-05-20 13:10:59  INFO    Pair 27/30  epoch  265 →  270  DRS = 0.8971  change = 0.1029  below_tau = no 
2026-05-20 13:10:59  INFO  DRS pair 28/30: epoch 275 → 280
2026-05-20 13:10:59  INFO      Training probe on current epoch activations...
2026-05-20 13:10:59  INFO      Training probe on previous epoch activations...
2026-05-20 13:10:59  INFO      Evaluating agreement across 500 planes...
2026-05-20 13:11:02  INFO    Pair 28/30  epoch  275 →  280  DRS = 0.9027  change = 0.0973  below_tau = no 
2026-05-20 13:11:02  INFO  DRS pair 29/30: epoch 285 → 290
2026-05-20 13:11:02  INFO      Training probe on current epoch activations...
2026-05-20 13:11:02  INFO      Training probe on previous epoch activations...
2026-05-20 13:11:02  INFO      Evaluating agreement across 500 planes...
2026-05-20 13:11:04  INFO    Pair 29/30  epoch  285 →  290  DRS = 0.9040  change = 0.0960  below_tau = no 
2026-05-20 13:11:04  INFO  DRS pair 30/30: epoch 295 → 300
2026-05-20 13:11:04  INFO      Training probe on current epoch activations...
2026-05-20 13:11:04  INFO      Training probe on previous epoch activations...
2026-05-20 13:11:04  INFO      Evaluating agreement across 500 planes...
2026-05-20 13:11:06  INFO    Pair 30/30  epoch  295 →  300  DRS = 0.8752  change = 0.1248  below_tau = no 
2026-05-20 13:11:06  INFO  ----------------------------------------------------------------------
2026-05-20 13:11:06  INFO  Saved DRS results (30 pairs) to: /local/data/gme101/results/seed_0/drs_results.csv
2026-05-20 13:11:06  INFO  Pairs below tau=0.02: 0 / 30
2026-05-20 13:11:06  INFO  ======================================================================
2026-05-20 13:11:06  INFO  DRS computation complete.
2026-05-20 13:11:06  INFO  ======================================================================
