2026-05-21 10:55:58  INFO  ======================================================================
2026-05-21 10:55:58  INFO  Stabilization Detection — (τ, K) Criterion
2026-05-21 10:55:58  INFO  ======================================================================
2026-05-21 10:55:58  INFO  Config:  configs/resnet18_cifar10.yaml
2026-05-21 10:55:58  INFO  τ (tau): 0.02   (change threshold; change = 1 − metric_value)
2026-05-21 10:55:58  INFO  K:       5    (consecutive below-τ pairs required to declare t*)
2026-05-21 10:55:58  INFO  CKA CSV: /local/data/gme101/results/seed_0/cka_results.csv
2026-05-21 10:55:58  INFO  DRS CSV: /local/data/gme101/results/seed_0/drs_results.csv
2026-05-21 10:55:58  INFO  ----------------------------------------------------------------------
2026-05-21 10:55:58  INFO  Loading CKA results...
2026-05-21 10:55:58  INFO    Loaded 59 CKA pairs.
2026-05-21 10:55:58  INFO    Pairs below τ=0.02: 9 / 59 (15.3%)
2026-05-21 10:55:58  INFO  ----------------------------------------------------------------------
2026-05-21 10:55:58  INFO  Loading DRS results (optional)...
2026-05-21 10:55:58  INFO    Loaded 30 DRS pairs.
2026-05-21 10:55:58  INFO    Pairs below τ=0.02: 0 / 30 (0.0%)
2026-05-21 10:55:58  INFO  ----------------------------------------------------------------------
2026-05-21 10:55:58  INFO  Running stabilization detection on CKA (τ=0.02, K=5)...
2026-05-21 10:55:58  INFO    CKA stabilization detected at epoch t* = 280
2026-05-21 10:55:58  INFO    CKA pairs (τ=0.02, K=5, detected t*=280):
2026-05-21 10:55:58  INFO    epoch_prev  epoch_curr    change  below_τ  consec  trigger
2026-05-21 10:55:58  INFO    ------------------------------------------------------------
2026-05-21 10:55:58  INFO             5          10    0.1913      no        0        0
2026-05-21 10:55:58  INFO            10          15    0.1819      no        0        0
2026-05-21 10:55:58  INFO            15          20    0.2195      no        0        0
2026-05-21 10:55:58  INFO            20          25    0.2614      no        0        0
2026-05-21 10:55:58  INFO            25          30    0.1864      no        0        0
2026-05-21 10:55:58  INFO            30          35    0.2203      no        0        0
2026-05-21 10:55:58  INFO            35          40    0.2016      no        0        0
2026-05-21 10:55:58  INFO            40          45    0.1993      no        0        0
2026-05-21 10:55:58  INFO            45          50    0.1723      no        0        0
2026-05-21 10:55:58  INFO            50          55    0.1445      no        0        0
2026-05-21 10:55:58  INFO            55          60    0.1758      no        0        0
2026-05-21 10:55:58  INFO            60          65    0.1889      no        0        0
2026-05-21 10:55:58  INFO            65          70    0.1997      no        0        0
2026-05-21 10:55:58  INFO            70          75    0.2123      no        0        0
2026-05-21 10:55:58  INFO            75          80    0.2087      no        0        0
2026-05-21 10:55:58  INFO            80          85    0.1729      no        0        0
2026-05-21 10:55:58  INFO            85          90    0.1618      no        0        0
2026-05-21 10:55:58  INFO            90          95    0.1864      no        0        0
2026-05-21 10:55:58  INFO            95         100    0.1843      no        0        0
2026-05-21 10:55:58  INFO           100         105    0.1888      no        0        0
2026-05-21 10:55:58  INFO           105         110    0.1841      no        0        0
2026-05-21 10:55:58  INFO           110         115    0.1580      no        0        0
2026-05-21 10:55:58  INFO           115         120    0.1583      no        0        0
2026-05-21 10:55:58  INFO           120         125    0.1692      no        0        0
2026-05-21 10:55:58  INFO           125         130    0.1709      no        0        0
2026-05-21 10:55:58  INFO           130         135    0.1679      no        0        0
2026-05-21 10:55:58  INFO           135         140    0.1399      no        0        0
2026-05-21 10:55:58  INFO           140         145    0.1290      no        0        0
2026-05-21 10:55:58  INFO           145         150    0.1438      no        0        0
2026-05-21 10:55:58  INFO           150         155    0.1543      no        0        0
2026-05-21 10:55:58  INFO           155         160    0.1561      no        0        0
2026-05-21 10:55:58  INFO           160         165    0.1555      no        0        0
2026-05-21 10:55:58  INFO           165         170    0.1739      no        0        0
2026-05-21 10:55:58  INFO           170         175    0.1616      no        0        0
2026-05-21 10:55:58  INFO           175         180    0.1440      no        0        0
2026-05-21 10:55:58  INFO           180         185    0.1643      no        0        0
2026-05-21 10:55:58  INFO           185         190    0.1513      no        0        0
2026-05-21 10:55:58  INFO           190         195    0.1484      no        0        0
2026-05-21 10:55:58  INFO           195         200    0.1467      no        0        0
2026-05-21 10:55:58  INFO           200         205    0.1390      no        0        0
2026-05-21 10:55:58  INFO           205         210    0.1529      no        0        0
2026-05-21 10:55:58  INFO           210         215    0.1191      no        0        0
2026-05-21 10:55:58  INFO           215         220    0.1189      no        0        0
2026-05-21 10:55:58  INFO           220         225    0.1185      no        0        0
2026-05-21 10:55:58  INFO           225         230    0.1039      no        0        0
2026-05-21 10:55:58  INFO           230         235    0.1028      no        0        0
2026-05-21 10:55:58  INFO           235         240    0.0844      no        0        0
2026-05-21 10:55:58  INFO           240         245    0.0722      no        0        0
2026-05-21 10:55:58  INFO           245         250    0.0627      no        0        0
2026-05-21 10:55:58  INFO           250         255    0.0448      no        0        0
2026-05-21 10:55:58  INFO           255         260    0.0189      YES       1        0
2026-05-21 10:55:58  INFO           260         265    0.0091      YES       2        0
2026-05-21 10:55:58  INFO           265         270    0.0039      YES       3        0
2026-05-21 10:55:58  INFO           270         275    0.0023      YES       4        0
2026-05-21 10:55:58  INFO           275         280    0.0015      YES       5        1 ← t*
2026-05-21 10:55:58  INFO           280         285    0.0007      YES       6        0
2026-05-21 10:55:58  INFO           285         290    0.0006      YES       7        0
2026-05-21 10:55:58  INFO           290         295    0.0006      YES       8        0
2026-05-21 10:55:58  INFO           295         300    0.0006      YES       9        0
2026-05-21 10:55:58  INFO  ----------------------------------------------------------------------
2026-05-21 10:55:58  INFO  Running stabilization detection on DRS (τ=0.02, K=5)...
2026-05-21 10:55:58  INFO    DRS stabilization NOT detected (K=5 consecutive below-τ pairs never accumulated)
2026-05-21 10:55:58  INFO    DRS pairs (τ=0.02, K=5, detected t*=None):
2026-05-21 10:55:58  INFO    epoch_prev  epoch_curr    change  below_τ  consec  trigger
2026-05-21 10:55:58  INFO    ------------------------------------------------------------
2026-05-21 10:55:58  INFO             5          10    0.3216      no        0        0
2026-05-21 10:55:58  INFO            15          20    0.2120      no        0        0
2026-05-21 10:55:58  INFO            25          30    0.1610      no        0        0
2026-05-21 10:55:58  INFO            35          40    0.1965      no        0        0
2026-05-21 10:55:58  INFO            45          50    0.1881      no        0        0
2026-05-21 10:55:58  INFO            55          60    0.1476      no        0        0
2026-05-21 10:55:58  INFO            65          70    0.1633      no        0        0
2026-05-21 10:55:58  INFO            75          80    0.1706      no        0        0
2026-05-21 10:55:58  INFO            85          90    0.1336      no        0        0
2026-05-21 10:55:58  INFO            95         100    0.1457      no        0        0
2026-05-21 10:55:58  INFO           105         110    0.1292      no        0        0
2026-05-21 10:55:58  INFO           115         120    0.1499      no        0        0
2026-05-21 10:55:58  INFO           125         130    0.1714      no        0        0
2026-05-21 10:55:58  INFO           135         140    0.1738      no        0        0
2026-05-21 10:55:58  INFO           145         150    0.0965      no        0        0
2026-05-21 10:55:58  INFO           155         160    0.1611      no        0        0
2026-05-21 10:55:58  INFO           165         170    0.1688      no        0        0
2026-05-21 10:55:58  INFO           175         180    0.1385      no        0        0
2026-05-21 10:55:58  INFO           185         190    0.1589      no        0        0
2026-05-21 10:55:58  INFO           195         200    0.1137      no        0        0
2026-05-21 10:55:58  INFO           205         210    0.1498      no        0        0
2026-05-21 10:55:58  INFO           215         220    0.1617      no        0        0
2026-05-21 10:55:58  INFO           225         230    0.1386      no        0        0
2026-05-21 10:55:58  INFO           235         240    0.1420      no        0        0
2026-05-21 10:55:58  INFO           245         250    0.1221      no        0        0
2026-05-21 10:55:58  INFO           255         260    0.1080      no        0        0
2026-05-21 10:55:58  INFO           265         270    0.1029      no        0        0
2026-05-21 10:55:58  INFO           275         280    0.0973      no        0        0
2026-05-21 10:55:58  INFO           285         290    0.0960      no        0        0
2026-05-21 10:55:58  INFO           295         300    0.1248      no        0        0
2026-05-21 10:55:58  INFO  ----------------------------------------------------------------------
2026-05-21 10:55:58  INFO  Computing joint t*...
2026-05-21 10:55:58  WARNING  DRS stabilization not detected but CKA detected t*=280. Joint t* cannot be declared — DRS is still changing. This may mean training has not run long enough for K DRS pairs to accumulate.
2026-05-21 10:55:58  INFO    t*_CKA   = 280
2026-05-21 10:55:58  INFO    t*_DRS   = None
2026-05-21 10:55:58  INFO    t*_JOINT = None
2026-05-21 10:55:58  INFO  ----------------------------------------------------------------------
2026-05-21 10:55:58  INFO  Saving annotated results...
2026-05-21 10:55:58  INFO    Saved annotated pairs to: /local/data/gme101/results/seed_0/stabilization_cka.csv
2026-05-21 10:55:58  INFO    Saved annotated pairs to: /local/data/gme101/results/seed_0/stabilization_drs.csv
2026-05-21 10:55:58  INFO    Saved summary to: /local/data/gme101/results/seed_0/stabilization_summary.csv
2026-05-21 10:55:58  INFO  ======================================================================
2026-05-21 10:55:58  INFO  RECOMMENDATION
2026-05-21 10:55:58  INFO  ======================================================================
2026-05-21 10:55:58  INFO  Stabilization NOT detected within the available training data.
2026-05-21 10:55:58  INFO  
2026-05-21 10:55:58  INFO    Possible causes:
2026-05-21 10:55:58  INFO      - Training may not have run long enough (increase epochs)
2026-05-21 10:55:58  INFO      - τ or K may need adjustment — check the annotated pair CSVs to see how close the metrics came to satisfying the criterion
2026-05-21 10:55:58  INFO      - The representation may genuinely not stabilize (this is also a finding)
2026-05-21 10:55:58  INFO  ======================================================================
