2026-05-21 07:40:15  INFO  ======================================================================
2026-05-21 07:40:15  INFO  Surrogate: Logistic Regression (Linear Probe)
2026-05-21 07:40:15  INFO  ======================================================================
2026-05-21 07:40:15  INFO  Config:          configs/resnet18_cifar10.yaml
2026-05-21 07:40:15  INFO  Epoch:           280
2026-05-21 07:40:15  INFO  C:               1.0
2026-05-21 07:40:15  INFO  max_iter:        1000
2026-05-21 07:40:15  INFO  Loading train features...
2026-05-21 07:40:16  INFO  ======================================================================
2026-05-21 07:40:16  INFO  Surrogate: LightGBM
2026-05-21 07:40:16  INFO  ======================================================================
2026-05-21 07:40:16  INFO  Config:          configs/resnet18_cifar10.yaml
2026-05-21 07:40:16  INFO  Epoch:           280
2026-05-21 07:40:16  INFO  LightGBM:        n_estimators=200  num_leaves=31  lr=0.1
2026-05-21 07:40:16  INFO  Loading train features...
2026-05-21 07:40:17  INFO  ======================================================================
2026-05-21 07:40:17  INFO  Surrogate: Random Forest
2026-05-21 07:40:17  INFO  ======================================================================
2026-05-21 07:40:17  INFO  Config:          configs/resnet18_cifar10.yaml
2026-05-21 07:40:17  INFO  Epoch:           280
2026-05-21 07:40:17  INFO  RandomForest:    n_estimators=200  max_features=sqrt  n_jobs=-1
2026-05-21 07:40:17  INFO  Loading train features...
2026-05-21 16:10:45  INFO  ======================================================================
2026-05-21 16:10:45  INFO  Surrogate: Logistic Regression (Linear Probe)
2026-05-21 16:10:45  INFO  ======================================================================
2026-05-21 16:10:45  INFO  Config:          configs/resnet18_cifar10.yaml
2026-05-21 16:10:45  INFO  Epoch:           285
2026-05-21 16:10:45  INFO  C:               1.0
2026-05-21 16:10:45  INFO  max_iter:        1000
2026-05-21 16:10:45  INFO  Loading train features...
2026-05-21 16:10:45  INFO    Train: features=(50000, 512)  labels=(50000,)
2026-05-21 16:10:45  INFO  Loading test features...
2026-05-21 16:10:45  INFO    Test:  features=(10000, 512)  labels=(10000,)
2026-05-21 16:10:45  INFO  Normalizing features (StandardScaler fit on train)...
2026-05-21 16:10:45  INFO  Reference (full network) test_acc at epoch 285: 0.9561
2026-05-21 16:10:45  INFO  Training logistic regression...
2026-05-21 16:10:45  INFO    Solver converged in 6 iterations.
2026-05-21 16:10:45  INFO  ----------------------------------------------------------------------
2026-05-21 16:10:45  INFO  Surrogate train accuracy:        1.0000
2026-05-21 16:10:45  INFO  Surrogate test accuracy:         0.9554
2026-05-21 16:10:45  INFO  Full network test accuracy:      0.9561
2026-05-21 16:10:45  INFO  Accuracy gap (network - surrogate): +0.0007  (surrogate underperforms)
2026-05-21 16:10:45  INFO  Saved results to: /local/data/gme101/results/seed_0/surrogate_linear_epoch_0285.csv
2026-05-21 16:10:45  INFO  ======================================================================
2026-05-21 16:10:47  INFO  ======================================================================
2026-05-21 16:10:47  INFO  Surrogate: LightGBM
2026-05-21 16:10:47  INFO  ======================================================================
2026-05-21 16:10:47  INFO  Config:          configs/resnet18_cifar10.yaml
2026-05-21 16:10:47  INFO  Epoch:           285
2026-05-21 16:10:47  INFO  LightGBM:        n_estimators=200  num_leaves=31  lr=0.1
2026-05-21 16:10:47  INFO  Loading train features...
2026-05-21 16:10:47  INFO    Train: features=(50000, 512)  labels=(50000,)
2026-05-21 16:10:47  INFO  Loading test features...
2026-05-21 16:10:47  INFO    Test:  features=(10000, 512)  labels=(10000,)
2026-05-21 16:10:47  INFO  Reference (full network) test_acc at epoch 285: 0.9561
2026-05-21 16:10:47  INFO  Training LightGBM...
2026-05-21 16:10:47  INFO    Fitting LightGBM: n_estimators=200, num_leaves=31, lr=0.1
2026-05-21 16:29:18  INFO  ----------------------------------------------------------------------
2026-05-21 16:29:18  INFO  Surrogate train accuracy:           1.0000
2026-05-21 16:29:18  INFO  Surrogate test accuracy:            0.9487
2026-05-21 16:29:18  INFO  Full network test accuracy:         0.9561
2026-05-21 16:29:18  INFO  Accuracy gap (network - surrogate): +0.0074  (surrogate underperforms)
2026-05-21 16:29:18  INFO  Saved results to: /local/data/gme101/results/seed_0/surrogate_lightgbm_epoch_0285.csv
2026-05-21 16:29:18  INFO  ======================================================================
2026-05-21 16:29:20  INFO  ======================================================================
2026-05-21 16:29:20  INFO  Surrogate: Random Forest
2026-05-21 16:29:20  INFO  ======================================================================
2026-05-21 16:29:20  INFO  Config:          configs/resnet18_cifar10.yaml
2026-05-21 16:29:20  INFO  Epoch:           285
2026-05-21 16:29:20  INFO  RandomForest:    n_estimators=200  max_features=sqrt  n_jobs=-1
2026-05-21 16:29:20  INFO  Loading train features...
2026-05-21 16:29:20  INFO    Train: features=(50000, 512)  labels=(50000,)
2026-05-21 16:29:20  INFO  Loading test features...
2026-05-21 16:29:20  INFO    Test:  features=(10000, 512)  labels=(10000,)
2026-05-21 16:29:20  INFO  Reference (full network) test_acc at epoch 285: 0.9561
2026-05-21 16:29:20  INFO  Training Random Forest...
2026-05-21 16:29:20  INFO    Fitting RandomForest: n_estimators=200, max_features=sqrt, n_jobs=-1
2026-05-21 16:29:21  INFO  ----------------------------------------------------------------------
2026-05-21 16:29:21  INFO  Surrogate train accuracy:           1.0000
2026-05-21 16:29:21  INFO  Surrogate test accuracy:            0.9547
2026-05-21 16:29:21  INFO  Full network test accuracy:         0.9561
2026-05-21 16:29:21  INFO  Accuracy gap (network - surrogate): +0.0014  (surrogate underperforms)
2026-05-21 16:29:21  INFO  Saved results to: /local/data/gme101/results/seed_0/surrogate_rf_epoch_0285.csv
2026-05-21 16:29:21  INFO  ======================================================================
