2026-05-22 11:05:28  INFO  ======================================================================
2026-05-22 11:05:28  INFO  DRS Computation — Representation Stabilization
2026-05-22 11:05:28  INFO  ======================================================================
2026-05-22 11:05:28  INFO  Config:          configs/resnet18_cifar10_steplr.yaml
2026-05-22 11:05:28  INFO  Activations dir: /local/data/gme101/activations_steplr/seed_42
2026-05-22 11:05:28  INFO  Results dir:     /local/data/gme101/results_steplr/seed_42
2026-05-22 11:05:28  INFO  Device:          cuda
2026-05-22 11:05:28  INFO  GPU: NVIDIA L4
2026-05-22 11:05:28  INFO  Seed: 42
2026-05-22 11:05:28  INFO  DRS config: n_planes=500, n_points_per_plane=2500
2026-05-22 11:05:28  INFO  DRS config: probe_epochs=10, probe_lr=0.0001
2026-05-22 11:05:28  INFO  DRS config: compute_freq=10, tau=0.02
2026-05-22 11:05:28  INFO  Extraction labels: 2040 samples (204 per class)
2026-05-22 11:05:28  INFO  Saved plane triplets (500 triplets) to: /local/data/gme101/results_steplr/seed_42/drs_plane_triplets.npy
2026-05-22 11:05:28  INFO  Found 60 activation files in '/local/data/gme101/activations_steplr/seed_42'
2026-05-22 11:05:28  INFO  DRS-eligible pairs (epoch_curr % 10 == 0): 30
2026-05-22 11:05:28  INFO         5 →   10
2026-05-22 11:05:28  INFO        15 →   20
2026-05-22 11:05:28  INFO        25 →   30
2026-05-22 11:05:28  INFO        35 →   40
2026-05-22 11:05:28  INFO        45 →   50
2026-05-22 11:05:28  INFO        55 →   60
2026-05-22 11:05:28  INFO        65 →   70
2026-05-22 11:05:28  INFO        75 →   80
2026-05-22 11:05:28  INFO        85 →   90
2026-05-22 11:05:28  INFO        95 →  100
2026-05-22 11:05:28  INFO       105 →  110
2026-05-22 11:05:28  INFO       115 →  120
2026-05-22 11:05:28  INFO       125 →  130
2026-05-22 11:05:28  INFO       135 →  140
2026-05-22 11:05:28  INFO       145 →  150
2026-05-22 11:05:28  INFO       155 →  160
2026-05-22 11:05:28  INFO       165 →  170
2026-05-22 11:05:28  INFO       175 →  180
2026-05-22 11:05:28  INFO       185 →  190
2026-05-22 11:05:28  INFO       195 →  200
2026-05-22 11:05:28  INFO       205 →  210
2026-05-22 11:05:28  INFO       215 →  220
2026-05-22 11:05:28  INFO       225 →  230
2026-05-22 11:05:28  INFO       235 →  240
2026-05-22 11:05:28  INFO       245 →  250
2026-05-22 11:05:28  INFO       255 →  260
2026-05-22 11:05:28  INFO       265 →  270
2026-05-22 11:05:28  INFO       275 →  280
2026-05-22 11:05:28  INFO       285 →  290
2026-05-22 11:05:28  INFO       295 →  300
2026-05-22 11:05:28  INFO  ----------------------------------------------------------------------
2026-05-22 11:05:28  INFO  DRS pair 1/30: epoch 5 → 10
2026-05-22 11:05:28  INFO      Training probe on current epoch activations...
2026-05-22 11:05:29  INFO      Training probe on previous epoch activations...
2026-05-22 11:05:29  INFO      Evaluating agreement across 500 planes...
2026-05-22 11:05:31  INFO    Pair 1/30  epoch    5 →   10  DRS = 0.6987  change = 0.3013  below_tau = no 
2026-05-22 11:05:31  INFO  DRS pair 2/30: epoch 15 → 20
2026-05-22 11:05:31  INFO      Training probe on current epoch activations...
2026-05-22 11:05:31  INFO      Training probe on previous epoch activations...
2026-05-22 11:05:31  INFO      Evaluating agreement across 500 planes...
2026-05-22 11:05:33  INFO    Pair 2/30  epoch   15 →   20  DRS = 0.8129  change = 0.1871  below_tau = no 
2026-05-22 11:05:33  INFO  DRS pair 3/30: epoch 25 → 30
2026-05-22 11:05:33  INFO      Training probe on current epoch activations...
2026-05-22 11:05:33  INFO      Training probe on previous epoch activations...
2026-05-22 11:05:33  INFO      Evaluating agreement across 500 planes...
2026-05-22 11:05:36  INFO    Pair 3/30  epoch   25 →   30  DRS = 0.8008  change = 0.1992  below_tau = no 
2026-05-22 11:05:36  INFO  DRS pair 4/30: epoch 35 → 40
2026-05-22 11:05:36  INFO      Training probe on current epoch activations...
2026-05-22 11:05:36  INFO      Training probe on previous epoch activations...
2026-05-22 11:05:36  INFO      Evaluating agreement across 500 planes...
2026-05-22 11:05:38  INFO    Pair 4/30  epoch   35 →   40  DRS = 0.8391  change = 0.1609  below_tau = no 
2026-05-22 11:05:38  INFO  DRS pair 5/30: epoch 45 → 50
2026-05-22 11:05:38  INFO      Training probe on current epoch activations...
2026-05-22 11:05:38  INFO      Training probe on previous epoch activations...
2026-05-22 11:05:38  INFO      Evaluating agreement across 500 planes...
2026-05-22 11:05:40  INFO    Pair 5/30  epoch   45 →   50  DRS = 0.7765  change = 0.2235  below_tau = no 
2026-05-22 11:05:40  INFO  DRS pair 6/30: epoch 55 → 60
2026-05-22 11:05:40  INFO      Training probe on current epoch activations...
2026-05-22 11:05:40  INFO      Training probe on previous epoch activations...
2026-05-22 11:05:40  INFO      Evaluating agreement across 500 planes...
2026-05-22 11:05:42  INFO    Pair 6/30  epoch   55 →   60  DRS = 0.7870  change = 0.2130  below_tau = no 
2026-05-22 11:05:42  INFO  DRS pair 7/30: epoch 65 → 70
2026-05-22 11:05:42  INFO      Training probe on current epoch activations...
2026-05-22 11:05:42  INFO      Training probe on previous epoch activations...
2026-05-22 11:05:42  INFO      Evaluating agreement across 500 planes...
2026-05-22 11:05:44  INFO    Pair 7/30  epoch   65 →   70  DRS = 0.8185  change = 0.1815  below_tau = no 
2026-05-22 11:05:44  INFO  DRS pair 8/30: epoch 75 → 80
2026-05-22 11:05:44  INFO      Training probe on current epoch activations...
2026-05-22 11:05:44  INFO      Training probe on previous epoch activations...
2026-05-22 11:05:45  INFO      Evaluating agreement across 500 planes...
2026-05-22 11:05:46  INFO    Pair 8/30  epoch   75 →   80  DRS = 0.8436  change = 0.1564  below_tau = no 
2026-05-22 11:05:46  INFO  DRS pair 9/30: epoch 85 → 90
2026-05-22 11:05:46  INFO      Training probe on current epoch activations...
2026-05-22 11:05:47  INFO      Training probe on previous epoch activations...
2026-05-22 11:05:47  INFO      Evaluating agreement across 500 planes...
2026-05-22 11:05:49  INFO    Pair 9/30  epoch   85 →   90  DRS = 0.8145  change = 0.1855  below_tau = no 
2026-05-22 11:05:49  INFO  DRS pair 10/30: epoch 95 → 100
2026-05-22 11:05:49  INFO      Training probe on current epoch activations...
2026-05-22 11:05:49  INFO      Training probe on previous epoch activations...
2026-05-22 11:05:49  INFO      Evaluating agreement across 500 planes...
2026-05-22 11:05:51  INFO    Pair 10/30  epoch   95 →  100  DRS = 0.8111  change = 0.1889  below_tau = no 
2026-05-22 11:05:51  INFO  DRS pair 11/30: epoch 105 → 110
2026-05-22 11:05:51  INFO      Training probe on current epoch activations...
2026-05-22 11:05:51  INFO      Training probe on previous epoch activations...
2026-05-22 11:05:51  INFO      Evaluating agreement across 500 planes...
2026-05-22 11:05:53  INFO    Pair 11/30  epoch  105 →  110  DRS = 0.8421  change = 0.1579  below_tau = no 
2026-05-22 11:05:53  INFO  DRS pair 12/30: epoch 115 → 120
2026-05-22 11:05:53  INFO      Training probe on current epoch activations...
2026-05-22 11:05:53  INFO      Training probe on previous epoch activations...
2026-05-22 11:05:53  INFO      Evaluating agreement across 500 planes...
2026-05-22 11:05:55  INFO    Pair 12/30  epoch  115 →  120  DRS = 0.8617  change = 0.1383  below_tau = no 
2026-05-22 11:05:55  INFO  DRS pair 13/30: epoch 125 → 130
2026-05-22 11:05:55  INFO      Training probe on current epoch activations...
2026-05-22 11:05:55  INFO      Training probe on previous epoch activations...
2026-05-22 11:05:55  INFO      Evaluating agreement across 500 planes...
2026-05-22 11:05:58  INFO    Pair 13/30  epoch  125 →  130  DRS = 0.8469  change = 0.1531  below_tau = no 
2026-05-22 11:05:58  INFO  DRS pair 14/30: epoch 135 → 140
2026-05-22 11:05:58  INFO      Training probe on current epoch activations...
2026-05-22 11:05:58  INFO      Training probe on previous epoch activations...
2026-05-22 11:05:58  INFO      Evaluating agreement across 500 planes...
2026-05-22 11:06:00  INFO    Pair 14/30  epoch  135 →  140  DRS = 0.8762  change = 0.1238  below_tau = no 
2026-05-22 11:06:00  INFO  DRS pair 15/30: epoch 145 → 150
2026-05-22 11:06:00  INFO      Training probe on current epoch activations...
2026-05-22 11:06:00  INFO      Training probe on previous epoch activations...
2026-05-22 11:06:00  INFO      Evaluating agreement across 500 planes...
2026-05-22 11:06:02  INFO    Pair 15/30  epoch  145 →  150  DRS = 0.8503  change = 0.1497  below_tau = no 
2026-05-22 11:06:02  INFO  DRS pair 16/30: epoch 155 → 160
2026-05-22 11:06:02  INFO      Training probe on current epoch activations...
2026-05-22 11:06:02  INFO      Training probe on previous epoch activations...
2026-05-22 11:06:03  INFO      Evaluating agreement across 500 planes...
2026-05-22 11:06:05  INFO    Pair 16/30  epoch  155 →  160  DRS = 0.8897  change = 0.1103  below_tau = no 
2026-05-22 11:06:05  INFO  DRS pair 17/30: epoch 165 → 170
2026-05-22 11:06:05  INFO      Training probe on current epoch activations...
2026-05-22 11:06:05  INFO      Training probe on previous epoch activations...
2026-05-22 11:06:05  INFO      Evaluating agreement across 500 planes...
2026-05-22 11:06:07  INFO    Pair 17/30  epoch  165 →  170  DRS = 0.8675  change = 0.1325  below_tau = no 
2026-05-22 11:06:07  INFO  DRS pair 18/30: epoch 175 → 180
2026-05-22 11:06:07  INFO      Training probe on current epoch activations...
2026-05-22 11:06:07  INFO      Training probe on previous epoch activations...
2026-05-22 11:06:07  INFO      Evaluating agreement across 500 planes...
2026-05-22 11:06:09  INFO    Pair 18/30  epoch  175 →  180  DRS = 0.8887  change = 0.1113  below_tau = no 
2026-05-22 11:06:09  INFO  DRS pair 19/30: epoch 185 → 190
2026-05-22 11:06:09  INFO      Training probe on current epoch activations...
2026-05-22 11:06:09  INFO      Training probe on previous epoch activations...
2026-05-22 11:06:10  INFO      Evaluating agreement across 500 planes...
2026-05-22 11:06:11  INFO    Pair 19/30  epoch  185 →  190  DRS = 0.8687  change = 0.1313  below_tau = no 
2026-05-22 11:06:11  INFO  DRS pair 20/30: epoch 195 → 200
2026-05-22 11:06:11  INFO      Training probe on current epoch activations...
2026-05-22 11:06:11  INFO      Training probe on previous epoch activations...
2026-05-22 11:06:12  INFO      Evaluating agreement across 500 planes...
2026-05-22 11:06:13  INFO    Pair 20/30  epoch  195 →  200  DRS = 0.8413  change = 0.1587  below_tau = no 
2026-05-22 11:06:13  INFO  DRS pair 21/30: epoch 205 → 210
2026-05-22 11:06:13  INFO      Training probe on current epoch activations...
2026-05-22 11:06:13  INFO      Training probe on previous epoch activations...
2026-05-22 11:06:13  INFO      Evaluating agreement across 500 planes...
2026-05-22 11:06:15  INFO    Pair 21/30  epoch  205 →  210  DRS = 0.8694  change = 0.1306  below_tau = no 
2026-05-22 11:06:15  INFO  DRS pair 22/30: epoch 215 → 220
2026-05-22 11:06:15  INFO      Training probe on current epoch activations...
2026-05-22 11:06:15  INFO      Training probe on previous epoch activations...
2026-05-22 11:06:15  INFO      Evaluating agreement across 500 planes...
2026-05-22 11:06:18  INFO    Pair 22/30  epoch  215 →  220  DRS = 0.8681  change = 0.1319  below_tau = no 
2026-05-22 11:06:18  INFO  DRS pair 23/30: epoch 225 → 230
2026-05-22 11:06:18  INFO      Training probe on current epoch activations...
2026-05-22 11:06:18  INFO      Training probe on previous epoch activations...
2026-05-22 11:06:18  INFO      Evaluating agreement across 500 planes...
2026-05-22 11:06:20  INFO    Pair 23/30  epoch  225 →  230  DRS = 0.8754  change = 0.1246  below_tau = no 
2026-05-22 11:06:20  INFO  DRS pair 24/30: epoch 235 → 240
2026-05-22 11:06:20  INFO      Training probe on current epoch activations...
2026-05-22 11:06:20  INFO      Training probe on previous epoch activations...
2026-05-22 11:06:20  INFO      Evaluating agreement across 500 planes...
2026-05-22 11:06:22  INFO    Pair 24/30  epoch  235 →  240  DRS = 0.8603  change = 0.1397  below_tau = no 
2026-05-22 11:06:22  INFO  DRS pair 25/30: epoch 245 → 250
2026-05-22 11:06:22  INFO      Training probe on current epoch activations...
2026-05-22 11:06:22  INFO      Training probe on previous epoch activations...
2026-05-22 11:06:23  INFO      Evaluating agreement across 500 planes...
2026-05-22 11:06:25  INFO    Pair 25/30  epoch  245 →  250  DRS = 0.8881  change = 0.1119  below_tau = no 
2026-05-22 11:06:25  INFO  DRS pair 26/30: epoch 255 → 260
2026-05-22 11:06:25  INFO      Training probe on current epoch activations...
2026-05-22 11:06:25  INFO      Training probe on previous epoch activations...
2026-05-22 11:06:25  INFO      Evaluating agreement across 500 planes...
2026-05-22 11:06:27  INFO    Pair 26/30  epoch  255 →  260  DRS = 0.8910  change = 0.1090  below_tau = no 
2026-05-22 11:06:27  INFO  DRS pair 27/30: epoch 265 → 270
2026-05-22 11:06:27  INFO      Training probe on current epoch activations...
2026-05-22 11:06:27  INFO      Training probe on previous epoch activations...
2026-05-22 11:06:27  INFO      Evaluating agreement across 500 planes...
2026-05-22 11:06:29  INFO    Pair 27/30  epoch  265 →  270  DRS = 0.8976  change = 0.1024  below_tau = no 
2026-05-22 11:06:29  INFO  DRS pair 28/30: epoch 275 → 280
2026-05-22 11:06:29  INFO      Training probe on current epoch activations...
2026-05-22 11:06:29  INFO      Training probe on previous epoch activations...
2026-05-22 11:06:29  INFO      Evaluating agreement across 500 planes...
2026-05-22 11:06:31  INFO    Pair 28/30  epoch  275 →  280  DRS = 0.9162  change = 0.0838  below_tau = no 
2026-05-22 11:06:31  INFO  DRS pair 29/30: epoch 285 → 290
2026-05-22 11:06:31  INFO      Training probe on current epoch activations...
2026-05-22 11:06:31  INFO      Training probe on previous epoch activations...
2026-05-22 11:06:31  INFO      Evaluating agreement across 500 planes...
2026-05-22 11:06:33  INFO    Pair 29/30  epoch  285 →  290  DRS = 0.9108  change = 0.0892  below_tau = no 
2026-05-22 11:06:33  INFO  DRS pair 30/30: epoch 295 → 300
2026-05-22 11:06:33  INFO      Training probe on current epoch activations...
2026-05-22 11:06:33  INFO      Training probe on previous epoch activations...
2026-05-22 11:06:33  INFO      Evaluating agreement across 500 planes...
2026-05-22 11:06:35  INFO    Pair 30/30  epoch  295 →  300  DRS = 0.8730  change = 0.1270  below_tau = no 
2026-05-22 11:06:35  INFO  ----------------------------------------------------------------------
2026-05-22 11:06:35  INFO  Saved DRS results (30 pairs) to: /local/data/gme101/results_steplr/seed_42/drs_results.csv
2026-05-22 11:06:35  INFO  Pairs below tau=0.02: 0 / 30
2026-05-22 11:06:35  INFO  ======================================================================
2026-05-22 11:06:35  INFO  DRS computation complete.
2026-05-22 11:06:35  INFO  ======================================================================
