2026-05-22 11:06:36  INFO  ======================================================================
2026-05-22 11:06:36  INFO  Stabilization Detection — (τ, K) Criterion
2026-05-22 11:06:36  INFO  ======================================================================
2026-05-22 11:06:36  INFO  Config:  configs/resnet18_cifar10_steplr.yaml
2026-05-22 11:06:36  INFO  τ (tau): 0.02   (change threshold; change = 1 − metric_value)
2026-05-22 11:06:36  INFO  K:       5    (consecutive below-τ pairs required to declare t*)
2026-05-22 11:06:36  INFO  CKA CSV: /local/data/gme101/results_steplr/seed_42/cka_results.csv
2026-05-22 11:06:36  INFO  DRS CSV: /local/data/gme101/results_steplr/seed_42/drs_results.csv
2026-05-22 11:06:36  INFO  ----------------------------------------------------------------------
2026-05-22 11:06:36  INFO  Loading CKA results...
2026-05-22 11:06:36  INFO    Loaded 59 CKA pairs.
2026-05-22 11:06:36  INFO    Pairs below τ=0.02: 19 / 59 (32.2%)
2026-05-22 11:06:36  INFO  ----------------------------------------------------------------------
2026-05-22 11:06:36  INFO  Loading DRS results (optional)...
2026-05-22 11:06:36  INFO    Loaded 30 DRS pairs.
2026-05-22 11:06:36  INFO    Pairs below τ=0.02: 0 / 30 (0.0%)
2026-05-22 11:06:36  INFO  ----------------------------------------------------------------------
2026-05-22 11:06:36  INFO  Running stabilization detection on CKA (τ=0.02, K=5)...
2026-05-22 11:06:36  INFO    CKA stabilization detected at epoch t* = 230
2026-05-22 11:06:36  INFO    CKA pairs (τ=0.02, K=5, detected t*=230):
2026-05-22 11:06:36  INFO    epoch_prev  epoch_curr    change  below_τ  consec  trigger
2026-05-22 11:06:36  INFO    ------------------------------------------------------------
2026-05-22 11:06:36  INFO             5          10    0.2253      no        0        0
2026-05-22 11:06:36  INFO            10          15    0.2207      no        0        0
2026-05-22 11:06:36  INFO            15          20    0.1670      no        0        0
2026-05-22 11:06:36  INFO            20          25    0.1782      no        0        0
2026-05-22 11:06:36  INFO            25          30    0.2762      no        0        0
2026-05-22 11:06:36  INFO            30          35    0.1680      no        0        0
2026-05-22 11:06:36  INFO            35          40    0.1699      no        0        0
2026-05-22 11:06:36  INFO            40          45    0.1785      no        0        0
2026-05-22 11:06:36  INFO            45          50    0.2243      no        0        0
2026-05-22 11:06:36  INFO            50          55    0.1968      no        0        0
2026-05-22 11:06:36  INFO            55          60    0.2506      no        0        0
2026-05-22 11:06:36  INFO            60          65    0.2007      no        0        0
2026-05-22 11:06:36  INFO            65          70    0.1875      no        0        0
2026-05-22 11:06:36  INFO            70          75    0.2189      no        0        0
2026-05-22 11:06:36  INFO            75          80    0.2163      no        0        0
2026-05-22 11:06:36  INFO            80          85    0.2368      no        0        0
2026-05-22 11:06:36  INFO            85          90    0.1590      no        0        0
2026-05-22 11:06:36  INFO            90          95    0.2339      no        0        0
2026-05-22 11:06:36  INFO            95         100    0.2162      no        0        0
2026-05-22 11:06:36  INFO           100         105    0.1436      no        0        0
2026-05-22 11:06:36  INFO           105         110    0.0343      no        0        0
2026-05-22 11:06:36  INFO           110         115    0.0363      no        0        0
2026-05-22 11:06:36  INFO           115         120    0.0470      no        0        0
2026-05-22 11:06:36  INFO           120         125    0.0646      no        0        0
2026-05-22 11:06:36  INFO           125         130    0.0639      no        0        0
2026-05-22 11:06:36  INFO           130         135    0.0786      no        0        0
2026-05-22 11:06:36  INFO           135         140    0.0934      no        0        0
2026-05-22 11:06:36  INFO           140         145    0.0875      no        0        0
2026-05-22 11:06:36  INFO           145         150    0.0832      no        0        0
2026-05-22 11:06:36  INFO           150         155    0.0848      no        0        0
2026-05-22 11:06:36  INFO           155         160    0.1054      no        0        0
2026-05-22 11:06:36  INFO           160         165    0.1054      no        0        0
2026-05-22 11:06:36  INFO           165         170    0.1107      no        0        0
2026-05-22 11:06:36  INFO           170         175    0.1014      no        0        0
2026-05-22 11:06:36  INFO           175         180    0.1075      no        0        0
2026-05-22 11:06:36  INFO           180         185    0.1089      no        0        0
2026-05-22 11:06:36  INFO           185         190    0.1086      no        0        0
2026-05-22 11:06:36  INFO           190         195    0.1108      no        0        0
2026-05-22 11:06:36  INFO           195         200    0.1243      no        0        0
2026-05-22 11:06:36  INFO           200         205    0.0468      no        0        0
2026-05-22 11:06:36  INFO           205         210    0.0034      YES       1        0
2026-05-22 11:06:36  INFO           210         215    0.0029      YES       2        0
2026-05-22 11:06:36  INFO           215         220    0.0028      YES       3        0
2026-05-22 11:06:36  INFO           220         225    0.0015      YES       4        0
2026-05-22 11:06:36  INFO           225         230    0.0013      YES       5        1 ← t*
2026-05-22 11:06:36  INFO           230         235    0.0014      YES       6        0
2026-05-22 11:06:36  INFO           235         240    0.0011      YES       7        0
2026-05-22 11:06:36  INFO           240         245    0.0010      YES       8        0
2026-05-22 11:06:36  INFO           245         250    0.0011      YES       9        0
2026-05-22 11:06:36  INFO           250         255    0.0013      YES      10        0
2026-05-22 11:06:36  INFO           255         260    0.0008      YES      11        0
2026-05-22 11:06:36  INFO           260         265    0.0007      YES      12        0
2026-05-22 11:06:36  INFO           265         270    0.0009      YES      13        0
2026-05-22 11:06:36  INFO           270         275    0.0008      YES      14        0
2026-05-22 11:06:36  INFO           275         280    0.0011      YES      15        0
2026-05-22 11:06:36  INFO           280         285    0.0008      YES      16        0
2026-05-22 11:06:36  INFO           285         290    0.0009      YES      17        0
2026-05-22 11:06:36  INFO           290         295    0.0006      YES      18        0
2026-05-22 11:06:36  INFO           295         300    0.0010      YES      19        0
2026-05-22 11:06:36  INFO  ----------------------------------------------------------------------
2026-05-22 11:06:36  INFO  Running stabilization detection on DRS (τ=0.02, K=5)...
2026-05-22 11:06:36  INFO    DRS stabilization NOT detected (K=5 consecutive below-τ pairs never accumulated)
2026-05-22 11:06:36  INFO    DRS pairs (τ=0.02, K=5, detected t*=None):
2026-05-22 11:06:36  INFO    epoch_prev  epoch_curr    change  below_τ  consec  trigger
2026-05-22 11:06:36  INFO    ------------------------------------------------------------
2026-05-22 11:06:36  INFO             5          10    0.3013      no        0        0
2026-05-22 11:06:36  INFO            15          20    0.1871      no        0        0
2026-05-22 11:06:36  INFO            25          30    0.1992      no        0        0
2026-05-22 11:06:36  INFO            35          40    0.1609      no        0        0
2026-05-22 11:06:36  INFO            45          50    0.2235      no        0        0
2026-05-22 11:06:36  INFO            55          60    0.2130      no        0        0
2026-05-22 11:06:36  INFO            65          70    0.1815      no        0        0
2026-05-22 11:06:36  INFO            75          80    0.1564      no        0        0
2026-05-22 11:06:36  INFO            85          90    0.1855      no        0        0
2026-05-22 11:06:36  INFO            95         100    0.1889      no        0        0
2026-05-22 11:06:36  INFO           105         110    0.1579      no        0        0
2026-05-22 11:06:36  INFO           115         120    0.1383      no        0        0
2026-05-22 11:06:36  INFO           125         130    0.1531      no        0        0
2026-05-22 11:06:36  INFO           135         140    0.1238      no        0        0
2026-05-22 11:06:36  INFO           145         150    0.1497      no        0        0
2026-05-22 11:06:36  INFO           155         160    0.1103      no        0        0
2026-05-22 11:06:36  INFO           165         170    0.1325      no        0        0
2026-05-22 11:06:36  INFO           175         180    0.1113      no        0        0
2026-05-22 11:06:36  INFO           185         190    0.1313      no        0        0
2026-05-22 11:06:36  INFO           195         200    0.1588      no        0        0
2026-05-22 11:06:36  INFO           205         210    0.1306      no        0        0
2026-05-22 11:06:36  INFO           215         220    0.1319      no        0        0
2026-05-22 11:06:36  INFO           225         230    0.1246      no        0        0
2026-05-22 11:06:36  INFO           235         240    0.1397      no        0        0
2026-05-22 11:06:36  INFO           245         250    0.1119      no        0        0
2026-05-22 11:06:36  INFO           255         260    0.1090      no        0        0
2026-05-22 11:06:36  INFO           265         270    0.1024      no        0        0
2026-05-22 11:06:36  INFO           275         280    0.0838      no        0        0
2026-05-22 11:06:36  INFO           285         290    0.0892      no        0        0
2026-05-22 11:06:36  INFO           295         300    0.1270      no        0        0
2026-05-22 11:06:36  INFO  ----------------------------------------------------------------------
2026-05-22 11:06:36  INFO  Computing joint t*...
2026-05-22 11:06:36  WARNING  DRS stabilization not detected but CKA detected t*=230. Joint t* cannot be declared — DRS is still changing. This may mean training has not run long enough for K DRS pairs to accumulate.
2026-05-22 11:06:36  INFO    t*_CKA   = 230
2026-05-22 11:06:36  INFO    t*_DRS   = None
2026-05-22 11:06:36  INFO    t*_JOINT = None
2026-05-22 11:06:36  INFO  ----------------------------------------------------------------------
2026-05-22 11:06:36  INFO  Saving annotated results...
2026-05-22 11:06:36  INFO    Saved annotated pairs to: /local/data/gme101/results_steplr/seed_42/stabilization_cka.csv
2026-05-22 11:06:36  INFO    Saved annotated pairs to: /local/data/gme101/results_steplr/seed_42/stabilization_drs.csv
2026-05-22 11:06:36  INFO    Saved summary to: /local/data/gme101/results_steplr/seed_42/stabilization_summary.csv
2026-05-22 11:06:36  INFO  ======================================================================
2026-05-22 11:06:36  INFO  RECOMMENDATION
2026-05-22 11:06:36  INFO  ======================================================================
2026-05-22 11:06:36  INFO  Stabilization NOT detected within the available training data.
2026-05-22 11:06:36  INFO  
2026-05-22 11:06:36  INFO    Possible causes:
2026-05-22 11:06:36  INFO      - Training may not have run long enough (increase epochs)
2026-05-22 11:06:36  INFO      - τ or K may need adjustment — check the annotated pair CSVs to see how close the metrics came to satisfying the criterion
2026-05-22 11:06:36  INFO      - The representation may genuinely not stabilize (this is also a finding)
2026-05-22 11:06:36  INFO  ======================================================================
