2026-05-20 17:47:31  INFO  ======================================================================
2026-05-20 17:47:31  INFO  DRS Computation — Representation Stabilization
2026-05-20 17:47:31  INFO  ======================================================================
2026-05-20 17:47:31  INFO  Config:          configs/resnet18_cifar10.yaml
2026-05-20 17:47:31  INFO  Activations dir: /local/data/gme101/activations/seed_3
2026-05-20 17:47:31  INFO  Results dir:     /local/data/gme101/results/seed_3
2026-05-20 17:47:31  INFO  Device:          cuda
2026-05-20 17:47:31  INFO  GPU: NVIDIA L4
2026-05-20 17:47:31  INFO  Seed: 3
2026-05-20 17:47:31  INFO  DRS config: n_planes=500, n_points_per_plane=2500
2026-05-20 17:47:31  INFO  DRS config: probe_epochs=10, probe_lr=0.0001
2026-05-20 17:47:31  INFO  DRS config: compute_freq=10, tau=0.02
2026-05-20 17:47:31  INFO  Extraction labels: 2040 samples (204 per class)
2026-05-20 17:47:31  INFO  Saved plane triplets (500 triplets) to: /local/data/gme101/results/seed_3/drs_plane_triplets.npy
2026-05-20 17:47:31  INFO  Found 60 activation files in '/local/data/gme101/activations/seed_3'
2026-05-20 17:47:31  INFO  DRS-eligible pairs (epoch_curr % 10 == 0): 30
2026-05-20 17:47:31  INFO         5 →   10
2026-05-20 17:47:31  INFO        15 →   20
2026-05-20 17:47:31  INFO        25 →   30
2026-05-20 17:47:31  INFO        35 →   40
2026-05-20 17:47:31  INFO        45 →   50
2026-05-20 17:47:31  INFO        55 →   60
2026-05-20 17:47:31  INFO        65 →   70
2026-05-20 17:47:31  INFO        75 →   80
2026-05-20 17:47:31  INFO        85 →   90
2026-05-20 17:47:31  INFO        95 →  100
2026-05-20 17:47:31  INFO       105 →  110
2026-05-20 17:47:31  INFO       115 →  120
2026-05-20 17:47:31  INFO       125 →  130
2026-05-20 17:47:31  INFO       135 →  140
2026-05-20 17:47:31  INFO       145 →  150
2026-05-20 17:47:31  INFO       155 →  160
2026-05-20 17:47:31  INFO       165 →  170
2026-05-20 17:47:31  INFO       175 →  180
2026-05-20 17:47:31  INFO       185 →  190
2026-05-20 17:47:31  INFO       195 →  200
2026-05-20 17:47:31  INFO       205 →  210
2026-05-20 17:47:31  INFO       215 →  220
2026-05-20 17:47:31  INFO       225 →  230
2026-05-20 17:47:31  INFO       235 →  240
2026-05-20 17:47:31  INFO       245 →  250
2026-05-20 17:47:31  INFO       255 →  260
2026-05-20 17:47:31  INFO       265 →  270
2026-05-20 17:47:31  INFO       275 →  280
2026-05-20 17:47:31  INFO       285 →  290
2026-05-20 17:47:31  INFO       295 →  300
2026-05-20 17:47:31  INFO  ----------------------------------------------------------------------
2026-05-20 17:47:31  INFO  DRS pair 1/30: epoch 5 → 10
2026-05-20 17:47:31  INFO      Training probe on current epoch activations...
2026-05-20 17:47:32  INFO      Training probe on previous epoch activations...
2026-05-20 17:47:33  INFO      Evaluating agreement across 500 planes...
2026-05-20 17:47:34  INFO    Pair 1/30  epoch    5 →   10  DRS = 0.8117  change = 0.1883  below_tau = no 
2026-05-20 17:47:34  INFO  DRS pair 2/30: epoch 15 → 20
2026-05-20 17:47:34  INFO      Training probe on current epoch activations...
2026-05-20 17:47:35  INFO      Training probe on previous epoch activations...
2026-05-20 17:47:35  INFO      Evaluating agreement across 500 planes...
2026-05-20 17:47:36  INFO    Pair 2/30  epoch   15 →   20  DRS = 0.7427  change = 0.2573  below_tau = no 
2026-05-20 17:47:36  INFO  DRS pair 3/30: epoch 25 → 30
2026-05-20 17:47:36  INFO      Training probe on current epoch activations...
2026-05-20 17:47:37  INFO      Training probe on previous epoch activations...
2026-05-20 17:47:37  INFO      Evaluating agreement across 500 planes...
2026-05-20 17:47:39  INFO    Pair 3/30  epoch   25 →   30  DRS = 0.7330  change = 0.2670  below_tau = no 
2026-05-20 17:47:39  INFO  DRS pair 4/30: epoch 35 → 40
2026-05-20 17:47:39  INFO      Training probe on current epoch activations...
2026-05-20 17:47:39  INFO      Training probe on previous epoch activations...
2026-05-20 17:47:39  INFO      Evaluating agreement across 500 planes...
2026-05-20 17:47:41  INFO    Pair 4/30  epoch   35 →   40  DRS = 0.8053  change = 0.1947  below_tau = no 
2026-05-20 17:47:41  INFO  DRS pair 5/30: epoch 45 → 50
2026-05-20 17:47:41  INFO      Training probe on current epoch activations...
2026-05-20 17:47:41  INFO      Training probe on previous epoch activations...
2026-05-20 17:47:41  INFO      Evaluating agreement across 500 planes...
2026-05-20 17:47:43  INFO    Pair 5/30  epoch   45 →   50  DRS = 0.8737  change = 0.1263  below_tau = no 
2026-05-20 17:47:43  INFO  DRS pair 6/30: epoch 55 → 60
2026-05-20 17:47:43  INFO      Training probe on current epoch activations...
2026-05-20 17:47:43  INFO      Training probe on previous epoch activations...
2026-05-20 17:47:43  INFO      Evaluating agreement across 500 planes...
2026-05-20 17:47:46  INFO    Pair 6/30  epoch   55 →   60  DRS = 0.8464  change = 0.1536  below_tau = no 
2026-05-20 17:47:46  INFO  DRS pair 7/30: epoch 65 → 70
2026-05-20 17:47:46  INFO      Training probe on current epoch activations...
2026-05-20 17:47:46  INFO      Training probe on previous epoch activations...
2026-05-20 17:47:46  INFO      Evaluating agreement across 500 planes...
2026-05-20 17:47:47  INFO    Pair 7/30  epoch   65 →   70  DRS = 0.8715  change = 0.1285  below_tau = no 
2026-05-20 17:47:47  INFO  DRS pair 8/30: epoch 75 → 80
2026-05-20 17:47:47  INFO      Training probe on current epoch activations...
2026-05-20 17:47:48  INFO      Training probe on previous epoch activations...
2026-05-20 17:47:48  INFO      Evaluating agreement across 500 planes...
2026-05-20 17:47:50  INFO    Pair 8/30  epoch   75 →   80  DRS = 0.8614  change = 0.1386  below_tau = no 
2026-05-20 17:47:50  INFO  DRS pair 9/30: epoch 85 → 90
2026-05-20 17:47:50  INFO      Training probe on current epoch activations...
2026-05-20 17:47:50  INFO      Training probe on previous epoch activations...
2026-05-20 17:47:50  INFO      Evaluating agreement across 500 planes...
2026-05-20 17:47:52  INFO    Pair 9/30  epoch   85 →   90  DRS = 0.8096  change = 0.1904  below_tau = no 
2026-05-20 17:47:52  INFO  DRS pair 10/30: epoch 95 → 100
2026-05-20 17:47:52  INFO      Training probe on current epoch activations...
2026-05-20 17:47:52  INFO      Training probe on previous epoch activations...
2026-05-20 17:47:52  INFO      Evaluating agreement across 500 planes...
2026-05-20 17:47:54  INFO    Pair 10/30  epoch   95 →  100  DRS = 0.8290  change = 0.1710  below_tau = no 
2026-05-20 17:47:54  INFO  DRS pair 11/30: epoch 105 → 110
2026-05-20 17:47:54  INFO      Training probe on current epoch activations...
2026-05-20 17:47:54  INFO      Training probe on previous epoch activations...
2026-05-20 17:47:55  INFO      Evaluating agreement across 500 planes...
2026-05-20 17:47:57  INFO    Pair 11/30  epoch  105 →  110  DRS = 0.8907  change = 0.1093  below_tau = no 
2026-05-20 17:47:57  INFO  DRS pair 12/30: epoch 115 → 120
2026-05-20 17:47:57  INFO      Training probe on current epoch activations...
2026-05-20 17:47:57  INFO      Training probe on previous epoch activations...
2026-05-20 17:47:57  INFO      Evaluating agreement across 500 planes...
2026-05-20 17:47:59  INFO    Pair 12/30  epoch  115 →  120  DRS = 0.8802  change = 0.1198  below_tau = no 
2026-05-20 17:47:59  INFO  DRS pair 13/30: epoch 125 → 130
2026-05-20 17:47:59  INFO      Training probe on current epoch activations...
2026-05-20 17:47:59  INFO      Training probe on previous epoch activations...
2026-05-20 17:47:59  INFO      Evaluating agreement across 500 planes...
2026-05-20 17:48:01  INFO    Pair 13/30  epoch  125 →  130  DRS = 0.8473  change = 0.1527  below_tau = no 
2026-05-20 17:48:01  INFO  DRS pair 14/30: epoch 135 → 140
2026-05-20 17:48:01  INFO      Training probe on current epoch activations...
2026-05-20 17:48:01  INFO      Training probe on previous epoch activations...
2026-05-20 17:48:01  INFO      Evaluating agreement across 500 planes...
2026-05-20 17:48:03  INFO    Pair 14/30  epoch  135 →  140  DRS = 0.8520  change = 0.1480  below_tau = no 
2026-05-20 17:48:03  INFO  DRS pair 15/30: epoch 145 → 150
2026-05-20 17:48:03  INFO      Training probe on current epoch activations...
2026-05-20 17:48:03  INFO      Training probe on previous epoch activations...
2026-05-20 17:48:03  INFO      Evaluating agreement across 500 planes...
2026-05-20 17:48:05  INFO    Pair 15/30  epoch  145 →  150  DRS = 0.8650  change = 0.1350  below_tau = no 
2026-05-20 17:48:05  INFO  DRS pair 16/30: epoch 155 → 160
2026-05-20 17:48:05  INFO      Training probe on current epoch activations...
2026-05-20 17:48:05  INFO      Training probe on previous epoch activations...
2026-05-20 17:48:05  INFO      Evaluating agreement across 500 planes...
2026-05-20 17:48:07  INFO    Pair 16/30  epoch  155 →  160  DRS = 0.8579  change = 0.1421  below_tau = no 
2026-05-20 17:48:07  INFO  DRS pair 17/30: epoch 165 → 170
2026-05-20 17:48:07  INFO      Training probe on current epoch activations...
2026-05-20 17:48:07  INFO      Training probe on previous epoch activations...
2026-05-20 17:48:07  INFO      Evaluating agreement across 500 planes...
2026-05-20 17:48:09  INFO    Pair 17/30  epoch  165 →  170  DRS = 0.8201  change = 0.1799  below_tau = no 
2026-05-20 17:48:09  INFO  DRS pair 18/30: epoch 175 → 180
2026-05-20 17:48:09  INFO      Training probe on current epoch activations...
2026-05-20 17:48:09  INFO      Training probe on previous epoch activations...
2026-05-20 17:48:10  INFO      Evaluating agreement across 500 planes...
2026-05-20 17:48:12  INFO    Pair 18/30  epoch  175 →  180  DRS = 0.8724  change = 0.1276  below_tau = no 
2026-05-20 17:48:12  INFO  DRS pair 19/30: epoch 185 → 190
2026-05-20 17:48:12  INFO      Training probe on current epoch activations...
2026-05-20 17:48:12  INFO      Training probe on previous epoch activations...
2026-05-20 17:48:12  INFO      Evaluating agreement across 500 planes...
2026-05-20 17:48:14  INFO    Pair 19/30  epoch  185 →  190  DRS = 0.8835  change = 0.1165  below_tau = no 
2026-05-20 17:48:14  INFO  DRS pair 20/30: epoch 195 → 200
2026-05-20 17:48:14  INFO      Training probe on current epoch activations...
2026-05-20 17:48:14  INFO      Training probe on previous epoch activations...
2026-05-20 17:48:14  INFO      Evaluating agreement across 500 planes...
2026-05-20 17:48:16  INFO    Pair 20/30  epoch  195 →  200  DRS = 0.8699  change = 0.1301  below_tau = no 
2026-05-20 17:48:16  INFO  DRS pair 21/30: epoch 205 → 210
2026-05-20 17:48:16  INFO      Training probe on current epoch activations...
2026-05-20 17:48:16  INFO      Training probe on previous epoch activations...
2026-05-20 17:48:17  INFO      Evaluating agreement across 500 planes...
2026-05-20 17:48:19  INFO    Pair 21/30  epoch  205 →  210  DRS = 0.8398  change = 0.1602  below_tau = no 
2026-05-20 17:48:19  INFO  DRS pair 22/30: epoch 215 → 220
2026-05-20 17:48:19  INFO      Training probe on current epoch activations...
2026-05-20 17:48:19  INFO      Training probe on previous epoch activations...
2026-05-20 17:48:19  INFO      Evaluating agreement across 500 planes...
2026-05-20 17:48:21  INFO    Pair 22/30  epoch  215 →  220  DRS = 0.8796  change = 0.1204  below_tau = no 
2026-05-20 17:48:21  INFO  DRS pair 23/30: epoch 225 → 230
2026-05-20 17:48:21  INFO      Training probe on current epoch activations...
2026-05-20 17:48:21  INFO      Training probe on previous epoch activations...
2026-05-20 17:48:21  INFO      Evaluating agreement across 500 planes...
2026-05-20 17:48:23  INFO    Pair 23/30  epoch  225 →  230  DRS = 0.8983  change = 0.1017  below_tau = no 
2026-05-20 17:48:23  INFO  DRS pair 24/30: epoch 235 → 240
2026-05-20 17:48:23  INFO      Training probe on current epoch activations...
2026-05-20 17:48:23  INFO      Training probe on previous epoch activations...
2026-05-20 17:48:23  INFO      Evaluating agreement across 500 planes...
2026-05-20 17:48:25  INFO    Pair 24/30  epoch  235 →  240  DRS = 0.8451  change = 0.1549  below_tau = no 
2026-05-20 17:48:25  INFO  DRS pair 25/30: epoch 245 → 250
2026-05-20 17:48:25  INFO      Training probe on current epoch activations...
2026-05-20 17:48:25  INFO      Training probe on previous epoch activations...
2026-05-20 17:48:26  INFO      Evaluating agreement across 500 planes...
2026-05-20 17:48:28  INFO    Pair 25/30  epoch  245 →  250  DRS = 0.8931  change = 0.1069  below_tau = no 
2026-05-20 17:48:28  INFO  DRS pair 26/30: epoch 255 → 260
2026-05-20 17:48:28  INFO      Training probe on current epoch activations...
2026-05-20 17:48:28  INFO      Training probe on previous epoch activations...
2026-05-20 17:48:28  INFO      Evaluating agreement across 500 planes...
2026-05-20 17:48:30  INFO    Pair 26/30  epoch  255 →  260  DRS = 0.8833  change = 0.1167  below_tau = no 
2026-05-20 17:48:30  INFO  DRS pair 27/30: epoch 265 → 270
2026-05-20 17:48:30  INFO      Training probe on current epoch activations...
2026-05-20 17:48:30  INFO      Training probe on previous epoch activations...
2026-05-20 17:48:30  INFO      Evaluating agreement across 500 planes...
2026-05-20 17:48:32  INFO    Pair 27/30  epoch  265 →  270  DRS = 0.9068  change = 0.0932  below_tau = no 
2026-05-20 17:48:32  INFO  DRS pair 28/30: epoch 275 → 280
2026-05-20 17:48:32  INFO      Training probe on current epoch activations...
2026-05-20 17:48:32  INFO      Training probe on previous epoch activations...
2026-05-20 17:48:32  INFO      Evaluating agreement across 500 planes...
2026-05-20 17:48:34  INFO    Pair 28/30  epoch  275 →  280  DRS = 0.9087  change = 0.0913  below_tau = no 
2026-05-20 17:48:34  INFO  DRS pair 29/30: epoch 285 → 290
2026-05-20 17:48:34  INFO      Training probe on current epoch activations...
2026-05-20 17:48:34  INFO      Training probe on previous epoch activations...
2026-05-20 17:48:34  INFO      Evaluating agreement across 500 planes...
2026-05-20 17:48:37  INFO    Pair 29/30  epoch  285 →  290  DRS = 0.8901  change = 0.1099  below_tau = no 
2026-05-20 17:48:37  INFO  DRS pair 30/30: epoch 295 → 300
2026-05-20 17:48:37  INFO      Training probe on current epoch activations...
2026-05-20 17:48:37  INFO      Training probe on previous epoch activations...
2026-05-20 17:48:37  INFO      Evaluating agreement across 500 planes...
2026-05-20 17:48:39  INFO    Pair 30/30  epoch  295 →  300  DRS = 0.9091  change = 0.0909  below_tau = no 
2026-05-20 17:48:39  INFO  ----------------------------------------------------------------------
2026-05-20 17:48:39  INFO  Saved DRS results (30 pairs) to: /local/data/gme101/results/seed_3/drs_results.csv
2026-05-20 17:48:39  INFO  Pairs below tau=0.02: 0 / 30
2026-05-20 17:48:39  INFO  ======================================================================
2026-05-20 17:48:39  INFO  DRS computation complete.
2026-05-20 17:48:39  INFO  ======================================================================
