2026-05-21 07:40:31  INFO  ======================================================================
2026-05-21 07:40:31  INFO  Activation Extraction — Full Training and Test Sets
2026-05-21 07:40:31  INFO  ======================================================================
2026-05-21 07:40:31  INFO  Config:          configs/resnet18_cifar10.yaml
2026-05-21 07:40:31  INFO  Epoch to load:   280
2026-05-21 07:40:31  INFO  Checkpoint dir:  /local/data/gme101/checkpoints/seed_3
2026-05-21 07:40:31  INFO  Activations dir: /local/data/gme101/activations/seed_3
2026-05-21 07:40:32  INFO  Device: cuda
2026-05-21 07:40:32  INFO  GPU: NVIDIA L4
2026-05-21 07:40:32  INFO  Building model...
2026-05-21 16:37:46  INFO  ======================================================================
2026-05-21 16:37:46  INFO  Activation Extraction — Full Training and Test Sets
2026-05-21 16:37:46  INFO  ======================================================================
2026-05-21 16:37:46  INFO  Config:          configs/resnet18_cifar10.yaml
2026-05-21 16:37:46  INFO  Epoch to load:   285
2026-05-21 16:37:46  INFO  Checkpoint dir:  /local/data/gme101/checkpoints/seed_3
2026-05-21 16:37:46  INFO  Activations dir: /local/data/gme101/activations/seed_3
2026-05-21 16:37:46  INFO  Device: cuda
2026-05-21 16:37:46  INFO  GPU: NVIDIA L4
2026-05-21 16:37:46  INFO  Building model...
2026-05-21 16:37:46  INFO  Loaded checkpoint from epoch 285
2026-05-21 16:37:46  INFO    Checkpoint train_acc: 1.0000
2026-05-21 16:37:46  INFO    Checkpoint test_acc:  0.9553
2026-05-21 16:37:46  INFO  Building full train loader (no augmentation, no shuffle)...
2026-05-21 16:37:47  INFO    Train batches: 391
2026-05-21 16:37:47  INFO  Building full test loader...
2026-05-21 16:37:47  INFO    Test batches:  79
2026-05-21 16:37:47  INFO  ----------------------------------------------------------------------
2026-05-21 16:37:47  INFO  Extracting activations for full training set...
2026-05-21 16:37:51  INFO    Saved train activations: shape=(50000, 512)  path=/local/data/gme101/activations/seed_3/train_full_epoch_0285.npy
2026-05-21 16:37:51  INFO    Saved train labels:      shape=(50000,)  path=/local/data/gme101/activations/seed_3/train_labels.npy
2026-05-21 16:37:51  INFO  ----------------------------------------------------------------------
2026-05-21 16:37:51  INFO  Extracting activations for full test set...
2026-05-21 16:37:52  INFO    Saved test activations: shape=(10000, 512)  path=/local/data/gme101/activations/seed_3/test_full_epoch_0285.npy
2026-05-21 16:37:52  INFO    Saved test labels:      shape=(10000,)  path=/local/data/gme101/activations/seed_3/test_labels.npy
2026-05-21 16:37:52  INFO  ======================================================================
2026-05-21 16:37:52  INFO  Extraction complete.
2026-05-21 16:37:52  INFO    Train features: (50000, 512)
2026-05-21 16:37:52  INFO    Test features:  (10000, 512)
2026-05-21 16:37:52  INFO    Checkpoint network test accuracy at epoch 285: 0.9553
2026-05-21 16:37:52  INFO    Next step: run surrogates/linear_probe.py, lightgbm_probe.py, or rf_probe.py with --epoch same as above.
2026-05-21 16:37:52  INFO  ======================================================================
