2026-05-21 15:38:07  INFO  ======================================================================
2026-05-21 15:38:07  INFO  Stabilization Detection — (τ, K) Criterion
2026-05-21 15:38:07  INFO  ======================================================================
2026-05-21 15:38:07  INFO  Config:  configs/resnet18_cifar10.yaml
2026-05-21 15:38:07  INFO  τ (tau): 0.02   (change threshold; change = 1 − metric_value)
2026-05-21 15:38:07  INFO  K:       5    (consecutive below-τ pairs required to declare t*)
2026-05-21 15:38:07  INFO  CKA CSV: /local/data/gme101/results/seed_3/cka_results.csv
2026-05-21 15:38:07  INFO  DRS CSV: /local/data/gme101/results/seed_3/drs_results.csv
2026-05-21 15:38:07  INFO  ----------------------------------------------------------------------
2026-05-21 15:38:07  INFO  Loading CKA results...
2026-05-21 15:38:07  INFO    Loaded 59 CKA pairs.
2026-05-21 15:38:07  INFO    Pairs below τ=0.02: 8 / 59 (13.6%)
2026-05-21 15:38:07  INFO  ----------------------------------------------------------------------
2026-05-21 15:38:07  INFO  Loading DRS results (optional)...
2026-05-21 15:38:07  INFO    Loaded 30 DRS pairs.
2026-05-21 15:38:07  INFO    Pairs below τ=0.02: 0 / 30 (0.0%)
2026-05-21 15:38:07  INFO  ----------------------------------------------------------------------
2026-05-21 15:38:07  INFO  Running stabilization detection on CKA (τ=0.02, K=5)...
2026-05-21 15:38:07  INFO    CKA stabilization detected at epoch t* = 285
2026-05-21 15:38:07  INFO    CKA pairs (τ=0.02, K=5, detected t*=285):
2026-05-21 15:38:07  INFO    epoch_prev  epoch_curr    change  below_τ  consec  trigger
2026-05-21 15:38:07  INFO    ------------------------------------------------------------
2026-05-21 15:38:07  INFO             5          10    0.1555      no        0        0
2026-05-21 15:38:07  INFO            10          15    0.2027      no        0        0
2026-05-21 15:38:07  INFO            15          20    0.1641      no        0        0
2026-05-21 15:38:07  INFO            20          25    0.2248      no        0        0
2026-05-21 15:38:07  INFO            25          30    0.2499      no        0        0
2026-05-21 15:38:07  INFO            30          35    0.2284      no        0        0
2026-05-21 15:38:07  INFO            35          40    0.2238      no        0        0
2026-05-21 15:38:07  INFO            40          45    0.1977      no        0        0
2026-05-21 15:38:07  INFO            45          50    0.1771      no        0        0
2026-05-21 15:38:07  INFO            50          55    0.1900      no        0        0
2026-05-21 15:38:07  INFO            55          60    0.1979      no        0        0
2026-05-21 15:38:07  INFO            60          65    0.2010      no        0        0
2026-05-21 15:38:07  INFO            65          70    0.1627      no        0        0
2026-05-21 15:38:07  INFO            70          75    0.1950      no        0        0
2026-05-21 15:38:07  INFO            75          80    0.1817      no        0        0
2026-05-21 15:38:07  INFO            80          85    0.2349      no        0        0
2026-05-21 15:38:07  INFO            85          90    0.2235      no        0        0
2026-05-21 15:38:07  INFO            90          95    0.1873      no        0        0
2026-05-21 15:38:07  INFO            95         100    0.1597      no        0        0
2026-05-21 15:38:07  INFO           100         105    0.1711      no        0        0
2026-05-21 15:38:07  INFO           105         110    0.1934      no        0        0
2026-05-21 15:38:07  INFO           110         115    0.1805      no        0        0
2026-05-21 15:38:07  INFO           115         120    0.1794      no        0        0
2026-05-21 15:38:07  INFO           120         125    0.1923      no        0        0
2026-05-21 15:38:07  INFO           125         130    0.1761      no        0        0
2026-05-21 15:38:07  INFO           130         135    0.2052      no        0        0
2026-05-21 15:38:07  INFO           135         140    0.2086      no        0        0
2026-05-21 15:38:07  INFO           140         145    0.1439      no        0        0
2026-05-21 15:38:07  INFO           145         150    0.1751      no        0        0
2026-05-21 15:38:07  INFO           150         155    0.1376      no        0        0
2026-05-21 15:38:07  INFO           155         160    0.1537      no        0        0
2026-05-21 15:38:07  INFO           160         165    0.1574      no        0        0
2026-05-21 15:38:07  INFO           165         170    0.1838      no        0        0
2026-05-21 15:38:07  INFO           170         175    0.1861      no        0        0
2026-05-21 15:38:07  INFO           175         180    0.1729      no        0        0
2026-05-21 15:38:07  INFO           180         185    0.1785      no        0        0
2026-05-21 15:38:07  INFO           185         190    0.1387      no        0        0
2026-05-21 15:38:07  INFO           190         195    0.1426      no        0        0
2026-05-21 15:38:07  INFO           195         200    0.1282      no        0        0
2026-05-21 15:38:07  INFO           200         205    0.1510      no        0        0
2026-05-21 15:38:07  INFO           205         210    0.1516      no        0        0
2026-05-21 15:38:07  INFO           210         215    0.1294      no        0        0
2026-05-21 15:38:07  INFO           215         220    0.1275      no        0        0
2026-05-21 15:38:07  INFO           220         225    0.0977      no        0        0
2026-05-21 15:38:07  INFO           225         230    0.0965      no        0        0
2026-05-21 15:38:07  INFO           230         235    0.0893      no        0        0
2026-05-21 15:38:07  INFO           235         240    0.1088      no        0        0
2026-05-21 15:38:07  INFO           240         245    0.0878      no        0        0
2026-05-21 15:38:07  INFO           245         250    0.0524      no        0        0
2026-05-21 15:38:07  INFO           250         255    0.0391      no        0        0
2026-05-21 15:38:07  INFO           255         260    0.0236      no        0        0
2026-05-21 15:38:07  INFO           260         265    0.0106      YES       1        0
2026-05-21 15:38:07  INFO           265         270    0.0040      YES       2        0
2026-05-21 15:38:07  INFO           270         275    0.0030      YES       3        0
2026-05-21 15:38:07  INFO           275         280    0.0014      YES       4        0
2026-05-21 15:38:07  INFO           280         285    0.0007      YES       5        1 ← t*
2026-05-21 15:38:07  INFO           285         290    0.0007      YES       6        0
2026-05-21 15:38:07  INFO           290         295    0.0004      YES       7        0
2026-05-21 15:38:07  INFO           295         300    0.0002      YES       8        0
2026-05-21 15:38:07  INFO  ----------------------------------------------------------------------
2026-05-21 15:38:07  INFO  Running stabilization detection on DRS (τ=0.02, K=5)...
2026-05-21 15:38:07  INFO    DRS stabilization NOT detected (K=5 consecutive below-τ pairs never accumulated)
2026-05-21 15:38:07  INFO    DRS pairs (τ=0.02, K=5, detected t*=None):
2026-05-21 15:38:07  INFO    epoch_prev  epoch_curr    change  below_τ  consec  trigger
2026-05-21 15:38:07  INFO    ------------------------------------------------------------
2026-05-21 15:38:07  INFO             5          10    0.1883      no        0        0
2026-05-21 15:38:07  INFO            15          20    0.2573      no        0        0
2026-05-21 15:38:07  INFO            25          30    0.2670      no        0        0
2026-05-21 15:38:07  INFO            35          40    0.1947      no        0        0
2026-05-21 15:38:07  INFO            45          50    0.1263      no        0        0
2026-05-21 15:38:07  INFO            55          60    0.1536      no        0        0
2026-05-21 15:38:07  INFO            65          70    0.1285      no        0        0
2026-05-21 15:38:07  INFO            75          80    0.1386      no        0        0
2026-05-21 15:38:07  INFO            85          90    0.1904      no        0        0
2026-05-21 15:38:07  INFO            95         100    0.1710      no        0        0
2026-05-21 15:38:07  INFO           105         110    0.1093      no        0        0
2026-05-21 15:38:07  INFO           115         120    0.1198      no        0        0
2026-05-21 15:38:07  INFO           125         130    0.1527      no        0        0
2026-05-21 15:38:07  INFO           135         140    0.1480      no        0        0
2026-05-21 15:38:07  INFO           145         150    0.1350      no        0        0
2026-05-21 15:38:07  INFO           155         160    0.1421      no        0        0
2026-05-21 15:38:07  INFO           165         170    0.1799      no        0        0
2026-05-21 15:38:07  INFO           175         180    0.1276      no        0        0
2026-05-21 15:38:07  INFO           185         190    0.1165      no        0        0
2026-05-21 15:38:07  INFO           195         200    0.1301      no        0        0
2026-05-21 15:38:07  INFO           205         210    0.1602      no        0        0
2026-05-21 15:38:07  INFO           215         220    0.1204      no        0        0
2026-05-21 15:38:07  INFO           225         230    0.1017      no        0        0
2026-05-21 15:38:07  INFO           235         240    0.1549      no        0        0
2026-05-21 15:38:07  INFO           245         250    0.1069      no        0        0
2026-05-21 15:38:07  INFO           255         260    0.1167      no        0        0
2026-05-21 15:38:07  INFO           265         270    0.0932      no        0        0
2026-05-21 15:38:07  INFO           275         280    0.0913      no        0        0
2026-05-21 15:38:07  INFO           285         290    0.1099      no        0        0
2026-05-21 15:38:07  INFO           295         300    0.0909      no        0        0
2026-05-21 15:38:07  INFO  ----------------------------------------------------------------------
2026-05-21 15:38:07  INFO  Computing joint t*...
2026-05-21 15:38:07  WARNING  DRS stabilization not detected but CKA detected t*=285. Joint t* cannot be declared — DRS is still changing. This may mean training has not run long enough for K DRS pairs to accumulate.
2026-05-21 15:38:07  INFO    t*_CKA   = 285
2026-05-21 15:38:07  INFO    t*_DRS   = None
2026-05-21 15:38:07  INFO    t*_JOINT = None
2026-05-21 15:38:07  INFO  ----------------------------------------------------------------------
2026-05-21 15:38:07  INFO  Saving annotated results...
2026-05-21 15:38:07  INFO    Saved annotated pairs to: /local/data/gme101/results/seed_3/stabilization_cka.csv
2026-05-21 15:38:07  INFO    Saved annotated pairs to: /local/data/gme101/results/seed_3/stabilization_drs.csv
2026-05-21 15:38:07  INFO    Saved summary to: /local/data/gme101/results/seed_3/stabilization_summary.csv
2026-05-21 15:38:07  INFO  ======================================================================
2026-05-21 15:38:07  INFO  RECOMMENDATION
2026-05-21 15:38:07  INFO  ======================================================================
2026-05-21 15:38:07  INFO  Stabilization NOT detected within the available training data.
2026-05-21 15:38:07  INFO  
2026-05-21 15:38:07  INFO    Possible causes:
2026-05-21 15:38:07  INFO      - Training may not have run long enough (increase epochs)
2026-05-21 15:38:07  INFO      - τ or K may need adjustment — check the annotated pair CSVs to see how close the metrics came to satisfying the criterion
2026-05-21 15:38:07  INFO      - The representation may genuinely not stabilize (this is also a finding)
2026-05-21 15:38:07  INFO  ======================================================================
