2026-05-21 07:40:33  INFO  ======================================================================
2026-05-21 07:40:33  INFO  Surrogate: Logistic Regression (Linear Probe)
2026-05-21 07:40:33  INFO  ======================================================================
2026-05-21 07:40:33  INFO  Config:          configs/resnet18_cifar10.yaml
2026-05-21 07:40:33  INFO  Epoch:           280
2026-05-21 07:40:33  INFO  C:               1.0
2026-05-21 07:40:33  INFO  max_iter:        1000
2026-05-21 07:40:33  INFO  Loading train features...
2026-05-21 07:40:35  INFO  ======================================================================
2026-05-21 07:40:35  INFO  Surrogate: LightGBM
2026-05-21 07:40:35  INFO  ======================================================================
2026-05-21 07:40:35  INFO  Config:          configs/resnet18_cifar10.yaml
2026-05-21 07:40:35  INFO  Epoch:           280
2026-05-21 07:40:35  INFO  LightGBM:        n_estimators=200  num_leaves=31  lr=0.1
2026-05-21 07:40:35  INFO  Loading train features...
2026-05-21 07:40:36  INFO  ======================================================================
2026-05-21 07:40:36  INFO  Surrogate: Random Forest
2026-05-21 07:40:36  INFO  ======================================================================
2026-05-21 07:40:36  INFO  Config:          configs/resnet18_cifar10.yaml
2026-05-21 07:40:36  INFO  Epoch:           280
2026-05-21 07:40:36  INFO  RandomForest:    n_estimators=200  max_features=sqrt  n_jobs=-1
2026-05-21 07:40:36  INFO  Loading train features...
2026-05-21 16:37:54  INFO  ======================================================================
2026-05-21 16:37:54  INFO  Surrogate: Logistic Regression (Linear Probe)
2026-05-21 16:37:54  INFO  ======================================================================
2026-05-21 16:37:54  INFO  Config:          configs/resnet18_cifar10.yaml
2026-05-21 16:37:54  INFO  Epoch:           285
2026-05-21 16:37:54  INFO  C:               1.0
2026-05-21 16:37:54  INFO  max_iter:        1000
2026-05-21 16:37:54  INFO  Loading train features...
2026-05-21 16:37:54  INFO    Train: features=(50000, 512)  labels=(50000,)
2026-05-21 16:37:54  INFO  Loading test features...
2026-05-21 16:37:54  INFO    Test:  features=(10000, 512)  labels=(10000,)
2026-05-21 16:37:54  INFO  Normalizing features (StandardScaler fit on train)...
2026-05-21 16:37:54  INFO  Reference (full network) test_acc at epoch 285: 0.9553
2026-05-21 16:37:54  INFO  Training logistic regression...
2026-05-21 16:37:54  INFO    Solver converged in 6 iterations.
2026-05-21 16:37:54  INFO  ----------------------------------------------------------------------
2026-05-21 16:37:54  INFO  Surrogate train accuracy:        1.0000
2026-05-21 16:37:54  INFO  Surrogate test accuracy:         0.9548
2026-05-21 16:37:54  INFO  Full network test accuracy:      0.9553
2026-05-21 16:37:54  INFO  Accuracy gap (network - surrogate): +0.0005  (surrogate underperforms)
2026-05-21 16:37:54  INFO  Saved results to: /local/data/gme101/results/seed_3/surrogate_linear_epoch_0285.csv
2026-05-21 16:37:54  INFO  ======================================================================
2026-05-21 16:37:56  INFO  ======================================================================
2026-05-21 16:37:56  INFO  Surrogate: LightGBM
2026-05-21 16:37:56  INFO  ======================================================================
2026-05-21 16:37:56  INFO  Config:          configs/resnet18_cifar10.yaml
2026-05-21 16:37:56  INFO  Epoch:           285
2026-05-21 16:37:56  INFO  LightGBM:        n_estimators=200  num_leaves=31  lr=0.1
2026-05-21 16:37:56  INFO  Loading train features...
2026-05-21 16:37:56  INFO    Train: features=(50000, 512)  labels=(50000,)
2026-05-21 16:37:56  INFO  Loading test features...
2026-05-21 16:37:56  INFO    Test:  features=(10000, 512)  labels=(10000,)
2026-05-21 16:37:56  INFO  Reference (full network) test_acc at epoch 285: 0.9553
2026-05-21 16:37:56  INFO  Training LightGBM...
2026-05-21 16:37:56  INFO    Fitting LightGBM: n_estimators=200, num_leaves=31, lr=0.1
2026-05-21 16:38:16  INFO  ----------------------------------------------------------------------
2026-05-21 16:38:16  INFO  Surrogate train accuracy:           1.0000
2026-05-21 16:38:16  INFO  Surrogate test accuracy:            0.9472
2026-05-21 16:38:16  INFO  Full network test accuracy:         0.9553
2026-05-21 16:38:16  INFO  Accuracy gap (network - surrogate): +0.0081  (surrogate underperforms)
2026-05-21 16:38:16  INFO  Saved results to: /local/data/gme101/results/seed_3/surrogate_lightgbm_epoch_0285.csv
2026-05-21 16:38:16  INFO  ======================================================================
2026-05-21 16:38:18  INFO  ======================================================================
2026-05-21 16:38:18  INFO  Surrogate: Random Forest
2026-05-21 16:38:18  INFO  ======================================================================
2026-05-21 16:38:18  INFO  Config:          configs/resnet18_cifar10.yaml
2026-05-21 16:38:18  INFO  Epoch:           285
2026-05-21 16:38:18  INFO  RandomForest:    n_estimators=200  max_features=sqrt  n_jobs=-1
2026-05-21 16:38:18  INFO  Loading train features...
2026-05-21 16:38:18  INFO    Train: features=(50000, 512)  labels=(50000,)
2026-05-21 16:38:18  INFO  Loading test features...
2026-05-21 16:38:18  INFO    Test:  features=(10000, 512)  labels=(10000,)
2026-05-21 16:38:18  INFO  Reference (full network) test_acc at epoch 285: 0.9553
2026-05-21 16:38:18  INFO  Training Random Forest...
2026-05-21 16:38:18  INFO    Fitting RandomForest: n_estimators=200, max_features=sqrt, n_jobs=-1
2026-05-21 16:38:19  INFO  ----------------------------------------------------------------------
2026-05-21 16:38:19  INFO  Surrogate train accuracy:           1.0000
2026-05-21 16:38:19  INFO  Surrogate test accuracy:            0.9554
2026-05-21 16:38:19  INFO  Full network test accuracy:         0.9553
2026-05-21 16:38:19  INFO  Accuracy gap (network - surrogate): -0.0001  (surrogate matches or exceeds)
2026-05-21 16:38:19  INFO  Saved results to: /local/data/gme101/results/seed_3/surrogate_rf_epoch_0285.csv
2026-05-21 16:38:19  INFO  ======================================================================
