2026-05-20 16:14:57  INFO  ======================================================================
2026-05-20 16:14:57  INFO  CKA Computation — Representation Stabilization
2026-05-20 16:14:57  INFO  ======================================================================
2026-05-20 16:14:57  INFO  Config:          configs/resnet18_cifar10.yaml
2026-05-20 16:14:57  INFO  Activations dir: /local/data/gme101/activations/seed_2
2026-05-20 16:14:57  INFO  Results dir:     /local/data/gme101/results/seed_2
2026-05-20 16:14:57  INFO  Seed: 2
2026-05-20 16:14:57  INFO  Mode: consecutive
2026-05-20 16:14:57  INFO  Stabilization threshold tau = 0.02
2026-05-20 16:14:57  INFO  Found 60 activation files in '/local/data/gme101/activations/seed_2'
2026-05-20 16:14:57  INFO  Epoch range: 5 to 300
2026-05-20 16:14:57  INFO  Number of CKA pairs to compute: 59
2026-05-20 16:14:57  INFO  ----------------------------------------------------------------------
2026-05-20 16:14:57  INFO    Pair   1/59  epoch    5 →   10  CKA = 0.8435  change = 0.1565  below_tau = no 
2026-05-20 16:14:57  INFO    Pair   2/59  epoch   10 →   15  CKA = 0.8392  change = 0.1608  below_tau = no 
2026-05-20 16:14:58  INFO    Pair   3/59  epoch   15 →   20  CKA = 0.8451  change = 0.1549  below_tau = no 
2026-05-20 16:14:58  INFO    Pair   4/59  epoch   20 →   25  CKA = 0.8081  change = 0.1919  below_tau = no 
2026-05-20 16:14:58  INFO    Pair   5/59  epoch   25 →   30  CKA = 0.8268  change = 0.1732  below_tau = no 
2026-05-20 16:14:58  INFO    Pair   6/59  epoch   30 →   35  CKA = 0.8432  change = 0.1568  below_tau = no 
2026-05-20 16:14:58  INFO    Pair   7/59  epoch   35 →   40  CKA = 0.8288  change = 0.1712  below_tau = no 
2026-05-20 16:14:58  INFO    Pair   8/59  epoch   40 →   45  CKA = 0.8393  change = 0.1607  below_tau = no 
2026-05-20 16:14:58  INFO    Pair   9/59  epoch   45 →   50  CKA = 0.8143  change = 0.1857  below_tau = no 
2026-05-20 16:14:58  INFO    Pair  10/59  epoch   50 →   55  CKA = 0.7852  change = 0.2148  below_tau = no 
2026-05-20 16:14:58  INFO    Pair  11/59  epoch   55 →   60  CKA = 0.7718  change = 0.2282  below_tau = no 
2026-05-20 16:14:58  INFO    Pair  12/59  epoch   60 →   65  CKA = 0.8137  change = 0.1863  below_tau = no 
2026-05-20 16:14:58  INFO    Pair  13/59  epoch   65 →   70  CKA = 0.8273  change = 0.1727  below_tau = no 
2026-05-20 16:14:58  INFO    Pair  14/59  epoch   70 →   75  CKA = 0.8276  change = 0.1724  below_tau = no 
2026-05-20 16:14:58  INFO    Pair  15/59  epoch   75 →   80  CKA = 0.8306  change = 0.1694  below_tau = no 
2026-05-20 16:14:58  INFO    Pair  16/59  epoch   80 →   85  CKA = 0.8068  change = 0.1932  below_tau = no 
2026-05-20 16:14:58  INFO    Pair  17/59  epoch   85 →   90  CKA = 0.7734  change = 0.2266  below_tau = no 
2026-05-20 16:14:58  INFO    Pair  18/59  epoch   90 →   95  CKA = 0.7792  change = 0.2208  below_tau = no 
2026-05-20 16:14:58  INFO    Pair  19/59  epoch   95 →  100  CKA = 0.8455  change = 0.1545  below_tau = no 
2026-05-20 16:14:58  INFO    Pair  20/59  epoch  100 →  105  CKA = 0.8406  change = 0.1594  below_tau = no 
2026-05-20 16:14:58  INFO    Pair  21/59  epoch  105 →  110  CKA = 0.8120  change = 0.1880  below_tau = no 
2026-05-20 16:14:58  INFO    Pair  22/59  epoch  110 →  115  CKA = 0.8122  change = 0.1878  below_tau = no 
2026-05-20 16:14:58  INFO    Pair  23/59  epoch  115 →  120  CKA = 0.7980  change = 0.2020  below_tau = no 
2026-05-20 16:14:58  INFO    Pair  24/59  epoch  120 →  125  CKA = 0.8206  change = 0.1794  below_tau = no 
2026-05-20 16:14:58  INFO    Pair  25/59  epoch  125 →  130  CKA = 0.8072  change = 0.1928  below_tau = no 
2026-05-20 16:14:58  INFO    Pair  26/59  epoch  130 →  135  CKA = 0.7967  change = 0.2033  below_tau = no 
2026-05-20 16:14:58  INFO    Pair  27/59  epoch  135 →  140  CKA = 0.8428  change = 0.1572  below_tau = no 
2026-05-20 16:14:58  INFO    Pair  28/59  epoch  140 →  145  CKA = 0.8173  change = 0.1827  below_tau = no 
2026-05-20 16:14:58  INFO    Pair  29/59  epoch  145 →  150  CKA = 0.8342  change = 0.1658  below_tau = no 
2026-05-20 16:14:58  INFO    Pair  30/59  epoch  150 →  155  CKA = 0.8256  change = 0.1744  below_tau = no 
2026-05-20 16:14:59  INFO    Pair  31/59  epoch  155 →  160  CKA = 0.8073  change = 0.1927  below_tau = no 
2026-05-20 16:14:59  INFO    Pair  32/59  epoch  160 →  165  CKA = 0.8195  change = 0.1805  below_tau = no 
2026-05-20 16:14:59  INFO    Pair  33/59  epoch  165 →  170  CKA = 0.8288  change = 0.1712  below_tau = no 
2026-05-20 16:14:59  INFO    Pair  34/59  epoch  170 →  175  CKA = 0.8234  change = 0.1766  below_tau = no 
2026-05-20 16:14:59  INFO    Pair  35/59  epoch  175 →  180  CKA = 0.8244  change = 0.1756  below_tau = no 
2026-05-20 16:14:59  INFO    Pair  36/59  epoch  180 →  185  CKA = 0.8404  change = 0.1596  below_tau = no 
2026-05-20 16:14:59  INFO    Pair  37/59  epoch  185 →  190  CKA = 0.8656  change = 0.1344  below_tau = no 
2026-05-20 16:14:59  INFO    Pair  38/59  epoch  190 →  195  CKA = 0.8606  change = 0.1394  below_tau = no 
2026-05-20 16:14:59  INFO    Pair  39/59  epoch  195 →  200  CKA = 0.8629  change = 0.1371  below_tau = no 
2026-05-20 16:14:59  INFO    Pair  40/59  epoch  200 →  205  CKA = 0.8583  change = 0.1417  below_tau = no 
2026-05-20 16:14:59  INFO    Pair  41/59  epoch  205 →  210  CKA = 0.8771  change = 0.1229  below_tau = no 
2026-05-20 16:14:59  INFO    Pair  42/59  epoch  210 →  215  CKA = 0.8715  change = 0.1285  below_tau = no 
2026-05-20 16:14:59  INFO    Pair  43/59  epoch  215 →  220  CKA = 0.8720  change = 0.1280  below_tau = no 
2026-05-20 16:14:59  INFO    Pair  44/59  epoch  220 →  225  CKA = 0.8862  change = 0.1138  below_tau = no 
2026-05-20 16:14:59  INFO    Pair  45/59  epoch  225 →  230  CKA = 0.8996  change = 0.1004  below_tau = no 
2026-05-20 16:14:59  INFO    Pair  46/59  epoch  230 →  235  CKA = 0.8951  change = 0.1049  below_tau = no 
2026-05-20 16:14:59  INFO    Pair  47/59  epoch  235 →  240  CKA = 0.9102  change = 0.0898  below_tau = no 
2026-05-20 16:14:59  INFO    Pair  48/59  epoch  240 →  245  CKA = 0.9281  change = 0.0719  below_tau = no 
2026-05-20 16:14:59  INFO    Pair  49/59  epoch  245 →  250  CKA = 0.9418  change = 0.0582  below_tau = no 
2026-05-20 16:14:59  INFO    Pair  50/59  epoch  250 →  255  CKA = 0.9617  change = 0.0383  below_tau = no 
2026-05-20 16:14:59  INFO    Pair  51/59  epoch  255 →  260  CKA = 0.9758  change = 0.0242  below_tau = no 
2026-05-20 16:14:59  INFO    Pair  52/59  epoch  260 →  265  CKA = 0.9895  change = 0.0105  below_tau = YES
2026-05-20 16:14:59  INFO    Pair  53/59  epoch  265 →  270  CKA = 0.9948  change = 0.0052  below_tau = YES
2026-05-20 16:14:59  INFO    Pair  54/59  epoch  270 →  275  CKA = 0.9974  change = 0.0026  below_tau = YES
2026-05-20 16:14:59  INFO    Pair  55/59  epoch  275 →  280  CKA = 0.9985  change = 0.0015  below_tau = YES
2026-05-20 16:14:59  INFO    Pair  56/59  epoch  280 →  285  CKA = 0.9989  change = 0.0011  below_tau = YES
2026-05-20 16:14:59  INFO    Pair  57/59  epoch  285 →  290  CKA = 0.9995  change = 0.0005  below_tau = YES
2026-05-20 16:14:59  INFO    Pair  58/59  epoch  290 →  295  CKA = 0.9997  change = 0.0003  below_tau = YES
2026-05-20 16:14:59  INFO    Pair  59/59  epoch  295 →  300  CKA = 0.9995  change = 0.0005  below_tau = YES
2026-05-20 16:14:59  INFO  ----------------------------------------------------------------------
2026-05-20 16:14:59  INFO  Saved CKA results (59 pairs) to: /local/data/gme101/results/seed_2/cka_results.csv
2026-05-20 16:14:59  INFO  Pairs below tau=0.02: 8 / 59
2026-05-20 16:14:59  INFO  ======================================================================
2026-05-20 16:14:59  INFO  CKA computation complete.
2026-05-20 16:14:59  INFO  ======================================================================
