2026-05-21 14:05:02  INFO  ======================================================================
2026-05-21 14:05:02  INFO  DRS Computation — Representation Stabilization
2026-05-21 14:05:02  INFO  ======================================================================
2026-05-21 14:05:02  INFO  Config:          configs/resnet18_cifar10.yaml
2026-05-21 14:05:02  INFO  Activations dir: /local/data/gme101/activations/seed_2
2026-05-21 14:05:02  INFO  Results dir:     /local/data/gme101/results/seed_2
2026-05-21 14:05:02  INFO  Device:          cuda
2026-05-21 14:05:02  INFO  GPU: NVIDIA L4
2026-05-21 14:05:02  INFO  Seed: 2
2026-05-21 14:05:02  INFO  DRS config: n_planes=500, n_points_per_plane=2500
2026-05-21 14:05:02  INFO  DRS config: probe_epochs=10, probe_lr=0.0001
2026-05-21 14:05:02  INFO  DRS config: compute_freq=10, tau=0.02
2026-05-21 14:05:02  INFO  Extraction labels: 2040 samples (204 per class)
2026-05-21 14:05:02  INFO  Saved plane triplets (500 triplets) to: /local/data/gme101/results/seed_2/drs_plane_triplets.npy
2026-05-21 14:05:02  INFO  Found 60 activation files in '/local/data/gme101/activations/seed_2'
2026-05-21 14:05:02  INFO  DRS-eligible pairs (epoch_curr % 10 == 0): 30
2026-05-21 14:05:02  INFO         5 →   10
2026-05-21 14:05:02  INFO        15 →   20
2026-05-21 14:05:02  INFO        25 →   30
2026-05-21 14:05:02  INFO        35 →   40
2026-05-21 14:05:02  INFO        45 →   50
2026-05-21 14:05:02  INFO        55 →   60
2026-05-21 14:05:02  INFO        65 →   70
2026-05-21 14:05:02  INFO        75 →   80
2026-05-21 14:05:02  INFO        85 →   90
2026-05-21 14:05:02  INFO        95 →  100
2026-05-21 14:05:02  INFO       105 →  110
2026-05-21 14:05:02  INFO       115 →  120
2026-05-21 14:05:02  INFO       125 →  130
2026-05-21 14:05:02  INFO       135 →  140
2026-05-21 14:05:02  INFO       145 →  150
2026-05-21 14:05:02  INFO       155 →  160
2026-05-21 14:05:02  INFO       165 →  170
2026-05-21 14:05:02  INFO       175 →  180
2026-05-21 14:05:02  INFO       185 →  190
2026-05-21 14:05:02  INFO       195 →  200
2026-05-21 14:05:02  INFO       205 →  210
2026-05-21 14:05:02  INFO       215 →  220
2026-05-21 14:05:02  INFO       225 →  230
2026-05-21 14:05:02  INFO       235 →  240
2026-05-21 14:05:02  INFO       245 →  250
2026-05-21 14:05:02  INFO       255 →  260
2026-05-21 14:05:02  INFO       265 →  270
2026-05-21 14:05:02  INFO       275 →  280
2026-05-21 14:05:02  INFO       285 →  290
2026-05-21 14:05:02  INFO       295 →  300
2026-05-21 14:05:02  INFO  ----------------------------------------------------------------------
2026-05-21 14:05:02  INFO  DRS pair 1/30: epoch 5 → 10
2026-05-21 14:05:02  INFO      Training probe on current epoch activations...
2026-05-21 14:05:04  INFO      Training probe on previous epoch activations...
2026-05-21 14:05:04  INFO      Evaluating agreement across 500 planes...
2026-05-21 14:05:06  INFO    Pair 1/30  epoch    5 →   10  DRS = 0.6708  change = 0.3292  below_tau = no 
2026-05-21 14:05:06  INFO  DRS pair 2/30: epoch 15 → 20
2026-05-21 14:05:06  INFO      Training probe on current epoch activations...
2026-05-21 14:05:06  INFO      Training probe on previous epoch activations...
2026-05-21 14:05:06  INFO      Evaluating agreement across 500 planes...
2026-05-21 14:05:08  INFO    Pair 2/30  epoch   15 →   20  DRS = 0.8293  change = 0.1707  below_tau = no 
2026-05-21 14:05:08  INFO  DRS pair 3/30: epoch 25 → 30
2026-05-21 14:05:08  INFO      Training probe on current epoch activations...
2026-05-21 14:05:08  INFO      Training probe on previous epoch activations...
2026-05-21 14:05:08  INFO      Evaluating agreement across 500 planes...
2026-05-21 14:05:10  INFO    Pair 3/30  epoch   25 →   30  DRS = 0.7321  change = 0.2679  below_tau = no 
2026-05-21 14:05:10  INFO  DRS pair 4/30: epoch 35 → 40
2026-05-21 14:05:10  INFO      Training probe on current epoch activations...
2026-05-21 14:05:10  INFO      Training probe on previous epoch activations...
2026-05-21 14:05:11  INFO      Evaluating agreement across 500 planes...
2026-05-21 14:05:13  INFO    Pair 4/30  epoch   35 →   40  DRS = 0.8601  change = 0.1399  below_tau = no 
2026-05-21 14:05:13  INFO  DRS pair 5/30: epoch 45 → 50
2026-05-21 14:05:13  INFO      Training probe on current epoch activations...
2026-05-21 14:05:13  INFO      Training probe on previous epoch activations...
2026-05-21 14:05:13  INFO      Evaluating agreement across 500 planes...
2026-05-21 14:05:15  INFO    Pair 5/30  epoch   45 →   50  DRS = 0.8171  change = 0.1829  below_tau = no 
2026-05-21 14:05:15  INFO  DRS pair 6/30: epoch 55 → 60
2026-05-21 14:05:15  INFO      Training probe on current epoch activations...
2026-05-21 14:05:15  INFO      Training probe on previous epoch activations...
2026-05-21 14:05:15  INFO      Evaluating agreement across 500 planes...
2026-05-21 14:05:17  INFO    Pair 6/30  epoch   55 →   60  DRS = 0.8301  change = 0.1699  below_tau = no 
2026-05-21 14:05:17  INFO  DRS pair 7/30: epoch 65 → 70
2026-05-21 14:05:17  INFO      Training probe on current epoch activations...
2026-05-21 14:05:17  INFO      Training probe on previous epoch activations...
2026-05-21 14:05:18  INFO      Evaluating agreement across 500 planes...
2026-05-21 14:05:19  INFO    Pair 7/30  epoch   65 →   70  DRS = 0.8665  change = 0.1335  below_tau = no 
2026-05-21 14:05:19  INFO  DRS pair 8/30: epoch 75 → 80
2026-05-21 14:05:19  INFO      Training probe on current epoch activations...
2026-05-21 14:05:20  INFO      Training probe on previous epoch activations...
2026-05-21 14:05:20  INFO      Evaluating agreement across 500 planes...
2026-05-21 14:05:22  INFO    Pair 8/30  epoch   75 →   80  DRS = 0.8669  change = 0.1331  below_tau = no 
2026-05-21 14:05:22  INFO  DRS pair 9/30: epoch 85 → 90
2026-05-21 14:05:22  INFO      Training probe on current epoch activations...
2026-05-21 14:05:22  INFO      Training probe on previous epoch activations...
2026-05-21 14:05:22  INFO      Evaluating agreement across 500 planes...
2026-05-21 14:05:24  INFO    Pair 9/30  epoch   85 →   90  DRS = 0.8178  change = 0.1822  below_tau = no 
2026-05-21 14:05:24  INFO  DRS pair 10/30: epoch 95 → 100
2026-05-21 14:05:24  INFO      Training probe on current epoch activations...
2026-05-21 14:05:24  INFO      Training probe on previous epoch activations...
2026-05-21 14:05:24  INFO      Evaluating agreement across 500 planes...
2026-05-21 14:05:26  INFO    Pair 10/30  epoch   95 →  100  DRS = 0.8299  change = 0.1701  below_tau = no 
2026-05-21 14:05:26  INFO  DRS pair 11/30: epoch 105 → 110
2026-05-21 14:05:26  INFO      Training probe on current epoch activations...
2026-05-21 14:05:26  INFO      Training probe on previous epoch activations...
2026-05-21 14:05:26  INFO      Evaluating agreement across 500 planes...
2026-05-21 14:05:28  INFO    Pair 11/30  epoch  105 →  110  DRS = 0.8238  change = 0.1762  below_tau = no 
2026-05-21 14:05:28  INFO  DRS pair 12/30: epoch 115 → 120
2026-05-21 14:05:28  INFO      Training probe on current epoch activations...
2026-05-21 14:05:29  INFO      Training probe on previous epoch activations...
2026-05-21 14:05:29  INFO      Evaluating agreement across 500 planes...
2026-05-21 14:05:31  INFO    Pair 12/30  epoch  115 →  120  DRS = 0.7884  change = 0.2116  below_tau = no 
2026-05-21 14:05:31  INFO  DRS pair 13/30: epoch 125 → 130
2026-05-21 14:05:31  INFO      Training probe on current epoch activations...
2026-05-21 14:05:31  INFO      Training probe on previous epoch activations...
2026-05-21 14:05:31  INFO      Evaluating agreement across 500 planes...
2026-05-21 14:05:33  INFO    Pair 13/30  epoch  125 →  130  DRS = 0.8400  change = 0.1600  below_tau = no 
2026-05-21 14:05:33  INFO  DRS pair 14/30: epoch 135 → 140
2026-05-21 14:05:33  INFO      Training probe on current epoch activations...
2026-05-21 14:05:33  INFO      Training probe on previous epoch activations...
2026-05-21 14:05:33  INFO      Evaluating agreement across 500 planes...
2026-05-21 14:05:35  INFO    Pair 14/30  epoch  135 →  140  DRS = 0.8737  change = 0.1263  below_tau = no 
2026-05-21 14:05:35  INFO  DRS pair 15/30: epoch 145 → 150
2026-05-21 14:05:35  INFO      Training probe on current epoch activations...
2026-05-21 14:05:35  INFO      Training probe on previous epoch activations...
2026-05-21 14:05:35  INFO      Evaluating agreement across 500 planes...
2026-05-21 14:05:38  INFO    Pair 15/30  epoch  145 →  150  DRS = 0.8214  change = 0.1786  below_tau = no 
2026-05-21 14:05:38  INFO  DRS pair 16/30: epoch 155 → 160
2026-05-21 14:05:38  INFO      Training probe on current epoch activations...
2026-05-21 14:05:38  INFO      Training probe on previous epoch activations...
2026-05-21 14:05:38  INFO      Evaluating agreement across 500 planes...
2026-05-21 14:05:40  INFO    Pair 16/30  epoch  155 →  160  DRS = 0.8390  change = 0.1610  below_tau = no 
2026-05-21 14:05:40  INFO  DRS pair 17/30: epoch 165 → 170
2026-05-21 14:05:40  INFO      Training probe on current epoch activations...
2026-05-21 14:05:40  INFO      Training probe on previous epoch activations...
2026-05-21 14:05:40  INFO      Evaluating agreement across 500 planes...
2026-05-21 14:05:42  INFO    Pair 17/30  epoch  165 →  170  DRS = 0.7914  change = 0.2086  below_tau = no 
2026-05-21 14:05:42  INFO  DRS pair 18/30: epoch 175 → 180
2026-05-21 14:05:42  INFO      Training probe on current epoch activations...
2026-05-21 14:05:42  INFO      Training probe on previous epoch activations...
2026-05-21 14:05:43  INFO      Evaluating agreement across 500 planes...
2026-05-21 14:05:45  INFO    Pair 18/30  epoch  175 →  180  DRS = 0.8704  change = 0.1296  below_tau = no 
2026-05-21 14:05:45  INFO  DRS pair 19/30: epoch 185 → 190
2026-05-21 14:05:45  INFO      Training probe on current epoch activations...
2026-05-21 14:05:45  INFO      Training probe on previous epoch activations...
2026-05-21 14:05:45  INFO      Evaluating agreement across 500 planes...
2026-05-21 14:05:47  INFO    Pair 19/30  epoch  185 →  190  DRS = 0.8574  change = 0.1426  below_tau = no 
2026-05-21 14:05:47  INFO  DRS pair 20/30: epoch 195 → 200
2026-05-21 14:05:47  INFO      Training probe on current epoch activations...
2026-05-21 14:05:47  INFO      Training probe on previous epoch activations...
2026-05-21 14:05:48  INFO      Evaluating agreement across 500 planes...
2026-05-21 14:05:49  INFO    Pair 20/30  epoch  195 →  200  DRS = 0.8559  change = 0.1441  below_tau = no 
2026-05-21 14:05:49  INFO  DRS pair 21/30: epoch 205 → 210
2026-05-21 14:05:49  INFO      Training probe on current epoch activations...
2026-05-21 14:05:50  INFO      Training probe on previous epoch activations...
2026-05-21 14:05:50  INFO      Evaluating agreement across 500 planes...
2026-05-21 14:05:52  INFO    Pair 21/30  epoch  205 →  210  DRS = 0.9044  change = 0.0956  below_tau = no 
2026-05-21 14:05:52  INFO  DRS pair 22/30: epoch 215 → 220
2026-05-21 14:05:52  INFO      Training probe on current epoch activations...
2026-05-21 14:05:52  INFO      Training probe on previous epoch activations...
2026-05-21 14:05:52  INFO      Evaluating agreement across 500 planes...
2026-05-21 14:05:54  INFO    Pair 22/30  epoch  215 →  220  DRS = 0.8727  change = 0.1273  below_tau = no 
2026-05-21 14:05:54  INFO  DRS pair 23/30: epoch 225 → 230
2026-05-21 14:05:54  INFO      Training probe on current epoch activations...
2026-05-21 14:05:55  INFO      Training probe on previous epoch activations...
2026-05-21 14:05:55  INFO      Evaluating agreement across 500 planes...
2026-05-21 14:05:57  INFO    Pair 23/30  epoch  225 →  230  DRS = 0.8381  change = 0.1619  below_tau = no 
2026-05-21 14:05:57  INFO  DRS pair 24/30: epoch 235 → 240
2026-05-21 14:05:57  INFO      Training probe on current epoch activations...
2026-05-21 14:05:57  INFO      Training probe on previous epoch activations...
2026-05-21 14:05:57  INFO      Evaluating agreement across 500 planes...
2026-05-21 14:05:59  INFO    Pair 24/30  epoch  235 →  240  DRS = 0.8499  change = 0.1501  below_tau = no 
2026-05-21 14:05:59  INFO  DRS pair 25/30: epoch 245 → 250
2026-05-21 14:05:59  INFO      Training probe on current epoch activations...
2026-05-21 14:05:59  INFO      Training probe on previous epoch activations...
2026-05-21 14:05:59  INFO      Evaluating agreement across 500 planes...
2026-05-21 14:06:01  INFO    Pair 25/30  epoch  245 →  250  DRS = 0.8769  change = 0.1231  below_tau = no 
2026-05-21 14:06:01  INFO  DRS pair 26/30: epoch 255 → 260
2026-05-21 14:06:01  INFO      Training probe on current epoch activations...
2026-05-21 14:06:01  INFO      Training probe on previous epoch activations...
2026-05-21 14:06:01  INFO      Evaluating agreement across 500 planes...
2026-05-21 14:06:04  INFO    Pair 26/30  epoch  255 →  260  DRS = 0.8806  change = 0.1194  below_tau = no 
2026-05-21 14:06:04  INFO  DRS pair 27/30: epoch 265 → 270
2026-05-21 14:06:04  INFO      Training probe on current epoch activations...
2026-05-21 14:06:04  INFO      Training probe on previous epoch activations...
2026-05-21 14:06:04  INFO      Evaluating agreement across 500 planes...
2026-05-21 14:06:06  INFO    Pair 27/30  epoch  265 →  270  DRS = 0.9023  change = 0.0977  below_tau = no 
2026-05-21 14:06:06  INFO  DRS pair 28/30: epoch 275 → 280
2026-05-21 14:06:06  INFO      Training probe on current epoch activations...
2026-05-21 14:06:06  INFO      Training probe on previous epoch activations...
2026-05-21 14:06:06  INFO      Evaluating agreement across 500 planes...
2026-05-21 14:06:08  INFO    Pair 28/30  epoch  275 →  280  DRS = 0.9035  change = 0.0965  below_tau = no 
2026-05-21 14:06:08  INFO  DRS pair 29/30: epoch 285 → 290
2026-05-21 14:06:08  INFO      Training probe on current epoch activations...
2026-05-21 14:06:08  INFO      Training probe on previous epoch activations...
2026-05-21 14:06:08  INFO      Evaluating agreement across 500 planes...
2026-05-21 14:06:10  INFO    Pair 29/30  epoch  285 →  290  DRS = 0.8980  change = 0.1020  below_tau = no 
2026-05-21 14:06:10  INFO  DRS pair 30/30: epoch 295 → 300
2026-05-21 14:06:10  INFO      Training probe on current epoch activations...
2026-05-21 14:06:11  INFO      Training probe on previous epoch activations...
2026-05-21 14:06:11  INFO      Evaluating agreement across 500 planes...
2026-05-21 14:06:13  INFO    Pair 30/30  epoch  295 →  300  DRS = 0.8570  change = 0.1430  below_tau = no 
2026-05-21 14:06:13  INFO  ----------------------------------------------------------------------
2026-05-21 14:06:13  INFO  Saved DRS results (30 pairs) to: /local/data/gme101/results/seed_2/drs_results.csv
2026-05-21 14:06:13  INFO  Pairs below tau=0.02: 0 / 30
2026-05-21 14:06:13  INFO  ======================================================================
2026-05-21 14:06:13  INFO  DRS computation complete.
2026-05-21 14:06:13  INFO  ======================================================================
