2026-05-21 14:06:13  INFO  ======================================================================
2026-05-21 14:06:13  INFO  Stabilization Detection — (τ, K) Criterion
2026-05-21 14:06:13  INFO  ======================================================================
2026-05-21 14:06:13  INFO  Config:  configs/resnet18_cifar10.yaml
2026-05-21 14:06:13  INFO  τ (tau): 0.02   (change threshold; change = 1 − metric_value)
2026-05-21 14:06:13  INFO  K:       5    (consecutive below-τ pairs required to declare t*)
2026-05-21 14:06:13  INFO  CKA CSV: /local/data/gme101/results/seed_2/cka_results.csv
2026-05-21 14:06:13  INFO  DRS CSV: /local/data/gme101/results/seed_2/drs_results.csv
2026-05-21 14:06:13  INFO  ----------------------------------------------------------------------
2026-05-21 14:06:13  INFO  Loading CKA results...
2026-05-21 14:06:13  INFO    Loaded 59 CKA pairs.
2026-05-21 14:06:13  INFO    Pairs below τ=0.02: 8 / 59 (13.6%)
2026-05-21 14:06:13  INFO  ----------------------------------------------------------------------
2026-05-21 14:06:13  INFO  Loading DRS results (optional)...
2026-05-21 14:06:13  INFO    Loaded 30 DRS pairs.
2026-05-21 14:06:13  INFO    Pairs below τ=0.02: 0 / 30 (0.0%)
2026-05-21 14:06:13  INFO  ----------------------------------------------------------------------
2026-05-21 14:06:13  INFO  Running stabilization detection on CKA (τ=0.02, K=5)...
2026-05-21 14:06:13  INFO    CKA stabilization detected at epoch t* = 285
2026-05-21 14:06:13  INFO    CKA pairs (τ=0.02, K=5, detected t*=285):
2026-05-21 14:06:13  INFO    epoch_prev  epoch_curr    change  below_τ  consec  trigger
2026-05-21 14:06:13  INFO    ------------------------------------------------------------
2026-05-21 14:06:13  INFO             5          10    0.1565      no        0        0
2026-05-21 14:06:13  INFO            10          15    0.1608      no        0        0
2026-05-21 14:06:13  INFO            15          20    0.1549      no        0        0
2026-05-21 14:06:13  INFO            20          25    0.1919      no        0        0
2026-05-21 14:06:13  INFO            25          30    0.1732      no        0        0
2026-05-21 14:06:13  INFO            30          35    0.1568      no        0        0
2026-05-21 14:06:13  INFO            35          40    0.1712      no        0        0
2026-05-21 14:06:13  INFO            40          45    0.1607      no        0        0
2026-05-21 14:06:13  INFO            45          50    0.1857      no        0        0
2026-05-21 14:06:13  INFO            50          55    0.2148      no        0        0
2026-05-21 14:06:13  INFO            55          60    0.2282      no        0        0
2026-05-21 14:06:13  INFO            60          65    0.1863      no        0        0
2026-05-21 14:06:13  INFO            65          70    0.1727      no        0        0
2026-05-21 14:06:13  INFO            70          75    0.1724      no        0        0
2026-05-21 14:06:13  INFO            75          80    0.1694      no        0        0
2026-05-21 14:06:13  INFO            80          85    0.1932      no        0        0
2026-05-21 14:06:13  INFO            85          90    0.2266      no        0        0
2026-05-21 14:06:13  INFO            90          95    0.2208      no        0        0
2026-05-21 14:06:13  INFO            95         100    0.1545      no        0        0
2026-05-21 14:06:13  INFO           100         105    0.1594      no        0        0
2026-05-21 14:06:13  INFO           105         110    0.1880      no        0        0
2026-05-21 14:06:13  INFO           110         115    0.1878      no        0        0
2026-05-21 14:06:13  INFO           115         120    0.2020      no        0        0
2026-05-21 14:06:13  INFO           120         125    0.1794      no        0        0
2026-05-21 14:06:13  INFO           125         130    0.1928      no        0        0
2026-05-21 14:06:13  INFO           130         135    0.2033      no        0        0
2026-05-21 14:06:13  INFO           135         140    0.1572      no        0        0
2026-05-21 14:06:13  INFO           140         145    0.1827      no        0        0
2026-05-21 14:06:13  INFO           145         150    0.1658      no        0        0
2026-05-21 14:06:13  INFO           150         155    0.1744      no        0        0
2026-05-21 14:06:13  INFO           155         160    0.1927      no        0        0
2026-05-21 14:06:13  INFO           160         165    0.1805      no        0        0
2026-05-21 14:06:13  INFO           165         170    0.1712      no        0        0
2026-05-21 14:06:13  INFO           170         175    0.1766      no        0        0
2026-05-21 14:06:13  INFO           175         180    0.1756      no        0        0
2026-05-21 14:06:13  INFO           180         185    0.1596      no        0        0
2026-05-21 14:06:13  INFO           185         190    0.1344      no        0        0
2026-05-21 14:06:13  INFO           190         195    0.1394      no        0        0
2026-05-21 14:06:13  INFO           195         200    0.1371      no        0        0
2026-05-21 14:06:13  INFO           200         205    0.1417      no        0        0
2026-05-21 14:06:13  INFO           205         210    0.1229      no        0        0
2026-05-21 14:06:13  INFO           210         215    0.1285      no        0        0
2026-05-21 14:06:13  INFO           215         220    0.1280      no        0        0
2026-05-21 14:06:13  INFO           220         225    0.1138      no        0        0
2026-05-21 14:06:13  INFO           225         230    0.1004      no        0        0
2026-05-21 14:06:13  INFO           230         235    0.1049      no        0        0
2026-05-21 14:06:13  INFO           235         240    0.0898      no        0        0
2026-05-21 14:06:13  INFO           240         245    0.0719      no        0        0
2026-05-21 14:06:13  INFO           245         250    0.0582      no        0        0
2026-05-21 14:06:13  INFO           250         255    0.0383      no        0        0
2026-05-21 14:06:13  INFO           255         260    0.0242      no        0        0
2026-05-21 14:06:13  INFO           260         265    0.0105      YES       1        0
2026-05-21 14:06:13  INFO           265         270    0.0052      YES       2        0
2026-05-21 14:06:13  INFO           270         275    0.0026      YES       3        0
2026-05-21 14:06:13  INFO           275         280    0.0015      YES       4        0
2026-05-21 14:06:13  INFO           280         285    0.0011      YES       5        1 ← t*
2026-05-21 14:06:13  INFO           285         290    0.0005      YES       6        0
2026-05-21 14:06:13  INFO           290         295    0.0003      YES       7        0
2026-05-21 14:06:13  INFO           295         300    0.0005      YES       8        0
2026-05-21 14:06:13  INFO  ----------------------------------------------------------------------
2026-05-21 14:06:13  INFO  Running stabilization detection on DRS (τ=0.02, K=5)...
2026-05-21 14:06:13  INFO    DRS stabilization NOT detected (K=5 consecutive below-τ pairs never accumulated)
2026-05-21 14:06:13  INFO    DRS pairs (τ=0.02, K=5, detected t*=None):
2026-05-21 14:06:13  INFO    epoch_prev  epoch_curr    change  below_τ  consec  trigger
2026-05-21 14:06:13  INFO    ------------------------------------------------------------
2026-05-21 14:06:13  INFO             5          10    0.3292      no        0        0
2026-05-21 14:06:13  INFO            15          20    0.1707      no        0        0
2026-05-21 14:06:13  INFO            25          30    0.2679      no        0        0
2026-05-21 14:06:13  INFO            35          40    0.1399      no        0        0
2026-05-21 14:06:13  INFO            45          50    0.1829      no        0        0
2026-05-21 14:06:13  INFO            55          60    0.1699      no        0        0
2026-05-21 14:06:13  INFO            65          70    0.1335      no        0        0
2026-05-21 14:06:13  INFO            75          80    0.1331      no        0        0
2026-05-21 14:06:13  INFO            85          90    0.1822      no        0        0
2026-05-21 14:06:13  INFO            95         100    0.1701      no        0        0
2026-05-21 14:06:13  INFO           105         110    0.1762      no        0        0
2026-05-21 14:06:13  INFO           115         120    0.2116      no        0        0
2026-05-21 14:06:13  INFO           125         130    0.1600      no        0        0
2026-05-21 14:06:13  INFO           135         140    0.1263      no        0        0
2026-05-21 14:06:13  INFO           145         150    0.1786      no        0        0
2026-05-21 14:06:13  INFO           155         160    0.1610      no        0        0
2026-05-21 14:06:13  INFO           165         170    0.2086      no        0        0
2026-05-21 14:06:13  INFO           175         180    0.1296      no        0        0
2026-05-21 14:06:13  INFO           185         190    0.1426      no        0        0
2026-05-21 14:06:13  INFO           195         200    0.1441      no        0        0
2026-05-21 14:06:13  INFO           205         210    0.0956      no        0        0
2026-05-21 14:06:13  INFO           215         220    0.1273      no        0        0
2026-05-21 14:06:13  INFO           225         230    0.1619      no        0        0
2026-05-21 14:06:13  INFO           235         240    0.1501      no        0        0
2026-05-21 14:06:13  INFO           245         250    0.1231      no        0        0
2026-05-21 14:06:13  INFO           255         260    0.1194      no        0        0
2026-05-21 14:06:13  INFO           265         270    0.0977      no        0        0
2026-05-21 14:06:13  INFO           275         280    0.0965      no        0        0
2026-05-21 14:06:13  INFO           285         290    0.1020      no        0        0
2026-05-21 14:06:13  INFO           295         300    0.1430      no        0        0
2026-05-21 14:06:13  INFO  ----------------------------------------------------------------------
2026-05-21 14:06:13  INFO  Computing joint t*...
2026-05-21 14:06:13  WARNING  DRS stabilization not detected but CKA detected t*=285. Joint t* cannot be declared — DRS is still changing. This may mean training has not run long enough for K DRS pairs to accumulate.
2026-05-21 14:06:13  INFO    t*_CKA   = 285
2026-05-21 14:06:13  INFO    t*_DRS   = None
2026-05-21 14:06:13  INFO    t*_JOINT = None
2026-05-21 14:06:13  INFO  ----------------------------------------------------------------------
2026-05-21 14:06:13  INFO  Saving annotated results...
2026-05-21 14:06:13  INFO    Saved annotated pairs to: /local/data/gme101/results/seed_2/stabilization_cka.csv
2026-05-21 14:06:13  INFO    Saved annotated pairs to: /local/data/gme101/results/seed_2/stabilization_drs.csv
2026-05-21 14:06:13  INFO    Saved summary to: /local/data/gme101/results/seed_2/stabilization_summary.csv
2026-05-21 14:06:13  INFO  ======================================================================
2026-05-21 14:06:13  INFO  RECOMMENDATION
2026-05-21 14:06:13  INFO  ======================================================================
2026-05-21 14:06:13  INFO  Stabilization NOT detected within the available training data.
2026-05-21 14:06:13  INFO  
2026-05-21 14:06:13  INFO    Possible causes:
2026-05-21 14:06:13  INFO      - Training may not have run long enough (increase epochs)
2026-05-21 14:06:13  INFO      - τ or K may need adjustment — check the annotated pair CSVs to see how close the metrics came to satisfying the criterion
2026-05-21 14:06:13  INFO      - The representation may genuinely not stabilize (this is also a finding)
2026-05-21 14:06:13  INFO  ======================================================================
