2026-05-21 09:20:00  INFO  ======================================================================
2026-05-21 09:20:00  INFO  CKA Computation — Representation Stabilization
2026-05-21 09:20:00  INFO  ======================================================================
2026-05-21 09:20:00  INFO  Config:          configs/resnet18_cifar10.yaml
2026-05-21 09:20:00  INFO  Activations dir: /local/data/gme101/activations/seed_42
2026-05-21 09:20:00  INFO  Results dir:     /local/data/gme101/results/seed_42
2026-05-21 09:20:00  INFO  Seed: 42
2026-05-21 09:20:00  INFO  Mode: consecutive
2026-05-21 09:20:00  INFO  Stabilization threshold tau = 0.02
2026-05-21 09:20:00  INFO  Found 60 activation files in '/local/data/gme101/activations/seed_42'
2026-05-21 09:20:00  INFO  Epoch range: 5 to 300
2026-05-21 09:20:00  INFO  Number of CKA pairs to compute: 59
2026-05-21 09:20:00  INFO  ----------------------------------------------------------------------
2026-05-21 09:20:00  INFO    Pair   1/59  epoch    5 →   10  CKA = 0.8017  change = 0.1983  below_tau = no 
2026-05-21 09:20:00  INFO    Pair   2/59  epoch   10 →   15  CKA = 0.8051  change = 0.1949  below_tau = no 
2026-05-21 09:20:00  INFO    Pair   3/59  epoch   15 →   20  CKA = 0.8383  change = 0.1617  below_tau = no 
2026-05-21 09:20:00  INFO    Pair   4/59  epoch   20 →   25  CKA = 0.7858  change = 0.2142  below_tau = no 
2026-05-21 09:20:00  INFO    Pair   5/59  epoch   25 →   30  CKA = 0.7131  change = 0.2869  below_tau = no 
2026-05-21 09:20:00  INFO    Pair   6/59  epoch   30 →   35  CKA = 0.7662  change = 0.2338  below_tau = no 
2026-05-21 09:20:00  INFO    Pair   7/59  epoch   35 →   40  CKA = 0.8030  change = 0.1970  below_tau = no 
2026-05-21 09:20:00  INFO    Pair   8/59  epoch   40 →   45  CKA = 0.8021  change = 0.1979  below_tau = no 
2026-05-21 09:20:00  INFO    Pair   9/59  epoch   45 →   50  CKA = 0.8300  change = 0.1700  below_tau = no 
2026-05-21 09:20:00  INFO    Pair  10/59  epoch   50 →   55  CKA = 0.8240  change = 0.1760  below_tau = no 
2026-05-21 09:20:00  INFO    Pair  11/59  epoch   55 →   60  CKA = 0.7488  change = 0.2512  below_tau = no 
2026-05-21 09:20:00  INFO    Pair  12/59  epoch   60 →   65  CKA = 0.7870  change = 0.2130  below_tau = no 
2026-05-21 09:20:00  INFO    Pair  13/59  epoch   65 →   70  CKA = 0.8248  change = 0.1752  below_tau = no 
2026-05-21 09:20:00  INFO    Pair  14/59  epoch   70 →   75  CKA = 0.8313  change = 0.1687  below_tau = no 
2026-05-21 09:20:00  INFO    Pair  15/59  epoch   75 →   80  CKA = 0.8027  change = 0.1973  below_tau = no 
2026-05-21 09:20:00  INFO    Pair  16/59  epoch   80 →   85  CKA = 0.8058  change = 0.1942  below_tau = no 
2026-05-21 09:20:00  INFO    Pair  17/59  epoch   85 →   90  CKA = 0.8468  change = 0.1532  below_tau = no 
2026-05-21 09:20:00  INFO    Pair  18/59  epoch   90 →   95  CKA = 0.7524  change = 0.2476  below_tau = no 
2026-05-21 09:20:00  INFO    Pair  19/59  epoch   95 →  100  CKA = 0.7674  change = 0.2326  below_tau = no 
2026-05-21 09:20:00  INFO    Pair  20/59  epoch  100 →  105  CKA = 0.7438  change = 0.2562  below_tau = no 
2026-05-21 09:20:00  INFO    Pair  21/59  epoch  105 →  110  CKA = 0.7850  change = 0.2150  below_tau = no 
2026-05-21 09:20:00  INFO    Pair  22/59  epoch  110 →  115  CKA = 0.8295  change = 0.1705  below_tau = no 
2026-05-21 09:20:00  INFO    Pair  23/59  epoch  115 →  120  CKA = 0.8226  change = 0.1774  below_tau = no 
2026-05-21 09:20:00  INFO    Pair  24/59  epoch  120 →  125  CKA = 0.8115  change = 0.1885  below_tau = no 
2026-05-21 09:20:01  INFO    Pair  25/59  epoch  125 →  130  CKA = 0.8015  change = 0.1985  below_tau = no 
2026-05-21 09:20:01  INFO    Pair  26/59  epoch  130 →  135  CKA = 0.8151  change = 0.1849  below_tau = no 
2026-05-21 09:20:01  INFO    Pair  27/59  epoch  135 →  140  CKA = 0.8514  change = 0.1486  below_tau = no 
2026-05-21 09:20:01  INFO    Pair  28/59  epoch  140 →  145  CKA = 0.8393  change = 0.1607  below_tau = no 
2026-05-21 09:20:01  INFO    Pair  29/59  epoch  145 →  150  CKA = 0.8130  change = 0.1870  below_tau = no 
2026-05-21 09:20:01  INFO    Pair  30/59  epoch  150 →  155  CKA = 0.8350  change = 0.1650  below_tau = no 
2026-05-21 09:20:01  INFO    Pair  31/59  epoch  155 →  160  CKA = 0.8266  change = 0.1734  below_tau = no 
2026-05-21 09:20:01  INFO    Pair  32/59  epoch  160 →  165  CKA = 0.8280  change = 0.1720  below_tau = no 
2026-05-21 09:20:01  INFO    Pair  33/59  epoch  165 →  170  CKA = 0.8409  change = 0.1591  below_tau = no 
2026-05-21 09:20:01  INFO    Pair  34/59  epoch  170 →  175  CKA = 0.8506  change = 0.1494  below_tau = no 
2026-05-21 09:20:01  INFO    Pair  35/59  epoch  175 →  180  CKA = 0.8704  change = 0.1296  below_tau = no 
2026-05-21 09:20:01  INFO    Pair  36/59  epoch  180 →  185  CKA = 0.8383  change = 0.1617  below_tau = no 
2026-05-21 09:20:01  INFO    Pair  37/59  epoch  185 →  190  CKA = 0.8479  change = 0.1521  below_tau = no 
2026-05-21 09:20:01  INFO    Pair  38/59  epoch  190 →  195  CKA = 0.8716  change = 0.1284  below_tau = no 
2026-05-21 09:20:01  INFO    Pair  39/59  epoch  195 →  200  CKA = 0.8575  change = 0.1425  below_tau = no 
2026-05-21 09:20:01  INFO    Pair  40/59  epoch  200 →  205  CKA = 0.8397  change = 0.1603  below_tau = no 
2026-05-21 09:20:01  INFO    Pair  41/59  epoch  205 →  210  CKA = 0.8266  change = 0.1734  below_tau = no 
2026-05-21 09:20:01  INFO    Pair  42/59  epoch  210 →  215  CKA = 0.8695  change = 0.1305  below_tau = no 
2026-05-21 09:20:01  INFO    Pair  43/59  epoch  215 →  220  CKA = 0.8739  change = 0.1261  below_tau = no 
2026-05-21 09:20:01  INFO    Pair  44/59  epoch  220 →  225  CKA = 0.8718  change = 0.1282  below_tau = no 
2026-05-21 09:20:01  INFO    Pair  45/59  epoch  225 →  230  CKA = 0.8944  change = 0.1056  below_tau = no 
2026-05-21 09:20:01  INFO    Pair  46/59  epoch  230 →  235  CKA = 0.9102  change = 0.0898  below_tau = no 
2026-05-21 09:20:01  INFO    Pair  47/59  epoch  235 →  240  CKA = 0.9069  change = 0.0931  below_tau = no 
2026-05-21 09:20:01  INFO    Pair  48/59  epoch  240 →  245  CKA = 0.9124  change = 0.0876  below_tau = no 
2026-05-21 09:20:01  INFO    Pair  49/59  epoch  245 →  250  CKA = 0.9458  change = 0.0542  below_tau = no 
2026-05-21 09:20:01  INFO    Pair  50/59  epoch  250 →  255  CKA = 0.9624  change = 0.0376  below_tau = no 
2026-05-21 09:20:01  INFO    Pair  51/59  epoch  255 →  260  CKA = 0.9750  change = 0.0250  below_tau = no 
2026-05-21 09:20:01  INFO    Pair  52/59  epoch  260 →  265  CKA = 0.9915  change = 0.0085  below_tau = YES
2026-05-21 09:20:01  INFO    Pair  53/59  epoch  265 →  270  CKA = 0.9959  change = 0.0041  below_tau = YES
2026-05-21 09:20:01  INFO    Pair  54/59  epoch  270 →  275  CKA = 0.9974  change = 0.0026  below_tau = YES
2026-05-21 09:20:01  INFO    Pair  55/59  epoch  275 →  280  CKA = 0.9983  change = 0.0017  below_tau = YES
2026-05-21 09:20:01  INFO    Pair  56/59  epoch  280 →  285  CKA = 0.9995  change = 0.0005  below_tau = YES
2026-05-21 09:20:01  INFO    Pair  57/59  epoch  285 →  290  CKA = 0.9994  change = 0.0006  below_tau = YES
2026-05-21 09:20:01  INFO    Pair  58/59  epoch  290 →  295  CKA = 0.9994  change = 0.0006  below_tau = YES
2026-05-21 09:20:01  INFO    Pair  59/59  epoch  295 →  300  CKA = 0.9994  change = 0.0006  below_tau = YES
2026-05-21 09:20:01  INFO  ----------------------------------------------------------------------
2026-05-21 09:20:01  INFO  Saved CKA results (59 pairs) to: /local/data/gme101/results/seed_42/cka_results.csv
2026-05-21 09:20:01  INFO  Pairs below tau=0.02: 8 / 59
2026-05-21 09:20:01  INFO  ======================================================================
2026-05-21 09:20:01  INFO  CKA computation complete.
2026-05-21 09:20:01  INFO  ======================================================================
