2026-05-20 11:37:28  INFO  ======================================================================
2026-05-20 11:37:28  INFO  DRS Computation — Representation Stabilization
2026-05-20 11:37:28  INFO  ======================================================================
2026-05-20 11:37:28  INFO  Config:          configs/resnet18_cifar10.yaml
2026-05-20 11:37:28  INFO  Activations dir: /local/data/gme101/activations/seed_42
2026-05-20 11:37:28  INFO  Results dir:     /local/data/gme101/results/seed_42
2026-05-20 11:37:28  INFO  Device:          cuda
2026-05-20 11:37:28  INFO  GPU: NVIDIA L4
2026-05-20 11:37:28  INFO  Seed: 42
2026-05-20 11:37:28  INFO  DRS config: n_planes=500, n_points_per_plane=2500
2026-05-20 11:37:28  INFO  DRS config: probe_epochs=10, probe_lr=0.0001
2026-05-20 11:37:28  INFO  DRS config: compute_freq=10, tau=0.02
2026-05-20 11:37:28  INFO  Extraction labels: 2040 samples (204 per class)
2026-05-20 11:37:28  INFO  Saved plane triplets (500 triplets) to: /local/data/gme101/results/seed_42/drs_plane_triplets.npy
2026-05-20 11:37:28  INFO  Found 60 activation files in '/local/data/gme101/activations/seed_42'
2026-05-20 11:37:28  INFO  DRS-eligible pairs (epoch_curr % 10 == 0): 30
2026-05-20 11:37:28  INFO         5 →   10
2026-05-20 11:37:28  INFO        15 →   20
2026-05-20 11:37:28  INFO        25 →   30
2026-05-20 11:37:28  INFO        35 →   40
2026-05-20 11:37:28  INFO        45 →   50
2026-05-20 11:37:28  INFO        55 →   60
2026-05-20 11:37:28  INFO        65 →   70
2026-05-20 11:37:28  INFO        75 →   80
2026-05-20 11:37:28  INFO        85 →   90
2026-05-20 11:37:28  INFO        95 →  100
2026-05-20 11:37:28  INFO       105 →  110
2026-05-20 11:37:28  INFO       115 →  120
2026-05-20 11:37:28  INFO       125 →  130
2026-05-20 11:37:28  INFO       135 →  140
2026-05-20 11:37:28  INFO       145 →  150
2026-05-20 11:37:28  INFO       155 →  160
2026-05-20 11:37:28  INFO       165 →  170
2026-05-20 11:37:28  INFO       175 →  180
2026-05-20 11:37:28  INFO       185 →  190
2026-05-20 11:37:28  INFO       195 →  200
2026-05-20 11:37:28  INFO       205 →  210
2026-05-20 11:37:28  INFO       215 →  220
2026-05-20 11:37:28  INFO       225 →  230
2026-05-20 11:37:28  INFO       235 →  240
2026-05-20 11:37:28  INFO       245 →  250
2026-05-20 11:37:28  INFO       255 →  260
2026-05-20 11:37:28  INFO       265 →  270
2026-05-20 11:37:28  INFO       275 →  280
2026-05-20 11:37:28  INFO       285 →  290
2026-05-20 11:37:28  INFO       295 →  300
2026-05-20 11:37:28  INFO  ----------------------------------------------------------------------
2026-05-20 11:37:28  INFO  DRS pair 1/30: epoch 5 → 10
2026-05-20 11:37:28  INFO      Training probe on current epoch activations...
2026-05-20 11:37:29  INFO      Training probe on previous epoch activations...
2026-05-20 11:37:29  INFO      Evaluating agreement across 500 planes...
2026-05-20 11:37:31  INFO    Pair 1/30  epoch    5 →   10  DRS = 0.7103  change = 0.2897  below_tau = no 
2026-05-20 11:37:31  INFO  DRS pair 2/30: epoch 15 → 20
2026-05-20 11:37:31  INFO      Training probe on current epoch activations...
2026-05-20 11:37:32  INFO      Training probe on previous epoch activations...
2026-05-20 11:37:32  INFO      Evaluating agreement across 500 planes...
2026-05-20 11:37:34  INFO    Pair 2/30  epoch   15 →   20  DRS = 0.8178  change = 0.1822  below_tau = no 
2026-05-20 11:37:34  INFO  DRS pair 3/30: epoch 25 → 30
2026-05-20 11:37:34  INFO      Training probe on current epoch activations...
2026-05-20 11:37:34  INFO      Training probe on previous epoch activations...
2026-05-20 11:37:34  INFO      Evaluating agreement across 500 planes...
2026-05-20 11:37:36  INFO    Pair 3/30  epoch   25 →   30  DRS = 0.8384  change = 0.1616  below_tau = no 
2026-05-20 11:37:36  INFO  DRS pair 4/30: epoch 35 → 40
2026-05-20 11:37:36  INFO      Training probe on current epoch activations...
2026-05-20 11:37:36  INFO      Training probe on previous epoch activations...
2026-05-20 11:37:36  INFO      Evaluating agreement across 500 planes...
2026-05-20 11:37:39  INFO    Pair 4/30  epoch   35 →   40  DRS = 0.8268  change = 0.1732  below_tau = no 
2026-05-20 11:37:39  INFO  DRS pair 5/30: epoch 45 → 50
2026-05-20 11:37:39  INFO      Training probe on current epoch activations...
2026-05-20 11:37:39  INFO      Training probe on previous epoch activations...
2026-05-20 11:37:39  INFO      Evaluating agreement across 500 planes...
2026-05-20 11:37:41  INFO    Pair 5/30  epoch   45 →   50  DRS = 0.7528  change = 0.2472  below_tau = no 
2026-05-20 11:37:41  INFO  DRS pair 6/30: epoch 55 → 60
2026-05-20 11:37:41  INFO      Training probe on current epoch activations...
2026-05-20 11:37:41  INFO      Training probe on previous epoch activations...
2026-05-20 11:37:41  INFO      Evaluating agreement across 500 planes...
2026-05-20 11:37:44  INFO    Pair 6/30  epoch   55 →   60  DRS = 0.8224  change = 0.1776  below_tau = no 
2026-05-20 11:37:44  INFO  DRS pair 7/30: epoch 65 → 70
2026-05-20 11:37:44  INFO      Training probe on current epoch activations...
2026-05-20 11:37:44  INFO      Training probe on previous epoch activations...
2026-05-20 11:37:44  INFO      Evaluating agreement across 500 planes...
2026-05-20 11:37:46  INFO    Pair 7/30  epoch   65 →   70  DRS = 0.8276  change = 0.1724  below_tau = no 
2026-05-20 11:37:46  INFO  DRS pair 8/30: epoch 75 → 80
2026-05-20 11:37:46  INFO      Training probe on current epoch activations...
2026-05-20 11:37:46  INFO      Training probe on previous epoch activations...
2026-05-20 11:37:46  INFO      Evaluating agreement across 500 planes...
2026-05-20 11:37:48  INFO    Pair 8/30  epoch   75 →   80  DRS = 0.8458  change = 0.1542  below_tau = no 
2026-05-20 11:37:48  INFO  DRS pair 9/30: epoch 85 → 90
2026-05-20 11:37:48  INFO      Training probe on current epoch activations...
2026-05-20 11:37:48  INFO      Training probe on previous epoch activations...
2026-05-20 11:37:48  INFO      Evaluating agreement across 500 planes...
2026-05-20 11:37:51  INFO    Pair 9/30  epoch   85 →   90  DRS = 0.8381  change = 0.1619  below_tau = no 
2026-05-20 11:37:51  INFO  DRS pair 10/30: epoch 95 → 100
2026-05-20 11:37:51  INFO      Training probe on current epoch activations...
2026-05-20 11:37:51  INFO      Training probe on previous epoch activations...
2026-05-20 11:37:51  INFO      Evaluating agreement across 500 planes...
2026-05-20 11:37:53  INFO    Pair 10/30  epoch   95 →  100  DRS = 0.8288  change = 0.1712  below_tau = no 
2026-05-20 11:37:53  INFO  DRS pair 11/30: epoch 105 → 110
2026-05-20 11:37:53  INFO      Training probe on current epoch activations...
2026-05-20 11:37:53  INFO      Training probe on previous epoch activations...
2026-05-20 11:37:53  INFO      Evaluating agreement across 500 planes...
2026-05-20 11:37:55  INFO    Pair 11/30  epoch  105 →  110  DRS = 0.8004  change = 0.1996  below_tau = no 
2026-05-20 11:37:55  INFO  DRS pair 12/30: epoch 115 → 120
2026-05-20 11:37:55  INFO      Training probe on current epoch activations...
2026-05-20 11:37:55  INFO      Training probe on previous epoch activations...
2026-05-20 11:37:56  INFO      Evaluating agreement across 500 planes...
2026-05-20 11:37:58  INFO    Pair 12/30  epoch  115 →  120  DRS = 0.8106  change = 0.1894  below_tau = no 
2026-05-20 11:37:58  INFO  DRS pair 13/30: epoch 125 → 130
2026-05-20 11:37:58  INFO      Training probe on current epoch activations...
2026-05-20 11:37:58  INFO      Training probe on previous epoch activations...
2026-05-20 11:37:58  INFO      Evaluating agreement across 500 planes...
2026-05-20 11:38:01  INFO    Pair 13/30  epoch  125 →  130  DRS = 0.7459  change = 0.2541  below_tau = no 
2026-05-20 11:38:01  INFO  DRS pair 14/30: epoch 135 → 140
2026-05-20 11:38:01  INFO      Training probe on current epoch activations...
2026-05-20 11:38:01  INFO      Training probe on previous epoch activations...
2026-05-20 11:38:01  INFO      Evaluating agreement across 500 planes...
2026-05-20 11:38:03  INFO    Pair 14/30  epoch  135 →  140  DRS = 0.8591  change = 0.1409  below_tau = no 
2026-05-20 11:38:03  INFO  DRS pair 15/30: epoch 145 → 150
2026-05-20 11:38:03  INFO      Training probe on current epoch activations...
2026-05-20 11:38:03  INFO      Training probe on previous epoch activations...
2026-05-20 11:38:03  INFO      Evaluating agreement across 500 planes...
2026-05-20 11:38:06  INFO    Pair 15/30  epoch  145 →  150  DRS = 0.8285  change = 0.1715  below_tau = no 
2026-05-20 11:38:06  INFO  DRS pair 16/30: epoch 155 → 160
2026-05-20 11:38:06  INFO      Training probe on current epoch activations...
2026-05-20 11:38:06  INFO      Training probe on previous epoch activations...
2026-05-20 11:38:06  INFO      Evaluating agreement across 500 planes...
2026-05-20 11:38:08  INFO    Pair 16/30  epoch  155 →  160  DRS = 0.8711  change = 0.1289  below_tau = no 
2026-05-20 11:38:08  INFO  DRS pair 17/30: epoch 165 → 170
2026-05-20 11:38:08  INFO      Training probe on current epoch activations...
2026-05-20 11:38:08  INFO      Training probe on previous epoch activations...
2026-05-20 11:38:08  INFO      Evaluating agreement across 500 planes...
2026-05-20 11:38:10  INFO    Pair 17/30  epoch  165 →  170  DRS = 0.8465  change = 0.1535  below_tau = no 
2026-05-20 11:38:10  INFO  DRS pair 18/30: epoch 175 → 180
2026-05-20 11:38:10  INFO      Training probe on current epoch activations...
2026-05-20 11:38:10  INFO      Training probe on previous epoch activations...
2026-05-20 11:38:10  INFO      Evaluating agreement across 500 planes...
2026-05-20 11:38:13  INFO    Pair 18/30  epoch  175 →  180  DRS = 0.8681  change = 0.1319  below_tau = no 
2026-05-20 11:38:13  INFO  DRS pair 19/30: epoch 185 → 190
2026-05-20 11:38:13  INFO      Training probe on current epoch activations...
2026-05-20 11:38:13  INFO      Training probe on previous epoch activations...
2026-05-20 11:38:13  INFO      Evaluating agreement across 500 planes...
2026-05-20 11:38:15  INFO    Pair 19/30  epoch  185 →  190  DRS = 0.8824  change = 0.1176  below_tau = no 
2026-05-20 11:38:15  INFO  DRS pair 20/30: epoch 195 → 200
2026-05-20 11:38:15  INFO      Training probe on current epoch activations...
2026-05-20 11:38:15  INFO      Training probe on previous epoch activations...
2026-05-20 11:38:16  INFO      Evaluating agreement across 500 planes...
2026-05-20 11:38:18  INFO    Pair 20/30  epoch  195 →  200  DRS = 0.8099  change = 0.1901  below_tau = no 
2026-05-20 11:38:18  INFO  DRS pair 21/30: epoch 205 → 210
2026-05-20 11:38:18  INFO      Training probe on current epoch activations...
2026-05-20 11:38:18  INFO      Training probe on previous epoch activations...
2026-05-20 11:38:18  INFO      Evaluating agreement across 500 planes...
2026-05-20 11:38:20  INFO    Pair 21/30  epoch  205 →  210  DRS = 0.8183  change = 0.1817  below_tau = no 
2026-05-20 11:38:20  INFO  DRS pair 22/30: epoch 215 → 220
2026-05-20 11:38:20  INFO      Training probe on current epoch activations...
2026-05-20 11:38:20  INFO      Training probe on previous epoch activations...
2026-05-20 11:38:20  INFO      Evaluating agreement across 500 planes...
2026-05-20 11:38:22  INFO    Pair 22/30  epoch  215 →  220  DRS = 0.8511  change = 0.1489  below_tau = no 
2026-05-20 11:38:22  INFO  DRS pair 23/30: epoch 225 → 230
2026-05-20 11:38:22  INFO      Training probe on current epoch activations...
2026-05-20 11:38:22  INFO      Training probe on previous epoch activations...
2026-05-20 11:38:22  INFO      Evaluating agreement across 500 planes...
2026-05-20 11:38:25  INFO    Pair 23/30  epoch  225 →  230  DRS = 0.8592  change = 0.1408  below_tau = no 
2026-05-20 11:38:25  INFO  DRS pair 24/30: epoch 235 → 240
2026-05-20 11:38:25  INFO      Training probe on current epoch activations...
2026-05-20 11:38:25  INFO      Training probe on previous epoch activations...
2026-05-20 11:38:25  INFO      Evaluating agreement across 500 planes...
2026-05-20 11:38:27  INFO    Pair 24/30  epoch  235 →  240  DRS = 0.8652  change = 0.1348  below_tau = no 
2026-05-20 11:38:27  INFO  DRS pair 25/30: epoch 245 → 250
2026-05-20 11:38:27  INFO      Training probe on current epoch activations...
2026-05-20 11:38:27  INFO      Training probe on previous epoch activations...
2026-05-20 11:38:27  INFO      Evaluating agreement across 500 planes...
2026-05-20 11:38:29  INFO    Pair 25/30  epoch  245 →  250  DRS = 0.8872  change = 0.1128  below_tau = no 
2026-05-20 11:38:29  INFO  DRS pair 26/30: epoch 255 → 260
2026-05-20 11:38:29  INFO      Training probe on current epoch activations...
2026-05-20 11:38:29  INFO      Training probe on previous epoch activations...
2026-05-20 11:38:30  INFO      Evaluating agreement across 500 planes...
2026-05-20 11:38:32  INFO    Pair 26/30  epoch  255 →  260  DRS = 0.8867  change = 0.1133  below_tau = no 
2026-05-20 11:38:32  INFO  DRS pair 27/30: epoch 265 → 270
2026-05-20 11:38:32  INFO      Training probe on current epoch activations...
2026-05-20 11:38:32  INFO      Training probe on previous epoch activations...
2026-05-20 11:38:32  INFO      Evaluating agreement across 500 planes...
2026-05-20 11:38:34  INFO    Pair 27/30  epoch  265 →  270  DRS = 0.9070  change = 0.0930  below_tau = no 
2026-05-20 11:38:34  INFO  DRS pair 28/30: epoch 275 → 280
2026-05-20 11:38:34  INFO      Training probe on current epoch activations...
2026-05-20 11:38:34  INFO      Training probe on previous epoch activations...
2026-05-20 11:38:35  INFO      Evaluating agreement across 500 planes...
2026-05-20 11:38:37  INFO    Pair 28/30  epoch  275 →  280  DRS = 0.9076  change = 0.0924  below_tau = no 
2026-05-20 11:38:37  INFO  DRS pair 29/30: epoch 285 → 290
2026-05-20 11:38:37  INFO      Training probe on current epoch activations...
2026-05-20 11:38:37  INFO      Training probe on previous epoch activations...
2026-05-20 11:38:37  INFO      Evaluating agreement across 500 planes...
2026-05-20 11:38:39  INFO    Pair 29/30  epoch  285 →  290  DRS = 0.9120  change = 0.0880  below_tau = no 
2026-05-20 11:38:39  INFO  DRS pair 30/30: epoch 295 → 300
2026-05-20 11:38:39  INFO      Training probe on current epoch activations...
2026-05-20 11:38:39  INFO      Training probe on previous epoch activations...
2026-05-20 11:38:39  INFO      Evaluating agreement across 500 planes...
2026-05-20 11:38:42  INFO    Pair 30/30  epoch  295 →  300  DRS = 0.8991  change = 0.1009  below_tau = no 
2026-05-20 11:38:42  INFO  ----------------------------------------------------------------------
2026-05-20 11:38:42  INFO  Saved DRS results (30 pairs) to: /local/data/gme101/results/seed_42/drs_results.csv
2026-05-20 11:38:42  INFO  Pairs below tau=0.02: 0 / 30
2026-05-20 11:38:42  INFO  ======================================================================
2026-05-20 11:38:42  INFO  DRS computation complete.
2026-05-20 11:38:42  INFO  ======================================================================
