2026-05-21 09:21:10  INFO  ======================================================================
2026-05-21 09:21:10  INFO  Stabilization Detection — (τ, K) Criterion
2026-05-21 09:21:10  INFO  ======================================================================
2026-05-21 09:21:10  INFO  Config:  configs/resnet18_cifar10.yaml
2026-05-21 09:21:10  INFO  τ (tau): 0.02   (change threshold; change = 1 − metric_value)
2026-05-21 09:21:10  INFO  K:       5    (consecutive below-τ pairs required to declare t*)
2026-05-21 09:21:10  INFO  CKA CSV: /local/data/gme101/results/seed_42/cka_results.csv
2026-05-21 09:21:10  INFO  DRS CSV: /local/data/gme101/results/seed_42/drs_results.csv
2026-05-21 09:21:10  INFO  ----------------------------------------------------------------------
2026-05-21 09:21:10  INFO  Loading CKA results...
2026-05-21 09:21:10  INFO    Loaded 59 CKA pairs.
2026-05-21 09:21:10  INFO    Pairs below τ=0.02: 8 / 59 (13.6%)
2026-05-21 09:21:10  INFO  ----------------------------------------------------------------------
2026-05-21 09:21:10  INFO  Loading DRS results (optional)...
2026-05-21 09:21:10  INFO    Loaded 30 DRS pairs.
2026-05-21 09:21:10  INFO    Pairs below τ=0.02: 0 / 30 (0.0%)
2026-05-21 09:21:10  INFO  ----------------------------------------------------------------------
2026-05-21 09:21:10  INFO  Running stabilization detection on CKA (τ=0.02, K=5)...
2026-05-21 09:21:10  INFO    CKA stabilization detected at epoch t* = 285
2026-05-21 09:21:10  INFO    CKA pairs (τ=0.02, K=5, detected t*=285):
2026-05-21 09:21:10  INFO    epoch_prev  epoch_curr    change  below_τ  consec  trigger
2026-05-21 09:21:10  INFO    ------------------------------------------------------------
2026-05-21 09:21:10  INFO             5          10    0.1983      no        0        0
2026-05-21 09:21:10  INFO            10          15    0.1949      no        0        0
2026-05-21 09:21:10  INFO            15          20    0.1617      no        0        0
2026-05-21 09:21:10  INFO            20          25    0.2142      no        0        0
2026-05-21 09:21:10  INFO            25          30    0.2869      no        0        0
2026-05-21 09:21:10  INFO            30          35    0.2338      no        0        0
2026-05-21 09:21:10  INFO            35          40    0.1970      no        0        0
2026-05-21 09:21:10  INFO            40          45    0.1979      no        0        0
2026-05-21 09:21:10  INFO            45          50    0.1700      no        0        0
2026-05-21 09:21:10  INFO            50          55    0.1760      no        0        0
2026-05-21 09:21:10  INFO            55          60    0.2512      no        0        0
2026-05-21 09:21:10  INFO            60          65    0.2130      no        0        0
2026-05-21 09:21:10  INFO            65          70    0.1752      no        0        0
2026-05-21 09:21:10  INFO            70          75    0.1687      no        0        0
2026-05-21 09:21:10  INFO            75          80    0.1973      no        0        0
2026-05-21 09:21:10  INFO            80          85    0.1942      no        0        0
2026-05-21 09:21:10  INFO            85          90    0.1532      no        0        0
2026-05-21 09:21:10  INFO            90          95    0.2476      no        0        0
2026-05-21 09:21:10  INFO            95         100    0.2326      no        0        0
2026-05-21 09:21:10  INFO           100         105    0.2562      no        0        0
2026-05-21 09:21:10  INFO           105         110    0.2150      no        0        0
2026-05-21 09:21:10  INFO           110         115    0.1705      no        0        0
2026-05-21 09:21:10  INFO           115         120    0.1774      no        0        0
2026-05-21 09:21:10  INFO           120         125    0.1885      no        0        0
2026-05-21 09:21:10  INFO           125         130    0.1985      no        0        0
2026-05-21 09:21:10  INFO           130         135    0.1849      no        0        0
2026-05-21 09:21:10  INFO           135         140    0.1486      no        0        0
2026-05-21 09:21:10  INFO           140         145    0.1607      no        0        0
2026-05-21 09:21:10  INFO           145         150    0.1870      no        0        0
2026-05-21 09:21:10  INFO           150         155    0.1650      no        0        0
2026-05-21 09:21:10  INFO           155         160    0.1734      no        0        0
2026-05-21 09:21:10  INFO           160         165    0.1720      no        0        0
2026-05-21 09:21:10  INFO           165         170    0.1591      no        0        0
2026-05-21 09:21:10  INFO           170         175    0.1494      no        0        0
2026-05-21 09:21:10  INFO           175         180    0.1296      no        0        0
2026-05-21 09:21:10  INFO           180         185    0.1617      no        0        0
2026-05-21 09:21:10  INFO           185         190    0.1521      no        0        0
2026-05-21 09:21:10  INFO           190         195    0.1284      no        0        0
2026-05-21 09:21:10  INFO           195         200    0.1425      no        0        0
2026-05-21 09:21:10  INFO           200         205    0.1603      no        0        0
2026-05-21 09:21:10  INFO           205         210    0.1734      no        0        0
2026-05-21 09:21:10  INFO           210         215    0.1305      no        0        0
2026-05-21 09:21:10  INFO           215         220    0.1261      no        0        0
2026-05-21 09:21:10  INFO           220         225    0.1282      no        0        0
2026-05-21 09:21:10  INFO           225         230    0.1056      no        0        0
2026-05-21 09:21:10  INFO           230         235    0.0898      no        0        0
2026-05-21 09:21:10  INFO           235         240    0.0931      no        0        0
2026-05-21 09:21:10  INFO           240         245    0.0876      no        0        0
2026-05-21 09:21:10  INFO           245         250    0.0542      no        0        0
2026-05-21 09:21:10  INFO           250         255    0.0376      no        0        0
2026-05-21 09:21:10  INFO           255         260    0.0250      no        0        0
2026-05-21 09:21:10  INFO           260         265    0.0085      YES       1        0
2026-05-21 09:21:10  INFO           265         270    0.0041      YES       2        0
2026-05-21 09:21:10  INFO           270         275    0.0026      YES       3        0
2026-05-21 09:21:10  INFO           275         280    0.0017      YES       4        0
2026-05-21 09:21:10  INFO           280         285    0.0005      YES       5        1 ← t*
2026-05-21 09:21:10  INFO           285         290    0.0006      YES       6        0
2026-05-21 09:21:10  INFO           290         295    0.0006      YES       7        0
2026-05-21 09:21:10  INFO           295         300    0.0006      YES       8        0
2026-05-21 09:21:10  INFO  ----------------------------------------------------------------------
2026-05-21 09:21:10  INFO  Running stabilization detection on DRS (τ=0.02, K=5)...
2026-05-21 09:21:10  INFO    DRS stabilization NOT detected (K=5 consecutive below-τ pairs never accumulated)
2026-05-21 09:21:10  INFO    DRS pairs (τ=0.02, K=5, detected t*=None):
2026-05-21 09:21:10  INFO    epoch_prev  epoch_curr    change  below_τ  consec  trigger
2026-05-21 09:21:10  INFO    ------------------------------------------------------------
2026-05-21 09:21:10  INFO             5          10    0.2897      no        0        0
2026-05-21 09:21:10  INFO            15          20    0.1822      no        0        0
2026-05-21 09:21:10  INFO            25          30    0.1616      no        0        0
2026-05-21 09:21:10  INFO            35          40    0.1732      no        0        0
2026-05-21 09:21:10  INFO            45          50    0.2472      no        0        0
2026-05-21 09:21:10  INFO            55          60    0.1776      no        0        0
2026-05-21 09:21:10  INFO            65          70    0.1724      no        0        0
2026-05-21 09:21:10  INFO            75          80    0.1542      no        0        0
2026-05-21 09:21:10  INFO            85          90    0.1619      no        0        0
2026-05-21 09:21:10  INFO            95         100    0.1712      no        0        0
2026-05-21 09:21:10  INFO           105         110    0.1996      no        0        0
2026-05-21 09:21:10  INFO           115         120    0.1894      no        0        0
2026-05-21 09:21:10  INFO           125         130    0.2541      no        0        0
2026-05-21 09:21:10  INFO           135         140    0.1409      no        0        0
2026-05-21 09:21:10  INFO           145         150    0.1715      no        0        0
2026-05-21 09:21:10  INFO           155         160    0.1289      no        0        0
2026-05-21 09:21:10  INFO           165         170    0.1535      no        0        0
2026-05-21 09:21:10  INFO           175         180    0.1319      no        0        0
2026-05-21 09:21:10  INFO           185         190    0.1176      no        0        0
2026-05-21 09:21:10  INFO           195         200    0.1901      no        0        0
2026-05-21 09:21:10  INFO           205         210    0.1817      no        0        0
2026-05-21 09:21:10  INFO           215         220    0.1489      no        0        0
2026-05-21 09:21:10  INFO           225         230    0.1408      no        0        0
2026-05-21 09:21:10  INFO           235         240    0.1348      no        0        0
2026-05-21 09:21:10  INFO           245         250    0.1128      no        0        0
2026-05-21 09:21:10  INFO           255         260    0.1133      no        0        0
2026-05-21 09:21:10  INFO           265         270    0.0930      no        0        0
2026-05-21 09:21:10  INFO           275         280    0.0924      no        0        0
2026-05-21 09:21:10  INFO           285         290    0.0880      no        0        0
2026-05-21 09:21:10  INFO           295         300    0.1009      no        0        0
2026-05-21 09:21:10  INFO  ----------------------------------------------------------------------
2026-05-21 09:21:10  INFO  Computing joint t*...
2026-05-21 09:21:10  WARNING  DRS stabilization not detected but CKA detected t*=285. Joint t* cannot be declared — DRS is still changing. This may mean training has not run long enough for K DRS pairs to accumulate.
2026-05-21 09:21:10  INFO    t*_CKA   = 285
2026-05-21 09:21:10  INFO    t*_DRS   = None
2026-05-21 09:21:10  INFO    t*_JOINT = None
2026-05-21 09:21:10  INFO  ----------------------------------------------------------------------
2026-05-21 09:21:10  INFO  Saving annotated results...
2026-05-21 09:21:10  INFO    Saved annotated pairs to: /local/data/gme101/results/seed_42/stabilization_cka.csv
2026-05-21 09:21:10  INFO    Saved annotated pairs to: /local/data/gme101/results/seed_42/stabilization_drs.csv
2026-05-21 09:21:10  INFO    Saved summary to: /local/data/gme101/results/seed_42/stabilization_summary.csv
2026-05-21 09:21:10  INFO  ======================================================================
2026-05-21 09:21:10  INFO  RECOMMENDATION
2026-05-21 09:21:10  INFO  ======================================================================
2026-05-21 09:21:10  INFO  Stabilization NOT detected within the available training data.
2026-05-21 09:21:10  INFO  
2026-05-21 09:21:10  INFO    Possible causes:
2026-05-21 09:21:10  INFO      - Training may not have run long enough (increase epochs)
2026-05-21 09:21:10  INFO      - τ or K may need adjustment — check the annotated pair CSVs to see how close the metrics came to satisfying the criterion
2026-05-21 09:21:10  INFO      - The representation may genuinely not stabilize (this is also a finding)
2026-05-21 09:21:10  INFO  ======================================================================
