2026-05-22 14:07:38  INFO  ======================================================================
2026-05-22 14:07:38  INFO  CKA Computation — Representation Stabilization
2026-05-22 14:07:38  INFO  ======================================================================
2026-05-22 14:07:38  INFO  Config:          configs/resnet18_cifar10_steplr.yaml
2026-05-22 14:07:38  INFO  Activations dir: /local/data/gme101/activations_steplr/seed_1
2026-05-22 14:07:38  INFO  Results dir:     /local/data/gme101/results_steplr/seed_1
2026-05-22 14:07:38  INFO  Seed: 1
2026-05-22 14:07:38  INFO  Mode: consecutive
2026-05-22 14:07:38  INFO  Stabilization threshold tau = 0.02
2026-05-22 14:07:38  INFO  Found 60 activation files in '/local/data/gme101/activations_steplr/seed_1'
2026-05-22 14:07:38  INFO  Epoch range: 5 to 300
2026-05-22 14:07:38  INFO  Number of CKA pairs to compute: 59
2026-05-22 14:07:38  INFO  ----------------------------------------------------------------------
2026-05-22 14:07:38  INFO    Pair   1/59  epoch    5 →   10  CKA = 0.7043  change = 0.2957  below_tau = no 
2026-05-22 14:07:38  INFO    Pair   2/59  epoch   10 →   15  CKA = 0.7693  change = 0.2307  below_tau = no 
2026-05-22 14:07:38  INFO    Pair   3/59  epoch   15 →   20  CKA = 0.8134  change = 0.1866  below_tau = no 
2026-05-22 14:07:38  INFO    Pair   4/59  epoch   20 →   25  CKA = 0.8075  change = 0.1925  below_tau = no 
2026-05-22 14:07:38  INFO    Pair   5/59  epoch   25 →   30  CKA = 0.8051  change = 0.1949  below_tau = no 
2026-05-22 14:07:38  INFO    Pair   6/59  epoch   30 →   35  CKA = 0.8246  change = 0.1754  below_tau = no 
2026-05-22 14:07:38  INFO    Pair   7/59  epoch   35 →   40  CKA = 0.8421  change = 0.1579  below_tau = no 
2026-05-22 14:07:38  INFO    Pair   8/59  epoch   40 →   45  CKA = 0.8355  change = 0.1645  below_tau = no 
2026-05-22 14:07:38  INFO    Pair   9/59  epoch   45 →   50  CKA = 0.7144  change = 0.2856  below_tau = no 
2026-05-22 14:07:38  INFO    Pair  10/59  epoch   50 →   55  CKA = 0.7728  change = 0.2272  below_tau = no 
2026-05-22 14:07:38  INFO    Pair  11/59  epoch   55 →   60  CKA = 0.8190  change = 0.1810  below_tau = no 
2026-05-22 14:07:38  INFO    Pair  12/59  epoch   60 →   65  CKA = 0.7891  change = 0.2109  below_tau = no 
2026-05-22 14:07:38  INFO    Pair  13/59  epoch   65 →   70  CKA = 0.7689  change = 0.2311  below_tau = no 
2026-05-22 14:07:38  INFO    Pair  14/59  epoch   70 →   75  CKA = 0.7839  change = 0.2161  below_tau = no 
2026-05-22 14:07:38  INFO    Pair  15/59  epoch   75 →   80  CKA = 0.8181  change = 0.1819  below_tau = no 
2026-05-22 14:07:38  INFO    Pair  16/59  epoch   80 →   85  CKA = 0.8030  change = 0.1970  below_tau = no 
2026-05-22 14:07:38  INFO    Pair  17/59  epoch   85 →   90  CKA = 0.8152  change = 0.1848  below_tau = no 
2026-05-22 14:07:38  INFO    Pair  18/59  epoch   90 →   95  CKA = 0.8496  change = 0.1504  below_tau = no 
2026-05-22 14:07:38  INFO    Pair  19/59  epoch   95 →  100  CKA = 0.8221  change = 0.1779  below_tau = no 
2026-05-22 14:07:38  INFO    Pair  20/59  epoch  100 →  105  CKA = 0.8417  change = 0.1583  below_tau = no 
2026-05-22 14:07:38  INFO    Pair  21/59  epoch  105 →  110  CKA = 0.9688  change = 0.0312  below_tau = no 
2026-05-22 14:07:38  INFO    Pair  22/59  epoch  110 →  115  CKA = 0.9607  change = 0.0393  below_tau = no 
2026-05-22 14:07:38  INFO    Pair  23/59  epoch  115 →  120  CKA = 0.9438  change = 0.0562  below_tau = no 
2026-05-22 14:07:38  INFO    Pair  24/59  epoch  120 →  125  CKA = 0.9400  change = 0.0600  below_tau = no 
2026-05-22 14:07:38  INFO    Pair  25/59  epoch  125 →  130  CKA = 0.9315  change = 0.0685  below_tau = no 
2026-05-22 14:07:38  INFO    Pair  26/59  epoch  130 →  135  CKA = 0.9295  change = 0.0705  below_tau = no 
2026-05-22 14:07:38  INFO    Pair  27/59  epoch  135 →  140  CKA = 0.9159  change = 0.0841  below_tau = no 
2026-05-22 14:07:39  INFO    Pair  28/59  epoch  140 →  145  CKA = 0.9064  change = 0.0936  below_tau = no 
2026-05-22 14:07:39  INFO    Pair  29/59  epoch  145 →  150  CKA = 0.9057  change = 0.0943  below_tau = no 
2026-05-22 14:07:39  INFO    Pair  30/59  epoch  150 →  155  CKA = 0.8930  change = 0.1070  below_tau = no 
2026-05-22 14:07:39  INFO    Pair  31/59  epoch  155 →  160  CKA = 0.8866  change = 0.1134  below_tau = no 
2026-05-22 14:07:39  INFO    Pair  32/59  epoch  160 →  165  CKA = 0.9035  change = 0.0965  below_tau = no 
2026-05-22 14:07:39  INFO    Pair  33/59  epoch  165 →  170  CKA = 0.8872  change = 0.1128  below_tau = no 
2026-05-22 14:07:39  INFO    Pair  34/59  epoch  170 →  175  CKA = 0.8895  change = 0.1105  below_tau = no 
2026-05-22 14:07:39  INFO    Pair  35/59  epoch  175 →  180  CKA = 0.8908  change = 0.1092  below_tau = no 
2026-05-22 14:07:39  INFO    Pair  36/59  epoch  180 →  185  CKA = 0.9013  change = 0.0987  below_tau = no 
2026-05-22 14:07:39  INFO    Pair  37/59  epoch  185 →  190  CKA = 0.8981  change = 0.1019  below_tau = no 
2026-05-22 14:07:39  INFO    Pair  38/59  epoch  190 →  195  CKA = 0.8910  change = 0.1090  below_tau = no 
2026-05-22 14:07:39  INFO    Pair  39/59  epoch  195 →  200  CKA = 0.8765  change = 0.1235  below_tau = no 
2026-05-22 14:07:39  INFO    Pair  40/59  epoch  200 →  205  CKA = 0.9434  change = 0.0566  below_tau = no 
2026-05-22 14:07:39  INFO    Pair  41/59  epoch  205 →  210  CKA = 0.9965  change = 0.0035  below_tau = YES
2026-05-22 14:07:39  INFO    Pair  42/59  epoch  210 →  215  CKA = 0.9979  change = 0.0021  below_tau = YES
2026-05-22 14:07:39  INFO    Pair  43/59  epoch  215 →  220  CKA = 0.9982  change = 0.0018  below_tau = YES
2026-05-22 14:07:39  INFO    Pair  44/59  epoch  220 →  225  CKA = 0.9984  change = 0.0016  below_tau = YES
2026-05-22 14:07:39  INFO    Pair  45/59  epoch  225 →  230  CKA = 0.9985  change = 0.0015  below_tau = YES
2026-05-22 14:07:39  INFO    Pair  46/59  epoch  230 →  235  CKA = 0.9986  change = 0.0014  below_tau = YES
2026-05-22 14:07:39  INFO    Pair  47/59  epoch  235 →  240  CKA = 0.9988  change = 0.0012  below_tau = YES
2026-05-22 14:07:39  INFO    Pair  48/59  epoch  240 →  245  CKA = 0.9988  change = 0.0012  below_tau = YES
2026-05-22 14:07:39  INFO    Pair  49/59  epoch  245 →  250  CKA = 0.9989  change = 0.0011  below_tau = YES
2026-05-22 14:07:39  INFO    Pair  50/59  epoch  250 →  255  CKA = 0.9989  change = 0.0011  below_tau = YES
2026-05-22 14:07:39  INFO    Pair  51/59  epoch  255 →  260  CKA = 0.9987  change = 0.0013  below_tau = YES
2026-05-22 14:07:39  INFO    Pair  52/59  epoch  260 →  265  CKA = 0.9985  change = 0.0015  below_tau = YES
2026-05-22 14:07:39  INFO    Pair  53/59  epoch  265 →  270  CKA = 0.9990  change = 0.0010  below_tau = YES
2026-05-22 14:07:39  INFO    Pair  54/59  epoch  270 →  275  CKA = 0.9988  change = 0.0012  below_tau = YES
2026-05-22 14:07:39  INFO    Pair  55/59  epoch  275 →  280  CKA = 0.9980  change = 0.0020  below_tau = YES
2026-05-22 14:07:39  INFO    Pair  56/59  epoch  280 →  285  CKA = 0.9989  change = 0.0011  below_tau = YES
2026-05-22 14:07:40  INFO    Pair  57/59  epoch  285 →  290  CKA = 0.9989  change = 0.0011  below_tau = YES
2026-05-22 14:07:40  INFO    Pair  58/59  epoch  290 →  295  CKA = 0.9989  change = 0.0011  below_tau = YES
2026-05-22 14:07:40  INFO    Pair  59/59  epoch  295 →  300  CKA = 0.9986  change = 0.0014  below_tau = YES
2026-05-22 14:07:40  INFO  ----------------------------------------------------------------------
2026-05-22 14:07:40  INFO  Saved CKA results (59 pairs) to: /local/data/gme101/results_steplr/seed_1/cka_results.csv
2026-05-22 14:07:40  INFO  Pairs below tau=0.02: 19 / 59
2026-05-22 14:07:40  INFO  ======================================================================
2026-05-22 14:07:40  INFO  CKA computation complete.
2026-05-22 14:07:40  INFO  ======================================================================
