2026-05-22 14:07:40  INFO  ======================================================================
2026-05-22 14:07:40  INFO  DRS Computation — Representation Stabilization
2026-05-22 14:07:40  INFO  ======================================================================
2026-05-22 14:07:40  INFO  Config:          configs/resnet18_cifar10_steplr.yaml
2026-05-22 14:07:40  INFO  Activations dir: /local/data/gme101/activations_steplr/seed_1
2026-05-22 14:07:40  INFO  Results dir:     /local/data/gme101/results_steplr/seed_1
2026-05-22 14:07:40  INFO  Device:          cuda
2026-05-22 14:07:40  INFO  GPU: NVIDIA L4
2026-05-22 14:07:40  INFO  Seed: 1
2026-05-22 14:07:40  INFO  DRS config: n_planes=500, n_points_per_plane=2500
2026-05-22 14:07:40  INFO  DRS config: probe_epochs=10, probe_lr=0.0001
2026-05-22 14:07:40  INFO  DRS config: compute_freq=10, tau=0.02
2026-05-22 14:07:40  INFO  Extraction labels: 2040 samples (204 per class)
2026-05-22 14:07:40  INFO  Saved plane triplets (500 triplets) to: /local/data/gme101/results_steplr/seed_1/drs_plane_triplets.npy
2026-05-22 14:07:40  INFO  Found 60 activation files in '/local/data/gme101/activations_steplr/seed_1'
2026-05-22 14:07:40  INFO  DRS-eligible pairs (epoch_curr % 10 == 0): 30
2026-05-22 14:07:40  INFO         5 →   10
2026-05-22 14:07:40  INFO        15 →   20
2026-05-22 14:07:40  INFO        25 →   30
2026-05-22 14:07:40  INFO        35 →   40
2026-05-22 14:07:40  INFO        45 →   50
2026-05-22 14:07:40  INFO        55 →   60
2026-05-22 14:07:40  INFO        65 →   70
2026-05-22 14:07:40  INFO        75 →   80
2026-05-22 14:07:40  INFO        85 →   90
2026-05-22 14:07:40  INFO        95 →  100
2026-05-22 14:07:40  INFO       105 →  110
2026-05-22 14:07:40  INFO       115 →  120
2026-05-22 14:07:40  INFO       125 →  130
2026-05-22 14:07:40  INFO       135 →  140
2026-05-22 14:07:40  INFO       145 →  150
2026-05-22 14:07:40  INFO       155 →  160
2026-05-22 14:07:40  INFO       165 →  170
2026-05-22 14:07:40  INFO       175 →  180
2026-05-22 14:07:40  INFO       185 →  190
2026-05-22 14:07:40  INFO       195 →  200
2026-05-22 14:07:40  INFO       205 →  210
2026-05-22 14:07:40  INFO       215 →  220
2026-05-22 14:07:40  INFO       225 →  230
2026-05-22 14:07:40  INFO       235 →  240
2026-05-22 14:07:40  INFO       245 →  250
2026-05-22 14:07:40  INFO       255 →  260
2026-05-22 14:07:40  INFO       265 →  270
2026-05-22 14:07:40  INFO       275 →  280
2026-05-22 14:07:40  INFO       285 →  290
2026-05-22 14:07:40  INFO       295 →  300
2026-05-22 14:07:40  INFO  ----------------------------------------------------------------------
2026-05-22 14:07:40  INFO  DRS pair 1/30: epoch 5 → 10
2026-05-22 14:07:40  INFO      Training probe on current epoch activations...
2026-05-22 14:07:41  INFO      Training probe on previous epoch activations...
2026-05-22 14:07:41  INFO      Evaluating agreement across 500 planes...
2026-05-22 14:07:43  INFO    Pair 1/30  epoch    5 →   10  DRS = 0.6866  change = 0.3134  below_tau = no 
2026-05-22 14:07:43  INFO  DRS pair 2/30: epoch 15 → 20
2026-05-22 14:07:43  INFO      Training probe on current epoch activations...
2026-05-22 14:07:43  INFO      Training probe on previous epoch activations...
2026-05-22 14:07:43  INFO      Evaluating agreement across 500 planes...
2026-05-22 14:07:45  INFO    Pair 2/30  epoch   15 →   20  DRS = 0.7973  change = 0.2027  below_tau = no 
2026-05-22 14:07:45  INFO  DRS pair 3/30: epoch 25 → 30
2026-05-22 14:07:45  INFO      Training probe on current epoch activations...
2026-05-22 14:07:46  INFO      Training probe on previous epoch activations...
2026-05-22 14:07:46  INFO      Evaluating agreement across 500 planes...
2026-05-22 14:07:48  INFO    Pair 3/30  epoch   25 →   30  DRS = 0.8343  change = 0.1657  below_tau = no 
2026-05-22 14:07:48  INFO  DRS pair 4/30: epoch 35 → 40
2026-05-22 14:07:48  INFO      Training probe on current epoch activations...
2026-05-22 14:07:48  INFO      Training probe on previous epoch activations...
2026-05-22 14:07:48  INFO      Evaluating agreement across 500 planes...
2026-05-22 14:07:51  INFO    Pair 4/30  epoch   35 →   40  DRS = 0.8067  change = 0.1933  below_tau = no 
2026-05-22 14:07:51  INFO  DRS pair 5/30: epoch 45 → 50
2026-05-22 14:07:51  INFO      Training probe on current epoch activations...
2026-05-22 14:07:51  INFO      Training probe on previous epoch activations...
2026-05-22 14:07:51  INFO      Evaluating agreement across 500 planes...
2026-05-22 14:07:53  INFO    Pair 5/30  epoch   45 →   50  DRS = 0.7701  change = 0.2299  below_tau = no 
2026-05-22 14:07:53  INFO  DRS pair 6/30: epoch 55 → 60
2026-05-22 14:07:53  INFO      Training probe on current epoch activations...
2026-05-22 14:07:53  INFO      Training probe on previous epoch activations...
2026-05-22 14:07:53  INFO      Evaluating agreement across 500 planes...
2026-05-22 14:07:55  INFO    Pair 6/30  epoch   55 →   60  DRS = 0.8194  change = 0.1806  below_tau = no 
2026-05-22 14:07:55  INFO  DRS pair 7/30: epoch 65 → 70
2026-05-22 14:07:55  INFO      Training probe on current epoch activations...
2026-05-22 14:07:55  INFO      Training probe on previous epoch activations...
2026-05-22 14:07:55  INFO      Evaluating agreement across 500 planes...
2026-05-22 14:07:57  INFO    Pair 7/30  epoch   65 →   70  DRS = 0.7836  change = 0.2164  below_tau = no 
2026-05-22 14:07:57  INFO  DRS pair 8/30: epoch 75 → 80
2026-05-22 14:07:57  INFO      Training probe on current epoch activations...
2026-05-22 14:07:57  INFO      Training probe on previous epoch activations...
2026-05-22 14:07:57  INFO      Evaluating agreement across 500 planes...
2026-05-22 14:07:59  INFO    Pair 8/30  epoch   75 →   80  DRS = 0.8500  change = 0.1500  below_tau = no 
2026-05-22 14:07:59  INFO  DRS pair 9/30: epoch 85 → 90
2026-05-22 14:07:59  INFO      Training probe on current epoch activations...
2026-05-22 14:07:59  INFO      Training probe on previous epoch activations...
2026-05-22 14:07:59  INFO      Evaluating agreement across 500 planes...
2026-05-22 14:08:01  INFO    Pair 9/30  epoch   85 →   90  DRS = 0.8270  change = 0.1730  below_tau = no 
2026-05-22 14:08:01  INFO  DRS pair 10/30: epoch 95 → 100
2026-05-22 14:08:01  INFO      Training probe on current epoch activations...
2026-05-22 14:08:01  INFO      Training probe on previous epoch activations...
2026-05-22 14:08:01  INFO      Evaluating agreement across 500 planes...
2026-05-22 14:08:03  INFO    Pair 10/30  epoch   95 →  100  DRS = 0.8209  change = 0.1791  below_tau = no 
2026-05-22 14:08:03  INFO  DRS pair 11/30: epoch 105 → 110
2026-05-22 14:08:04  INFO      Training probe on current epoch activations...
2026-05-22 14:08:04  INFO      Training probe on previous epoch activations...
2026-05-22 14:08:04  INFO      Evaluating agreement across 500 planes...
2026-05-22 14:08:06  INFO    Pair 11/30  epoch  105 →  110  DRS = 0.8691  change = 0.1309  below_tau = no 
2026-05-22 14:08:06  INFO  DRS pair 12/30: epoch 115 → 120
2026-05-22 14:08:06  INFO      Training probe on current epoch activations...
2026-05-22 14:08:06  INFO      Training probe on previous epoch activations...
2026-05-22 14:08:06  INFO      Evaluating agreement across 500 planes...
2026-05-22 14:08:08  INFO    Pair 12/30  epoch  115 →  120  DRS = 0.8733  change = 0.1267  below_tau = no 
2026-05-22 14:08:08  INFO  DRS pair 13/30: epoch 125 → 130
2026-05-22 14:08:08  INFO      Training probe on current epoch activations...
2026-05-22 14:08:08  INFO      Training probe on previous epoch activations...
2026-05-22 14:08:08  INFO      Evaluating agreement across 500 planes...
2026-05-22 14:08:10  INFO    Pair 13/30  epoch  125 →  130  DRS = 0.8852  change = 0.1148  below_tau = no 
2026-05-22 14:08:10  INFO  DRS pair 14/30: epoch 135 → 140
2026-05-22 14:08:10  INFO      Training probe on current epoch activations...
2026-05-22 14:08:10  INFO      Training probe on previous epoch activations...
2026-05-22 14:08:10  INFO      Evaluating agreement across 500 planes...
2026-05-22 14:08:12  INFO    Pair 14/30  epoch  135 →  140  DRS = 0.9149  change = 0.0851  below_tau = no 
2026-05-22 14:08:12  INFO  DRS pair 15/30: epoch 145 → 150
2026-05-22 14:08:12  INFO      Training probe on current epoch activations...
2026-05-22 14:08:12  INFO      Training probe on previous epoch activations...
2026-05-22 14:08:12  INFO      Evaluating agreement across 500 planes...
2026-05-22 14:08:14  INFO    Pair 15/30  epoch  145 →  150  DRS = 0.8815  change = 0.1185  below_tau = no 
2026-05-22 14:08:14  INFO  DRS pair 16/30: epoch 155 → 160
2026-05-22 14:08:14  INFO      Training probe on current epoch activations...
2026-05-22 14:08:14  INFO      Training probe on previous epoch activations...
2026-05-22 14:08:14  INFO      Evaluating agreement across 500 planes...
2026-05-22 14:08:16  INFO    Pair 16/30  epoch  155 →  160  DRS = 0.9004  change = 0.0996  below_tau = no 
2026-05-22 14:08:16  INFO  DRS pair 17/30: epoch 165 → 170
2026-05-22 14:08:16  INFO      Training probe on current epoch activations...
2026-05-22 14:08:16  INFO      Training probe on previous epoch activations...
2026-05-22 14:08:16  INFO      Evaluating agreement across 500 planes...
2026-05-22 14:08:19  INFO    Pair 17/30  epoch  165 →  170  DRS = 0.8736  change = 0.1264  below_tau = no 
2026-05-22 14:08:19  INFO  DRS pair 18/30: epoch 175 → 180
2026-05-22 14:08:19  INFO      Training probe on current epoch activations...
2026-05-22 14:08:19  INFO      Training probe on previous epoch activations...
2026-05-22 14:08:19  INFO      Evaluating agreement across 500 planes...
2026-05-22 14:08:21  INFO    Pair 18/30  epoch  175 →  180  DRS = 0.8802  change = 0.1198  below_tau = no 
2026-05-22 14:08:21  INFO  DRS pair 19/30: epoch 185 → 190
2026-05-22 14:08:21  INFO      Training probe on current epoch activations...
2026-05-22 14:08:21  INFO      Training probe on previous epoch activations...
2026-05-22 14:08:21  INFO      Evaluating agreement across 500 planes...
2026-05-22 14:08:23  INFO    Pair 19/30  epoch  185 →  190  DRS = 0.8563  change = 0.1437  below_tau = no 
2026-05-22 14:08:23  INFO  DRS pair 20/30: epoch 195 → 200
2026-05-22 14:08:23  INFO      Training probe on current epoch activations...
2026-05-22 14:08:23  INFO      Training probe on previous epoch activations...
2026-05-22 14:08:23  INFO      Evaluating agreement across 500 planes...
2026-05-22 14:08:25  INFO    Pair 20/30  epoch  195 →  200  DRS = 0.8796  change = 0.1204  below_tau = no 
2026-05-22 14:08:25  INFO  DRS pair 21/30: epoch 205 → 210
2026-05-22 14:08:25  INFO      Training probe on current epoch activations...
2026-05-22 14:08:26  INFO      Training probe on previous epoch activations...
2026-05-22 14:08:26  INFO      Evaluating agreement across 500 planes...
2026-05-22 14:08:28  INFO    Pair 21/30  epoch  205 →  210  DRS = 0.8448  change = 0.1552  below_tau = no 
2026-05-22 14:08:28  INFO  DRS pair 22/30: epoch 215 → 220
2026-05-22 14:08:28  INFO      Training probe on current epoch activations...
2026-05-22 14:08:28  INFO      Training probe on previous epoch activations...
2026-05-22 14:08:28  INFO      Evaluating agreement across 500 planes...
2026-05-22 14:08:30  INFO    Pair 22/30  epoch  215 →  220  DRS = 0.8801  change = 0.1199  below_tau = no 
2026-05-22 14:08:30  INFO  DRS pair 23/30: epoch 225 → 230
2026-05-22 14:08:30  INFO      Training probe on current epoch activations...
2026-05-22 14:08:30  INFO      Training probe on previous epoch activations...
2026-05-22 14:08:30  INFO      Evaluating agreement across 500 planes...
2026-05-22 14:08:33  INFO    Pair 23/30  epoch  225 →  230  DRS = 0.8867  change = 0.1133  below_tau = no 
2026-05-22 14:08:33  INFO  DRS pair 24/30: epoch 235 → 240
2026-05-22 14:08:33  INFO      Training probe on current epoch activations...
2026-05-22 14:08:33  INFO      Training probe on previous epoch activations...
2026-05-22 14:08:33  INFO      Evaluating agreement across 500 planes...
2026-05-22 14:08:35  INFO    Pair 24/30  epoch  235 →  240  DRS = 0.9014  change = 0.0986  below_tau = no 
2026-05-22 14:08:35  INFO  DRS pair 25/30: epoch 245 → 250
2026-05-22 14:08:35  INFO      Training probe on current epoch activations...
2026-05-22 14:08:35  INFO      Training probe on previous epoch activations...
2026-05-22 14:08:36  INFO      Evaluating agreement across 500 planes...
2026-05-22 14:08:38  INFO    Pair 25/30  epoch  245 →  250  DRS = 0.8631  change = 0.1369  below_tau = no 
2026-05-22 14:08:38  INFO  DRS pair 26/30: epoch 255 → 260
2026-05-22 14:08:38  INFO      Training probe on current epoch activations...
2026-05-22 14:08:38  INFO      Training probe on previous epoch activations...
2026-05-22 14:08:38  INFO      Evaluating agreement across 500 planes...
2026-05-22 14:08:40  INFO    Pair 26/30  epoch  255 →  260  DRS = 0.8892  change = 0.1108  below_tau = no 
2026-05-22 14:08:40  INFO  DRS pair 27/30: epoch 265 → 270
2026-05-22 14:08:40  INFO      Training probe on current epoch activations...
2026-05-22 14:08:40  INFO      Training probe on previous epoch activations...
2026-05-22 14:08:40  INFO      Evaluating agreement across 500 planes...
2026-05-22 14:08:42  INFO    Pair 27/30  epoch  265 →  270  DRS = 0.9054  change = 0.0946  below_tau = no 
2026-05-22 14:08:42  INFO  DRS pair 28/30: epoch 275 → 280
2026-05-22 14:08:42  INFO      Training probe on current epoch activations...
2026-05-22 14:08:42  INFO      Training probe on previous epoch activations...
2026-05-22 14:08:42  INFO      Evaluating agreement across 500 planes...
2026-05-22 14:08:44  INFO    Pair 28/30  epoch  275 →  280  DRS = 0.9166  change = 0.0834  below_tau = no 
2026-05-22 14:08:44  INFO  DRS pair 29/30: epoch 285 → 290
2026-05-22 14:08:44  INFO      Training probe on current epoch activations...
2026-05-22 14:08:44  INFO      Training probe on previous epoch activations...
2026-05-22 14:08:45  INFO      Evaluating agreement across 500 planes...
2026-05-22 14:08:47  INFO    Pair 29/30  epoch  285 →  290  DRS = 0.9113  change = 0.0887  below_tau = no 
2026-05-22 14:08:47  INFO  DRS pair 30/30: epoch 295 → 300
2026-05-22 14:08:47  INFO      Training probe on current epoch activations...
2026-05-22 14:08:47  INFO      Training probe on previous epoch activations...
2026-05-22 14:08:47  INFO      Evaluating agreement across 500 planes...
2026-05-22 14:08:49  INFO    Pair 30/30  epoch  295 →  300  DRS = 0.9174  change = 0.0826  below_tau = no 
2026-05-22 14:08:49  INFO  ----------------------------------------------------------------------
2026-05-22 14:08:49  INFO  Saved DRS results (30 pairs) to: /local/data/gme101/results_steplr/seed_1/drs_results.csv
2026-05-22 14:08:49  INFO  Pairs below tau=0.02: 0 / 30
2026-05-22 14:08:49  INFO  ======================================================================
2026-05-22 14:08:49  INFO  DRS computation complete.
2026-05-22 14:08:49  INFO  ======================================================================
