2026-05-22 20:45:38  INFO  ======================================================================
2026-05-22 20:45:38  INFO  Activation Extraction — Full Training and Test Sets
2026-05-22 20:45:38  INFO  ======================================================================
2026-05-22 20:45:38  INFO  Config:          configs/resnet18_cifar10_steplr.yaml
2026-05-22 20:45:38  INFO  Epoch to load:   230
2026-05-22 20:45:38  INFO  Checkpoint dir:  /local/data/gme101/checkpoints_steplr/seed_1
2026-05-22 20:45:38  INFO  Activations dir: /local/data/gme101/activations_steplr/seed_1
2026-05-22 20:45:38  INFO  Device: cuda
2026-05-22 20:45:38  INFO  GPU: NVIDIA L4
2026-05-22 20:45:38  INFO  Building model...
2026-05-22 20:45:38  INFO  Loaded checkpoint from epoch 230
2026-05-22 20:45:38  INFO    Checkpoint train_acc: 0.9999
2026-05-22 20:45:38  INFO    Checkpoint test_acc:  0.9511
2026-05-22 20:45:38  INFO  Building full train loader (no augmentation, no shuffle)...
2026-05-22 20:45:39  INFO    Train batches: 391
2026-05-22 20:45:39  INFO  Building full test loader...
2026-05-22 20:45:39  INFO    Test batches:  79
2026-05-22 20:45:39  INFO  ----------------------------------------------------------------------
2026-05-22 20:45:39  INFO  Extracting activations for full training set...
2026-05-22 20:45:43  INFO    Saved train activations: shape=(50000, 512)  path=/local/data/gme101/activations_steplr/seed_1/train_full_epoch_0230.npy
2026-05-22 20:45:43  INFO    Saved train labels:      shape=(50000,)  path=/local/data/gme101/activations_steplr/seed_1/train_labels.npy
2026-05-22 20:45:43  INFO  ----------------------------------------------------------------------
2026-05-22 20:45:43  INFO  Extracting activations for full test set...
2026-05-22 20:45:44  INFO    Saved test activations: shape=(10000, 512)  path=/local/data/gme101/activations_steplr/seed_1/test_full_epoch_0230.npy
2026-05-22 20:45:44  INFO    Saved test labels:      shape=(10000,)  path=/local/data/gme101/activations_steplr/seed_1/test_labels.npy
2026-05-22 20:45:44  INFO  ======================================================================
2026-05-22 20:45:44  INFO  Extraction complete.
2026-05-22 20:45:44  INFO    Train features: (50000, 512)
2026-05-22 20:45:44  INFO    Test features:  (10000, 512)
2026-05-22 20:45:44  INFO    Checkpoint network test accuracy at epoch 230: 0.9511
2026-05-22 20:45:44  INFO    Next step: run surrogates/linear_probe.py, lightgbm_probe.py, or rf_probe.py with --epoch same as above.
2026-05-22 20:45:44  INFO  ======================================================================
