2026-05-22 14:08:50  INFO  ======================================================================
2026-05-22 14:08:50  INFO  Stabilization Detection — (τ, K) Criterion
2026-05-22 14:08:50  INFO  ======================================================================
2026-05-22 14:08:50  INFO  Config:  configs/resnet18_cifar10_steplr.yaml
2026-05-22 14:08:50  INFO  τ (tau): 0.02   (change threshold; change = 1 − metric_value)
2026-05-22 14:08:50  INFO  K:       5    (consecutive below-τ pairs required to declare t*)
2026-05-22 14:08:50  INFO  CKA CSV: /local/data/gme101/results_steplr/seed_1/cka_results.csv
2026-05-22 14:08:50  INFO  DRS CSV: /local/data/gme101/results_steplr/seed_1/drs_results.csv
2026-05-22 14:08:50  INFO  ----------------------------------------------------------------------
2026-05-22 14:08:50  INFO  Loading CKA results...
2026-05-22 14:08:50  INFO    Loaded 59 CKA pairs.
2026-05-22 14:08:50  INFO    Pairs below τ=0.02: 19 / 59 (32.2%)
2026-05-22 14:08:50  INFO  ----------------------------------------------------------------------
2026-05-22 14:08:50  INFO  Loading DRS results (optional)...
2026-05-22 14:08:50  INFO    Loaded 30 DRS pairs.
2026-05-22 14:08:50  INFO    Pairs below τ=0.02: 0 / 30 (0.0%)
2026-05-22 14:08:50  INFO  ----------------------------------------------------------------------
2026-05-22 14:08:50  INFO  Running stabilization detection on CKA (τ=0.02, K=5)...
2026-05-22 14:08:50  INFO    CKA stabilization detected at epoch t* = 230
2026-05-22 14:08:50  INFO    CKA pairs (τ=0.02, K=5, detected t*=230):
2026-05-22 14:08:50  INFO    epoch_prev  epoch_curr    change  below_τ  consec  trigger
2026-05-22 14:08:50  INFO    ------------------------------------------------------------
2026-05-22 14:08:50  INFO             5          10    0.2957      no        0        0
2026-05-22 14:08:50  INFO            10          15    0.2307      no        0        0
2026-05-22 14:08:50  INFO            15          20    0.1866      no        0        0
2026-05-22 14:08:50  INFO            20          25    0.1925      no        0        0
2026-05-22 14:08:50  INFO            25          30    0.1949      no        0        0
2026-05-22 14:08:50  INFO            30          35    0.1754      no        0        0
2026-05-22 14:08:50  INFO            35          40    0.1579      no        0        0
2026-05-22 14:08:50  INFO            40          45    0.1645      no        0        0
2026-05-22 14:08:50  INFO            45          50    0.2856      no        0        0
2026-05-22 14:08:50  INFO            50          55    0.2272      no        0        0
2026-05-22 14:08:50  INFO            55          60    0.1810      no        0        0
2026-05-22 14:08:50  INFO            60          65    0.2109      no        0        0
2026-05-22 14:08:50  INFO            65          70    0.2311      no        0        0
2026-05-22 14:08:50  INFO            70          75    0.2161      no        0        0
2026-05-22 14:08:50  INFO            75          80    0.1819      no        0        0
2026-05-22 14:08:50  INFO            80          85    0.1970      no        0        0
2026-05-22 14:08:50  INFO            85          90    0.1848      no        0        0
2026-05-22 14:08:50  INFO            90          95    0.1504      no        0        0
2026-05-22 14:08:50  INFO            95         100    0.1779      no        0        0
2026-05-22 14:08:50  INFO           100         105    0.1583      no        0        0
2026-05-22 14:08:50  INFO           105         110    0.0312      no        0        0
2026-05-22 14:08:50  INFO           110         115    0.0393      no        0        0
2026-05-22 14:08:50  INFO           115         120    0.0562      no        0        0
2026-05-22 14:08:50  INFO           120         125    0.0600      no        0        0
2026-05-22 14:08:50  INFO           125         130    0.0685      no        0        0
2026-05-22 14:08:50  INFO           130         135    0.0705      no        0        0
2026-05-22 14:08:50  INFO           135         140    0.0841      no        0        0
2026-05-22 14:08:50  INFO           140         145    0.0936      no        0        0
2026-05-22 14:08:50  INFO           145         150    0.0943      no        0        0
2026-05-22 14:08:50  INFO           150         155    0.1070      no        0        0
2026-05-22 14:08:50  INFO           155         160    0.1134      no        0        0
2026-05-22 14:08:50  INFO           160         165    0.0965      no        0        0
2026-05-22 14:08:50  INFO           165         170    0.1128      no        0        0
2026-05-22 14:08:50  INFO           170         175    0.1105      no        0        0
2026-05-22 14:08:50  INFO           175         180    0.1092      no        0        0
2026-05-22 14:08:50  INFO           180         185    0.0987      no        0        0
2026-05-22 14:08:50  INFO           185         190    0.1019      no        0        0
2026-05-22 14:08:50  INFO           190         195    0.1090      no        0        0
2026-05-22 14:08:50  INFO           195         200    0.1235      no        0        0
2026-05-22 14:08:50  INFO           200         205    0.0566      no        0        0
2026-05-22 14:08:50  INFO           205         210    0.0035      YES       1        0
2026-05-22 14:08:50  INFO           210         215    0.0021      YES       2        0
2026-05-22 14:08:50  INFO           215         220    0.0018      YES       3        0
2026-05-22 14:08:50  INFO           220         225    0.0016      YES       4        0
2026-05-22 14:08:50  INFO           225         230    0.0015      YES       5        1 ← t*
2026-05-22 14:08:50  INFO           230         235    0.0014      YES       6        0
2026-05-22 14:08:50  INFO           235         240    0.0012      YES       7        0
2026-05-22 14:08:50  INFO           240         245    0.0012      YES       8        0
2026-05-22 14:08:50  INFO           245         250    0.0011      YES       9        0
2026-05-22 14:08:50  INFO           250         255    0.0011      YES      10        0
2026-05-22 14:08:50  INFO           255         260    0.0013      YES      11        0
2026-05-22 14:08:50  INFO           260         265    0.0015      YES      12        0
2026-05-22 14:08:50  INFO           265         270    0.0010      YES      13        0
2026-05-22 14:08:50  INFO           270         275    0.0012      YES      14        0
2026-05-22 14:08:50  INFO           275         280    0.0020      YES      15        0
2026-05-22 14:08:50  INFO           280         285    0.0011      YES      16        0
2026-05-22 14:08:50  INFO           285         290    0.0011      YES      17        0
2026-05-22 14:08:50  INFO           290         295    0.0011      YES      18        0
2026-05-22 14:08:50  INFO           295         300    0.0014      YES      19        0
2026-05-22 14:08:50  INFO  ----------------------------------------------------------------------
2026-05-22 14:08:50  INFO  Running stabilization detection on DRS (τ=0.02, K=5)...
2026-05-22 14:08:50  INFO    DRS stabilization NOT detected (K=5 consecutive below-τ pairs never accumulated)
2026-05-22 14:08:50  INFO    DRS pairs (τ=0.02, K=5, detected t*=None):
2026-05-22 14:08:50  INFO    epoch_prev  epoch_curr    change  below_τ  consec  trigger
2026-05-22 14:08:50  INFO    ------------------------------------------------------------
2026-05-22 14:08:50  INFO             5          10    0.3134      no        0        0
2026-05-22 14:08:50  INFO            15          20    0.2027      no        0        0
2026-05-22 14:08:50  INFO            25          30    0.1657      no        0        0
2026-05-22 14:08:50  INFO            35          40    0.1933      no        0        0
2026-05-22 14:08:50  INFO            45          50    0.2299      no        0        0
2026-05-22 14:08:50  INFO            55          60    0.1806      no        0        0
2026-05-22 14:08:50  INFO            65          70    0.2164      no        0        0
2026-05-22 14:08:50  INFO            75          80    0.1500      no        0        0
2026-05-22 14:08:50  INFO            85          90    0.1730      no        0        0
2026-05-22 14:08:50  INFO            95         100    0.1791      no        0        0
2026-05-22 14:08:50  INFO           105         110    0.1309      no        0        0
2026-05-22 14:08:50  INFO           115         120    0.1267      no        0        0
2026-05-22 14:08:50  INFO           125         130    0.1148      no        0        0
2026-05-22 14:08:50  INFO           135         140    0.0851      no        0        0
2026-05-22 14:08:50  INFO           145         150    0.1185      no        0        0
2026-05-22 14:08:50  INFO           155         160    0.0996      no        0        0
2026-05-22 14:08:50  INFO           165         170    0.1264      no        0        0
2026-05-22 14:08:50  INFO           175         180    0.1198      no        0        0
2026-05-22 14:08:50  INFO           185         190    0.1437      no        0        0
2026-05-22 14:08:50  INFO           195         200    0.1204      no        0        0
2026-05-22 14:08:50  INFO           205         210    0.1552      no        0        0
2026-05-22 14:08:50  INFO           215         220    0.1199      no        0        0
2026-05-22 14:08:50  INFO           225         230    0.1133      no        0        0
2026-05-22 14:08:50  INFO           235         240    0.0986      no        0        0
2026-05-22 14:08:50  INFO           245         250    0.1368      no        0        0
2026-05-22 14:08:50  INFO           255         260    0.1108      no        0        0
2026-05-22 14:08:50  INFO           265         270    0.0946      no        0        0
2026-05-22 14:08:50  INFO           275         280    0.0834      no        0        0
2026-05-22 14:08:50  INFO           285         290    0.0887      no        0        0
2026-05-22 14:08:50  INFO           295         300    0.0826      no        0        0
2026-05-22 14:08:50  INFO  ----------------------------------------------------------------------
2026-05-22 14:08:50  INFO  Computing joint t*...
2026-05-22 14:08:50  WARNING  DRS stabilization not detected but CKA detected t*=230. Joint t* cannot be declared — DRS is still changing. This may mean training has not run long enough for K DRS pairs to accumulate.
2026-05-22 14:08:50  INFO    t*_CKA   = 230
2026-05-22 14:08:50  INFO    t*_DRS   = None
2026-05-22 14:08:50  INFO    t*_JOINT = None
2026-05-22 14:08:50  INFO  ----------------------------------------------------------------------
2026-05-22 14:08:50  INFO  Saving annotated results...
2026-05-22 14:08:50  INFO    Saved annotated pairs to: /local/data/gme101/results_steplr/seed_1/stabilization_cka.csv
2026-05-22 14:08:50  INFO    Saved annotated pairs to: /local/data/gme101/results_steplr/seed_1/stabilization_drs.csv
2026-05-22 14:08:50  INFO    Saved summary to: /local/data/gme101/results_steplr/seed_1/stabilization_summary.csv
2026-05-22 14:08:50  INFO  ======================================================================
2026-05-22 14:08:50  INFO  RECOMMENDATION
2026-05-22 14:08:50  INFO  ======================================================================
2026-05-22 14:08:50  INFO  Stabilization NOT detected within the available training data.
2026-05-22 14:08:50  INFO  
2026-05-22 14:08:50  INFO    Possible causes:
2026-05-22 14:08:50  INFO      - Training may not have run long enough (increase epochs)
2026-05-22 14:08:50  INFO      - τ or K may need adjustment — check the annotated pair CSVs to see how close the metrics came to satisfying the criterion
2026-05-22 14:08:50  INFO      - The representation may genuinely not stabilize (this is also a finding)
2026-05-22 14:08:50  INFO  ======================================================================
