2026-05-22 12:37:41  INFO  ======================================================================
2026-05-22 12:37:41  INFO  Representation Stabilization — Training Run
2026-05-22 12:37:41  INFO  ======================================================================
2026-05-22 12:37:41  INFO  Config: configs/resnet18_cifar10_steplr.yaml
2026-05-22 12:37:41  INFO  Config contents:
K: 5
batch_size: 128
checkpoint_freq: 5
cka:
  n_samples: 2048
dataset: cifar10
drs:
  compute_freq: 10
  n_planes: 500
  n_points_per_plane: 2500
  probe_epochs: 10
  probe_lr: 0.0001
epochs: 300
extraction:
  layer: penultimate
  n_samples: 2048
lr: 0.1
lr_scheduler: step
lr_scheduler_gamma: 0.1
lr_scheduler_milestones:
- 100
- 200
lr_warmup_epochs: 0
model: resnet18
momentum: 0.9
optimizer: sgd
paths:
  activations: /local/data/gme101/activations_steplr/seed_1
  checkpoints: /local/data/gme101/checkpoints_steplr/seed_1
  results: /local/data/gme101/results_steplr/seed_1
seed: 1
surrogates:
  lightgbm:
    learning_rate: 0.1
    n_estimators: 200
    n_jobs: -1
    num_leaves: 31
  linear:
    C: 1.0
    max_iter: 1000
  random_forest:
    max_features: sqrt
    n_estimators: 200
    n_jobs: -1
tau: 0.02
weight_decay: 0.0005

2026-05-22 12:37:42  INFO  Device: cuda
2026-05-22 12:37:42  INFO  GPU: NVIDIA L4
2026-05-22 12:37:42  INFO  CUDA version: 12.1
2026-05-22 12:37:42  INFO  VRAM: 23.7 GB
2026-05-22 12:37:42  INFO  PyTorch version: 2.5.1+cu121
2026-05-22 12:37:42  INFO  Seed: 1
2026-05-22 12:37:42  INFO  Building data loaders...
2026-05-22 12:37:43  INFO  Train batches: 391
2026-05-22 12:37:43  INFO  Test batches:  79
2026-05-22 12:37:43  INFO  Extraction samples: 2048
2026-05-22 12:37:43  INFO  Building ResNet-18 (CIFAR-10 stem)...
2026-05-22 12:37:43  INFO  Trainable parameters: 11,173,962
2026-05-22 12:37:43  INFO  Optimizer: SGD  lr=0.1  momentum=0.9  wd=0.0005
2026-05-22 12:37:43  INFO  Scheduler: step
2026-05-22 12:37:43  INFO  Starting training: epochs 1 to 300
2026-05-22 12:37:43  INFO  ----------------------------------------------------------------------
2026-05-22 12:38:01  INFO  Epoch    1/300  train_loss=1.9866  train_acc=0.2913  test_loss=1.5966  test_acc=0.4198  lr=0.100000  time=18.0s
2026-05-22 12:38:19  INFO  Epoch    2/300  train_loss=1.4252  train_acc=0.4756  test_loss=1.2206  test_acc=0.5497  lr=0.100000  time=17.9s
2026-05-22 12:38:37  INFO  Epoch    3/300  train_loss=1.1432  train_acc=0.5896  test_loss=1.1463  test_acc=0.5924  lr=0.100000  time=18.0s
2026-05-22 12:38:55  INFO  Epoch    4/300  train_loss=0.9633  train_acc=0.6572  test_loss=1.0691  test_acc=0.6385  lr=0.100000  time=18.0s
2026-05-22 12:39:13  INFO  Epoch    5/300  train_loss=0.8217  train_acc=0.7112  test_loss=0.9008  test_acc=0.6981  lr=0.100000  time=18.0s
2026-05-22 12:39:13  INFO    [checkpoint] Saved: /local/data/gme101/checkpoints_steplr/seed_1/checkpoint_epoch_0005.pt
2026-05-22 12:39:13  INFO    [activations] shape=(2040, 512)  saved: /local/data/gme101/activations_steplr/seed_1/activations_epoch_0005.npy
2026-05-22 12:39:31  INFO  Epoch    6/300  train_loss=0.6987  train_acc=0.7566  test_loss=0.8650  test_acc=0.7115  lr=0.100000  time=18.0s
2026-05-22 12:39:49  INFO  Epoch    7/300  train_loss=0.6293  train_acc=0.7828  test_loss=0.7911  test_acc=0.7394  lr=0.100000  time=18.0s
2026-05-22 12:40:07  INFO  Epoch    8/300  train_loss=0.5715  train_acc=0.8026  test_loss=0.7986  test_acc=0.7462  lr=0.100000  time=18.0s
2026-05-22 12:40:25  INFO  Epoch    9/300  train_loss=0.5428  train_acc=0.8145  test_loss=0.7640  test_acc=0.7491  lr=0.100000  time=18.0s
2026-05-22 12:40:43  INFO  Epoch   10/300  train_loss=0.5188  train_acc=0.8222  test_loss=0.6686  test_acc=0.7734  lr=0.100000  time=18.0s
2026-05-22 12:40:43  INFO    [checkpoint] Saved: /local/data/gme101/checkpoints_steplr/seed_1/checkpoint_epoch_0010.pt
2026-05-22 12:40:44  INFO    [activations] shape=(2040, 512)  saved: /local/data/gme101/activations_steplr/seed_1/activations_epoch_0010.npy
2026-05-22 12:41:01  INFO  Epoch   11/300  train_loss=0.4949  train_acc=0.8306  test_loss=0.6078  test_acc=0.7957  lr=0.100000  time=18.0s
2026-05-22 12:41:19  INFO  Epoch   12/300  train_loss=0.4704  train_acc=0.8381  test_loss=0.5627  test_acc=0.8061  lr=0.100000  time=18.0s
2026-05-22 12:41:37  INFO  Epoch   13/300  train_loss=0.4652  train_acc=0.8403  test_loss=0.6239  test_acc=0.7901  lr=0.100000  time=18.0s
2026-05-22 12:41:55  INFO  Epoch   14/300  train_loss=0.4424  train_acc=0.8490  test_loss=0.5813  test_acc=0.8094  lr=0.100000  time=18.0s
2026-05-22 12:42:13  INFO  Epoch   15/300  train_loss=0.4365  train_acc=0.8490  test_loss=0.5336  test_acc=0.8220  lr=0.100000  time=18.0s
2026-05-22 12:42:13  INFO    [checkpoint] Saved: /local/data/gme101/checkpoints_steplr/seed_1/checkpoint_epoch_0015.pt
2026-05-22 12:42:14  INFO    [activations] shape=(2040, 512)  saved: /local/data/gme101/activations_steplr/seed_1/activations_epoch_0015.npy
2026-05-22 12:42:32  INFO  Epoch   16/300  train_loss=0.4255  train_acc=0.8553  test_loss=0.6547  test_acc=0.7836  lr=0.100000  time=18.0s
2026-05-22 12:42:50  INFO  Epoch   17/300  train_loss=0.4171  train_acc=0.8560  test_loss=0.5288  test_acc=0.8284  lr=0.100000  time=18.0s
2026-05-22 12:43:08  INFO  Epoch   18/300  train_loss=0.4112  train_acc=0.8597  test_loss=0.8289  test_acc=0.7524  lr=0.100000  time=18.0s
2026-05-22 12:43:26  INFO  Epoch   19/300  train_loss=0.4043  train_acc=0.8628  test_loss=0.5495  test_acc=0.8140  lr=0.100000  time=18.0s
2026-05-22 12:43:44  INFO  Epoch   20/300  train_loss=0.3960  train_acc=0.8657  test_loss=0.5841  test_acc=0.8058  lr=0.100000  time=18.0s
2026-05-22 12:43:44  INFO    [checkpoint] Saved: /local/data/gme101/checkpoints_steplr/seed_1/checkpoint_epoch_0020.pt
2026-05-22 12:43:44  INFO    [activations] shape=(2040, 512)  saved: /local/data/gme101/activations_steplr/seed_1/activations_epoch_0020.npy
2026-05-22 12:44:02  INFO  Epoch   21/300  train_loss=0.3849  train_acc=0.8682  test_loss=0.5927  test_acc=0.8105  lr=0.100000  time=18.0s
2026-05-22 12:44:20  INFO  Epoch   22/300  train_loss=0.3822  train_acc=0.8703  test_loss=0.7033  test_acc=0.7779  lr=0.100000  time=18.0s
2026-05-22 12:44:38  INFO  Epoch   23/300  train_loss=0.3872  train_acc=0.8680  test_loss=0.6028  test_acc=0.7994  lr=0.100000  time=17.9s
2026-05-22 12:44:56  INFO  Epoch   24/300  train_loss=0.3766  train_acc=0.8696  test_loss=0.6374  test_acc=0.7996  lr=0.100000  time=18.0s
2026-05-22 12:45:14  INFO  Epoch   25/300  train_loss=0.3781  train_acc=0.8693  test_loss=0.4757  test_acc=0.8397  lr=0.100000  time=18.0s
2026-05-22 12:45:14  INFO    [checkpoint] Saved: /local/data/gme101/checkpoints_steplr/seed_1/checkpoint_epoch_0025.pt
2026-05-22 12:45:14  INFO    [activations] shape=(2040, 512)  saved: /local/data/gme101/activations_steplr/seed_1/activations_epoch_0025.npy
2026-05-22 12:45:32  INFO  Epoch   26/300  train_loss=0.3672  train_acc=0.8747  test_loss=0.6909  test_acc=0.7885  lr=0.100000  time=18.0s
2026-05-22 12:45:50  INFO  Epoch   27/300  train_loss=0.3595  train_acc=0.8766  test_loss=0.6756  test_acc=0.7838  lr=0.100000  time=18.0s
2026-05-22 12:46:08  INFO  Epoch   28/300  train_loss=0.3648  train_acc=0.8745  test_loss=0.5495  test_acc=0.8246  lr=0.100000  time=18.0s
2026-05-22 12:46:26  INFO  Epoch   29/300  train_loss=0.3606  train_acc=0.8763  test_loss=0.5436  test_acc=0.8208  lr=0.100000  time=18.0s
2026-05-22 12:46:44  INFO  Epoch   30/300  train_loss=0.3603  train_acc=0.8773  test_loss=0.5537  test_acc=0.8194  lr=0.100000  time=18.0s
2026-05-22 12:46:44  INFO    [checkpoint] Saved: /local/data/gme101/checkpoints_steplr/seed_1/checkpoint_epoch_0030.pt
2026-05-22 12:46:44  INFO    [activations] shape=(2040, 512)  saved: /local/data/gme101/activations_steplr/seed_1/activations_epoch_0030.npy
2026-05-22 12:47:02  INFO  Epoch   31/300  train_loss=0.3546  train_acc=0.8784  test_loss=0.4460  test_acc=0.8494  lr=0.100000  time=18.0s
2026-05-22 12:47:20  INFO  Epoch   32/300  train_loss=0.3488  train_acc=0.8803  test_loss=0.5458  test_acc=0.8167  lr=0.100000  time=18.0s
2026-05-22 12:47:38  INFO  Epoch   33/300  train_loss=0.3505  train_acc=0.8808  test_loss=0.6592  test_acc=0.7894  lr=0.100000  time=18.0s
2026-05-22 12:47:56  INFO  Epoch   34/300  train_loss=0.3485  train_acc=0.8817  test_loss=0.4420  test_acc=0.8475  lr=0.100000  time=18.0s
2026-05-22 12:48:14  INFO  Epoch   35/300  train_loss=0.3535  train_acc=0.8795  test_loss=0.4956  test_acc=0.8321  lr=0.100000  time=18.0s
2026-05-22 12:48:14  INFO    [checkpoint] Saved: /local/data/gme101/checkpoints_steplr/seed_1/checkpoint_epoch_0035.pt
2026-05-22 12:48:14  INFO    [activations] shape=(2040, 512)  saved: /local/data/gme101/activations_steplr/seed_1/activations_epoch_0035.npy
2026-05-22 12:48:32  INFO  Epoch   36/300  train_loss=0.3449  train_acc=0.8820  test_loss=0.4731  test_acc=0.8511  lr=0.100000  time=17.9s
2026-05-22 12:48:50  INFO  Epoch   37/300  train_loss=0.3444  train_acc=0.8822  test_loss=0.5076  test_acc=0.8366  lr=0.100000  time=17.9s
2026-05-22 12:49:08  INFO  Epoch   38/300  train_loss=0.3451  train_acc=0.8823  test_loss=0.5795  test_acc=0.8119  lr=0.100000  time=18.0s
2026-05-22 12:49:26  INFO  Epoch   39/300  train_loss=0.3428  train_acc=0.8831  test_loss=0.5152  test_acc=0.8375  lr=0.100000  time=18.0s
2026-05-22 12:49:44  INFO  Epoch   40/300  train_loss=0.3415  train_acc=0.8831  test_loss=0.4744  test_acc=0.8463  lr=0.100000  time=18.0s
2026-05-22 12:49:44  INFO    [checkpoint] Saved: /local/data/gme101/checkpoints_steplr/seed_1/checkpoint_epoch_0040.pt
2026-05-22 12:49:44  INFO    [activations] shape=(2040, 512)  saved: /local/data/gme101/activations_steplr/seed_1/activations_epoch_0040.npy
2026-05-22 12:50:02  INFO  Epoch   41/300  train_loss=0.3409  train_acc=0.8835  test_loss=0.4322  test_acc=0.8552  lr=0.100000  time=17.9s
2026-05-22 12:50:20  INFO  Epoch   42/300  train_loss=0.3386  train_acc=0.8851  test_loss=0.5380  test_acc=0.8179  lr=0.100000  time=17.9s
2026-05-22 12:50:38  INFO  Epoch   43/300  train_loss=0.3377  train_acc=0.8862  test_loss=0.4593  test_acc=0.8466  lr=0.100000  time=18.0s
2026-05-22 12:50:56  INFO  Epoch   44/300  train_loss=0.3349  train_acc=0.8848  test_loss=0.5598  test_acc=0.8250  lr=0.100000  time=18.0s
2026-05-22 12:51:14  INFO  Epoch   45/300  train_loss=0.3375  train_acc=0.8838  test_loss=0.4575  test_acc=0.8514  lr=0.100000  time=18.0s
2026-05-22 12:51:14  INFO    [checkpoint] Saved: /local/data/gme101/checkpoints_steplr/seed_1/checkpoint_epoch_0045.pt
2026-05-22 12:51:14  INFO    [activations] shape=(2040, 512)  saved: /local/data/gme101/activations_steplr/seed_1/activations_epoch_0045.npy
2026-05-22 12:51:32  INFO  Epoch   46/300  train_loss=0.3340  train_acc=0.8867  test_loss=0.4874  test_acc=0.8391  lr=0.100000  time=18.0s
2026-05-22 12:51:50  INFO  Epoch   47/300  train_loss=0.3360  train_acc=0.8851  test_loss=0.4931  test_acc=0.8369  lr=0.100000  time=17.9s
2026-05-22 12:52:08  INFO  Epoch   48/300  train_loss=0.3360  train_acc=0.8847  test_loss=0.5195  test_acc=0.8290  lr=0.100000  time=18.0s
2026-05-22 12:52:26  INFO  Epoch   49/300  train_loss=0.3333  train_acc=0.8871  test_loss=0.4601  test_acc=0.8509  lr=0.100000  time=18.0s
2026-05-22 12:52:44  INFO  Epoch   50/300  train_loss=0.3351  train_acc=0.8858  test_loss=0.9429  test_acc=0.7438  lr=0.100000  time=18.0s
2026-05-22 12:52:44  INFO    [checkpoint] Saved: /local/data/gme101/checkpoints_steplr/seed_1/checkpoint_epoch_0050.pt
2026-05-22 12:52:44  INFO    [activations] shape=(2040, 512)  saved: /local/data/gme101/activations_steplr/seed_1/activations_epoch_0050.npy
2026-05-22 12:53:02  INFO  Epoch   51/300  train_loss=0.3363  train_acc=0.8856  test_loss=0.4163  test_acc=0.8591  lr=0.100000  time=18.0s
2026-05-22 12:53:20  INFO  Epoch   52/300  train_loss=0.3272  train_acc=0.8892  test_loss=0.4361  test_acc=0.8561  lr=0.100000  time=17.9s
2026-05-22 12:53:38  INFO  Epoch   53/300  train_loss=0.3240  train_acc=0.8908  test_loss=0.4577  test_acc=0.8469  lr=0.100000  time=17.9s
2026-05-22 12:53:56  INFO  Epoch   54/300  train_loss=0.3304  train_acc=0.8872  test_loss=0.4756  test_acc=0.8386  lr=0.100000  time=18.0s
2026-05-22 12:54:14  INFO  Epoch   55/300  train_loss=0.3288  train_acc=0.8884  test_loss=0.5215  test_acc=0.8210  lr=0.100000  time=18.0s
2026-05-22 12:54:14  INFO    [checkpoint] Saved: /local/data/gme101/checkpoints_steplr/seed_1/checkpoint_epoch_0055.pt
2026-05-22 12:54:14  INFO    [activations] shape=(2040, 512)  saved: /local/data/gme101/activations_steplr/seed_1/activations_epoch_0055.npy
2026-05-22 12:54:32  INFO  Epoch   56/300  train_loss=0.3272  train_acc=0.8884  test_loss=0.4614  test_acc=0.8459  lr=0.100000  time=18.0s
2026-05-22 12:54:50  INFO  Epoch   57/300  train_loss=0.3227  train_acc=0.8904  test_loss=0.5810  test_acc=0.8100  lr=0.100000  time=18.0s
2026-05-22 12:55:08  INFO  Epoch   58/300  train_loss=0.3275  train_acc=0.8896  test_loss=0.4701  test_acc=0.8442  lr=0.100000  time=17.9s
2026-05-22 12:55:26  INFO  Epoch   59/300  train_loss=0.3235  train_acc=0.8916  test_loss=0.4375  test_acc=0.8576  lr=0.100000  time=17.9s
2026-05-22 12:55:44  INFO  Epoch   60/300  train_loss=0.3245  train_acc=0.8887  test_loss=0.6401  test_acc=0.7966  lr=0.100000  time=17.9s
2026-05-22 12:55:44  INFO    [checkpoint] Saved: /local/data/gme101/checkpoints_steplr/seed_1/checkpoint_epoch_0060.pt
2026-05-22 12:55:44  INFO    [activations] shape=(2040, 512)  saved: /local/data/gme101/activations_steplr/seed_1/activations_epoch_0060.npy
2026-05-22 12:56:02  INFO  Epoch   61/300  train_loss=0.3280  train_acc=0.8883  test_loss=0.5155  test_acc=0.8346  lr=0.100000  time=17.9s
2026-05-22 12:56:20  INFO  Epoch   62/300  train_loss=0.3249  train_acc=0.8904  test_loss=0.4429  test_acc=0.8505  lr=0.100000  time=17.9s
2026-05-22 12:56:38  INFO  Epoch   63/300  train_loss=0.3262  train_acc=0.8896  test_loss=0.5052  test_acc=0.8364  lr=0.100000  time=17.9s
2026-05-22 12:56:56  INFO  Epoch   64/300  train_loss=0.3207  train_acc=0.8910  test_loss=0.4780  test_acc=0.8466  lr=0.100000  time=17.9s
2026-05-22 12:57:14  INFO  Epoch   65/300  train_loss=0.3324  train_acc=0.8866  test_loss=0.4990  test_acc=0.8355  lr=0.100000  time=17.9s
2026-05-22 12:57:14  INFO    [checkpoint] Saved: /local/data/gme101/checkpoints_steplr/seed_1/checkpoint_epoch_0065.pt
2026-05-22 12:57:14  INFO    [activations] shape=(2040, 512)  saved: /local/data/gme101/activations_steplr/seed_1/activations_epoch_0065.npy
2026-05-22 12:57:32  INFO  Epoch   66/300  train_loss=0.3196  train_acc=0.8907  test_loss=0.4314  test_acc=0.8638  lr=0.100000  time=17.9s
2026-05-22 12:57:50  INFO  Epoch   67/300  train_loss=0.3200  train_acc=0.8910  test_loss=0.4638  test_acc=0.8490  lr=0.100000  time=17.9s
2026-05-22 12:58:08  INFO  Epoch   68/300  train_loss=0.3205  train_acc=0.8919  test_loss=0.6426  test_acc=0.7986  lr=0.100000  time=17.9s
2026-05-22 12:58:26  INFO  Epoch   69/300  train_loss=0.3253  train_acc=0.8888  test_loss=0.4151  test_acc=0.8605  lr=0.100000  time=18.0s
2026-05-22 12:58:44  INFO  Epoch   70/300  train_loss=0.3226  train_acc=0.8909  test_loss=0.4406  test_acc=0.8560  lr=0.100000  time=17.9s
2026-05-22 12:58:44  INFO    [checkpoint] Saved: /local/data/gme101/checkpoints_steplr/seed_1/checkpoint_epoch_0070.pt
2026-05-22 12:58:44  INFO    [activations] shape=(2040, 512)  saved: /local/data/gme101/activations_steplr/seed_1/activations_epoch_0070.npy
2026-05-22 12:59:02  INFO  Epoch   71/300  train_loss=0.3255  train_acc=0.8886  test_loss=0.4837  test_acc=0.8374  lr=0.100000  time=17.9s
2026-05-22 12:59:20  INFO  Epoch   72/300  train_loss=0.3172  train_acc=0.8936  test_loss=0.5108  test_acc=0.8316  lr=0.100000  time=18.0s
2026-05-22 12:59:38  INFO  Epoch   73/300  train_loss=0.3189  train_acc=0.8914  test_loss=0.4576  test_acc=0.8454  lr=0.100000  time=17.9s
2026-05-22 12:59:56  INFO  Epoch   74/300  train_loss=0.3240  train_acc=0.8907  test_loss=0.4141  test_acc=0.8584  lr=0.100000  time=17.9s
2026-05-22 13:00:14  INFO  Epoch   75/300  train_loss=0.3211  train_acc=0.8905  test_loss=0.4937  test_acc=0.8436  lr=0.100000  time=17.9s
2026-05-22 13:00:14  INFO    [checkpoint] Saved: /local/data/gme101/checkpoints_steplr/seed_1/checkpoint_epoch_0075.pt
2026-05-22 13:00:14  INFO    [activations] shape=(2040, 512)  saved: /local/data/gme101/activations_steplr/seed_1/activations_epoch_0075.npy
2026-05-22 13:00:32  INFO  Epoch   76/300  train_loss=0.3199  train_acc=0.8910  test_loss=0.4498  test_acc=0.8555  lr=0.100000  time=17.9s
2026-05-22 13:00:50  INFO  Epoch   77/300  train_loss=0.3142  train_acc=0.8939  test_loss=0.5325  test_acc=0.8348  lr=0.100000  time=17.9s
2026-05-22 13:01:08  INFO  Epoch   78/300  train_loss=0.3183  train_acc=0.8916  test_loss=0.4919  test_acc=0.8355  lr=0.100000  time=17.9s
2026-05-22 13:01:26  INFO  Epoch   79/300  train_loss=0.3218  train_acc=0.8913  test_loss=0.5225  test_acc=0.8343  lr=0.100000  time=17.9s
2026-05-22 13:01:44  INFO  Epoch   80/300  train_loss=0.3185  train_acc=0.8922  test_loss=0.4213  test_acc=0.8571  lr=0.100000  time=17.9s
2026-05-22 13:01:44  INFO    [checkpoint] Saved: /local/data/gme101/checkpoints_steplr/seed_1/checkpoint_epoch_0080.pt
2026-05-22 13:01:44  INFO    [activations] shape=(2040, 512)  saved: /local/data/gme101/activations_steplr/seed_1/activations_epoch_0080.npy
2026-05-22 13:02:02  INFO  Epoch   81/300  train_loss=0.3146  train_acc=0.8928  test_loss=0.4380  test_acc=0.8544  lr=0.100000  time=17.9s
2026-05-22 13:02:20  INFO  Epoch   82/300  train_loss=0.3212  train_acc=0.8900  test_loss=0.4929  test_acc=0.8402  lr=0.100000  time=17.9s
2026-05-22 13:02:38  INFO  Epoch   83/300  train_loss=0.3150  train_acc=0.8923  test_loss=0.4521  test_acc=0.8524  lr=0.100000  time=17.9s
2026-05-22 13:02:56  INFO  Epoch   84/300  train_loss=0.3189  train_acc=0.8916  test_loss=0.4548  test_acc=0.8480  lr=0.100000  time=17.9s
2026-05-22 13:03:14  INFO  Epoch   85/300  train_loss=0.3193  train_acc=0.8917  test_loss=0.4160  test_acc=0.8604  lr=0.100000  time=17.9s
2026-05-22 13:03:14  INFO    [checkpoint] Saved: /local/data/gme101/checkpoints_steplr/seed_1/checkpoint_epoch_0085.pt
2026-05-22 13:03:14  INFO    [activations] shape=(2040, 512)  saved: /local/data/gme101/activations_steplr/seed_1/activations_epoch_0085.npy
2026-05-22 13:03:32  INFO  Epoch   86/300  train_loss=0.3153  train_acc=0.8923  test_loss=0.5934  test_acc=0.8001  lr=0.100000  time=17.9s
2026-05-22 13:03:50  INFO  Epoch   87/300  train_loss=0.3158  train_acc=0.8912  test_loss=0.4174  test_acc=0.8641  lr=0.100000  time=17.9s
2026-05-22 13:04:08  INFO  Epoch   88/300  train_loss=0.3196  train_acc=0.8918  test_loss=0.4465  test_acc=0.8575  lr=0.100000  time=17.9s
2026-05-22 13:04:26  INFO  Epoch   89/300  train_loss=0.3130  train_acc=0.8943  test_loss=0.4536  test_acc=0.8464  lr=0.100000  time=18.0s
2026-05-22 13:04:44  INFO  Epoch   90/300  train_loss=0.3163  train_acc=0.8932  test_loss=0.3752  test_acc=0.8771  lr=0.100000  time=17.9s
2026-05-22 13:04:44  INFO    [checkpoint] Saved: /local/data/gme101/checkpoints_steplr/seed_1/checkpoint_epoch_0090.pt
2026-05-22 13:04:44  INFO    [activations] shape=(2040, 512)  saved: /local/data/gme101/activations_steplr/seed_1/activations_epoch_0090.npy
2026-05-22 13:05:02  INFO  Epoch   91/300  train_loss=0.3136  train_acc=0.8950  test_loss=0.5244  test_acc=0.8303  lr=0.100000  time=17.9s
2026-05-22 13:05:20  INFO  Epoch   92/300  train_loss=0.3198  train_acc=0.8907  test_loss=0.6329  test_acc=0.8067  lr=0.100000  time=17.9s
2026-05-22 13:05:38  INFO  Epoch   93/300  train_loss=0.3167  train_acc=0.8922  test_loss=0.4929  test_acc=0.8433  lr=0.100000  time=17.9s
2026-05-22 13:05:56  INFO  Epoch   94/300  train_loss=0.3132  train_acc=0.8941  test_loss=0.4424  test_acc=0.8559  lr=0.100000  time=17.9s
2026-05-22 13:06:14  INFO  Epoch   95/300  train_loss=0.3116  train_acc=0.8932  test_loss=0.4169  test_acc=0.8625  lr=0.100000  time=17.9s
2026-05-22 13:06:14  INFO    [checkpoint] Saved: /local/data/gme101/checkpoints_steplr/seed_1/checkpoint_epoch_0095.pt
2026-05-22 13:06:14  INFO    [activations] shape=(2040, 512)  saved: /local/data/gme101/activations_steplr/seed_1/activations_epoch_0095.npy
2026-05-22 13:06:32  INFO  Epoch   96/300  train_loss=0.3112  train_acc=0.8925  test_loss=0.5047  test_acc=0.8429  lr=0.100000  time=17.9s
2026-05-22 13:06:50  INFO  Epoch   97/300  train_loss=0.3181  train_acc=0.8919  test_loss=0.6985  test_acc=0.7929  lr=0.100000  time=17.9s
2026-05-22 13:07:08  INFO  Epoch   98/300  train_loss=0.3179  train_acc=0.8911  test_loss=0.5181  test_acc=0.8396  lr=0.100000  time=17.9s
2026-05-22 13:07:25  INFO  Epoch   99/300  train_loss=0.3160  train_acc=0.8925  test_loss=0.5448  test_acc=0.8244  lr=0.100000  time=17.9s
2026-05-22 13:07:43  INFO  Epoch  100/300  train_loss=0.3170  train_acc=0.8936  test_loss=0.4880  test_acc=0.8372  lr=0.010000  time=17.9s
2026-05-22 13:07:43  INFO    [checkpoint] Saved: /local/data/gme101/checkpoints_steplr/seed_1/checkpoint_epoch_0100.pt
2026-05-22 13:07:44  INFO    [activations] shape=(2040, 512)  saved: /local/data/gme101/activations_steplr/seed_1/activations_epoch_0100.npy
2026-05-22 13:08:02  INFO  Epoch  101/300  train_loss=0.1632  train_acc=0.9458  test_loss=0.2050  test_acc=0.9304  lr=0.010000  time=17.9s
2026-05-22 13:08:19  INFO  Epoch  102/300  train_loss=0.1182  train_acc=0.9596  test_loss=0.1960  test_acc=0.9337  lr=0.010000  time=17.9s
2026-05-22 13:08:37  INFO  Epoch  103/300  train_loss=0.0980  train_acc=0.9674  test_loss=0.1941  test_acc=0.9341  lr=0.010000  time=17.9s
2026-05-22 13:08:55  INFO  Epoch  104/300  train_loss=0.0845  train_acc=0.9720  test_loss=0.1969  test_acc=0.9367  lr=0.010000  time=18.0s
2026-05-22 13:09:13  INFO  Epoch  105/300  train_loss=0.0763  train_acc=0.9743  test_loss=0.1903  test_acc=0.9381  lr=0.010000  time=18.0s
2026-05-22 13:09:13  INFO    [checkpoint] Saved: /local/data/gme101/checkpoints_steplr/seed_1/checkpoint_epoch_0105.pt
2026-05-22 13:09:14  INFO    [activations] shape=(2040, 512)  saved: /local/data/gme101/activations_steplr/seed_1/activations_epoch_0105.npy
2026-05-22 13:09:32  INFO  Epoch  106/300  train_loss=0.0669  train_acc=0.9776  test_loss=0.1928  test_acc=0.9392  lr=0.010000  time=17.9s
2026-05-22 13:09:49  INFO  Epoch  107/300  train_loss=0.0584  train_acc=0.9810  test_loss=0.1904  test_acc=0.9397  lr=0.010000  time=17.9s
2026-05-22 13:10:07  INFO  Epoch  108/300  train_loss=0.0547  train_acc=0.9822  test_loss=0.1918  test_acc=0.9406  lr=0.010000  time=17.9s
2026-05-22 13:10:25  INFO  Epoch  109/300  train_loss=0.0505  train_acc=0.9840  test_loss=0.1943  test_acc=0.9402  lr=0.010000  time=18.0s
2026-05-22 13:10:43  INFO  Epoch  110/300  train_loss=0.0444  train_acc=0.9859  test_loss=0.2003  test_acc=0.9404  lr=0.010000  time=17.9s
2026-05-22 13:10:43  INFO    [checkpoint] Saved: /local/data/gme101/checkpoints_steplr/seed_1/checkpoint_epoch_0110.pt
2026-05-22 13:10:44  INFO    [activations] shape=(2040, 512)  saved: /local/data/gme101/activations_steplr/seed_1/activations_epoch_0110.npy
2026-05-22 13:11:01  INFO  Epoch  111/300  train_loss=0.0417  train_acc=0.9863  test_loss=0.1968  test_acc=0.9396  lr=0.010000  time=17.9s
2026-05-22 13:11:19  INFO  Epoch  112/300  train_loss=0.0400  train_acc=0.9873  test_loss=0.2031  test_acc=0.9396  lr=0.010000  time=17.9s
2026-05-22 13:11:37  INFO  Epoch  113/300  train_loss=0.0379  train_acc=0.9874  test_loss=0.2126  test_acc=0.9402  lr=0.010000  time=17.9s
2026-05-22 13:11:55  INFO  Epoch  114/300  train_loss=0.0336  train_acc=0.9893  test_loss=0.2239  test_acc=0.9386  lr=0.010000  time=17.9s
2026-05-22 13:12:13  INFO  Epoch  115/300  train_loss=0.0336  train_acc=0.9891  test_loss=0.2156  test_acc=0.9382  lr=0.010000  time=17.9s
2026-05-22 13:12:13  INFO    [checkpoint] Saved: /local/data/gme101/checkpoints_steplr/seed_1/checkpoint_epoch_0115.pt
2026-05-22 13:12:13  INFO    [activations] shape=(2040, 512)  saved: /local/data/gme101/activations_steplr/seed_1/activations_epoch_0115.npy
2026-05-22 13:12:31  INFO  Epoch  116/300  train_loss=0.0346  train_acc=0.9892  test_loss=0.2241  test_acc=0.9358  lr=0.010000  time=17.9s
2026-05-22 13:12:49  INFO  Epoch  117/300  train_loss=0.0313  train_acc=0.9895  test_loss=0.2269  test_acc=0.9355  lr=0.010000  time=17.9s
2026-05-22 13:13:07  INFO  Epoch  118/300  train_loss=0.0315  train_acc=0.9895  test_loss=0.2209  test_acc=0.9394  lr=0.010000  time=17.9s
2026-05-22 13:13:25  INFO  Epoch  119/300  train_loss=0.0325  train_acc=0.9895  test_loss=0.2433  test_acc=0.9322  lr=0.010000  time=17.9s
2026-05-22 13:13:43  INFO  Epoch  120/300  train_loss=0.0297  train_acc=0.9908  test_loss=0.2412  test_acc=0.9317  lr=0.010000  time=17.9s
2026-05-22 13:13:43  INFO    [checkpoint] Saved: /local/data/gme101/checkpoints_steplr/seed_1/checkpoint_epoch_0120.pt
2026-05-22 13:13:43  INFO    [activations] shape=(2040, 512)  saved: /local/data/gme101/activations_steplr/seed_1/activations_epoch_0120.npy
2026-05-22 13:14:01  INFO  Epoch  121/300  train_loss=0.0291  train_acc=0.9910  test_loss=0.2230  test_acc=0.9396  lr=0.010000  time=17.9s
2026-05-22 13:14:19  INFO  Epoch  122/300  train_loss=0.0317  train_acc=0.9896  test_loss=0.2359  test_acc=0.9350  lr=0.010000  time=17.9s
2026-05-22 13:14:37  INFO  Epoch  123/300  train_loss=0.0305  train_acc=0.9902  test_loss=0.2475  test_acc=0.9335  lr=0.010000  time=17.9s
2026-05-22 13:14:55  INFO  Epoch  124/300  train_loss=0.0339  train_acc=0.9887  test_loss=0.2315  test_acc=0.9354  lr=0.010000  time=17.9s
2026-05-22 13:15:13  INFO  Epoch  125/300  train_loss=0.0321  train_acc=0.9893  test_loss=0.2209  test_acc=0.9383  lr=0.010000  time=17.9s
2026-05-22 13:15:13  INFO    [checkpoint] Saved: /local/data/gme101/checkpoints_steplr/seed_1/checkpoint_epoch_0125.pt
2026-05-22 13:15:13  INFO    [activations] shape=(2040, 512)  saved: /local/data/gme101/activations_steplr/seed_1/activations_epoch_0125.npy
2026-05-22 13:15:31  INFO  Epoch  126/300  train_loss=0.0291  train_acc=0.9905  test_loss=0.2397  test_acc=0.9363  lr=0.010000  time=17.9s
2026-05-22 13:15:49  INFO  Epoch  127/300  train_loss=0.0348  train_acc=0.9881  test_loss=0.2458  test_acc=0.9337  lr=0.010000  time=17.9s
2026-05-22 13:16:07  INFO  Epoch  128/300  train_loss=0.0308  train_acc=0.9904  test_loss=0.2261  test_acc=0.9372  lr=0.010000  time=17.9s
2026-05-22 13:16:25  INFO  Epoch  129/300  train_loss=0.0292  train_acc=0.9903  test_loss=0.2454  test_acc=0.9334  lr=0.010000  time=17.9s
2026-05-22 13:16:43  INFO  Epoch  130/300  train_loss=0.0398  train_acc=0.9868  test_loss=0.2381  test_acc=0.9340  lr=0.010000  time=17.9s
2026-05-22 13:16:43  INFO    [checkpoint] Saved: /local/data/gme101/checkpoints_steplr/seed_1/checkpoint_epoch_0130.pt
2026-05-22 13:16:43  INFO    [activations] shape=(2040, 512)  saved: /local/data/gme101/activations_steplr/seed_1/activations_epoch_0130.npy
2026-05-22 13:17:01  INFO  Epoch  131/300  train_loss=0.0396  train_acc=0.9869  test_loss=0.2455  test_acc=0.9314  lr=0.010000  time=17.9s
2026-05-22 13:17:19  INFO  Epoch  132/300  train_loss=0.0361  train_acc=0.9884  test_loss=0.2618  test_acc=0.9272  lr=0.010000  time=17.9s
2026-05-22 13:17:37  INFO  Epoch  133/300  train_loss=0.0341  train_acc=0.9891  test_loss=0.2465  test_acc=0.9334  lr=0.010000  time=17.9s
2026-05-22 13:17:54  INFO  Epoch  134/300  train_loss=0.0368  train_acc=0.9880  test_loss=0.2464  test_acc=0.9321  lr=0.010000  time=17.9s
2026-05-22 13:18:12  INFO  Epoch  135/300  train_loss=0.0412  train_acc=0.9865  test_loss=0.2308  test_acc=0.9358  lr=0.010000  time=17.9s
2026-05-22 13:18:12  INFO    [checkpoint] Saved: /local/data/gme101/checkpoints_steplr/seed_1/checkpoint_epoch_0135.pt
2026-05-22 13:18:13  INFO    [activations] shape=(2040, 512)  saved: /local/data/gme101/activations_steplr/seed_1/activations_epoch_0135.npy
2026-05-22 13:18:31  INFO  Epoch  136/300  train_loss=0.0395  train_acc=0.9872  test_loss=0.2460  test_acc=0.9300  lr=0.010000  time=17.9s
2026-05-22 13:18:48  INFO  Epoch  137/300  train_loss=0.0394  train_acc=0.9870  test_loss=0.2795  test_acc=0.9257  lr=0.010000  time=17.9s
2026-05-22 13:19:06  INFO  Epoch  138/300  train_loss=0.0440  train_acc=0.9848  test_loss=0.2593  test_acc=0.9273  lr=0.010000  time=17.9s
2026-05-22 13:19:24  INFO  Epoch  139/300  train_loss=0.0421  train_acc=0.9857  test_loss=0.2525  test_acc=0.9287  lr=0.010000  time=17.9s
2026-05-22 13:19:42  INFO  Epoch  140/300  train_loss=0.0429  train_acc=0.9857  test_loss=0.2825  test_acc=0.9230  lr=0.010000  time=17.9s
2026-05-22 13:19:42  INFO    [checkpoint] Saved: /local/data/gme101/checkpoints_steplr/seed_1/checkpoint_epoch_0140.pt
2026-05-22 13:19:42  INFO    [activations] shape=(2040, 512)  saved: /local/data/gme101/activations_steplr/seed_1/activations_epoch_0140.npy
2026-05-22 13:20:00  INFO  Epoch  141/300  train_loss=0.0427  train_acc=0.9861  test_loss=0.2769  test_acc=0.9211  lr=0.010000  time=17.9s
2026-05-22 13:20:18  INFO  Epoch  142/300  train_loss=0.0446  train_acc=0.9853  test_loss=0.3126  test_acc=0.9132  lr=0.010000  time=17.9s
2026-05-22 13:20:36  INFO  Epoch  143/300  train_loss=0.0471  train_acc=0.9837  test_loss=0.2798  test_acc=0.9213  lr=0.010000  time=17.9s
2026-05-22 13:20:54  INFO  Epoch  144/300  train_loss=0.0432  train_acc=0.9861  test_loss=0.2532  test_acc=0.9272  lr=0.010000  time=17.9s
2026-05-22 13:21:12  INFO  Epoch  145/300  train_loss=0.0412  train_acc=0.9871  test_loss=0.2655  test_acc=0.9248  lr=0.010000  time=17.9s
2026-05-22 13:21:12  INFO    [checkpoint] Saved: /local/data/gme101/checkpoints_steplr/seed_1/checkpoint_epoch_0145.pt
2026-05-22 13:21:12  INFO    [activations] shape=(2040, 512)  saved: /local/data/gme101/activations_steplr/seed_1/activations_epoch_0145.npy
2026-05-22 13:21:30  INFO  Epoch  146/300  train_loss=0.0407  train_acc=0.9867  test_loss=0.2463  test_acc=0.9305  lr=0.010000  time=17.9s
2026-05-22 13:21:48  INFO  Epoch  147/300  train_loss=0.0444  train_acc=0.9861  test_loss=0.2780  test_acc=0.9248  lr=0.010000  time=17.9s
2026-05-22 13:22:06  INFO  Epoch  148/300  train_loss=0.0450  train_acc=0.9855  test_loss=0.2572  test_acc=0.9258  lr=0.010000  time=17.9s
2026-05-22 13:22:24  INFO  Epoch  149/300  train_loss=0.0457  train_acc=0.9855  test_loss=0.2386  test_acc=0.9291  lr=0.010000  time=17.9s
2026-05-22 13:22:42  INFO  Epoch  150/300  train_loss=0.0433  train_acc=0.9864  test_loss=0.2501  test_acc=0.9283  lr=0.010000  time=17.9s
2026-05-22 13:22:42  INFO    [checkpoint] Saved: /local/data/gme101/checkpoints_steplr/seed_1/checkpoint_epoch_0150.pt
2026-05-22 13:22:42  INFO    [activations] shape=(2040, 512)  saved: /local/data/gme101/activations_steplr/seed_1/activations_epoch_0150.npy
2026-05-22 13:23:00  INFO  Epoch  151/300  train_loss=0.0499  train_acc=0.9835  test_loss=0.2813  test_acc=0.9174  lr=0.010000  time=17.9s
2026-05-22 13:23:18  INFO  Epoch  152/300  train_loss=0.0447  train_acc=0.9857  test_loss=0.2673  test_acc=0.9248  lr=0.010000  time=17.9s
2026-05-22 13:23:36  INFO  Epoch  153/300  train_loss=0.0507  train_acc=0.9829  test_loss=0.2665  test_acc=0.9249  lr=0.010000  time=17.9s
2026-05-22 13:23:54  INFO  Epoch  154/300  train_loss=0.0475  train_acc=0.9840  test_loss=0.2771  test_acc=0.9205  lr=0.010000  time=17.9s
2026-05-22 13:24:12  INFO  Epoch  155/300  train_loss=0.0458  train_acc=0.9850  test_loss=0.2955  test_acc=0.9215  lr=0.010000  time=17.9s
2026-05-22 13:24:12  INFO    [checkpoint] Saved: /local/data/gme101/checkpoints_steplr/seed_1/checkpoint_epoch_0155.pt
2026-05-22 13:24:12  INFO    [activations] shape=(2040, 512)  saved: /local/data/gme101/activations_steplr/seed_1/activations_epoch_0155.npy
2026-05-22 13:24:30  INFO  Epoch  156/300  train_loss=0.0493  train_acc=0.9839  test_loss=0.3118  test_acc=0.9116  lr=0.010000  time=17.9s
2026-05-22 13:24:48  INFO  Epoch  157/300  train_loss=0.0470  train_acc=0.9845  test_loss=0.2680  test_acc=0.9248  lr=0.010000  time=17.9s
2026-05-22 13:25:06  INFO  Epoch  158/300  train_loss=0.0443  train_acc=0.9856  test_loss=0.2868  test_acc=0.9243  lr=0.010000  time=17.9s
2026-05-22 13:25:24  INFO  Epoch  159/300  train_loss=0.0447  train_acc=0.9852  test_loss=0.2957  test_acc=0.9213  lr=0.010000  time=17.9s
2026-05-22 13:25:42  INFO  Epoch  160/300  train_loss=0.0461  train_acc=0.9851  test_loss=0.2630  test_acc=0.9251  lr=0.010000  time=17.9s
2026-05-22 13:25:42  INFO    [checkpoint] Saved: /local/data/gme101/checkpoints_steplr/seed_1/checkpoint_epoch_0160.pt
2026-05-22 13:25:42  INFO    [activations] shape=(2040, 512)  saved: /local/data/gme101/activations_steplr/seed_1/activations_epoch_0160.npy
2026-05-22 13:26:00  INFO  Epoch  161/300  train_loss=0.0437  train_acc=0.9857  test_loss=0.2849  test_acc=0.9223  lr=0.010000  time=17.9s
2026-05-22 13:26:18  INFO  Epoch  162/300  train_loss=0.0486  train_acc=0.9840  test_loss=0.3038  test_acc=0.9165  lr=0.010000  time=17.9s
2026-05-22 13:26:35  INFO  Epoch  163/300  train_loss=0.0475  train_acc=0.9842  test_loss=0.2704  test_acc=0.9281  lr=0.010000  time=17.9s
2026-05-22 13:26:53  INFO  Epoch  164/300  train_loss=0.0502  train_acc=0.9838  test_loss=0.2458  test_acc=0.9306  lr=0.010000  time=17.9s
2026-05-22 13:27:11  INFO  Epoch  165/300  train_loss=0.0490  train_acc=0.9835  test_loss=0.2806  test_acc=0.9240  lr=0.010000  time=17.9s
2026-05-22 13:27:11  INFO    [checkpoint] Saved: /local/data/gme101/checkpoints_steplr/seed_1/checkpoint_epoch_0165.pt
2026-05-22 13:27:12  INFO    [activations] shape=(2040, 512)  saved: /local/data/gme101/activations_steplr/seed_1/activations_epoch_0165.npy
2026-05-22 13:27:30  INFO  Epoch  166/300  train_loss=0.0442  train_acc=0.9860  test_loss=0.2963  test_acc=0.9194  lr=0.010000  time=17.9s
2026-05-22 13:27:47  INFO  Epoch  167/300  train_loss=0.0467  train_acc=0.9849  test_loss=0.2672  test_acc=0.9252  lr=0.010000  time=17.9s
2026-05-22 13:28:05  INFO  Epoch  168/300  train_loss=0.0473  train_acc=0.9847  test_loss=0.2769  test_acc=0.9233  lr=0.010000  time=17.9s
2026-05-22 13:28:23  INFO  Epoch  169/300  train_loss=0.0426  train_acc=0.9865  test_loss=0.2724  test_acc=0.9265  lr=0.010000  time=17.9s
2026-05-22 13:28:41  INFO  Epoch  170/300  train_loss=0.0467  train_acc=0.9844  test_loss=0.2851  test_acc=0.9221  lr=0.010000  time=17.9s
2026-05-22 13:28:41  INFO    [checkpoint] Saved: /local/data/gme101/checkpoints_steplr/seed_1/checkpoint_epoch_0170.pt
2026-05-22 13:28:41  INFO    [activations] shape=(2040, 512)  saved: /local/data/gme101/activations_steplr/seed_1/activations_epoch_0170.npy
2026-05-22 13:28:59  INFO  Epoch  171/300  train_loss=0.0442  train_acc=0.9857  test_loss=0.3079  test_acc=0.9174  lr=0.010000  time=17.9s
2026-05-22 13:29:17  INFO  Epoch  172/300  train_loss=0.0414  train_acc=0.9862  test_loss=0.2760  test_acc=0.9244  lr=0.010000  time=17.9s
2026-05-22 13:29:35  INFO  Epoch  173/300  train_loss=0.0475  train_acc=0.9843  test_loss=0.2674  test_acc=0.9277  lr=0.010000  time=17.9s
2026-05-22 13:29:53  INFO  Epoch  174/300  train_loss=0.0487  train_acc=0.9843  test_loss=0.2521  test_acc=0.9302  lr=0.010000  time=17.9s
2026-05-22 13:30:11  INFO  Epoch  175/300  train_loss=0.0451  train_acc=0.9855  test_loss=0.2827  test_acc=0.9183  lr=0.010000  time=17.9s
2026-05-22 13:30:11  INFO    [checkpoint] Saved: /local/data/gme101/checkpoints_steplr/seed_1/checkpoint_epoch_0175.pt
2026-05-22 13:30:11  INFO    [activations] shape=(2040, 512)  saved: /local/data/gme101/activations_steplr/seed_1/activations_epoch_0175.npy
2026-05-22 13:30:29  INFO  Epoch  176/300  train_loss=0.0435  train_acc=0.9855  test_loss=0.2999  test_acc=0.9195  lr=0.010000  time=17.9s
2026-05-22 13:30:47  INFO  Epoch  177/300  train_loss=0.0493  train_acc=0.9842  test_loss=0.2959  test_acc=0.9161  lr=0.010000  time=17.9s
2026-05-22 13:31:05  INFO  Epoch  178/300  train_loss=0.0427  train_acc=0.9867  test_loss=0.2865  test_acc=0.9214  lr=0.010000  time=17.9s
2026-05-22 13:31:23  INFO  Epoch  179/300  train_loss=0.0475  train_acc=0.9849  test_loss=0.2703  test_acc=0.9235  lr=0.010000  time=17.9s
2026-05-22 13:31:41  INFO  Epoch  180/300  train_loss=0.0408  train_acc=0.9866  test_loss=0.2615  test_acc=0.9296  lr=0.010000  time=17.9s
2026-05-22 13:31:41  INFO    [checkpoint] Saved: /local/data/gme101/checkpoints_steplr/seed_1/checkpoint_epoch_0180.pt
2026-05-22 13:31:41  INFO    [activations] shape=(2040, 512)  saved: /local/data/gme101/activations_steplr/seed_1/activations_epoch_0180.npy
2026-05-22 13:31:59  INFO  Epoch  181/300  train_loss=0.0466  train_acc=0.9842  test_loss=0.2715  test_acc=0.9261  lr=0.010000  time=17.9s
2026-05-22 13:32:17  INFO  Epoch  182/300  train_loss=0.0441  train_acc=0.9863  test_loss=0.3044  test_acc=0.9185  lr=0.010000  time=17.9s
2026-05-22 13:32:35  INFO  Epoch  183/300  train_loss=0.0521  train_acc=0.9829  test_loss=0.2584  test_acc=0.9289  lr=0.010000  time=17.9s
2026-05-22 13:32:53  INFO  Epoch  184/300  train_loss=0.0397  train_acc=0.9878  test_loss=0.2654  test_acc=0.9276  lr=0.010000  time=17.9s
2026-05-22 13:33:11  INFO  Epoch  185/300  train_loss=0.0458  train_acc=0.9853  test_loss=0.2861  test_acc=0.9220  lr=0.010000  time=17.9s
2026-05-22 13:33:11  INFO    [checkpoint] Saved: /local/data/gme101/checkpoints_steplr/seed_1/checkpoint_epoch_0185.pt
2026-05-22 13:33:11  INFO    [activations] shape=(2040, 512)  saved: /local/data/gme101/activations_steplr/seed_1/activations_epoch_0185.npy
2026-05-22 13:33:29  INFO  Epoch  186/300  train_loss=0.0432  train_acc=0.9854  test_loss=0.2981  test_acc=0.9197  lr=0.010000  time=17.9s
2026-05-22 13:33:47  INFO  Epoch  187/300  train_loss=0.0437  train_acc=0.9858  test_loss=0.2798  test_acc=0.9239  lr=0.010000  time=17.9s
2026-05-22 13:34:05  INFO  Epoch  188/300  train_loss=0.0461  train_acc=0.9851  test_loss=0.2633  test_acc=0.9283  lr=0.010000  time=17.9s
2026-05-22 13:34:22  INFO  Epoch  189/300  train_loss=0.0431  train_acc=0.9862  test_loss=0.2696  test_acc=0.9274  lr=0.010000  time=17.9s
2026-05-22 13:34:40  INFO  Epoch  190/300  train_loss=0.0421  train_acc=0.9862  test_loss=0.2775  test_acc=0.9240  lr=0.010000  time=17.9s
2026-05-22 13:34:40  INFO    [checkpoint] Saved: /local/data/gme101/checkpoints_steplr/seed_1/checkpoint_epoch_0190.pt
2026-05-22 13:34:41  INFO    [activations] shape=(2040, 512)  saved: /local/data/gme101/activations_steplr/seed_1/activations_epoch_0190.npy
2026-05-22 13:34:58  INFO  Epoch  191/300  train_loss=0.0419  train_acc=0.9868  test_loss=0.2809  test_acc=0.9242  lr=0.010000  time=17.9s
2026-05-22 13:35:16  INFO  Epoch  192/300  train_loss=0.0429  train_acc=0.9856  test_loss=0.2720  test_acc=0.9260  lr=0.010000  time=17.9s
2026-05-22 13:35:34  INFO  Epoch  193/300  train_loss=0.0427  train_acc=0.9865  test_loss=0.3018  test_acc=0.9216  lr=0.010000  time=17.9s
2026-05-22 13:35:52  INFO  Epoch  194/300  train_loss=0.0471  train_acc=0.9848  test_loss=0.2921  test_acc=0.9196  lr=0.010000  time=17.9s
2026-05-22 13:36:10  INFO  Epoch  195/300  train_loss=0.0439  train_acc=0.9858  test_loss=0.2612  test_acc=0.9278  lr=0.010000  time=17.9s
2026-05-22 13:36:10  INFO    [checkpoint] Saved: /local/data/gme101/checkpoints_steplr/seed_1/checkpoint_epoch_0195.pt
2026-05-22 13:36:10  INFO    [activations] shape=(2040, 512)  saved: /local/data/gme101/activations_steplr/seed_1/activations_epoch_0195.npy
2026-05-22 13:36:28  INFO  Epoch  196/300  train_loss=0.0406  train_acc=0.9863  test_loss=0.2906  test_acc=0.9217  lr=0.010000  time=17.9s
2026-05-22 13:36:46  INFO  Epoch  197/300  train_loss=0.0404  train_acc=0.9867  test_loss=0.2711  test_acc=0.9253  lr=0.010000  time=17.9s
2026-05-22 13:37:04  INFO  Epoch  198/300  train_loss=0.0424  train_acc=0.9859  test_loss=0.3011  test_acc=0.9198  lr=0.010000  time=17.9s
2026-05-22 13:37:22  INFO  Epoch  199/300  train_loss=0.0434  train_acc=0.9860  test_loss=0.2694  test_acc=0.9244  lr=0.010000  time=17.9s
2026-05-22 13:37:40  INFO  Epoch  200/300  train_loss=0.0461  train_acc=0.9848  test_loss=0.3209  test_acc=0.9129  lr=0.001000  time=17.9s
2026-05-22 13:37:40  INFO    [checkpoint] Saved: /local/data/gme101/checkpoints_steplr/seed_1/checkpoint_epoch_0200.pt
2026-05-22 13:37:40  INFO    [activations] shape=(2040, 512)  saved: /local/data/gme101/activations_steplr/seed_1/activations_epoch_0200.npy
2026-05-22 13:37:58  INFO  Epoch  201/300  train_loss=0.0220  train_acc=0.9937  test_loss=0.2059  test_acc=0.9408  lr=0.001000  time=17.9s
2026-05-22 13:38:16  INFO  Epoch  202/300  train_loss=0.0107  train_acc=0.9974  test_loss=0.2038  test_acc=0.9442  lr=0.001000  time=17.9s
2026-05-22 13:38:34  INFO  Epoch  203/300  train_loss=0.0087  train_acc=0.9982  test_loss=0.2022  test_acc=0.9455  lr=0.001000  time=17.9s
2026-05-22 13:38:52  INFO  Epoch  204/300  train_loss=0.0071  train_acc=0.9986  test_loss=0.2010  test_acc=0.9464  lr=0.001000  time=17.9s
2026-05-22 13:39:10  INFO  Epoch  205/300  train_loss=0.0060  train_acc=0.9989  test_loss=0.2029  test_acc=0.9461  lr=0.001000  time=17.9s
2026-05-22 13:39:10  INFO    [checkpoint] Saved: /local/data/gme101/checkpoints_steplr/seed_1/checkpoint_epoch_0205.pt
2026-05-22 13:39:10  INFO    [activations] shape=(2040, 512)  saved: /local/data/gme101/activations_steplr/seed_1/activations_epoch_0205.npy
2026-05-22 13:39:28  INFO  Epoch  206/300  train_loss=0.0051  train_acc=0.9993  test_loss=0.1975  test_acc=0.9482  lr=0.001000  time=17.9s
2026-05-22 13:39:46  INFO  Epoch  207/300  train_loss=0.0051  train_acc=0.9991  test_loss=0.1989  test_acc=0.9467  lr=0.001000  time=17.9s
2026-05-22 13:40:04  INFO  Epoch  208/300  train_loss=0.0047  train_acc=0.9993  test_loss=0.1978  test_acc=0.9473  lr=0.001000  time=17.9s
2026-05-22 13:40:22  INFO  Epoch  209/300  train_loss=0.0042  train_acc=0.9994  test_loss=0.1967  test_acc=0.9488  lr=0.001000  time=17.9s
2026-05-22 13:40:40  INFO  Epoch  210/300  train_loss=0.0040  train_acc=0.9995  test_loss=0.1962  test_acc=0.9489  lr=0.001000  time=17.9s
2026-05-22 13:40:40  INFO    [checkpoint] Saved: /local/data/gme101/checkpoints_steplr/seed_1/checkpoint_epoch_0210.pt
2026-05-22 13:40:40  INFO    [activations] shape=(2040, 512)  saved: /local/data/gme101/activations_steplr/seed_1/activations_epoch_0210.npy
2026-05-22 13:40:58  INFO  Epoch  211/300  train_loss=0.0040  train_acc=0.9994  test_loss=0.1948  test_acc=0.9494  lr=0.001000  time=17.9s
2026-05-22 13:41:16  INFO  Epoch  212/300  train_loss=0.0036  train_acc=0.9995  test_loss=0.1939  test_acc=0.9487  lr=0.001000  time=17.9s
2026-05-22 13:41:34  INFO  Epoch  213/300  train_loss=0.0038  train_acc=0.9995  test_loss=0.1945  test_acc=0.9486  lr=0.001000  time=17.9s
2026-05-22 13:41:52  INFO  Epoch  214/300  train_loss=0.0035  train_acc=0.9995  test_loss=0.1948  test_acc=0.9489  lr=0.001000  time=17.9s
2026-05-22 13:42:09  INFO  Epoch  215/300  train_loss=0.0032  train_acc=0.9996  test_loss=0.1938  test_acc=0.9496  lr=0.001000  time=17.9s
2026-05-22 13:42:10  INFO    [checkpoint] Saved: /local/data/gme101/checkpoints_steplr/seed_1/checkpoint_epoch_0215.pt
2026-05-22 13:42:10  INFO    [activations] shape=(2040, 512)  saved: /local/data/gme101/activations_steplr/seed_1/activations_epoch_0215.npy
2026-05-22 13:42:28  INFO  Epoch  216/300  train_loss=0.0032  train_acc=0.9996  test_loss=0.1946  test_acc=0.9501  lr=0.001000  time=17.9s
2026-05-22 13:42:46  INFO  Epoch  217/300  train_loss=0.0028  train_acc=0.9998  test_loss=0.1960  test_acc=0.9492  lr=0.001000  time=17.9s
2026-05-22 13:43:04  INFO  Epoch  218/300  train_loss=0.0028  train_acc=0.9997  test_loss=0.1926  test_acc=0.9494  lr=0.001000  time=17.9s
2026-05-22 13:43:21  INFO  Epoch  219/300  train_loss=0.0029  train_acc=0.9997  test_loss=0.1933  test_acc=0.9500  lr=0.001000  time=17.9s
2026-05-22 13:43:39  INFO  Epoch  220/300  train_loss=0.0028  train_acc=0.9997  test_loss=0.1911  test_acc=0.9495  lr=0.001000  time=17.9s
2026-05-22 13:43:39  INFO    [checkpoint] Saved: /local/data/gme101/checkpoints_steplr/seed_1/checkpoint_epoch_0220.pt
2026-05-22 13:43:40  INFO    [activations] shape=(2040, 512)  saved: /local/data/gme101/activations_steplr/seed_1/activations_epoch_0220.npy
2026-05-22 13:43:58  INFO  Epoch  221/300  train_loss=0.0028  train_acc=0.9996  test_loss=0.1912  test_acc=0.9501  lr=0.001000  time=17.9s
2026-05-22 13:44:15  INFO  Epoch  222/300  train_loss=0.0026  train_acc=0.9998  test_loss=0.1919  test_acc=0.9498  lr=0.001000  time=17.9s
2026-05-22 13:44:33  INFO  Epoch  223/300  train_loss=0.0026  train_acc=0.9998  test_loss=0.1901  test_acc=0.9490  lr=0.001000  time=17.9s
2026-05-22 13:44:51  INFO  Epoch  224/300  train_loss=0.0024  train_acc=0.9997  test_loss=0.1902  test_acc=0.9507  lr=0.001000  time=17.9s
2026-05-22 13:45:09  INFO  Epoch  225/300  train_loss=0.0025  train_acc=0.9998  test_loss=0.1903  test_acc=0.9496  lr=0.001000  time=17.9s
2026-05-22 13:45:09  INFO    [checkpoint] Saved: /local/data/gme101/checkpoints_steplr/seed_1/checkpoint_epoch_0225.pt
2026-05-22 13:45:09  INFO    [activations] shape=(2040, 512)  saved: /local/data/gme101/activations_steplr/seed_1/activations_epoch_0225.npy
2026-05-22 13:45:27  INFO  Epoch  226/300  train_loss=0.0023  train_acc=0.9999  test_loss=0.1911  test_acc=0.9502  lr=0.001000  time=17.9s
2026-05-22 13:45:45  INFO  Epoch  227/300  train_loss=0.0025  train_acc=0.9998  test_loss=0.1911  test_acc=0.9513  lr=0.001000  time=17.9s
2026-05-22 13:46:03  INFO  Epoch  228/300  train_loss=0.0025  train_acc=0.9998  test_loss=0.1938  test_acc=0.9504  lr=0.001000  time=17.9s
2026-05-22 13:46:21  INFO  Epoch  229/300  train_loss=0.0024  train_acc=0.9998  test_loss=0.1908  test_acc=0.9510  lr=0.001000  time=17.9s
2026-05-22 13:46:39  INFO  Epoch  230/300  train_loss=0.0023  train_acc=0.9999  test_loss=0.1904  test_acc=0.9511  lr=0.001000  time=17.9s
2026-05-22 13:46:39  INFO    [checkpoint] Saved: /local/data/gme101/checkpoints_steplr/seed_1/checkpoint_epoch_0230.pt
2026-05-22 13:46:39  INFO    [activations] shape=(2040, 512)  saved: /local/data/gme101/activations_steplr/seed_1/activations_epoch_0230.npy
2026-05-22 13:46:57  INFO  Epoch  231/300  train_loss=0.0021  train_acc=0.9999  test_loss=0.1901  test_acc=0.9514  lr=0.001000  time=17.9s
2026-05-22 13:47:15  INFO  Epoch  232/300  train_loss=0.0021  train_acc=0.9999  test_loss=0.1886  test_acc=0.9514  lr=0.001000  time=17.9s
2026-05-22 13:47:33  INFO  Epoch  233/300  train_loss=0.0021  train_acc=0.9998  test_loss=0.1880  test_acc=0.9506  lr=0.001000  time=17.9s
2026-05-22 13:47:51  INFO  Epoch  234/300  train_loss=0.0021  train_acc=0.9999  test_loss=0.1877  test_acc=0.9515  lr=0.001000  time=17.9s
2026-05-22 13:48:09  INFO  Epoch  235/300  train_loss=0.0021  train_acc=0.9999  test_loss=0.1862  test_acc=0.9523  lr=0.001000  time=17.9s
2026-05-22 13:48:09  INFO    [checkpoint] Saved: /local/data/gme101/checkpoints_steplr/seed_1/checkpoint_epoch_0235.pt
2026-05-22 13:48:09  INFO    [activations] shape=(2040, 512)  saved: /local/data/gme101/activations_steplr/seed_1/activations_epoch_0235.npy
2026-05-22 13:48:27  INFO  Epoch  236/300  train_loss=0.0020  train_acc=1.0000  test_loss=0.1881  test_acc=0.9522  lr=0.001000  time=17.9s
2026-05-22 13:48:45  INFO  Epoch  237/300  train_loss=0.0023  train_acc=0.9998  test_loss=0.1870  test_acc=0.9522  lr=0.001000  time=17.9s
2026-05-22 13:49:03  INFO  Epoch  238/300  train_loss=0.0019  train_acc=0.9999  test_loss=0.1866  test_acc=0.9519  lr=0.001000  time=17.9s
2026-05-22 13:49:21  INFO  Epoch  239/300  train_loss=0.0020  train_acc=0.9999  test_loss=0.1865  test_acc=0.9523  lr=0.001000  time=17.9s
2026-05-22 13:49:39  INFO  Epoch  240/300  train_loss=0.0021  train_acc=0.9999  test_loss=0.1864  test_acc=0.9514  lr=0.001000  time=17.9s
2026-05-22 13:49:39  INFO    [checkpoint] Saved: /local/data/gme101/checkpoints_steplr/seed_1/checkpoint_epoch_0240.pt
2026-05-22 13:49:39  INFO    [activations] shape=(2040, 512)  saved: /local/data/gme101/activations_steplr/seed_1/activations_epoch_0240.npy
2026-05-22 13:49:57  INFO  Epoch  241/300  train_loss=0.0019  train_acc=1.0000  test_loss=0.1865  test_acc=0.9514  lr=0.001000  time=17.9s
2026-05-22 13:50:15  INFO  Epoch  242/300  train_loss=0.0021  train_acc=0.9999  test_loss=0.1854  test_acc=0.9518  lr=0.001000  time=17.9s
2026-05-22 13:50:33  INFO  Epoch  243/300  train_loss=0.0019  train_acc=0.9999  test_loss=0.1852  test_acc=0.9513  lr=0.001000  time=17.9s
2026-05-22 13:50:51  INFO  Epoch  244/300  train_loss=0.0020  train_acc=0.9999  test_loss=0.1861  test_acc=0.9513  lr=0.001000  time=17.9s
2026-05-22 13:51:08  INFO  Epoch  245/300  train_loss=0.0021  train_acc=0.9999  test_loss=0.1847  test_acc=0.9521  lr=0.001000  time=17.9s
2026-05-22 13:51:09  INFO    [checkpoint] Saved: /local/data/gme101/checkpoints_steplr/seed_1/checkpoint_epoch_0245.pt
2026-05-22 13:51:09  INFO    [activations] shape=(2040, 512)  saved: /local/data/gme101/activations_steplr/seed_1/activations_epoch_0245.npy
2026-05-22 13:51:27  INFO  Epoch  246/300  train_loss=0.0020  train_acc=0.9999  test_loss=0.1851  test_acc=0.9514  lr=0.001000  time=17.9s
2026-05-22 13:51:45  INFO  Epoch  247/300  train_loss=0.0020  train_acc=0.9999  test_loss=0.1843  test_acc=0.9515  lr=0.001000  time=17.9s
2026-05-22 13:52:03  INFO  Epoch  248/300  train_loss=0.0019  train_acc=0.9999  test_loss=0.1862  test_acc=0.9520  lr=0.001000  time=17.9s
2026-05-22 13:52:20  INFO  Epoch  249/300  train_loss=0.0020  train_acc=0.9999  test_loss=0.1853  test_acc=0.9522  lr=0.001000  time=17.9s
2026-05-22 13:52:38  INFO  Epoch  250/300  train_loss=0.0020  train_acc=0.9999  test_loss=0.1840  test_acc=0.9517  lr=0.001000  time=17.9s
2026-05-22 13:52:38  INFO    [checkpoint] Saved: /local/data/gme101/checkpoints_steplr/seed_1/checkpoint_epoch_0250.pt
2026-05-22 13:52:39  INFO    [activations] shape=(2040, 512)  saved: /local/data/gme101/activations_steplr/seed_1/activations_epoch_0250.npy
2026-05-22 13:52:57  INFO  Epoch  251/300  train_loss=0.0020  train_acc=0.9999  test_loss=0.1859  test_acc=0.9509  lr=0.001000  time=17.9s
2026-05-22 13:53:15  INFO  Epoch  252/300  train_loss=0.0019  train_acc=0.9999  test_loss=0.1854  test_acc=0.9520  lr=0.001000  time=17.9s
2026-05-22 13:53:32  INFO  Epoch  253/300  train_loss=0.0020  train_acc=1.0000  test_loss=0.1841  test_acc=0.9518  lr=0.001000  time=17.9s
2026-05-22 13:53:50  INFO  Epoch  254/300  train_loss=0.0021  train_acc=0.9999  test_loss=0.1849  test_acc=0.9515  lr=0.001000  time=17.9s
2026-05-22 13:54:08  INFO  Epoch  255/300  train_loss=0.0020  train_acc=0.9999  test_loss=0.1852  test_acc=0.9517  lr=0.001000  time=17.9s
2026-05-22 13:54:08  INFO    [checkpoint] Saved: /local/data/gme101/checkpoints_steplr/seed_1/checkpoint_epoch_0255.pt
2026-05-22 13:54:09  INFO    [activations] shape=(2040, 512)  saved: /local/data/gme101/activations_steplr/seed_1/activations_epoch_0255.npy
2026-05-22 13:54:26  INFO  Epoch  256/300  train_loss=0.0019  train_acc=1.0000  test_loss=0.1827  test_acc=0.9515  lr=0.001000  time=17.9s
2026-05-22 13:54:44  INFO  Epoch  257/300  train_loss=0.0018  train_acc=0.9999  test_loss=0.1830  test_acc=0.9516  lr=0.001000  time=17.9s
2026-05-22 13:55:02  INFO  Epoch  258/300  train_loss=0.0018  train_acc=0.9999  test_loss=0.1830  test_acc=0.9526  lr=0.001000  time=17.9s
2026-05-22 13:55:20  INFO  Epoch  259/300  train_loss=0.0020  train_acc=0.9999  test_loss=0.1833  test_acc=0.9518  lr=0.001000  time=17.9s
2026-05-22 13:55:38  INFO  Epoch  260/300  train_loss=0.0018  train_acc=1.0000  test_loss=0.1829  test_acc=0.9523  lr=0.001000  time=17.9s
2026-05-22 13:55:38  INFO    [checkpoint] Saved: /local/data/gme101/checkpoints_steplr/seed_1/checkpoint_epoch_0260.pt
2026-05-22 13:55:38  INFO    [activations] shape=(2040, 512)  saved: /local/data/gme101/activations_steplr/seed_1/activations_epoch_0260.npy
2026-05-22 13:55:56  INFO  Epoch  261/300  train_loss=0.0019  train_acc=1.0000  test_loss=0.1852  test_acc=0.9519  lr=0.001000  time=17.9s
2026-05-22 13:56:14  INFO  Epoch  262/300  train_loss=0.0020  train_acc=0.9999  test_loss=0.1841  test_acc=0.9524  lr=0.001000  time=17.9s
2026-05-22 13:56:32  INFO  Epoch  263/300  train_loss=0.0018  train_acc=0.9999  test_loss=0.1829  test_acc=0.9527  lr=0.001000  time=17.9s
2026-05-22 13:56:50  INFO  Epoch  264/300  train_loss=0.0017  train_acc=1.0000  test_loss=0.1811  test_acc=0.9528  lr=0.001000  time=17.9s
2026-05-22 13:57:08  INFO  Epoch  265/300  train_loss=0.0017  train_acc=1.0000  test_loss=0.1831  test_acc=0.9524  lr=0.001000  time=17.9s
2026-05-22 13:57:08  INFO    [checkpoint] Saved: /local/data/gme101/checkpoints_steplr/seed_1/checkpoint_epoch_0265.pt
2026-05-22 13:57:08  INFO    [activations] shape=(2040, 512)  saved: /local/data/gme101/activations_steplr/seed_1/activations_epoch_0265.npy
2026-05-22 13:57:26  INFO  Epoch  266/300  train_loss=0.0018  train_acc=1.0000  test_loss=0.1834  test_acc=0.9525  lr=0.001000  time=17.9s
2026-05-22 13:57:44  INFO  Epoch  267/300  train_loss=0.0018  train_acc=1.0000  test_loss=0.1859  test_acc=0.9515  lr=0.001000  time=17.9s
2026-05-22 13:58:02  INFO  Epoch  268/300  train_loss=0.0018  train_acc=0.9999  test_loss=0.1837  test_acc=0.9528  lr=0.001000  time=17.9s
2026-05-22 13:58:20  INFO  Epoch  269/300  train_loss=0.0018  train_acc=1.0000  test_loss=0.1817  test_acc=0.9529  lr=0.001000  time=17.9s
2026-05-22 13:58:38  INFO  Epoch  270/300  train_loss=0.0018  train_acc=1.0000  test_loss=0.1843  test_acc=0.9524  lr=0.001000  time=17.9s
2026-05-22 13:58:38  INFO    [checkpoint] Saved: /local/data/gme101/checkpoints_steplr/seed_1/checkpoint_epoch_0270.pt
2026-05-22 13:58:38  INFO    [activations] shape=(2040, 512)  saved: /local/data/gme101/activations_steplr/seed_1/activations_epoch_0270.npy
2026-05-22 13:58:56  INFO  Epoch  271/300  train_loss=0.0019  train_acc=1.0000  test_loss=0.1826  test_acc=0.9519  lr=0.001000  time=17.9s
2026-05-22 13:59:14  INFO  Epoch  272/300  train_loss=0.0018  train_acc=1.0000  test_loss=0.1827  test_acc=0.9526  lr=0.001000  time=17.9s
2026-05-22 13:59:32  INFO  Epoch  273/300  train_loss=0.0018  train_acc=0.9999  test_loss=0.1827  test_acc=0.9517  lr=0.001000  time=17.9s
2026-05-22 13:59:50  INFO  Epoch  274/300  train_loss=0.0018  train_acc=1.0000  test_loss=0.1825  test_acc=0.9524  lr=0.001000  time=17.9s
2026-05-22 14:00:07  INFO  Epoch  275/300  train_loss=0.0018  train_acc=0.9999  test_loss=0.1844  test_acc=0.9520  lr=0.001000  time=17.9s
2026-05-22 14:00:08  INFO    [checkpoint] Saved: /local/data/gme101/checkpoints_steplr/seed_1/checkpoint_epoch_0275.pt
2026-05-22 14:00:08  INFO    [activations] shape=(2040, 512)  saved: /local/data/gme101/activations_steplr/seed_1/activations_epoch_0275.npy
2026-05-22 14:00:26  INFO  Epoch  276/300  train_loss=0.0019  train_acc=1.0000  test_loss=0.1829  test_acc=0.9526  lr=0.001000  time=17.9s
2026-05-22 14:00:44  INFO  Epoch  277/300  train_loss=0.0017  train_acc=1.0000  test_loss=0.1839  test_acc=0.9519  lr=0.001000  time=17.9s
2026-05-22 14:01:02  INFO  Epoch  278/300  train_loss=0.0018  train_acc=0.9999  test_loss=0.1823  test_acc=0.9530  lr=0.001000  time=17.9s
2026-05-22 14:01:19  INFO  Epoch  279/300  train_loss=0.0020  train_acc=0.9999  test_loss=0.1823  test_acc=0.9530  lr=0.001000  time=17.9s
2026-05-22 14:01:37  INFO  Epoch  280/300  train_loss=0.0018  train_acc=1.0000  test_loss=0.1808  test_acc=0.9532  lr=0.001000  time=17.9s
2026-05-22 14:01:37  INFO    [checkpoint] Saved: /local/data/gme101/checkpoints_steplr/seed_1/checkpoint_epoch_0280.pt
2026-05-22 14:01:38  INFO    [activations] shape=(2040, 512)  saved: /local/data/gme101/activations_steplr/seed_1/activations_epoch_0280.npy
2026-05-22 14:01:56  INFO  Epoch  281/300  train_loss=0.0017  train_acc=1.0000  test_loss=0.1806  test_acc=0.9536  lr=0.001000  time=17.9s
2026-05-22 14:02:13  INFO  Epoch  282/300  train_loss=0.0018  train_acc=1.0000  test_loss=0.1819  test_acc=0.9530  lr=0.001000  time=17.9s
2026-05-22 14:02:31  INFO  Epoch  283/300  train_loss=0.0019  train_acc=0.9999  test_loss=0.1814  test_acc=0.9534  lr=0.001000  time=17.9s
2026-05-22 14:02:49  INFO  Epoch  284/300  train_loss=0.0018  train_acc=1.0000  test_loss=0.1818  test_acc=0.9529  lr=0.001000  time=17.9s
2026-05-22 14:03:07  INFO  Epoch  285/300  train_loss=0.0019  train_acc=0.9999  test_loss=0.1838  test_acc=0.9523  lr=0.001000  time=17.9s
2026-05-22 14:03:07  INFO    [checkpoint] Saved: /local/data/gme101/checkpoints_steplr/seed_1/checkpoint_epoch_0285.pt
2026-05-22 14:03:07  INFO    [activations] shape=(2040, 512)  saved: /local/data/gme101/activations_steplr/seed_1/activations_epoch_0285.npy
2026-05-22 14:03:25  INFO  Epoch  286/300  train_loss=0.0018  train_acc=1.0000  test_loss=0.1808  test_acc=0.9535  lr=0.001000  time=17.9s
2026-05-22 14:03:43  INFO  Epoch  287/300  train_loss=0.0019  train_acc=1.0000  test_loss=0.1805  test_acc=0.9532  lr=0.001000  time=17.9s
2026-05-22 14:04:01  INFO  Epoch  288/300  train_loss=0.0017  train_acc=1.0000  test_loss=0.1814  test_acc=0.9535  lr=0.001000  time=17.9s
2026-05-22 14:04:19  INFO  Epoch  289/300  train_loss=0.0018  train_acc=1.0000  test_loss=0.1815  test_acc=0.9527  lr=0.001000  time=17.9s
2026-05-22 14:04:37  INFO  Epoch  290/300  train_loss=0.0018  train_acc=1.0000  test_loss=0.1820  test_acc=0.9518  lr=0.001000  time=17.9s
2026-05-22 14:04:37  INFO    [checkpoint] Saved: /local/data/gme101/checkpoints_steplr/seed_1/checkpoint_epoch_0290.pt
2026-05-22 14:04:37  INFO    [activations] shape=(2040, 512)  saved: /local/data/gme101/activations_steplr/seed_1/activations_epoch_0290.npy
2026-05-22 14:04:55  INFO  Epoch  291/300  train_loss=0.0018  train_acc=1.0000  test_loss=0.1819  test_acc=0.9528  lr=0.001000  time=17.9s
2026-05-22 14:05:13  INFO  Epoch  292/300  train_loss=0.0019  train_acc=1.0000  test_loss=0.1812  test_acc=0.9524  lr=0.001000  time=17.9s
2026-05-22 14:05:31  INFO  Epoch  293/300  train_loss=0.0018  train_acc=0.9999  test_loss=0.1820  test_acc=0.9531  lr=0.001000  time=17.9s
2026-05-22 14:05:49  INFO  Epoch  294/300  train_loss=0.0018  train_acc=1.0000  test_loss=0.1807  test_acc=0.9532  lr=0.001000  time=17.9s
2026-05-22 14:06:07  INFO  Epoch  295/300  train_loss=0.0018  train_acc=0.9999  test_loss=0.1790  test_acc=0.9542  lr=0.001000  time=17.9s
2026-05-22 14:06:07  INFO    [checkpoint] Saved: /local/data/gme101/checkpoints_steplr/seed_1/checkpoint_epoch_0295.pt
2026-05-22 14:06:07  INFO    [activations] shape=(2040, 512)  saved: /local/data/gme101/activations_steplr/seed_1/activations_epoch_0295.npy
2026-05-22 14:06:25  INFO  Epoch  296/300  train_loss=0.0018  train_acc=1.0000  test_loss=0.1808  test_acc=0.9533  lr=0.001000  time=17.9s
2026-05-22 14:06:43  INFO  Epoch  297/300  train_loss=0.0018  train_acc=1.0000  test_loss=0.1806  test_acc=0.9533  lr=0.001000  time=17.9s
2026-05-22 14:07:01  INFO  Epoch  298/300  train_loss=0.0018  train_acc=1.0000  test_loss=0.1817  test_acc=0.9534  lr=0.001000  time=17.9s
2026-05-22 14:07:19  INFO  Epoch  299/300  train_loss=0.0018  train_acc=1.0000  test_loss=0.1813  test_acc=0.9537  lr=0.001000  time=17.9s
2026-05-22 14:07:37  INFO  Epoch  300/300  train_loss=0.0018  train_acc=1.0000  test_loss=0.1809  test_acc=0.9538  lr=0.001000  time=17.9s
2026-05-22 14:07:37  INFO    [checkpoint] Saved: /local/data/gme101/checkpoints_steplr/seed_1/checkpoint_epoch_0300.pt
2026-05-22 14:07:37  INFO    [activations] shape=(2040, 512)  saved: /local/data/gme101/activations_steplr/seed_1/activations_epoch_0300.npy
2026-05-22 14:07:37  INFO  ======================================================================
2026-05-22 14:07:37  INFO  Training complete.
2026-05-22 14:07:37  INFO  Final test accuracy: 0.9538
2026-05-22 14:07:37  INFO  Checkpoints saved to: /local/data/gme101/checkpoints_steplr/seed_1
2026-05-22 14:07:37  INFO  Activations saved to: /local/data/gme101/activations_steplr/seed_1
2026-05-22 14:07:37  INFO  ======================================================================
