2026-05-22 12:36:33  INFO  ======================================================================
2026-05-22 12:36:33  INFO  CKA Computation — Representation Stabilization
2026-05-22 12:36:33  INFO  ======================================================================
2026-05-22 12:36:33  INFO  Config:          configs/resnet18_cifar10_steplr.yaml
2026-05-22 12:36:33  INFO  Activations dir: /local/data/gme101/activations_steplr/seed_0
2026-05-22 12:36:33  INFO  Results dir:     /local/data/gme101/results_steplr/seed_0
2026-05-22 12:36:33  INFO  Seed: 0
2026-05-22 12:36:33  INFO  Mode: consecutive
2026-05-22 12:36:33  INFO  Stabilization threshold tau = 0.02
2026-05-22 12:36:33  INFO  Found 60 activation files in '/local/data/gme101/activations_steplr/seed_0'
2026-05-22 12:36:33  INFO  Epoch range: 5 to 300
2026-05-22 12:36:33  INFO  Number of CKA pairs to compute: 59
2026-05-22 12:36:33  INFO  ----------------------------------------------------------------------
2026-05-22 12:36:33  INFO    Pair   1/59  epoch    5 →   10  CKA = 0.8490  change = 0.1510  below_tau = no 
2026-05-22 12:36:33  INFO    Pair   2/59  epoch   10 →   15  CKA = 0.8422  change = 0.1578  below_tau = no 
2026-05-22 12:36:33  INFO    Pair   3/59  epoch   15 →   20  CKA = 0.7852  change = 0.2148  below_tau = no 
2026-05-22 12:36:33  INFO    Pair   4/59  epoch   20 →   25  CKA = 0.7986  change = 0.2014  below_tau = no 
2026-05-22 12:36:33  INFO    Pair   5/59  epoch   25 →   30  CKA = 0.8370  change = 0.1630  below_tau = no 
2026-05-22 12:36:33  INFO    Pair   6/59  epoch   30 →   35  CKA = 0.7936  change = 0.2064  below_tau = no 
2026-05-22 12:36:33  INFO    Pair   7/59  epoch   35 →   40  CKA = 0.7803  change = 0.2197  below_tau = no 
2026-05-22 12:36:33  INFO    Pair   8/59  epoch   40 →   45  CKA = 0.7221  change = 0.2779  below_tau = no 
2026-05-22 12:36:33  INFO    Pair   9/59  epoch   45 →   50  CKA = 0.7639  change = 0.2361  below_tau = no 
2026-05-22 12:36:33  INFO    Pair  10/59  epoch   50 →   55  CKA = 0.8333  change = 0.1667  below_tau = no 
2026-05-22 12:36:33  INFO    Pair  11/59  epoch   55 →   60  CKA = 0.8364  change = 0.1636  below_tau = no 
2026-05-22 12:36:33  INFO    Pair  12/59  epoch   60 →   65  CKA = 0.8157  change = 0.1843  below_tau = no 
2026-05-22 12:36:33  INFO    Pair  13/59  epoch   65 →   70  CKA = 0.7835  change = 0.2165  below_tau = no 
2026-05-22 12:36:33  INFO    Pair  14/59  epoch   70 →   75  CKA = 0.7582  change = 0.2418  below_tau = no 
2026-05-22 12:36:33  INFO    Pair  15/59  epoch   75 →   80  CKA = 0.8054  change = 0.1946  below_tau = no 
2026-05-22 12:36:33  INFO    Pair  16/59  epoch   80 →   85  CKA = 0.7984  change = 0.2016  below_tau = no 
2026-05-22 12:36:33  INFO    Pair  17/59  epoch   85 →   90  CKA = 0.7862  change = 0.2138  below_tau = no 
2026-05-22 12:36:33  INFO    Pair  18/59  epoch   90 →   95  CKA = 0.8235  change = 0.1765  below_tau = no 
2026-05-22 12:36:33  INFO    Pair  19/59  epoch   95 →  100  CKA = 0.7888  change = 0.2112  below_tau = no 
2026-05-22 12:36:33  INFO    Pair  20/59  epoch  100 →  105  CKA = 0.8598  change = 0.1402  below_tau = no 
2026-05-22 12:36:34  INFO    Pair  21/59  epoch  105 →  110  CKA = 0.9688  change = 0.0312  below_tau = no 
2026-05-22 12:36:34  INFO    Pair  22/59  epoch  110 →  115  CKA = 0.9635  change = 0.0365  below_tau = no 
2026-05-22 12:36:34  INFO    Pair  23/59  epoch  115 →  120  CKA = 0.9560  change = 0.0440  below_tau = no 
2026-05-22 12:36:34  INFO    Pair  24/59  epoch  120 →  125  CKA = 0.9347  change = 0.0653  below_tau = no 
2026-05-22 12:36:34  INFO    Pair  25/59  epoch  125 →  130  CKA = 0.9178  change = 0.0822  below_tau = no 
2026-05-22 12:36:34  INFO    Pair  26/59  epoch  130 →  135  CKA = 0.9179  change = 0.0821  below_tau = no 
2026-05-22 12:36:34  INFO    Pair  27/59  epoch  135 →  140  CKA = 0.9076  change = 0.0924  below_tau = no 
2026-05-22 12:36:34  INFO    Pair  28/59  epoch  140 →  145  CKA = 0.8971  change = 0.1029  below_tau = no 
2026-05-22 12:36:34  INFO    Pair  29/59  epoch  145 →  150  CKA = 0.8984  change = 0.1016  below_tau = no 
2026-05-22 12:36:34  INFO    Pair  30/59  epoch  150 →  155  CKA = 0.8866  change = 0.1134  below_tau = no 
2026-05-22 12:36:34  INFO    Pair  31/59  epoch  155 →  160  CKA = 0.9009  change = 0.0991  below_tau = no 
2026-05-22 12:36:34  INFO    Pair  32/59  epoch  160 →  165  CKA = 0.8955  change = 0.1045  below_tau = no 
2026-05-22 12:36:34  INFO    Pair  33/59  epoch  165 →  170  CKA = 0.9021  change = 0.0979  below_tau = no 
2026-05-22 12:36:34  INFO    Pair  34/59  epoch  170 →  175  CKA = 0.9038  change = 0.0962  below_tau = no 
2026-05-22 12:36:34  INFO    Pair  35/59  epoch  175 →  180  CKA = 0.8791  change = 0.1209  below_tau = no 
2026-05-22 12:36:34  INFO    Pair  36/59  epoch  180 →  185  CKA = 0.8889  change = 0.1111  below_tau = no 
2026-05-22 12:36:34  INFO    Pair  37/59  epoch  185 →  190  CKA = 0.8974  change = 0.1026  below_tau = no 
2026-05-22 12:36:34  INFO    Pair  38/59  epoch  190 →  195  CKA = 0.8806  change = 0.1194  below_tau = no 
2026-05-22 12:36:34  INFO    Pair  39/59  epoch  195 →  200  CKA = 0.8885  change = 0.1115  below_tau = no 
2026-05-22 12:36:34  INFO    Pair  40/59  epoch  200 →  205  CKA = 0.9606  change = 0.0394  below_tau = no 
2026-05-22 12:36:34  INFO    Pair  41/59  epoch  205 →  210  CKA = 0.9970  change = 0.0030  below_tau = YES
2026-05-22 12:36:34  INFO    Pair  42/59  epoch  210 →  215  CKA = 0.9975  change = 0.0025  below_tau = YES
2026-05-22 12:36:34  INFO    Pair  43/59  epoch  215 →  220  CKA = 0.9975  change = 0.0025  below_tau = YES
2026-05-22 12:36:34  INFO    Pair  44/59  epoch  220 →  225  CKA = 0.9982  change = 0.0018  below_tau = YES
2026-05-22 12:36:34  INFO    Pair  45/59  epoch  225 →  230  CKA = 0.9986  change = 0.0014  below_tau = YES
2026-05-22 12:36:34  INFO    Pair  46/59  epoch  230 →  235  CKA = 0.9989  change = 0.0011  below_tau = YES
2026-05-22 12:36:34  INFO    Pair  47/59  epoch  235 →  240  CKA = 0.9985  change = 0.0015  below_tau = YES
2026-05-22 12:36:34  INFO    Pair  48/59  epoch  240 →  245  CKA = 0.9990  change = 0.0010  below_tau = YES
2026-05-22 12:36:34  INFO    Pair  49/59  epoch  245 →  250  CKA = 0.9988  change = 0.0012  below_tau = YES
2026-05-22 12:36:34  INFO    Pair  50/59  epoch  250 →  255  CKA = 0.9988  change = 0.0012  below_tau = YES
2026-05-22 12:36:34  INFO    Pair  51/59  epoch  255 →  260  CKA = 0.9984  change = 0.0016  below_tau = YES
2026-05-22 12:36:34  INFO    Pair  52/59  epoch  260 →  265  CKA = 0.9986  change = 0.0014  below_tau = YES
2026-05-22 12:36:34  INFO    Pair  53/59  epoch  265 →  270  CKA = 0.9991  change = 0.0009  below_tau = YES
2026-05-22 12:36:34  INFO    Pair  54/59  epoch  270 →  275  CKA = 0.9990  change = 0.0010  below_tau = YES
2026-05-22 12:36:34  INFO    Pair  55/59  epoch  275 →  280  CKA = 0.9989  change = 0.0011  below_tau = YES
2026-05-22 12:36:34  INFO    Pair  56/59  epoch  280 →  285  CKA = 0.9991  change = 0.0009  below_tau = YES
2026-05-22 12:36:35  INFO    Pair  57/59  epoch  285 →  290  CKA = 0.9989  change = 0.0011  below_tau = YES
2026-05-22 12:36:35  INFO    Pair  58/59  epoch  290 →  295  CKA = 0.9990  change = 0.0010  below_tau = YES
2026-05-22 12:36:35  INFO    Pair  59/59  epoch  295 →  300  CKA = 0.9988  change = 0.0012  below_tau = YES
2026-05-22 12:36:35  INFO  ----------------------------------------------------------------------
2026-05-22 12:36:35  INFO  Saved CKA results (59 pairs) to: /local/data/gme101/results_steplr/seed_0/cka_results.csv
2026-05-22 12:36:35  INFO  Pairs below tau=0.02: 19 / 59
2026-05-22 12:36:35  INFO  ======================================================================
2026-05-22 12:36:35  INFO  CKA computation complete.
2026-05-22 12:36:35  INFO  ======================================================================
