2026-05-22 12:36:35  INFO  ======================================================================
2026-05-22 12:36:35  INFO  DRS Computation — Representation Stabilization
2026-05-22 12:36:35  INFO  ======================================================================
2026-05-22 12:36:35  INFO  Config:          configs/resnet18_cifar10_steplr.yaml
2026-05-22 12:36:35  INFO  Activations dir: /local/data/gme101/activations_steplr/seed_0
2026-05-22 12:36:35  INFO  Results dir:     /local/data/gme101/results_steplr/seed_0
2026-05-22 12:36:35  INFO  Device:          cuda
2026-05-22 12:36:35  INFO  GPU: NVIDIA L4
2026-05-22 12:36:35  INFO  Seed: 0
2026-05-22 12:36:35  INFO  DRS config: n_planes=500, n_points_per_plane=2500
2026-05-22 12:36:35  INFO  DRS config: probe_epochs=10, probe_lr=0.0001
2026-05-22 12:36:35  INFO  DRS config: compute_freq=10, tau=0.02
2026-05-22 12:36:35  INFO  Extraction labels: 2040 samples (204 per class)
2026-05-22 12:36:35  INFO  Saved plane triplets (500 triplets) to: /local/data/gme101/results_steplr/seed_0/drs_plane_triplets.npy
2026-05-22 12:36:35  INFO  Found 60 activation files in '/local/data/gme101/activations_steplr/seed_0'
2026-05-22 12:36:35  INFO  DRS-eligible pairs (epoch_curr % 10 == 0): 30
2026-05-22 12:36:35  INFO         5 →   10
2026-05-22 12:36:35  INFO        15 →   20
2026-05-22 12:36:35  INFO        25 →   30
2026-05-22 12:36:35  INFO        35 →   40
2026-05-22 12:36:35  INFO        45 →   50
2026-05-22 12:36:35  INFO        55 →   60
2026-05-22 12:36:35  INFO        65 →   70
2026-05-22 12:36:35  INFO        75 →   80
2026-05-22 12:36:35  INFO        85 →   90
2026-05-22 12:36:35  INFO        95 →  100
2026-05-22 12:36:35  INFO       105 →  110
2026-05-22 12:36:35  INFO       115 →  120
2026-05-22 12:36:35  INFO       125 →  130
2026-05-22 12:36:35  INFO       135 →  140
2026-05-22 12:36:35  INFO       145 →  150
2026-05-22 12:36:35  INFO       155 →  160
2026-05-22 12:36:35  INFO       165 →  170
2026-05-22 12:36:35  INFO       175 →  180
2026-05-22 12:36:35  INFO       185 →  190
2026-05-22 12:36:35  INFO       195 →  200
2026-05-22 12:36:35  INFO       205 →  210
2026-05-22 12:36:35  INFO       215 →  220
2026-05-22 12:36:35  INFO       225 →  230
2026-05-22 12:36:35  INFO       235 →  240
2026-05-22 12:36:35  INFO       245 →  250
2026-05-22 12:36:35  INFO       255 →  260
2026-05-22 12:36:35  INFO       265 →  270
2026-05-22 12:36:35  INFO       275 →  280
2026-05-22 12:36:35  INFO       285 →  290
2026-05-22 12:36:35  INFO       295 →  300
2026-05-22 12:36:35  INFO  ----------------------------------------------------------------------
2026-05-22 12:36:35  INFO  DRS pair 1/30: epoch 5 → 10
2026-05-22 12:36:35  INFO      Training probe on current epoch activations...
2026-05-22 12:36:36  INFO      Training probe on previous epoch activations...
2026-05-22 12:36:36  INFO      Evaluating agreement across 500 planes...
2026-05-22 12:36:38  INFO    Pair 1/30  epoch    5 →   10  DRS = 0.6966  change = 0.3034  below_tau = no 
2026-05-22 12:36:38  INFO  DRS pair 2/30: epoch 15 → 20
2026-05-22 12:36:38  INFO      Training probe on current epoch activations...
2026-05-22 12:36:38  INFO      Training probe on previous epoch activations...
2026-05-22 12:36:38  INFO      Evaluating agreement across 500 planes...
2026-05-22 12:36:40  INFO    Pair 2/30  epoch   15 →   20  DRS = 0.8360  change = 0.1640  below_tau = no 
2026-05-22 12:36:40  INFO  DRS pair 3/30: epoch 25 → 30
2026-05-22 12:36:40  INFO      Training probe on current epoch activations...
2026-05-22 12:36:40  INFO      Training probe on previous epoch activations...
2026-05-22 12:36:41  INFO      Evaluating agreement across 500 planes...
2026-05-22 12:36:43  INFO    Pair 3/30  epoch   25 →   30  DRS = 0.8365  change = 0.1635  below_tau = no 
2026-05-22 12:36:43  INFO  DRS pair 4/30: epoch 35 → 40
2026-05-22 12:36:43  INFO      Training probe on current epoch activations...
2026-05-22 12:36:43  INFO      Training probe on previous epoch activations...
2026-05-22 12:36:43  INFO      Evaluating agreement across 500 planes...
2026-05-22 12:36:45  INFO    Pair 4/30  epoch   35 →   40  DRS = 0.8246  change = 0.1754  below_tau = no 
2026-05-22 12:36:45  INFO  DRS pair 5/30: epoch 45 → 50
2026-05-22 12:36:45  INFO      Training probe on current epoch activations...
2026-05-22 12:36:45  INFO      Training probe on previous epoch activations...
2026-05-22 12:36:45  INFO      Evaluating agreement across 500 planes...
2026-05-22 12:36:47  INFO    Pair 5/30  epoch   45 →   50  DRS = 0.7839  change = 0.2161  below_tau = no 
2026-05-22 12:36:47  INFO  DRS pair 6/30: epoch 55 → 60
2026-05-22 12:36:47  INFO      Training probe on current epoch activations...
2026-05-22 12:36:47  INFO      Training probe on previous epoch activations...
2026-05-22 12:36:47  INFO      Evaluating agreement across 500 planes...
2026-05-22 12:36:49  INFO    Pair 6/30  epoch   55 →   60  DRS = 0.8193  change = 0.1807  below_tau = no 
2026-05-22 12:36:49  INFO  DRS pair 7/30: epoch 65 → 70
2026-05-22 12:36:49  INFO      Training probe on current epoch activations...
2026-05-22 12:36:49  INFO      Training probe on previous epoch activations...
2026-05-22 12:36:50  INFO      Evaluating agreement across 500 planes...
2026-05-22 12:36:52  INFO    Pair 7/30  epoch   65 →   70  DRS = 0.8081  change = 0.1919  below_tau = no 
2026-05-22 12:36:52  INFO  DRS pair 8/30: epoch 75 → 80
2026-05-22 12:36:52  INFO      Training probe on current epoch activations...
2026-05-22 12:36:52  INFO      Training probe on previous epoch activations...
2026-05-22 12:36:52  INFO      Evaluating agreement across 500 planes...
2026-05-22 12:36:54  INFO    Pair 8/30  epoch   75 →   80  DRS = 0.8182  change = 0.1818  below_tau = no 
2026-05-22 12:36:54  INFO  DRS pair 9/30: epoch 85 → 90
2026-05-22 12:36:54  INFO      Training probe on current epoch activations...
2026-05-22 12:36:54  INFO      Training probe on previous epoch activations...
2026-05-22 12:36:54  INFO      Evaluating agreement across 500 planes...
2026-05-22 12:36:56  INFO    Pair 9/30  epoch   85 →   90  DRS = 0.8475  change = 0.1525  below_tau = no 
2026-05-22 12:36:56  INFO  DRS pair 10/30: epoch 95 → 100
2026-05-22 12:36:56  INFO      Training probe on current epoch activations...
2026-05-22 12:36:56  INFO      Training probe on previous epoch activations...
2026-05-22 12:36:56  INFO      Evaluating agreement across 500 planes...
2026-05-22 12:36:58  INFO    Pair 10/30  epoch   95 →  100  DRS = 0.8259  change = 0.1741  below_tau = no 
2026-05-22 12:36:58  INFO  DRS pair 11/30: epoch 105 → 110
2026-05-22 12:36:58  INFO      Training probe on current epoch activations...
2026-05-22 12:36:58  INFO      Training probe on previous epoch activations...
2026-05-22 12:36:58  INFO      Evaluating agreement across 500 planes...
2026-05-22 12:37:00  INFO    Pair 11/30  epoch  105 →  110  DRS = 0.8793  change = 0.1207  below_tau = no 
2026-05-22 12:37:00  INFO  DRS pair 12/30: epoch 115 → 120
2026-05-22 12:37:00  INFO      Training probe on current epoch activations...
2026-05-22 12:37:00  INFO      Training probe on previous epoch activations...
2026-05-22 12:37:01  INFO      Evaluating agreement across 500 planes...
2026-05-22 12:37:02  INFO    Pair 12/30  epoch  115 →  120  DRS = 0.8745  change = 0.1255  below_tau = no 
2026-05-22 12:37:02  INFO  DRS pair 13/30: epoch 125 → 130
2026-05-22 12:37:02  INFO      Training probe on current epoch activations...
2026-05-22 12:37:02  INFO      Training probe on previous epoch activations...
2026-05-22 12:37:03  INFO      Evaluating agreement across 500 planes...
2026-05-22 12:37:04  INFO    Pair 13/30  epoch  125 →  130  DRS = 0.8708  change = 0.1292  below_tau = no 
2026-05-22 12:37:04  INFO  DRS pair 14/30: epoch 135 → 140
2026-05-22 12:37:04  INFO      Training probe on current epoch activations...
2026-05-22 12:37:05  INFO      Training probe on previous epoch activations...
2026-05-22 12:37:05  INFO      Evaluating agreement across 500 planes...
2026-05-22 12:37:06  INFO    Pair 14/30  epoch  135 →  140  DRS = 0.8662  change = 0.1338  below_tau = no 
2026-05-22 12:37:06  INFO  DRS pair 15/30: epoch 145 → 150
2026-05-22 12:37:06  INFO      Training probe on current epoch activations...
2026-05-22 12:37:07  INFO      Training probe on previous epoch activations...
2026-05-22 12:37:07  INFO      Evaluating agreement across 500 planes...
2026-05-22 12:37:08  INFO    Pair 15/30  epoch  145 →  150  DRS = 0.8923  change = 0.1077  below_tau = no 
2026-05-22 12:37:08  INFO  DRS pair 16/30: epoch 155 → 160
2026-05-22 12:37:08  INFO      Training probe on current epoch activations...
2026-05-22 12:37:08  INFO      Training probe on previous epoch activations...
2026-05-22 12:37:09  INFO      Evaluating agreement across 500 planes...
2026-05-22 12:37:10  INFO    Pair 16/30  epoch  155 →  160  DRS = 0.8667  change = 0.1333  below_tau = no 
2026-05-22 12:37:10  INFO  DRS pair 17/30: epoch 165 → 170
2026-05-22 12:37:10  INFO      Training probe on current epoch activations...
2026-05-22 12:37:10  INFO      Training probe on previous epoch activations...
2026-05-22 12:37:11  INFO      Evaluating agreement across 500 planes...
2026-05-22 12:37:12  INFO    Pair 17/30  epoch  165 →  170  DRS = 0.8426  change = 0.1574  below_tau = no 
2026-05-22 12:37:12  INFO  DRS pair 18/30: epoch 175 → 180
2026-05-22 12:37:12  INFO      Training probe on current epoch activations...
2026-05-22 12:37:13  INFO      Training probe on previous epoch activations...
2026-05-22 12:37:13  INFO      Evaluating agreement across 500 planes...
2026-05-22 12:37:15  INFO    Pair 18/30  epoch  175 →  180  DRS = 0.8706  change = 0.1294  below_tau = no 
2026-05-22 12:37:15  INFO  DRS pair 19/30: epoch 185 → 190
2026-05-22 12:37:15  INFO      Training probe on current epoch activations...
2026-05-22 12:37:15  INFO      Training probe on previous epoch activations...
2026-05-22 12:37:15  INFO      Evaluating agreement across 500 planes...
2026-05-22 12:37:17  INFO    Pair 19/30  epoch  185 →  190  DRS = 0.8513  change = 0.1487  below_tau = no 
2026-05-22 12:37:17  INFO  DRS pair 20/30: epoch 195 → 200
2026-05-22 12:37:17  INFO      Training probe on current epoch activations...
2026-05-22 12:37:17  INFO      Training probe on previous epoch activations...
2026-05-22 12:37:17  INFO      Evaluating agreement across 500 planes...
2026-05-22 12:37:19  INFO    Pair 20/30  epoch  195 →  200  DRS = 0.8767  change = 0.1233  below_tau = no 
2026-05-22 12:37:19  INFO  DRS pair 21/30: epoch 205 → 210
2026-05-22 12:37:19  INFO      Training probe on current epoch activations...
2026-05-22 12:37:19  INFO      Training probe on previous epoch activations...
2026-05-22 12:37:19  INFO      Evaluating agreement across 500 planes...
2026-05-22 12:37:21  INFO    Pair 21/30  epoch  205 →  210  DRS = 0.8806  change = 0.1194  below_tau = no 
2026-05-22 12:37:21  INFO  DRS pair 22/30: epoch 215 → 220
2026-05-22 12:37:21  INFO      Training probe on current epoch activations...
2026-05-22 12:37:21  INFO      Training probe on previous epoch activations...
2026-05-22 12:37:21  INFO      Evaluating agreement across 500 planes...
2026-05-22 12:37:23  INFO    Pair 22/30  epoch  215 →  220  DRS = 0.8623  change = 0.1377  below_tau = no 
2026-05-22 12:37:23  INFO  DRS pair 23/30: epoch 225 → 230
2026-05-22 12:37:23  INFO      Training probe on current epoch activations...
2026-05-22 12:37:23  INFO      Training probe on previous epoch activations...
2026-05-22 12:37:23  INFO      Evaluating agreement across 500 planes...
2026-05-22 12:37:25  INFO    Pair 23/30  epoch  225 →  230  DRS = 0.8698  change = 0.1302  below_tau = no 
2026-05-22 12:37:25  INFO  DRS pair 24/30: epoch 235 → 240
2026-05-22 12:37:25  INFO      Training probe on current epoch activations...
2026-05-22 12:37:25  INFO      Training probe on previous epoch activations...
2026-05-22 12:37:25  INFO      Evaluating agreement across 500 planes...
2026-05-22 12:37:27  INFO    Pair 24/30  epoch  235 →  240  DRS = 0.8867  change = 0.1133  below_tau = no 
2026-05-22 12:37:27  INFO  DRS pair 25/30: epoch 245 → 250
2026-05-22 12:37:27  INFO      Training probe on current epoch activations...
2026-05-22 12:37:27  INFO      Training probe on previous epoch activations...
2026-05-22 12:37:27  INFO      Evaluating agreement across 500 planes...
2026-05-22 12:37:29  INFO    Pair 25/30  epoch  245 →  250  DRS = 0.8703  change = 0.1297  below_tau = no 
2026-05-22 12:37:29  INFO  DRS pair 26/30: epoch 255 → 260
2026-05-22 12:37:29  INFO      Training probe on current epoch activations...
2026-05-22 12:37:29  INFO      Training probe on previous epoch activations...
2026-05-22 12:37:30  INFO      Evaluating agreement across 500 planes...
2026-05-22 12:37:31  INFO    Pair 26/30  epoch  255 →  260  DRS = 0.8952  change = 0.1048  below_tau = no 
2026-05-22 12:37:31  INFO  DRS pair 27/30: epoch 265 → 270
2026-05-22 12:37:31  INFO      Training probe on current epoch activations...
2026-05-22 12:37:32  INFO      Training probe on previous epoch activations...
2026-05-22 12:37:32  INFO      Evaluating agreement across 500 planes...
2026-05-22 12:37:34  INFO    Pair 27/30  epoch  265 →  270  DRS = 0.8859  change = 0.1141  below_tau = no 
2026-05-22 12:37:34  INFO  DRS pair 28/30: epoch 275 → 280
2026-05-22 12:37:34  INFO      Training probe on current epoch activations...
2026-05-22 12:37:34  INFO      Training probe on previous epoch activations...
2026-05-22 12:37:34  INFO      Evaluating agreement across 500 planes...
2026-05-22 12:37:36  INFO    Pair 28/30  epoch  275 →  280  DRS = 0.9095  change = 0.0905  below_tau = no 
2026-05-22 12:37:36  INFO  DRS pair 29/30: epoch 285 → 290
2026-05-22 12:37:36  INFO      Training probe on current epoch activations...
2026-05-22 12:37:36  INFO      Training probe on previous epoch activations...
2026-05-22 12:37:36  INFO      Evaluating agreement across 500 planes...
2026-05-22 12:37:38  INFO    Pair 29/30  epoch  285 →  290  DRS = 0.8965  change = 0.1035  below_tau = no 
2026-05-22 12:37:38  INFO  DRS pair 30/30: epoch 295 → 300
2026-05-22 12:37:38  INFO      Training probe on current epoch activations...
2026-05-22 12:37:38  INFO      Training probe on previous epoch activations...
2026-05-22 12:37:38  INFO      Evaluating agreement across 500 planes...
2026-05-22 12:37:40  INFO    Pair 30/30  epoch  295 →  300  DRS = 0.8855  change = 0.1145  below_tau = no 
2026-05-22 12:37:40  INFO  ----------------------------------------------------------------------
2026-05-22 12:37:40  INFO  Saved DRS results (30 pairs) to: /local/data/gme101/results_steplr/seed_0/drs_results.csv
2026-05-22 12:37:40  INFO  Pairs below tau=0.02: 0 / 30
2026-05-22 12:37:40  INFO  ======================================================================
2026-05-22 12:37:40  INFO  DRS computation complete.
2026-05-22 12:37:40  INFO  ======================================================================
