2026-05-22 12:37:40  INFO  ======================================================================
2026-05-22 12:37:40  INFO  Stabilization Detection — (τ, K) Criterion
2026-05-22 12:37:40  INFO  ======================================================================
2026-05-22 12:37:40  INFO  Config:  configs/resnet18_cifar10_steplr.yaml
2026-05-22 12:37:40  INFO  τ (tau): 0.02   (change threshold; change = 1 − metric_value)
2026-05-22 12:37:40  INFO  K:       5    (consecutive below-τ pairs required to declare t*)
2026-05-22 12:37:40  INFO  CKA CSV: /local/data/gme101/results_steplr/seed_0/cka_results.csv
2026-05-22 12:37:40  INFO  DRS CSV: /local/data/gme101/results_steplr/seed_0/drs_results.csv
2026-05-22 12:37:40  INFO  ----------------------------------------------------------------------
2026-05-22 12:37:40  INFO  Loading CKA results...
2026-05-22 12:37:40  INFO    Loaded 59 CKA pairs.
2026-05-22 12:37:40  INFO    Pairs below τ=0.02: 19 / 59 (32.2%)
2026-05-22 12:37:40  INFO  ----------------------------------------------------------------------
2026-05-22 12:37:40  INFO  Loading DRS results (optional)...
2026-05-22 12:37:40  INFO    Loaded 30 DRS pairs.
2026-05-22 12:37:40  INFO    Pairs below τ=0.02: 0 / 30 (0.0%)
2026-05-22 12:37:40  INFO  ----------------------------------------------------------------------
2026-05-22 12:37:40  INFO  Running stabilization detection on CKA (τ=0.02, K=5)...
2026-05-22 12:37:40  INFO    CKA stabilization detected at epoch t* = 230
2026-05-22 12:37:40  INFO    CKA pairs (τ=0.02, K=5, detected t*=230):
2026-05-22 12:37:40  INFO    epoch_prev  epoch_curr    change  below_τ  consec  trigger
2026-05-22 12:37:40  INFO    ------------------------------------------------------------
2026-05-22 12:37:40  INFO             5          10    0.1510      no        0        0
2026-05-22 12:37:40  INFO            10          15    0.1578      no        0        0
2026-05-22 12:37:40  INFO            15          20    0.2148      no        0        0
2026-05-22 12:37:40  INFO            20          25    0.2014      no        0        0
2026-05-22 12:37:40  INFO            25          30    0.1630      no        0        0
2026-05-22 12:37:40  INFO            30          35    0.2064      no        0        0
2026-05-22 12:37:40  INFO            35          40    0.2197      no        0        0
2026-05-22 12:37:40  INFO            40          45    0.2779      no        0        0
2026-05-22 12:37:40  INFO            45          50    0.2361      no        0        0
2026-05-22 12:37:40  INFO            50          55    0.1667      no        0        0
2026-05-22 12:37:40  INFO            55          60    0.1636      no        0        0
2026-05-22 12:37:40  INFO            60          65    0.1843      no        0        0
2026-05-22 12:37:40  INFO            65          70    0.2165      no        0        0
2026-05-22 12:37:40  INFO            70          75    0.2418      no        0        0
2026-05-22 12:37:40  INFO            75          80    0.1946      no        0        0
2026-05-22 12:37:40  INFO            80          85    0.2016      no        0        0
2026-05-22 12:37:40  INFO            85          90    0.2138      no        0        0
2026-05-22 12:37:40  INFO            90          95    0.1765      no        0        0
2026-05-22 12:37:40  INFO            95         100    0.2112      no        0        0
2026-05-22 12:37:40  INFO           100         105    0.1402      no        0        0
2026-05-22 12:37:40  INFO           105         110    0.0312      no        0        0
2026-05-22 12:37:40  INFO           110         115    0.0365      no        0        0
2026-05-22 12:37:40  INFO           115         120    0.0440      no        0        0
2026-05-22 12:37:40  INFO           120         125    0.0653      no        0        0
2026-05-22 12:37:40  INFO           125         130    0.0822      no        0        0
2026-05-22 12:37:40  INFO           130         135    0.0821      no        0        0
2026-05-22 12:37:40  INFO           135         140    0.0924      no        0        0
2026-05-22 12:37:40  INFO           140         145    0.1029      no        0        0
2026-05-22 12:37:40  INFO           145         150    0.1016      no        0        0
2026-05-22 12:37:40  INFO           150         155    0.1134      no        0        0
2026-05-22 12:37:40  INFO           155         160    0.0991      no        0        0
2026-05-22 12:37:40  INFO           160         165    0.1045      no        0        0
2026-05-22 12:37:40  INFO           165         170    0.0979      no        0        0
2026-05-22 12:37:40  INFO           170         175    0.0962      no        0        0
2026-05-22 12:37:40  INFO           175         180    0.1209      no        0        0
2026-05-22 12:37:40  INFO           180         185    0.1111      no        0        0
2026-05-22 12:37:40  INFO           185         190    0.1026      no        0        0
2026-05-22 12:37:40  INFO           190         195    0.1194      no        0        0
2026-05-22 12:37:40  INFO           195         200    0.1115      no        0        0
2026-05-22 12:37:40  INFO           200         205    0.0394      no        0        0
2026-05-22 12:37:40  INFO           205         210    0.0030      YES       1        0
2026-05-22 12:37:40  INFO           210         215    0.0025      YES       2        0
2026-05-22 12:37:40  INFO           215         220    0.0025      YES       3        0
2026-05-22 12:37:40  INFO           220         225    0.0019      YES       4        0
2026-05-22 12:37:40  INFO           225         230    0.0014      YES       5        1 ← t*
2026-05-22 12:37:40  INFO           230         235    0.0011      YES       6        0
2026-05-22 12:37:40  INFO           235         240    0.0015      YES       7        0
2026-05-22 12:37:40  INFO           240         245    0.0010      YES       8        0
2026-05-22 12:37:40  INFO           245         250    0.0012      YES       9        0
2026-05-22 12:37:40  INFO           250         255    0.0012      YES      10        0
2026-05-22 12:37:40  INFO           255         260    0.0016      YES      11        0
2026-05-22 12:37:40  INFO           260         265    0.0014      YES      12        0
2026-05-22 12:37:40  INFO           265         270    0.0009      YES      13        0
2026-05-22 12:37:40  INFO           270         275    0.0010      YES      14        0
2026-05-22 12:37:40  INFO           275         280    0.0011      YES      15        0
2026-05-22 12:37:40  INFO           280         285    0.0009      YES      16        0
2026-05-22 12:37:40  INFO           285         290    0.0011      YES      17        0
2026-05-22 12:37:40  INFO           290         295    0.0010      YES      18        0
2026-05-22 12:37:40  INFO           295         300    0.0012      YES      19        0
2026-05-22 12:37:40  INFO  ----------------------------------------------------------------------
2026-05-22 12:37:40  INFO  Running stabilization detection on DRS (τ=0.02, K=5)...
2026-05-22 12:37:40  INFO    DRS stabilization NOT detected (K=5 consecutive below-τ pairs never accumulated)
2026-05-22 12:37:40  INFO    DRS pairs (τ=0.02, K=5, detected t*=None):
2026-05-22 12:37:40  INFO    epoch_prev  epoch_curr    change  below_τ  consec  trigger
2026-05-22 12:37:40  INFO    ------------------------------------------------------------
2026-05-22 12:37:40  INFO             5          10    0.3034      no        0        0
2026-05-22 12:37:40  INFO            15          20    0.1640      no        0        0
2026-05-22 12:37:40  INFO            25          30    0.1635      no        0        0
2026-05-22 12:37:40  INFO            35          40    0.1754      no        0        0
2026-05-22 12:37:40  INFO            45          50    0.2161      no        0        0
2026-05-22 12:37:40  INFO            55          60    0.1807      no        0        0
2026-05-22 12:37:40  INFO            65          70    0.1919      no        0        0
2026-05-22 12:37:40  INFO            75          80    0.1818      no        0        0
2026-05-22 12:37:40  INFO            85          90    0.1525      no        0        0
2026-05-22 12:37:40  INFO            95         100    0.1741      no        0        0
2026-05-22 12:37:40  INFO           105         110    0.1207      no        0        0
2026-05-22 12:37:40  INFO           115         120    0.1255      no        0        0
2026-05-22 12:37:40  INFO           125         130    0.1292      no        0        0
2026-05-22 12:37:40  INFO           135         140    0.1338      no        0        0
2026-05-22 12:37:40  INFO           145         150    0.1077      no        0        0
2026-05-22 12:37:40  INFO           155         160    0.1333      no        0        0
2026-05-22 12:37:40  INFO           165         170    0.1574      no        0        0
2026-05-22 12:37:40  INFO           175         180    0.1294      no        0        0
2026-05-22 12:37:40  INFO           185         190    0.1487      no        0        0
2026-05-22 12:37:40  INFO           195         200    0.1233      no        0        0
2026-05-22 12:37:40  INFO           205         210    0.1194      no        0        0
2026-05-22 12:37:40  INFO           215         220    0.1377      no        0        0
2026-05-22 12:37:40  INFO           225         230    0.1302      no        0        0
2026-05-22 12:37:40  INFO           235         240    0.1133      no        0        0
2026-05-22 12:37:40  INFO           245         250    0.1297      no        0        0
2026-05-22 12:37:40  INFO           255         260    0.1048      no        0        0
2026-05-22 12:37:40  INFO           265         270    0.1141      no        0        0
2026-05-22 12:37:40  INFO           275         280    0.0905      no        0        0
2026-05-22 12:37:40  INFO           285         290    0.1035      no        0        0
2026-05-22 12:37:40  INFO           295         300    0.1145      no        0        0
2026-05-22 12:37:40  INFO  ----------------------------------------------------------------------
2026-05-22 12:37:40  INFO  Computing joint t*...
2026-05-22 12:37:40  WARNING  DRS stabilization not detected but CKA detected t*=230. Joint t* cannot be declared — DRS is still changing. This may mean training has not run long enough for K DRS pairs to accumulate.
2026-05-22 12:37:40  INFO    t*_CKA   = 230
2026-05-22 12:37:40  INFO    t*_DRS   = None
2026-05-22 12:37:40  INFO    t*_JOINT = None
2026-05-22 12:37:40  INFO  ----------------------------------------------------------------------
2026-05-22 12:37:40  INFO  Saving annotated results...
2026-05-22 12:37:40  INFO    Saved annotated pairs to: /local/data/gme101/results_steplr/seed_0/stabilization_cka.csv
2026-05-22 12:37:40  INFO    Saved annotated pairs to: /local/data/gme101/results_steplr/seed_0/stabilization_drs.csv
2026-05-22 12:37:40  INFO    Saved summary to: /local/data/gme101/results_steplr/seed_0/stabilization_summary.csv
2026-05-22 12:37:40  INFO  ======================================================================
2026-05-22 12:37:40  INFO  RECOMMENDATION
2026-05-22 12:37:40  INFO  ======================================================================
2026-05-22 12:37:40  INFO  Stabilization NOT detected within the available training data.
2026-05-22 12:37:40  INFO  
2026-05-22 12:37:40  INFO    Possible causes:
2026-05-22 12:37:40  INFO      - Training may not have run long enough (increase epochs)
2026-05-22 12:37:40  INFO      - τ or K may need adjustment — check the annotated pair CSVs to see how close the metrics came to satisfying the criterion
2026-05-22 12:37:40  INFO      - The representation may genuinely not stabilize (this is also a finding)
2026-05-22 12:37:40  INFO  ======================================================================
