2026-05-22 20:26:44  INFO  ======================================================================
2026-05-22 20:26:44  INFO  Surrogate: Logistic Regression (Linear Probe)
2026-05-22 20:26:44  INFO  ======================================================================
2026-05-22 20:26:44  INFO  Config:          configs/resnet18_cifar10_steplr.yaml
2026-05-22 20:26:44  INFO  Epoch:           230
2026-05-22 20:26:44  INFO  C:               1.0
2026-05-22 20:26:44  INFO  max_iter:        1000
2026-05-22 20:26:44  INFO  Loading train features...
2026-05-22 20:26:44  INFO    Train: features=(50000, 512)  labels=(50000,)
2026-05-22 20:26:44  INFO  Loading test features...
2026-05-22 20:26:44  INFO    Test:  features=(10000, 512)  labels=(10000,)
2026-05-22 20:26:44  INFO  Normalizing features (StandardScaler fit on train)...
2026-05-22 20:26:44  INFO  Reference (full network) test_acc at epoch 230: 0.9526
2026-05-22 20:26:44  INFO  Training logistic regression...
2026-05-22 20:26:44  INFO    Solver converged in 7 iterations.
2026-05-22 20:26:44  INFO  ----------------------------------------------------------------------
2026-05-22 20:26:44  INFO  Surrogate train accuracy:        1.0000
2026-05-22 20:26:44  INFO  Surrogate test accuracy:         0.9525
2026-05-22 20:26:44  INFO  Full network test accuracy:      0.9526
2026-05-22 20:26:44  INFO  Accuracy gap (network - surrogate): +0.0001  (surrogate underperforms)
2026-05-22 20:26:44  INFO  Saved results to: /local/data/gme101/results_steplr/seed_0/surrogate_linear_epoch_0230.csv
2026-05-22 20:26:44  INFO  ======================================================================
2026-05-22 20:26:45  INFO  ======================================================================
2026-05-22 20:26:45  INFO  Surrogate: LightGBM
2026-05-22 20:26:45  INFO  ======================================================================
2026-05-22 20:26:45  INFO  Config:          configs/resnet18_cifar10_steplr.yaml
2026-05-22 20:26:45  INFO  Epoch:           230
2026-05-22 20:26:45  INFO  LightGBM:        n_estimators=200  num_leaves=31  lr=0.1
2026-05-22 20:26:45  INFO  Loading train features...
2026-05-22 20:26:45  INFO    Train: features=(50000, 512)  labels=(50000,)
2026-05-22 20:26:45  INFO  Loading test features...
2026-05-22 20:26:45  INFO    Test:  features=(10000, 512)  labels=(10000,)
2026-05-22 20:26:46  INFO  Reference (full network) test_acc at epoch 230: 0.9526
2026-05-22 20:26:46  INFO  Training LightGBM...
2026-05-22 20:26:46  INFO    Fitting LightGBM: n_estimators=200, num_leaves=31, lr=0.1
2026-05-22 20:45:33  INFO  ----------------------------------------------------------------------
2026-05-22 20:45:33  INFO  Surrogate train accuracy:           1.0000
2026-05-22 20:45:33  INFO  Surrogate test accuracy:            0.9463
2026-05-22 20:45:33  INFO  Full network test accuracy:         0.9526
2026-05-22 20:45:33  INFO  Accuracy gap (network - surrogate): +0.0063  (surrogate underperforms)
2026-05-22 20:45:33  INFO  Saved results to: /local/data/gme101/results_steplr/seed_0/surrogate_lightgbm_epoch_0230.csv
2026-05-22 20:45:33  INFO  ======================================================================
2026-05-22 20:45:35  INFO  ======================================================================
2026-05-22 20:45:35  INFO  Surrogate: Random Forest
2026-05-22 20:45:35  INFO  ======================================================================
2026-05-22 20:45:35  INFO  Config:          configs/resnet18_cifar10_steplr.yaml
2026-05-22 20:45:35  INFO  Epoch:           230
2026-05-22 20:45:35  INFO  RandomForest:    n_estimators=200  max_features=sqrt  n_jobs=-1
2026-05-22 20:45:35  INFO  Loading train features...
2026-05-22 20:45:35  INFO    Train: features=(50000, 512)  labels=(50000,)
2026-05-22 20:45:35  INFO  Loading test features...
2026-05-22 20:45:35  INFO    Test:  features=(10000, 512)  labels=(10000,)
2026-05-22 20:45:35  INFO  Reference (full network) test_acc at epoch 230: 0.9526
2026-05-22 20:45:35  INFO  Training Random Forest...
2026-05-22 20:45:35  INFO    Fitting RandomForest: n_estimators=200, max_features=sqrt, n_jobs=-1
2026-05-22 20:45:36  INFO  ----------------------------------------------------------------------
2026-05-22 20:45:36  INFO  Surrogate train accuracy:           1.0000
2026-05-22 20:45:36  INFO  Surrogate test accuracy:            0.9530
2026-05-22 20:45:36  INFO  Full network test accuracy:         0.9526
2026-05-22 20:45:36  INFO  Accuracy gap (network - surrogate): -0.0004  (surrogate matches or exceeds)
2026-05-22 20:45:36  INFO  Saved results to: /local/data/gme101/results_steplr/seed_0/surrogate_rf_epoch_0230.csv
2026-05-22 20:45:36  INFO  ======================================================================
