2026-05-22 11:06:37  INFO  ======================================================================
2026-05-22 11:06:37  INFO  Representation Stabilization — Training Run
2026-05-22 11:06:37  INFO  ======================================================================
2026-05-22 11:06:37  INFO  Config: configs/resnet18_cifar10_steplr.yaml
2026-05-22 11:06:37  INFO  Config contents:
K: 5
batch_size: 128
checkpoint_freq: 5
cka:
  n_samples: 2048
dataset: cifar10
drs:
  compute_freq: 10
  n_planes: 500
  n_points_per_plane: 2500
  probe_epochs: 10
  probe_lr: 0.0001
epochs: 300
extraction:
  layer: penultimate
  n_samples: 2048
lr: 0.1
lr_scheduler: step
lr_scheduler_gamma: 0.1
lr_scheduler_milestones:
- 100
- 200
lr_warmup_epochs: 0
model: resnet18
momentum: 0.9
optimizer: sgd
paths:
  activations: /local/data/gme101/activations_steplr/seed_0
  checkpoints: /local/data/gme101/checkpoints_steplr/seed_0
  results: /local/data/gme101/results_steplr/seed_0
seed: 0
surrogates:
  lightgbm:
    learning_rate: 0.1
    n_estimators: 200
    n_jobs: -1
    num_leaves: 31
  linear:
    C: 1.0
    max_iter: 1000
  random_forest:
    max_features: sqrt
    n_estimators: 200
    n_jobs: -1
tau: 0.02
weight_decay: 0.0005

2026-05-22 11:06:37  INFO  Device: cuda
2026-05-22 11:06:37  INFO  GPU: NVIDIA L4
2026-05-22 11:06:37  INFO  CUDA version: 12.1
2026-05-22 11:06:37  INFO  VRAM: 23.7 GB
2026-05-22 11:06:37  INFO  PyTorch version: 2.5.1+cu121
2026-05-22 11:06:37  INFO  Seed: 0
2026-05-22 11:06:37  INFO  Building data loaders...
2026-05-22 11:06:38  INFO  Train batches: 391
2026-05-22 11:06:38  INFO  Test batches:  79
2026-05-22 11:06:38  INFO  Extraction samples: 2048
2026-05-22 11:06:38  INFO  Building ResNet-18 (CIFAR-10 stem)...
2026-05-22 11:06:38  INFO  Trainable parameters: 11,173,962
2026-05-22 11:06:38  INFO  Optimizer: SGD  lr=0.1  momentum=0.9  wd=0.0005
2026-05-22 11:06:38  INFO  Scheduler: step
2026-05-22 11:06:38  INFO  Starting training: epochs 1 to 300
2026-05-22 11:06:38  INFO  ----------------------------------------------------------------------
2026-05-22 11:06:56  INFO  Epoch    1/300  train_loss=1.9635  train_acc=0.3162  test_loss=1.5169  test_acc=0.4338  lr=0.100000  time=18.0s
2026-05-22 11:07:14  INFO  Epoch    2/300  train_loss=1.3832  train_acc=0.4942  test_loss=1.1726  test_acc=0.5741  lr=0.100000  time=17.9s
2026-05-22 11:07:32  INFO  Epoch    3/300  train_loss=1.1034  train_acc=0.6039  test_loss=1.0585  test_acc=0.6264  lr=0.100000  time=18.0s
2026-05-22 11:07:50  INFO  Epoch    4/300  train_loss=0.8875  train_acc=0.6849  test_loss=0.8752  test_acc=0.7078  lr=0.100000  time=18.0s
2026-05-22 11:08:08  INFO  Epoch    5/300  train_loss=0.7217  train_acc=0.7486  test_loss=0.7603  test_acc=0.7406  lr=0.100000  time=18.0s
2026-05-22 11:08:08  INFO    [checkpoint] Saved: /local/data/gme101/checkpoints_steplr/seed_0/checkpoint_epoch_0005.pt
2026-05-22 11:08:09  INFO    [activations] shape=(2040, 512)  saved: /local/data/gme101/activations_steplr/seed_0/activations_epoch_0005.npy
2026-05-22 11:08:27  INFO  Epoch    6/300  train_loss=0.6269  train_acc=0.7822  test_loss=0.7961  test_acc=0.7333  lr=0.100000  time=18.0s
2026-05-22 11:08:45  INFO  Epoch    7/300  train_loss=0.5723  train_acc=0.8013  test_loss=0.6097  test_acc=0.7934  lr=0.100000  time=18.0s
2026-05-22 11:09:03  INFO  Epoch    8/300  train_loss=0.5330  train_acc=0.8172  test_loss=0.5831  test_acc=0.8015  lr=0.100000  time=18.0s
2026-05-22 11:09:21  INFO  Epoch    9/300  train_loss=0.5106  train_acc=0.8255  test_loss=0.7358  test_acc=0.7567  lr=0.100000  time=18.0s
2026-05-22 11:09:39  INFO  Epoch   10/300  train_loss=0.4841  train_acc=0.8340  test_loss=0.5431  test_acc=0.8162  lr=0.100000  time=18.0s
2026-05-22 11:09:39  INFO    [checkpoint] Saved: /local/data/gme101/checkpoints_steplr/seed_0/checkpoint_epoch_0010.pt
2026-05-22 11:09:39  INFO    [activations] shape=(2040, 512)  saved: /local/data/gme101/activations_steplr/seed_0/activations_epoch_0010.npy
2026-05-22 11:09:57  INFO  Epoch   11/300  train_loss=0.4746  train_acc=0.8376  test_loss=0.5990  test_acc=0.7980  lr=0.100000  time=18.0s
2026-05-22 11:10:15  INFO  Epoch   12/300  train_loss=0.4587  train_acc=0.8442  test_loss=0.5776  test_acc=0.8023  lr=0.100000  time=18.0s
2026-05-22 11:10:33  INFO  Epoch   13/300  train_loss=0.4425  train_acc=0.8497  test_loss=0.7810  test_acc=0.7587  lr=0.100000  time=18.0s
2026-05-22 11:10:51  INFO  Epoch   14/300  train_loss=0.4367  train_acc=0.8505  test_loss=0.5399  test_acc=0.8224  lr=0.100000  time=18.0s
2026-05-22 11:11:09  INFO  Epoch   15/300  train_loss=0.4254  train_acc=0.8550  test_loss=0.5853  test_acc=0.8029  lr=0.100000  time=18.0s
2026-05-22 11:11:09  INFO    [checkpoint] Saved: /local/data/gme101/checkpoints_steplr/seed_0/checkpoint_epoch_0015.pt
2026-05-22 11:11:09  INFO    [activations] shape=(2040, 512)  saved: /local/data/gme101/activations_steplr/seed_0/activations_epoch_0015.npy
2026-05-22 11:11:27  INFO  Epoch   16/300  train_loss=0.4174  train_acc=0.8569  test_loss=0.5379  test_acc=0.8232  lr=0.100000  time=18.0s
2026-05-22 11:11:45  INFO  Epoch   17/300  train_loss=0.4057  train_acc=0.8606  test_loss=0.4687  test_acc=0.8435  lr=0.100000  time=18.0s
2026-05-22 11:12:03  INFO  Epoch   18/300  train_loss=0.4056  train_acc=0.8600  test_loss=0.4972  test_acc=0.8313  lr=0.100000  time=18.0s
2026-05-22 11:12:21  INFO  Epoch   19/300  train_loss=0.3995  train_acc=0.8628  test_loss=0.5107  test_acc=0.8289  lr=0.100000  time=18.0s
2026-05-22 11:12:39  INFO  Epoch   20/300  train_loss=0.3859  train_acc=0.8697  test_loss=0.5861  test_acc=0.8031  lr=0.100000  time=18.0s
2026-05-22 11:12:39  INFO    [checkpoint] Saved: /local/data/gme101/checkpoints_steplr/seed_0/checkpoint_epoch_0020.pt
2026-05-22 11:12:39  INFO    [activations] shape=(2040, 512)  saved: /local/data/gme101/activations_steplr/seed_0/activations_epoch_0020.npy
2026-05-22 11:12:57  INFO  Epoch   21/300  train_loss=0.3877  train_acc=0.8687  test_loss=0.6841  test_acc=0.7888  lr=0.100000  time=18.0s
2026-05-22 11:13:15  INFO  Epoch   22/300  train_loss=0.3819  train_acc=0.8701  test_loss=0.4775  test_acc=0.8401  lr=0.100000  time=18.0s
2026-05-22 11:13:33  INFO  Epoch   23/300  train_loss=0.3768  train_acc=0.8703  test_loss=0.4287  test_acc=0.8512  lr=0.100000  time=18.0s
2026-05-22 11:13:51  INFO  Epoch   24/300  train_loss=0.3780  train_acc=0.8713  test_loss=0.4861  test_acc=0.8415  lr=0.100000  time=18.0s
2026-05-22 11:14:09  INFO  Epoch   25/300  train_loss=0.3672  train_acc=0.8758  test_loss=0.5093  test_acc=0.8326  lr=0.100000  time=18.0s
2026-05-22 11:14:09  INFO    [checkpoint] Saved: /local/data/gme101/checkpoints_steplr/seed_0/checkpoint_epoch_0025.pt
2026-05-22 11:14:09  INFO    [activations] shape=(2040, 512)  saved: /local/data/gme101/activations_steplr/seed_0/activations_epoch_0025.npy
2026-05-22 11:14:27  INFO  Epoch   26/300  train_loss=0.3655  train_acc=0.8740  test_loss=0.5131  test_acc=0.8242  lr=0.100000  time=18.0s
2026-05-22 11:14:45  INFO  Epoch   27/300  train_loss=0.3656  train_acc=0.8756  test_loss=0.4789  test_acc=0.8356  lr=0.100000  time=18.0s
2026-05-22 11:15:03  INFO  Epoch   28/300  train_loss=0.3571  train_acc=0.8775  test_loss=0.6512  test_acc=0.7951  lr=0.100000  time=18.0s
2026-05-22 11:15:21  INFO  Epoch   29/300  train_loss=0.3560  train_acc=0.8779  test_loss=0.4773  test_acc=0.8442  lr=0.100000  time=18.0s
2026-05-22 11:15:39  INFO  Epoch   30/300  train_loss=0.3546  train_acc=0.8786  test_loss=0.5734  test_acc=0.8104  lr=0.100000  time=18.0s
2026-05-22 11:15:39  INFO    [checkpoint] Saved: /local/data/gme101/checkpoints_steplr/seed_0/checkpoint_epoch_0030.pt
2026-05-22 11:15:39  INFO    [activations] shape=(2040, 512)  saved: /local/data/gme101/activations_steplr/seed_0/activations_epoch_0030.npy
2026-05-22 11:15:57  INFO  Epoch   31/300  train_loss=0.3472  train_acc=0.8810  test_loss=0.5578  test_acc=0.8186  lr=0.100000  time=18.0s
2026-05-22 11:16:15  INFO  Epoch   32/300  train_loss=0.3560  train_acc=0.8789  test_loss=0.7417  test_acc=0.7680  lr=0.100000  time=18.0s
2026-05-22 11:16:33  INFO  Epoch   33/300  train_loss=0.3486  train_acc=0.8806  test_loss=0.5462  test_acc=0.8243  lr=0.100000  time=18.0s
2026-05-22 11:16:51  INFO  Epoch   34/300  train_loss=0.3484  train_acc=0.8808  test_loss=0.4799  test_acc=0.8454  lr=0.100000  time=18.0s
2026-05-22 11:17:09  INFO  Epoch   35/300  train_loss=0.3453  train_acc=0.8831  test_loss=0.4851  test_acc=0.8348  lr=0.100000  time=18.0s
2026-05-22 11:17:09  INFO    [checkpoint] Saved: /local/data/gme101/checkpoints_steplr/seed_0/checkpoint_epoch_0035.pt
2026-05-22 11:17:10  INFO    [activations] shape=(2040, 512)  saved: /local/data/gme101/activations_steplr/seed_0/activations_epoch_0035.npy
2026-05-22 11:17:28  INFO  Epoch   36/300  train_loss=0.3438  train_acc=0.8835  test_loss=0.5123  test_acc=0.8373  lr=0.100000  time=18.0s
2026-05-22 11:17:46  INFO  Epoch   37/300  train_loss=0.3467  train_acc=0.8812  test_loss=0.5626  test_acc=0.8168  lr=0.100000  time=18.0s
2026-05-22 11:18:04  INFO  Epoch   38/300  train_loss=0.3390  train_acc=0.8837  test_loss=0.5994  test_acc=0.8021  lr=0.100000  time=18.0s
2026-05-22 11:18:21  INFO  Epoch   39/300  train_loss=0.3352  train_acc=0.8858  test_loss=0.4878  test_acc=0.8330  lr=0.100000  time=18.0s
2026-05-22 11:18:39  INFO  Epoch   40/300  train_loss=0.3357  train_acc=0.8842  test_loss=0.6950  test_acc=0.7873  lr=0.100000  time=18.0s
2026-05-22 11:18:39  INFO    [checkpoint] Saved: /local/data/gme101/checkpoints_steplr/seed_0/checkpoint_epoch_0040.pt
2026-05-22 11:18:40  INFO    [activations] shape=(2040, 512)  saved: /local/data/gme101/activations_steplr/seed_0/activations_epoch_0040.npy
2026-05-22 11:18:58  INFO  Epoch   41/300  train_loss=0.3356  train_acc=0.8858  test_loss=0.4381  test_acc=0.8517  lr=0.100000  time=18.0s
2026-05-22 11:19:16  INFO  Epoch   42/300  train_loss=0.3405  train_acc=0.8834  test_loss=0.5397  test_acc=0.8214  lr=0.100000  time=18.0s
2026-05-22 11:19:34  INFO  Epoch   43/300  train_loss=0.3336  train_acc=0.8871  test_loss=0.5270  test_acc=0.8324  lr=0.100000  time=17.9s
2026-05-22 11:19:52  INFO  Epoch   44/300  train_loss=0.3329  train_acc=0.8859  test_loss=0.6129  test_acc=0.8155  lr=0.100000  time=17.9s
2026-05-22 11:20:09  INFO  Epoch   45/300  train_loss=0.3304  train_acc=0.8885  test_loss=0.4696  test_acc=0.8382  lr=0.100000  time=18.0s
2026-05-22 11:20:10  INFO    [checkpoint] Saved: /local/data/gme101/checkpoints_steplr/seed_0/checkpoint_epoch_0045.pt
2026-05-22 11:20:10  INFO    [activations] shape=(2040, 512)  saved: /local/data/gme101/activations_steplr/seed_0/activations_epoch_0045.npy
2026-05-22 11:20:28  INFO  Epoch   46/300  train_loss=0.3337  train_acc=0.8861  test_loss=0.4180  test_acc=0.8632  lr=0.100000  time=18.0s
2026-05-22 11:20:46  INFO  Epoch   47/300  train_loss=0.3271  train_acc=0.8886  test_loss=0.4269  test_acc=0.8581  lr=0.100000  time=18.0s
2026-05-22 11:21:04  INFO  Epoch   48/300  train_loss=0.3323  train_acc=0.8885  test_loss=0.5674  test_acc=0.8277  lr=0.100000  time=18.0s
2026-05-22 11:21:22  INFO  Epoch   49/300  train_loss=0.3237  train_acc=0.8900  test_loss=0.5961  test_acc=0.8099  lr=0.100000  time=17.9s
2026-05-22 11:21:40  INFO  Epoch   50/300  train_loss=0.3257  train_acc=0.8896  test_loss=0.4523  test_acc=0.8532  lr=0.100000  time=18.0s
2026-05-22 11:21:40  INFO    [checkpoint] Saved: /local/data/gme101/checkpoints_steplr/seed_0/checkpoint_epoch_0050.pt
2026-05-22 11:21:40  INFO    [activations] shape=(2040, 512)  saved: /local/data/gme101/activations_steplr/seed_0/activations_epoch_0050.npy
2026-05-22 11:21:58  INFO  Epoch   51/300  train_loss=0.3329  train_acc=0.8869  test_loss=0.5178  test_acc=0.8347  lr=0.100000  time=18.0s
2026-05-22 11:22:16  INFO  Epoch   52/300  train_loss=0.3306  train_acc=0.8874  test_loss=0.3940  test_acc=0.8686  lr=0.100000  time=17.9s
2026-05-22 11:22:34  INFO  Epoch   53/300  train_loss=0.3255  train_acc=0.8894  test_loss=0.5623  test_acc=0.8213  lr=0.100000  time=18.0s
2026-05-22 11:22:52  INFO  Epoch   54/300  train_loss=0.3257  train_acc=0.8897  test_loss=0.4541  test_acc=0.8500  lr=0.100000  time=18.0s
2026-05-22 11:23:10  INFO  Epoch   55/300  train_loss=0.3259  train_acc=0.8885  test_loss=0.4819  test_acc=0.8390  lr=0.100000  time=18.0s
2026-05-22 11:23:10  INFO    [checkpoint] Saved: /local/data/gme101/checkpoints_steplr/seed_0/checkpoint_epoch_0055.pt
2026-05-22 11:23:10  INFO    [activations] shape=(2040, 512)  saved: /local/data/gme101/activations_steplr/seed_0/activations_epoch_0055.npy
2026-05-22 11:23:28  INFO  Epoch   56/300  train_loss=0.3204  train_acc=0.8916  test_loss=0.5692  test_acc=0.8150  lr=0.100000  time=18.0s
2026-05-22 11:23:46  INFO  Epoch   57/300  train_loss=0.3276  train_acc=0.8882  test_loss=0.4682  test_acc=0.8475  lr=0.100000  time=17.9s
2026-05-22 11:24:04  INFO  Epoch   58/300  train_loss=0.3253  train_acc=0.8887  test_loss=0.5011  test_acc=0.8301  lr=0.100000  time=17.9s
2026-05-22 11:24:22  INFO  Epoch   59/300  train_loss=0.3245  train_acc=0.8877  test_loss=0.5451  test_acc=0.8282  lr=0.100000  time=17.9s
2026-05-22 11:24:40  INFO  Epoch   60/300  train_loss=0.3201  train_acc=0.8913  test_loss=0.4549  test_acc=0.8497  lr=0.100000  time=17.9s
2026-05-22 11:24:40  INFO    [checkpoint] Saved: /local/data/gme101/checkpoints_steplr/seed_0/checkpoint_epoch_0060.pt
2026-05-22 11:24:40  INFO    [activations] shape=(2040, 512)  saved: /local/data/gme101/activations_steplr/seed_0/activations_epoch_0060.npy
2026-05-22 11:24:58  INFO  Epoch   61/300  train_loss=0.3207  train_acc=0.8910  test_loss=0.4674  test_acc=0.8469  lr=0.100000  time=18.0s
2026-05-22 11:25:16  INFO  Epoch   62/300  train_loss=0.3173  train_acc=0.8918  test_loss=0.6330  test_acc=0.7886  lr=0.100000  time=17.9s
2026-05-22 11:25:34  INFO  Epoch   63/300  train_loss=0.3251  train_acc=0.8896  test_loss=0.4718  test_acc=0.8435  lr=0.100000  time=17.9s
2026-05-22 11:25:52  INFO  Epoch   64/300  train_loss=0.3187  train_acc=0.8916  test_loss=0.4486  test_acc=0.8494  lr=0.100000  time=17.9s
2026-05-22 11:26:10  INFO  Epoch   65/300  train_loss=0.3174  train_acc=0.8920  test_loss=0.4732  test_acc=0.8437  lr=0.100000  time=17.9s
2026-05-22 11:26:10  INFO    [checkpoint] Saved: /local/data/gme101/checkpoints_steplr/seed_0/checkpoint_epoch_0065.pt
2026-05-22 11:26:10  INFO    [activations] shape=(2040, 512)  saved: /local/data/gme101/activations_steplr/seed_0/activations_epoch_0065.npy
2026-05-22 11:26:28  INFO  Epoch   66/300  train_loss=0.3196  train_acc=0.8909  test_loss=0.5585  test_acc=0.8149  lr=0.100000  time=17.9s
2026-05-22 11:26:46  INFO  Epoch   67/300  train_loss=0.3188  train_acc=0.8927  test_loss=0.4974  test_acc=0.8371  lr=0.100000  time=17.9s
2026-05-22 11:27:04  INFO  Epoch   68/300  train_loss=0.3212  train_acc=0.8899  test_loss=0.5533  test_acc=0.8213  lr=0.100000  time=17.9s
2026-05-22 11:27:22  INFO  Epoch   69/300  train_loss=0.3183  train_acc=0.8924  test_loss=0.5921  test_acc=0.8115  lr=0.100000  time=17.9s
2026-05-22 11:27:40  INFO  Epoch   70/300  train_loss=0.3149  train_acc=0.8932  test_loss=0.5011  test_acc=0.8380  lr=0.100000  time=17.9s
2026-05-22 11:27:40  INFO    [checkpoint] Saved: /local/data/gme101/checkpoints_steplr/seed_0/checkpoint_epoch_0070.pt
2026-05-22 11:27:40  INFO    [activations] shape=(2040, 512)  saved: /local/data/gme101/activations_steplr/seed_0/activations_epoch_0070.npy
2026-05-22 11:27:58  INFO  Epoch   71/300  train_loss=0.3137  train_acc=0.8935  test_loss=0.5410  test_acc=0.8282  lr=0.100000  time=17.9s
2026-05-22 11:28:16  INFO  Epoch   72/300  train_loss=0.3164  train_acc=0.8931  test_loss=0.4229  test_acc=0.8603  lr=0.100000  time=17.9s
2026-05-22 11:28:34  INFO  Epoch   73/300  train_loss=0.3193  train_acc=0.8912  test_loss=0.4459  test_acc=0.8521  lr=0.100000  time=17.9s
2026-05-22 11:28:52  INFO  Epoch   74/300  train_loss=0.3115  train_acc=0.8935  test_loss=0.4091  test_acc=0.8665  lr=0.100000  time=17.9s
2026-05-22 11:29:10  INFO  Epoch   75/300  train_loss=0.3155  train_acc=0.8939  test_loss=0.5418  test_acc=0.8356  lr=0.100000  time=17.9s
2026-05-22 11:29:10  INFO    [checkpoint] Saved: /local/data/gme101/checkpoints_steplr/seed_0/checkpoint_epoch_0075.pt
2026-05-22 11:29:10  INFO    [activations] shape=(2040, 512)  saved: /local/data/gme101/activations_steplr/seed_0/activations_epoch_0075.npy
2026-05-22 11:29:28  INFO  Epoch   76/300  train_loss=0.3189  train_acc=0.8919  test_loss=0.4774  test_acc=0.8463  lr=0.100000  time=17.9s
2026-05-22 11:29:46  INFO  Epoch   77/300  train_loss=0.3192  train_acc=0.8933  test_loss=0.4830  test_acc=0.8419  lr=0.100000  time=17.9s
2026-05-22 11:30:04  INFO  Epoch   78/300  train_loss=0.3131  train_acc=0.8925  test_loss=0.5137  test_acc=0.8327  lr=0.100000  time=17.9s
2026-05-22 11:30:22  INFO  Epoch   79/300  train_loss=0.3163  train_acc=0.8930  test_loss=0.4148  test_acc=0.8556  lr=0.100000  time=17.9s
2026-05-22 11:30:40  INFO  Epoch   80/300  train_loss=0.3114  train_acc=0.8942  test_loss=0.5361  test_acc=0.8241  lr=0.100000  time=17.9s
2026-05-22 11:30:40  INFO    [checkpoint] Saved: /local/data/gme101/checkpoints_steplr/seed_0/checkpoint_epoch_0080.pt
2026-05-22 11:30:40  INFO    [activations] shape=(2040, 512)  saved: /local/data/gme101/activations_steplr/seed_0/activations_epoch_0080.npy
2026-05-22 11:30:58  INFO  Epoch   81/300  train_loss=0.3141  train_acc=0.8927  test_loss=0.5067  test_acc=0.8351  lr=0.100000  time=17.9s
2026-05-22 11:31:16  INFO  Epoch   82/300  train_loss=0.3193  train_acc=0.8915  test_loss=0.5611  test_acc=0.8156  lr=0.100000  time=17.9s
2026-05-22 11:31:34  INFO  Epoch   83/300  train_loss=0.3141  train_acc=0.8926  test_loss=0.4437  test_acc=0.8551  lr=0.100000  time=17.9s
2026-05-22 11:31:52  INFO  Epoch   84/300  train_loss=0.3130  train_acc=0.8946  test_loss=0.4460  test_acc=0.8589  lr=0.100000  time=17.9s
2026-05-22 11:32:09  INFO  Epoch   85/300  train_loss=0.3126  train_acc=0.8930  test_loss=0.4560  test_acc=0.8527  lr=0.100000  time=17.9s
2026-05-22 11:32:09  INFO    [checkpoint] Saved: /local/data/gme101/checkpoints_steplr/seed_0/checkpoint_epoch_0085.pt
2026-05-22 11:32:10  INFO    [activations] shape=(2040, 512)  saved: /local/data/gme101/activations_steplr/seed_0/activations_epoch_0085.npy
2026-05-22 11:32:28  INFO  Epoch   86/300  train_loss=0.3161  train_acc=0.8918  test_loss=0.5492  test_acc=0.8202  lr=0.100000  time=17.9s
2026-05-22 11:32:46  INFO  Epoch   87/300  train_loss=0.3108  train_acc=0.8941  test_loss=0.6882  test_acc=0.7820  lr=0.100000  time=17.9s
2026-05-22 11:33:04  INFO  Epoch   88/300  train_loss=0.3150  train_acc=0.8931  test_loss=0.4803  test_acc=0.8415  lr=0.100000  time=17.9s
2026-05-22 11:33:21  INFO  Epoch   89/300  train_loss=0.3119  train_acc=0.8945  test_loss=0.3737  test_acc=0.8751  lr=0.100000  time=17.9s
2026-05-22 11:33:39  INFO  Epoch   90/300  train_loss=0.3151  train_acc=0.8926  test_loss=0.5898  test_acc=0.8165  lr=0.100000  time=17.9s
2026-05-22 11:33:39  INFO    [checkpoint] Saved: /local/data/gme101/checkpoints_steplr/seed_0/checkpoint_epoch_0090.pt
2026-05-22 11:33:40  INFO    [activations] shape=(2040, 512)  saved: /local/data/gme101/activations_steplr/seed_0/activations_epoch_0090.npy
2026-05-22 11:33:58  INFO  Epoch   91/300  train_loss=0.3103  train_acc=0.8948  test_loss=0.4549  test_acc=0.8476  lr=0.100000  time=17.9s
2026-05-22 11:34:16  INFO  Epoch   92/300  train_loss=0.3141  train_acc=0.8932  test_loss=0.4976  test_acc=0.8374  lr=0.100000  time=17.9s
2026-05-22 11:34:33  INFO  Epoch   93/300  train_loss=0.3112  train_acc=0.8934  test_loss=0.5943  test_acc=0.8215  lr=0.100000  time=17.9s
2026-05-22 11:34:51  INFO  Epoch   94/300  train_loss=0.3111  train_acc=0.8928  test_loss=0.4503  test_acc=0.8425  lr=0.100000  time=17.9s
2026-05-22 11:35:09  INFO  Epoch   95/300  train_loss=0.3097  train_acc=0.8950  test_loss=0.4426  test_acc=0.8558  lr=0.100000  time=17.9s
2026-05-22 11:35:09  INFO    [checkpoint] Saved: /local/data/gme101/checkpoints_steplr/seed_0/checkpoint_epoch_0095.pt
2026-05-22 11:35:10  INFO    [activations] shape=(2040, 512)  saved: /local/data/gme101/activations_steplr/seed_0/activations_epoch_0095.npy
2026-05-22 11:35:28  INFO  Epoch   96/300  train_loss=0.3092  train_acc=0.8934  test_loss=0.5425  test_acc=0.8222  lr=0.100000  time=17.9s
2026-05-22 11:35:45  INFO  Epoch   97/300  train_loss=0.3086  train_acc=0.8957  test_loss=0.4615  test_acc=0.8492  lr=0.100000  time=17.9s
2026-05-22 11:36:03  INFO  Epoch   98/300  train_loss=0.3089  train_acc=0.8949  test_loss=0.4146  test_acc=0.8633  lr=0.100000  time=17.9s
2026-05-22 11:36:21  INFO  Epoch   99/300  train_loss=0.3068  train_acc=0.8965  test_loss=0.4423  test_acc=0.8559  lr=0.100000  time=17.9s
2026-05-22 11:36:39  INFO  Epoch  100/300  train_loss=0.3082  train_acc=0.8945  test_loss=0.4972  test_acc=0.8436  lr=0.010000  time=17.9s
2026-05-22 11:36:39  INFO    [checkpoint] Saved: /local/data/gme101/checkpoints_steplr/seed_0/checkpoint_epoch_0100.pt
2026-05-22 11:36:39  INFO    [activations] shape=(2040, 512)  saved: /local/data/gme101/activations_steplr/seed_0/activations_epoch_0100.npy
2026-05-22 11:36:57  INFO  Epoch  101/300  train_loss=0.1571  train_acc=0.9479  test_loss=0.2065  test_acc=0.9311  lr=0.010000  time=17.9s
2026-05-22 11:37:15  INFO  Epoch  102/300  train_loss=0.1129  train_acc=0.9619  test_loss=0.2011  test_acc=0.9341  lr=0.010000  time=17.9s
2026-05-22 11:37:33  INFO  Epoch  103/300  train_loss=0.0934  train_acc=0.9694  test_loss=0.1909  test_acc=0.9372  lr=0.010000  time=17.9s
2026-05-22 11:37:51  INFO  Epoch  104/300  train_loss=0.0819  train_acc=0.9731  test_loss=0.1897  test_acc=0.9388  lr=0.010000  time=17.9s
2026-05-22 11:38:09  INFO  Epoch  105/300  train_loss=0.0710  train_acc=0.9767  test_loss=0.1867  test_acc=0.9394  lr=0.010000  time=17.9s
2026-05-22 11:38:09  INFO    [checkpoint] Saved: /local/data/gme101/checkpoints_steplr/seed_0/checkpoint_epoch_0105.pt
2026-05-22 11:38:09  INFO    [activations] shape=(2040, 512)  saved: /local/data/gme101/activations_steplr/seed_0/activations_epoch_0105.npy
2026-05-22 11:38:27  INFO  Epoch  106/300  train_loss=0.0632  train_acc=0.9788  test_loss=0.1922  test_acc=0.9403  lr=0.010000  time=17.9s
2026-05-22 11:38:45  INFO  Epoch  107/300  train_loss=0.0555  train_acc=0.9819  test_loss=0.1939  test_acc=0.9407  lr=0.010000  time=17.9s
2026-05-22 11:39:03  INFO  Epoch  108/300  train_loss=0.0500  train_acc=0.9834  test_loss=0.2036  test_acc=0.9379  lr=0.010000  time=17.9s
2026-05-22 11:39:21  INFO  Epoch  109/300  train_loss=0.0476  train_acc=0.9842  test_loss=0.2006  test_acc=0.9405  lr=0.010000  time=17.9s
2026-05-22 11:39:39  INFO  Epoch  110/300  train_loss=0.0421  train_acc=0.9862  test_loss=0.2027  test_acc=0.9410  lr=0.010000  time=17.9s
2026-05-22 11:39:39  INFO    [checkpoint] Saved: /local/data/gme101/checkpoints_steplr/seed_0/checkpoint_epoch_0110.pt
2026-05-22 11:39:39  INFO    [activations] shape=(2040, 512)  saved: /local/data/gme101/activations_steplr/seed_0/activations_epoch_0110.npy
2026-05-22 11:39:57  INFO  Epoch  111/300  train_loss=0.0373  train_acc=0.9876  test_loss=0.2073  test_acc=0.9399  lr=0.010000  time=17.9s
2026-05-22 11:40:15  INFO  Epoch  112/300  train_loss=0.0365  train_acc=0.9881  test_loss=0.2113  test_acc=0.9394  lr=0.010000  time=17.9s
2026-05-22 11:40:33  INFO  Epoch  113/300  train_loss=0.0324  train_acc=0.9895  test_loss=0.2174  test_acc=0.9405  lr=0.010000  time=17.9s
2026-05-22 11:40:51  INFO  Epoch  114/300  train_loss=0.0315  train_acc=0.9893  test_loss=0.2140  test_acc=0.9409  lr=0.010000  time=17.9s
2026-05-22 11:41:09  INFO  Epoch  115/300  train_loss=0.0316  train_acc=0.9900  test_loss=0.2143  test_acc=0.9405  lr=0.010000  time=17.9s
2026-05-22 11:41:09  INFO    [checkpoint] Saved: /local/data/gme101/checkpoints_steplr/seed_0/checkpoint_epoch_0115.pt
2026-05-22 11:41:09  INFO    [activations] shape=(2040, 512)  saved: /local/data/gme101/activations_steplr/seed_0/activations_epoch_0115.npy
2026-05-22 11:41:27  INFO  Epoch  116/300  train_loss=0.0302  train_acc=0.9904  test_loss=0.2314  test_acc=0.9386  lr=0.010000  time=17.9s
2026-05-22 11:41:45  INFO  Epoch  117/300  train_loss=0.0307  train_acc=0.9899  test_loss=0.2177  test_acc=0.9405  lr=0.010000  time=17.9s
2026-05-22 11:42:03  INFO  Epoch  118/300  train_loss=0.0298  train_acc=0.9900  test_loss=0.2462  test_acc=0.9330  lr=0.010000  time=17.9s
2026-05-22 11:42:21  INFO  Epoch  119/300  train_loss=0.0301  train_acc=0.9901  test_loss=0.2172  test_acc=0.9408  lr=0.010000  time=17.9s
2026-05-22 11:42:39  INFO  Epoch  120/300  train_loss=0.0275  train_acc=0.9909  test_loss=0.2355  test_acc=0.9396  lr=0.010000  time=17.9s
2026-05-22 11:42:39  INFO    [checkpoint] Saved: /local/data/gme101/checkpoints_steplr/seed_0/checkpoint_epoch_0120.pt
2026-05-22 11:42:39  INFO    [activations] shape=(2040, 512)  saved: /local/data/gme101/activations_steplr/seed_0/activations_epoch_0120.npy
2026-05-22 11:42:57  INFO  Epoch  121/300  train_loss=0.0304  train_acc=0.9898  test_loss=0.2246  test_acc=0.9396  lr=0.010000  time=17.9s
2026-05-22 11:43:15  INFO  Epoch  122/300  train_loss=0.0303  train_acc=0.9909  test_loss=0.2380  test_acc=0.9376  lr=0.010000  time=17.9s
2026-05-22 11:43:33  INFO  Epoch  123/300  train_loss=0.0305  train_acc=0.9905  test_loss=0.2605  test_acc=0.9316  lr=0.010000  time=17.9s
2026-05-22 11:43:51  INFO  Epoch  124/300  train_loss=0.0304  train_acc=0.9900  test_loss=0.2322  test_acc=0.9375  lr=0.010000  time=17.9s
2026-05-22 11:44:09  INFO  Epoch  125/300  train_loss=0.0320  train_acc=0.9898  test_loss=0.2381  test_acc=0.9349  lr=0.010000  time=17.9s
2026-05-22 11:44:09  INFO    [checkpoint] Saved: /local/data/gme101/checkpoints_steplr/seed_0/checkpoint_epoch_0125.pt
2026-05-22 11:44:09  INFO    [activations] shape=(2040, 512)  saved: /local/data/gme101/activations_steplr/seed_0/activations_epoch_0125.npy
2026-05-22 11:44:27  INFO  Epoch  126/300  train_loss=0.0326  train_acc=0.9892  test_loss=0.2179  test_acc=0.9384  lr=0.010000  time=17.9s
2026-05-22 11:44:45  INFO  Epoch  127/300  train_loss=0.0313  train_acc=0.9900  test_loss=0.2423  test_acc=0.9328  lr=0.010000  time=17.9s
2026-05-22 11:45:03  INFO  Epoch  128/300  train_loss=0.0313  train_acc=0.9894  test_loss=0.2471  test_acc=0.9347  lr=0.010000  time=17.9s
2026-05-22 11:45:20  INFO  Epoch  129/300  train_loss=0.0333  train_acc=0.9893  test_loss=0.2418  test_acc=0.9349  lr=0.010000  time=17.9s
2026-05-22 11:45:38  INFO  Epoch  130/300  train_loss=0.0376  train_acc=0.9876  test_loss=0.2577  test_acc=0.9289  lr=0.010000  time=17.9s
2026-05-22 11:45:38  INFO    [checkpoint] Saved: /local/data/gme101/checkpoints_steplr/seed_0/checkpoint_epoch_0130.pt
2026-05-22 11:45:39  INFO    [activations] shape=(2040, 512)  saved: /local/data/gme101/activations_steplr/seed_0/activations_epoch_0130.npy
2026-05-22 11:45:57  INFO  Epoch  131/300  train_loss=0.0386  train_acc=0.9875  test_loss=0.2391  test_acc=0.9336  lr=0.010000  time=17.9s
2026-05-22 11:46:14  INFO  Epoch  132/300  train_loss=0.0359  train_acc=0.9894  test_loss=0.2380  test_acc=0.9328  lr=0.010000  time=17.9s
2026-05-22 11:46:32  INFO  Epoch  133/300  train_loss=0.0387  train_acc=0.9870  test_loss=0.2346  test_acc=0.9324  lr=0.010000  time=17.9s
2026-05-22 11:46:50  INFO  Epoch  134/300  train_loss=0.0333  train_acc=0.9894  test_loss=0.2621  test_acc=0.9306  lr=0.010000  time=17.9s
2026-05-22 11:47:08  INFO  Epoch  135/300  train_loss=0.0374  train_acc=0.9878  test_loss=0.2606  test_acc=0.9262  lr=0.010000  time=17.9s
2026-05-22 11:47:08  INFO    [checkpoint] Saved: /local/data/gme101/checkpoints_steplr/seed_0/checkpoint_epoch_0135.pt
2026-05-22 11:47:08  INFO    [activations] shape=(2040, 512)  saved: /local/data/gme101/activations_steplr/seed_0/activations_epoch_0135.npy
2026-05-22 11:47:26  INFO  Epoch  136/300  train_loss=0.0376  train_acc=0.9877  test_loss=0.2320  test_acc=0.9355  lr=0.010000  time=17.9s
2026-05-22 11:47:44  INFO  Epoch  137/300  train_loss=0.0391  train_acc=0.9871  test_loss=0.2602  test_acc=0.9292  lr=0.010000  time=17.9s
2026-05-22 11:48:02  INFO  Epoch  138/300  train_loss=0.0402  train_acc=0.9869  test_loss=0.2440  test_acc=0.9344  lr=0.010000  time=17.9s
2026-05-22 11:48:20  INFO  Epoch  139/300  train_loss=0.0383  train_acc=0.9873  test_loss=0.2499  test_acc=0.9306  lr=0.010000  time=17.9s
2026-05-22 11:48:38  INFO  Epoch  140/300  train_loss=0.0402  train_acc=0.9870  test_loss=0.2604  test_acc=0.9270  lr=0.010000  time=17.9s
2026-05-22 11:48:38  INFO    [checkpoint] Saved: /local/data/gme101/checkpoints_steplr/seed_0/checkpoint_epoch_0140.pt
2026-05-22 11:48:38  INFO    [activations] shape=(2040, 512)  saved: /local/data/gme101/activations_steplr/seed_0/activations_epoch_0140.npy
2026-05-22 11:48:56  INFO  Epoch  141/300  train_loss=0.0430  train_acc=0.9859  test_loss=0.2385  test_acc=0.9336  lr=0.010000  time=17.9s
2026-05-22 11:49:14  INFO  Epoch  142/300  train_loss=0.0400  train_acc=0.9868  test_loss=0.2587  test_acc=0.9304  lr=0.010000  time=17.9s
2026-05-22 11:49:32  INFO  Epoch  143/300  train_loss=0.0477  train_acc=0.9848  test_loss=0.2465  test_acc=0.9314  lr=0.010000  time=17.9s
2026-05-22 11:49:50  INFO  Epoch  144/300  train_loss=0.0436  train_acc=0.9856  test_loss=0.2860  test_acc=0.9204  lr=0.010000  time=17.9s
2026-05-22 11:50:08  INFO  Epoch  145/300  train_loss=0.0477  train_acc=0.9842  test_loss=0.2580  test_acc=0.9282  lr=0.010000  time=17.9s
2026-05-22 11:50:08  INFO    [checkpoint] Saved: /local/data/gme101/checkpoints_steplr/seed_0/checkpoint_epoch_0145.pt
2026-05-22 11:50:08  INFO    [activations] shape=(2040, 512)  saved: /local/data/gme101/activations_steplr/seed_0/activations_epoch_0145.npy
2026-05-22 11:50:26  INFO  Epoch  146/300  train_loss=0.0449  train_acc=0.9858  test_loss=0.2513  test_acc=0.9307  lr=0.010000  time=17.9s
2026-05-22 11:50:44  INFO  Epoch  147/300  train_loss=0.0450  train_acc=0.9856  test_loss=0.2789  test_acc=0.9230  lr=0.010000  time=17.9s
2026-05-22 11:51:02  INFO  Epoch  148/300  train_loss=0.0521  train_acc=0.9824  test_loss=0.2625  test_acc=0.9262  lr=0.010000  time=17.9s
2026-05-22 11:51:20  INFO  Epoch  149/300  train_loss=0.0449  train_acc=0.9850  test_loss=0.2525  test_acc=0.9288  lr=0.010000  time=17.9s
2026-05-22 11:51:38  INFO  Epoch  150/300  train_loss=0.0450  train_acc=0.9860  test_loss=0.2673  test_acc=0.9284  lr=0.010000  time=17.9s
2026-05-22 11:51:38  INFO    [checkpoint] Saved: /local/data/gme101/checkpoints_steplr/seed_0/checkpoint_epoch_0150.pt
2026-05-22 11:51:38  INFO    [activations] shape=(2040, 512)  saved: /local/data/gme101/activations_steplr/seed_0/activations_epoch_0150.npy
2026-05-22 11:51:56  INFO  Epoch  151/300  train_loss=0.0470  train_acc=0.9843  test_loss=0.2447  test_acc=0.9268  lr=0.010000  time=17.9s
2026-05-22 11:52:14  INFO  Epoch  152/300  train_loss=0.0448  train_acc=0.9851  test_loss=0.2777  test_acc=0.9218  lr=0.010000  time=17.9s
2026-05-22 11:52:32  INFO  Epoch  153/300  train_loss=0.0454  train_acc=0.9853  test_loss=0.2491  test_acc=0.9298  lr=0.010000  time=17.9s
2026-05-22 11:52:50  INFO  Epoch  154/300  train_loss=0.0422  train_acc=0.9865  test_loss=0.2643  test_acc=0.9272  lr=0.010000  time=17.9s
2026-05-22 11:53:08  INFO  Epoch  155/300  train_loss=0.0458  train_acc=0.9843  test_loss=0.2799  test_acc=0.9216  lr=0.010000  time=17.9s
2026-05-22 11:53:08  INFO    [checkpoint] Saved: /local/data/gme101/checkpoints_steplr/seed_0/checkpoint_epoch_0155.pt
2026-05-22 11:53:08  INFO    [activations] shape=(2040, 512)  saved: /local/data/gme101/activations_steplr/seed_0/activations_epoch_0155.npy
2026-05-22 11:53:26  INFO  Epoch  156/300  train_loss=0.0470  train_acc=0.9843  test_loss=0.2740  test_acc=0.9240  lr=0.010000  time=17.9s
2026-05-22 11:53:44  INFO  Epoch  157/300  train_loss=0.0470  train_acc=0.9846  test_loss=0.2804  test_acc=0.9220  lr=0.010000  time=17.9s
2026-05-22 11:54:02  INFO  Epoch  158/300  train_loss=0.0434  train_acc=0.9860  test_loss=0.2552  test_acc=0.9288  lr=0.010000  time=17.9s
2026-05-22 11:54:19  INFO  Epoch  159/300  train_loss=0.0441  train_acc=0.9853  test_loss=0.2683  test_acc=0.9260  lr=0.010000  time=17.9s
2026-05-22 11:54:37  INFO  Epoch  160/300  train_loss=0.0469  train_acc=0.9844  test_loss=0.2794  test_acc=0.9241  lr=0.010000  time=17.9s
2026-05-22 11:54:37  INFO    [checkpoint] Saved: /local/data/gme101/checkpoints_steplr/seed_0/checkpoint_epoch_0160.pt
2026-05-22 11:54:38  INFO    [activations] shape=(2040, 512)  saved: /local/data/gme101/activations_steplr/seed_0/activations_epoch_0160.npy
2026-05-22 11:54:55  INFO  Epoch  161/300  train_loss=0.0420  train_acc=0.9864  test_loss=0.2579  test_acc=0.9305  lr=0.010000  time=17.9s
2026-05-22 11:55:13  INFO  Epoch  162/300  train_loss=0.0478  train_acc=0.9842  test_loss=0.2648  test_acc=0.9282  lr=0.010000  time=17.9s
2026-05-22 11:55:31  INFO  Epoch  163/300  train_loss=0.0479  train_acc=0.9841  test_loss=0.2775  test_acc=0.9212  lr=0.010000  time=17.9s
2026-05-22 11:55:49  INFO  Epoch  164/300  train_loss=0.0457  train_acc=0.9851  test_loss=0.2815  test_acc=0.9245  lr=0.010000  time=17.9s
2026-05-22 11:56:07  INFO  Epoch  165/300  train_loss=0.0508  train_acc=0.9832  test_loss=0.2595  test_acc=0.9260  lr=0.010000  time=17.9s
2026-05-22 11:56:07  INFO    [checkpoint] Saved: /local/data/gme101/checkpoints_steplr/seed_0/checkpoint_epoch_0165.pt
2026-05-22 11:56:07  INFO    [activations] shape=(2040, 512)  saved: /local/data/gme101/activations_steplr/seed_0/activations_epoch_0165.npy
2026-05-22 11:56:25  INFO  Epoch  166/300  train_loss=0.0435  train_acc=0.9859  test_loss=0.2727  test_acc=0.9236  lr=0.010000  time=17.9s
2026-05-22 11:56:43  INFO  Epoch  167/300  train_loss=0.0517  train_acc=0.9831  test_loss=0.2578  test_acc=0.9262  lr=0.010000  time=17.9s
2026-05-22 11:57:01  INFO  Epoch  168/300  train_loss=0.0476  train_acc=0.9846  test_loss=0.2728  test_acc=0.9251  lr=0.010000  time=17.9s
2026-05-22 11:57:19  INFO  Epoch  169/300  train_loss=0.0419  train_acc=0.9866  test_loss=0.2824  test_acc=0.9233  lr=0.010000  time=17.9s
2026-05-22 11:57:37  INFO  Epoch  170/300  train_loss=0.0404  train_acc=0.9867  test_loss=0.2720  test_acc=0.9286  lr=0.010000  time=17.9s
2026-05-22 11:57:37  INFO    [checkpoint] Saved: /local/data/gme101/checkpoints_steplr/seed_0/checkpoint_epoch_0170.pt
2026-05-22 11:57:37  INFO    [activations] shape=(2040, 512)  saved: /local/data/gme101/activations_steplr/seed_0/activations_epoch_0170.npy
2026-05-22 11:57:55  INFO  Epoch  171/300  train_loss=0.0482  train_acc=0.9840  test_loss=0.2452  test_acc=0.9325  lr=0.010000  time=17.9s
2026-05-22 11:58:13  INFO  Epoch  172/300  train_loss=0.0452  train_acc=0.9853  test_loss=0.2639  test_acc=0.9277  lr=0.010000  time=17.9s
2026-05-22 11:58:31  INFO  Epoch  173/300  train_loss=0.0427  train_acc=0.9859  test_loss=0.2658  test_acc=0.9279  lr=0.010000  time=17.9s
2026-05-22 11:58:49  INFO  Epoch  174/300  train_loss=0.0417  train_acc=0.9867  test_loss=0.2653  test_acc=0.9293  lr=0.010000  time=17.9s
2026-05-22 11:59:07  INFO  Epoch  175/300  train_loss=0.0444  train_acc=0.9854  test_loss=0.2677  test_acc=0.9270  lr=0.010000  time=17.9s
2026-05-22 11:59:07  INFO    [checkpoint] Saved: /local/data/gme101/checkpoints_steplr/seed_0/checkpoint_epoch_0175.pt
2026-05-22 11:59:07  INFO    [activations] shape=(2040, 512)  saved: /local/data/gme101/activations_steplr/seed_0/activations_epoch_0175.npy
2026-05-22 11:59:25  INFO  Epoch  176/300  train_loss=0.0455  train_acc=0.9851  test_loss=0.2595  test_acc=0.9258  lr=0.010000  time=17.9s
2026-05-22 11:59:43  INFO  Epoch  177/300  train_loss=0.0440  train_acc=0.9857  test_loss=0.2841  test_acc=0.9214  lr=0.010000  time=17.9s
2026-05-22 12:00:01  INFO  Epoch  178/300  train_loss=0.0499  train_acc=0.9837  test_loss=0.2452  test_acc=0.9328  lr=0.010000  time=17.9s
2026-05-22 12:00:19  INFO  Epoch  179/300  train_loss=0.0437  train_acc=0.9855  test_loss=0.2565  test_acc=0.9292  lr=0.010000  time=17.9s
2026-05-22 12:00:37  INFO  Epoch  180/300  train_loss=0.0414  train_acc=0.9868  test_loss=0.2767  test_acc=0.9232  lr=0.010000  time=17.9s
2026-05-22 12:00:37  INFO    [checkpoint] Saved: /local/data/gme101/checkpoints_steplr/seed_0/checkpoint_epoch_0180.pt
2026-05-22 12:00:37  INFO    [activations] shape=(2040, 512)  saved: /local/data/gme101/activations_steplr/seed_0/activations_epoch_0180.npy
2026-05-22 12:00:55  INFO  Epoch  181/300  train_loss=0.0434  train_acc=0.9865  test_loss=0.2424  test_acc=0.9335  lr=0.010000  time=17.9s
2026-05-22 12:01:13  INFO  Epoch  182/300  train_loss=0.0453  train_acc=0.9854  test_loss=0.2652  test_acc=0.9264  lr=0.010000  time=17.9s
2026-05-22 12:01:30  INFO  Epoch  183/300  train_loss=0.0455  train_acc=0.9850  test_loss=0.2443  test_acc=0.9311  lr=0.010000  time=17.9s
2026-05-22 12:01:48  INFO  Epoch  184/300  train_loss=0.0403  train_acc=0.9868  test_loss=0.2459  test_acc=0.9329  lr=0.010000  time=17.9s
2026-05-22 12:02:06  INFO  Epoch  185/300  train_loss=0.0373  train_acc=0.9882  test_loss=0.2846  test_acc=0.9234  lr=0.010000  time=17.9s
2026-05-22 12:02:06  INFO    [checkpoint] Saved: /local/data/gme101/checkpoints_steplr/seed_0/checkpoint_epoch_0185.pt
2026-05-22 12:02:07  INFO    [activations] shape=(2040, 512)  saved: /local/data/gme101/activations_steplr/seed_0/activations_epoch_0185.npy
2026-05-22 12:02:24  INFO  Epoch  186/300  train_loss=0.0433  train_acc=0.9860  test_loss=0.2599  test_acc=0.9292  lr=0.010000  time=17.9s
2026-05-22 12:02:42  INFO  Epoch  187/300  train_loss=0.0437  train_acc=0.9864  test_loss=0.2597  test_acc=0.9254  lr=0.010000  time=17.9s
2026-05-22 12:03:00  INFO  Epoch  188/300  train_loss=0.0450  train_acc=0.9852  test_loss=0.2740  test_acc=0.9235  lr=0.010000  time=17.9s
2026-05-22 12:03:18  INFO  Epoch  189/300  train_loss=0.0453  train_acc=0.9849  test_loss=0.2596  test_acc=0.9276  lr=0.010000  time=17.9s
2026-05-22 12:03:36  INFO  Epoch  190/300  train_loss=0.0447  train_acc=0.9854  test_loss=0.2409  test_acc=0.9327  lr=0.010000  time=17.9s
2026-05-22 12:03:36  INFO    [checkpoint] Saved: /local/data/gme101/checkpoints_steplr/seed_0/checkpoint_epoch_0190.pt
2026-05-22 12:03:36  INFO    [activations] shape=(2040, 512)  saved: /local/data/gme101/activations_steplr/seed_0/activations_epoch_0190.npy
2026-05-22 12:03:54  INFO  Epoch  191/300  train_loss=0.0404  train_acc=0.9874  test_loss=0.2786  test_acc=0.9251  lr=0.010000  time=17.9s
2026-05-22 12:04:12  INFO  Epoch  192/300  train_loss=0.0448  train_acc=0.9854  test_loss=0.2622  test_acc=0.9313  lr=0.010000  time=17.9s
2026-05-22 12:04:30  INFO  Epoch  193/300  train_loss=0.0399  train_acc=0.9872  test_loss=0.2801  test_acc=0.9234  lr=0.010000  time=17.9s
2026-05-22 12:04:48  INFO  Epoch  194/300  train_loss=0.0451  train_acc=0.9850  test_loss=0.2500  test_acc=0.9279  lr=0.010000  time=17.9s
2026-05-22 12:05:06  INFO  Epoch  195/300  train_loss=0.0437  train_acc=0.9857  test_loss=0.2930  test_acc=0.9224  lr=0.010000  time=17.9s
2026-05-22 12:05:06  INFO    [checkpoint] Saved: /local/data/gme101/checkpoints_steplr/seed_0/checkpoint_epoch_0195.pt
2026-05-22 12:05:06  INFO    [activations] shape=(2040, 512)  saved: /local/data/gme101/activations_steplr/seed_0/activations_epoch_0195.npy
2026-05-22 12:05:24  INFO  Epoch  196/300  train_loss=0.0445  train_acc=0.9856  test_loss=0.2600  test_acc=0.9298  lr=0.010000  time=17.9s
2026-05-22 12:05:42  INFO  Epoch  197/300  train_loss=0.0431  train_acc=0.9861  test_loss=0.2433  test_acc=0.9314  lr=0.010000  time=17.9s
2026-05-22 12:06:00  INFO  Epoch  198/300  train_loss=0.0413  train_acc=0.9864  test_loss=0.2811  test_acc=0.9244  lr=0.010000  time=17.9s
2026-05-22 12:06:18  INFO  Epoch  199/300  train_loss=0.0460  train_acc=0.9847  test_loss=0.2511  test_acc=0.9306  lr=0.010000  time=17.9s
2026-05-22 12:06:36  INFO  Epoch  200/300  train_loss=0.0448  train_acc=0.9856  test_loss=0.2521  test_acc=0.9294  lr=0.001000  time=17.9s
2026-05-22 12:06:36  INFO    [checkpoint] Saved: /local/data/gme101/checkpoints_steplr/seed_0/checkpoint_epoch_0200.pt
2026-05-22 12:06:36  INFO    [activations] shape=(2040, 512)  saved: /local/data/gme101/activations_steplr/seed_0/activations_epoch_0200.npy
2026-05-22 12:06:54  INFO  Epoch  201/300  train_loss=0.0206  train_acc=0.9942  test_loss=0.1964  test_acc=0.9465  lr=0.001000  time=17.9s
2026-05-22 12:07:12  INFO  Epoch  202/300  train_loss=0.0101  train_acc=0.9975  test_loss=0.1925  test_acc=0.9478  lr=0.001000  time=17.9s
2026-05-22 12:07:30  INFO  Epoch  203/300  train_loss=0.0075  train_acc=0.9985  test_loss=0.1910  test_acc=0.9486  lr=0.001000  time=17.9s
2026-05-22 12:07:48  INFO  Epoch  204/300  train_loss=0.0066  train_acc=0.9990  test_loss=0.1901  test_acc=0.9495  lr=0.001000  time=17.9s
2026-05-22 12:08:06  INFO  Epoch  205/300  train_loss=0.0061  train_acc=0.9990  test_loss=0.1897  test_acc=0.9511  lr=0.001000  time=17.9s
2026-05-22 12:08:06  INFO    [checkpoint] Saved: /local/data/gme101/checkpoints_steplr/seed_0/checkpoint_epoch_0205.pt
2026-05-22 12:08:06  INFO    [activations] shape=(2040, 512)  saved: /local/data/gme101/activations_steplr/seed_0/activations_epoch_0205.npy
2026-05-22 12:08:24  INFO  Epoch  206/300  train_loss=0.0051  train_acc=0.9993  test_loss=0.1913  test_acc=0.9504  lr=0.001000  time=17.9s
2026-05-22 12:08:42  INFO  Epoch  207/300  train_loss=0.0048  train_acc=0.9992  test_loss=0.1907  test_acc=0.9496  lr=0.001000  time=17.9s
2026-05-22 12:09:00  INFO  Epoch  208/300  train_loss=0.0044  train_acc=0.9994  test_loss=0.1893  test_acc=0.9513  lr=0.001000  time=17.9s
2026-05-22 12:09:18  INFO  Epoch  209/300  train_loss=0.0038  train_acc=0.9996  test_loss=0.1873  test_acc=0.9510  lr=0.001000  time=17.9s
2026-05-22 12:09:35  INFO  Epoch  210/300  train_loss=0.0040  train_acc=0.9995  test_loss=0.1871  test_acc=0.9512  lr=0.001000  time=17.9s
2026-05-22 12:09:35  INFO    [checkpoint] Saved: /local/data/gme101/checkpoints_steplr/seed_0/checkpoint_epoch_0210.pt
2026-05-22 12:09:36  INFO    [activations] shape=(2040, 512)  saved: /local/data/gme101/activations_steplr/seed_0/activations_epoch_0210.npy
2026-05-22 12:09:54  INFO  Epoch  211/300  train_loss=0.0036  train_acc=0.9996  test_loss=0.1886  test_acc=0.9524  lr=0.001000  time=17.9s
2026-05-22 12:10:12  INFO  Epoch  212/300  train_loss=0.0034  train_acc=0.9996  test_loss=0.1898  test_acc=0.9519  lr=0.001000  time=17.9s
2026-05-22 12:10:29  INFO  Epoch  213/300  train_loss=0.0033  train_acc=0.9997  test_loss=0.1877  test_acc=0.9514  lr=0.001000  time=17.9s
2026-05-22 12:10:47  INFO  Epoch  214/300  train_loss=0.0031  train_acc=0.9996  test_loss=0.1877  test_acc=0.9516  lr=0.001000  time=17.9s
2026-05-22 12:11:05  INFO  Epoch  215/300  train_loss=0.0032  train_acc=0.9996  test_loss=0.1881  test_acc=0.9520  lr=0.001000  time=17.9s
2026-05-22 12:11:05  INFO    [checkpoint] Saved: /local/data/gme101/checkpoints_steplr/seed_0/checkpoint_epoch_0215.pt
2026-05-22 12:11:06  INFO    [activations] shape=(2040, 512)  saved: /local/data/gme101/activations_steplr/seed_0/activations_epoch_0215.npy
2026-05-22 12:11:23  INFO  Epoch  216/300  train_loss=0.0031  train_acc=0.9996  test_loss=0.1877  test_acc=0.9511  lr=0.001000  time=17.9s
2026-05-22 12:11:41  INFO  Epoch  217/300  train_loss=0.0029  train_acc=0.9998  test_loss=0.1873  test_acc=0.9511  lr=0.001000  time=17.9s
2026-05-22 12:11:59  INFO  Epoch  218/300  train_loss=0.0030  train_acc=0.9997  test_loss=0.1855  test_acc=0.9519  lr=0.001000  time=17.9s
2026-05-22 12:12:17  INFO  Epoch  219/300  train_loss=0.0027  train_acc=0.9998  test_loss=0.1861  test_acc=0.9519  lr=0.001000  time=17.9s
2026-05-22 12:12:35  INFO  Epoch  220/300  train_loss=0.0025  train_acc=0.9999  test_loss=0.1844  test_acc=0.9515  lr=0.001000  time=17.9s
2026-05-22 12:12:35  INFO    [checkpoint] Saved: /local/data/gme101/checkpoints_steplr/seed_0/checkpoint_epoch_0220.pt
2026-05-22 12:12:35  INFO    [activations] shape=(2040, 512)  saved: /local/data/gme101/activations_steplr/seed_0/activations_epoch_0220.npy
2026-05-22 12:12:53  INFO  Epoch  221/300  train_loss=0.0028  train_acc=0.9998  test_loss=0.1854  test_acc=0.9518  lr=0.001000  time=17.9s
2026-05-22 12:13:11  INFO  Epoch  222/300  train_loss=0.0026  train_acc=0.9998  test_loss=0.1844  test_acc=0.9525  lr=0.001000  time=17.9s
2026-05-22 12:13:29  INFO  Epoch  223/300  train_loss=0.0025  train_acc=0.9998  test_loss=0.1853  test_acc=0.9526  lr=0.001000  time=17.9s
2026-05-22 12:13:47  INFO  Epoch  224/300  train_loss=0.0025  train_acc=0.9998  test_loss=0.1848  test_acc=0.9523  lr=0.001000  time=17.9s
2026-05-22 12:14:05  INFO  Epoch  225/300  train_loss=0.0023  train_acc=0.9998  test_loss=0.1830  test_acc=0.9523  lr=0.001000  time=17.9s
2026-05-22 12:14:05  INFO    [checkpoint] Saved: /local/data/gme101/checkpoints_steplr/seed_0/checkpoint_epoch_0225.pt
2026-05-22 12:14:05  INFO    [activations] shape=(2040, 512)  saved: /local/data/gme101/activations_steplr/seed_0/activations_epoch_0225.npy
2026-05-22 12:14:23  INFO  Epoch  226/300  train_loss=0.0024  train_acc=0.9998  test_loss=0.1848  test_acc=0.9528  lr=0.001000  time=17.9s
2026-05-22 12:14:41  INFO  Epoch  227/300  train_loss=0.0024  train_acc=0.9999  test_loss=0.1849  test_acc=0.9525  lr=0.001000  time=17.9s
2026-05-22 12:14:59  INFO  Epoch  228/300  train_loss=0.0024  train_acc=0.9998  test_loss=0.1854  test_acc=0.9524  lr=0.001000  time=17.9s
2026-05-22 12:15:17  INFO  Epoch  229/300  train_loss=0.0022  train_acc=0.9999  test_loss=0.1848  test_acc=0.9523  lr=0.001000  time=17.9s
2026-05-22 12:15:35  INFO  Epoch  230/300  train_loss=0.0024  train_acc=0.9998  test_loss=0.1850  test_acc=0.9526  lr=0.001000  time=17.9s
2026-05-22 12:15:35  INFO    [checkpoint] Saved: /local/data/gme101/checkpoints_steplr/seed_0/checkpoint_epoch_0230.pt
2026-05-22 12:15:35  INFO    [activations] shape=(2040, 512)  saved: /local/data/gme101/activations_steplr/seed_0/activations_epoch_0230.npy
2026-05-22 12:15:53  INFO  Epoch  231/300  train_loss=0.0020  train_acc=0.9999  test_loss=0.1838  test_acc=0.9527  lr=0.001000  time=17.9s
2026-05-22 12:16:11  INFO  Epoch  232/300  train_loss=0.0021  train_acc=0.9999  test_loss=0.1842  test_acc=0.9532  lr=0.001000  time=17.9s
2026-05-22 12:16:29  INFO  Epoch  233/300  train_loss=0.0022  train_acc=0.9998  test_loss=0.1836  test_acc=0.9531  lr=0.001000  time=17.9s
2026-05-22 12:16:47  INFO  Epoch  234/300  train_loss=0.0021  train_acc=0.9998  test_loss=0.1843  test_acc=0.9527  lr=0.001000  time=17.9s
2026-05-22 12:17:04  INFO  Epoch  235/300  train_loss=0.0022  train_acc=0.9998  test_loss=0.1842  test_acc=0.9538  lr=0.001000  time=17.9s
2026-05-22 12:17:05  INFO    [checkpoint] Saved: /local/data/gme101/checkpoints_steplr/seed_0/checkpoint_epoch_0235.pt
2026-05-22 12:17:05  INFO    [activations] shape=(2040, 512)  saved: /local/data/gme101/activations_steplr/seed_0/activations_epoch_0235.npy
2026-05-22 12:17:23  INFO  Epoch  236/300  train_loss=0.0020  train_acc=0.9999  test_loss=0.1835  test_acc=0.9539  lr=0.001000  time=17.9s
2026-05-22 12:17:41  INFO  Epoch  237/300  train_loss=0.0021  train_acc=0.9999  test_loss=0.1837  test_acc=0.9536  lr=0.001000  time=17.9s
2026-05-22 12:17:58  INFO  Epoch  238/300  train_loss=0.0021  train_acc=0.9998  test_loss=0.1824  test_acc=0.9528  lr=0.001000  time=17.9s
2026-05-22 12:18:16  INFO  Epoch  239/300  train_loss=0.0021  train_acc=0.9999  test_loss=0.1836  test_acc=0.9527  lr=0.001000  time=17.9s
2026-05-22 12:18:34  INFO  Epoch  240/300  train_loss=0.0021  train_acc=0.9999  test_loss=0.1816  test_acc=0.9528  lr=0.001000  time=17.9s
2026-05-22 12:18:34  INFO    [checkpoint] Saved: /local/data/gme101/checkpoints_steplr/seed_0/checkpoint_epoch_0240.pt
2026-05-22 12:18:35  INFO    [activations] shape=(2040, 512)  saved: /local/data/gme101/activations_steplr/seed_0/activations_epoch_0240.npy
2026-05-22 12:18:52  INFO  Epoch  241/300  train_loss=0.0020  train_acc=0.9999  test_loss=0.1818  test_acc=0.9519  lr=0.001000  time=17.9s
2026-05-22 12:19:10  INFO  Epoch  242/300  train_loss=0.0020  train_acc=1.0000  test_loss=0.1841  test_acc=0.9520  lr=0.001000  time=17.9s
2026-05-22 12:19:28  INFO  Epoch  243/300  train_loss=0.0020  train_acc=0.9999  test_loss=0.1827  test_acc=0.9524  lr=0.001000  time=17.9s
2026-05-22 12:19:46  INFO  Epoch  244/300  train_loss=0.0019  train_acc=0.9999  test_loss=0.1823  test_acc=0.9541  lr=0.001000  time=17.9s
2026-05-22 12:20:04  INFO  Epoch  245/300  train_loss=0.0020  train_acc=0.9999  test_loss=0.1828  test_acc=0.9545  lr=0.001000  time=17.9s
2026-05-22 12:20:04  INFO    [checkpoint] Saved: /local/data/gme101/checkpoints_steplr/seed_0/checkpoint_epoch_0245.pt
2026-05-22 12:20:04  INFO    [activations] shape=(2040, 512)  saved: /local/data/gme101/activations_steplr/seed_0/activations_epoch_0245.npy
2026-05-22 12:20:22  INFO  Epoch  246/300  train_loss=0.0019  train_acc=0.9999  test_loss=0.1800  test_acc=0.9540  lr=0.001000  time=17.9s
2026-05-22 12:20:40  INFO  Epoch  247/300  train_loss=0.0021  train_acc=0.9999  test_loss=0.1817  test_acc=0.9541  lr=0.001000  time=17.9s
2026-05-22 12:20:58  INFO  Epoch  248/300  train_loss=0.0019  train_acc=0.9999  test_loss=0.1810  test_acc=0.9534  lr=0.001000  time=17.9s
2026-05-22 12:21:16  INFO  Epoch  249/300  train_loss=0.0018  train_acc=1.0000  test_loss=0.1803  test_acc=0.9535  lr=0.001000  time=17.9s
2026-05-22 12:21:34  INFO  Epoch  250/300  train_loss=0.0018  train_acc=1.0000  test_loss=0.1834  test_acc=0.9528  lr=0.001000  time=17.9s
2026-05-22 12:21:34  INFO    [checkpoint] Saved: /local/data/gme101/checkpoints_steplr/seed_0/checkpoint_epoch_0250.pt
2026-05-22 12:21:34  INFO    [activations] shape=(2040, 512)  saved: /local/data/gme101/activations_steplr/seed_0/activations_epoch_0250.npy
2026-05-22 12:21:52  INFO  Epoch  251/300  train_loss=0.0017  train_acc=1.0000  test_loss=0.1811  test_acc=0.9535  lr=0.001000  time=17.9s
2026-05-22 12:22:10  INFO  Epoch  252/300  train_loss=0.0018  train_acc=1.0000  test_loss=0.1804  test_acc=0.9534  lr=0.001000  time=17.9s
2026-05-22 12:22:28  INFO  Epoch  253/300  train_loss=0.0018  train_acc=1.0000  test_loss=0.1798  test_acc=0.9539  lr=0.001000  time=17.9s
2026-05-22 12:22:46  INFO  Epoch  254/300  train_loss=0.0019  train_acc=0.9999  test_loss=0.1798  test_acc=0.9534  lr=0.001000  time=17.9s
2026-05-22 12:23:04  INFO  Epoch  255/300  train_loss=0.0019  train_acc=0.9999  test_loss=0.1803  test_acc=0.9543  lr=0.001000  time=17.9s
2026-05-22 12:23:04  INFO    [checkpoint] Saved: /local/data/gme101/checkpoints_steplr/seed_0/checkpoint_epoch_0255.pt
2026-05-22 12:23:04  INFO    [activations] shape=(2040, 512)  saved: /local/data/gme101/activations_steplr/seed_0/activations_epoch_0255.npy
2026-05-22 12:23:22  INFO  Epoch  256/300  train_loss=0.0018  train_acc=0.9999  test_loss=0.1797  test_acc=0.9543  lr=0.001000  time=17.9s
2026-05-22 12:23:40  INFO  Epoch  257/300  train_loss=0.0017  train_acc=1.0000  test_loss=0.1806  test_acc=0.9536  lr=0.001000  time=17.9s
2026-05-22 12:23:58  INFO  Epoch  258/300  train_loss=0.0019  train_acc=0.9999  test_loss=0.1811  test_acc=0.9532  lr=0.001000  time=17.9s
2026-05-22 12:24:16  INFO  Epoch  259/300  train_loss=0.0018  train_acc=1.0000  test_loss=0.1802  test_acc=0.9540  lr=0.001000  time=17.9s
2026-05-22 12:24:34  INFO  Epoch  260/300  train_loss=0.0019  train_acc=1.0000  test_loss=0.1794  test_acc=0.9533  lr=0.001000  time=17.9s
2026-05-22 12:24:34  INFO    [checkpoint] Saved: /local/data/gme101/checkpoints_steplr/seed_0/checkpoint_epoch_0260.pt
2026-05-22 12:24:34  INFO    [activations] shape=(2040, 512)  saved: /local/data/gme101/activations_steplr/seed_0/activations_epoch_0260.npy
2026-05-22 12:24:52  INFO  Epoch  261/300  train_loss=0.0019  train_acc=1.0000  test_loss=0.1812  test_acc=0.9534  lr=0.001000  time=17.9s
2026-05-22 12:25:10  INFO  Epoch  262/300  train_loss=0.0018  train_acc=1.0000  test_loss=0.1798  test_acc=0.9547  lr=0.001000  time=17.9s
2026-05-22 12:25:28  INFO  Epoch  263/300  train_loss=0.0019  train_acc=0.9999  test_loss=0.1799  test_acc=0.9530  lr=0.001000  time=17.9s
2026-05-22 12:25:46  INFO  Epoch  264/300  train_loss=0.0018  train_acc=1.0000  test_loss=0.1802  test_acc=0.9534  lr=0.001000  time=17.9s
2026-05-22 12:26:03  INFO  Epoch  265/300  train_loss=0.0018  train_acc=0.9999  test_loss=0.1801  test_acc=0.9542  lr=0.001000  time=17.9s
2026-05-22 12:26:03  INFO    [checkpoint] Saved: /local/data/gme101/checkpoints_steplr/seed_0/checkpoint_epoch_0265.pt
2026-05-22 12:26:04  INFO    [activations] shape=(2040, 512)  saved: /local/data/gme101/activations_steplr/seed_0/activations_epoch_0265.npy
2026-05-22 12:26:22  INFO  Epoch  266/300  train_loss=0.0019  train_acc=0.9999  test_loss=0.1799  test_acc=0.9540  lr=0.001000  time=17.9s
2026-05-22 12:26:40  INFO  Epoch  267/300  train_loss=0.0018  train_acc=1.0000  test_loss=0.1791  test_acc=0.9537  lr=0.001000  time=17.9s
2026-05-22 12:26:57  INFO  Epoch  268/300  train_loss=0.0018  train_acc=0.9999  test_loss=0.1791  test_acc=0.9541  lr=0.001000  time=17.9s
2026-05-22 12:27:15  INFO  Epoch  269/300  train_loss=0.0019  train_acc=1.0000  test_loss=0.1800  test_acc=0.9538  lr=0.001000  time=17.9s
2026-05-22 12:27:33  INFO  Epoch  270/300  train_loss=0.0019  train_acc=0.9999  test_loss=0.1787  test_acc=0.9548  lr=0.001000  time=17.9s
2026-05-22 12:27:33  INFO    [checkpoint] Saved: /local/data/gme101/checkpoints_steplr/seed_0/checkpoint_epoch_0270.pt
2026-05-22 12:27:34  INFO    [activations] shape=(2040, 512)  saved: /local/data/gme101/activations_steplr/seed_0/activations_epoch_0270.npy
2026-05-22 12:27:51  INFO  Epoch  271/300  train_loss=0.0019  train_acc=0.9999  test_loss=0.1800  test_acc=0.9535  lr=0.001000  time=17.9s
2026-05-22 12:28:09  INFO  Epoch  272/300  train_loss=0.0018  train_acc=1.0000  test_loss=0.1801  test_acc=0.9539  lr=0.001000  time=17.9s
2026-05-22 12:28:27  INFO  Epoch  273/300  train_loss=0.0019  train_acc=0.9999  test_loss=0.1798  test_acc=0.9540  lr=0.001000  time=17.9s
2026-05-22 12:28:45  INFO  Epoch  274/300  train_loss=0.0018  train_acc=1.0000  test_loss=0.1779  test_acc=0.9542  lr=0.001000  time=17.9s
2026-05-22 12:29:03  INFO  Epoch  275/300  train_loss=0.0018  train_acc=1.0000  test_loss=0.1793  test_acc=0.9539  lr=0.001000  time=17.9s
2026-05-22 12:29:03  INFO    [checkpoint] Saved: /local/data/gme101/checkpoints_steplr/seed_0/checkpoint_epoch_0275.pt
2026-05-22 12:29:03  INFO    [activations] shape=(2040, 512)  saved: /local/data/gme101/activations_steplr/seed_0/activations_epoch_0275.npy
2026-05-22 12:29:21  INFO  Epoch  276/300  train_loss=0.0019  train_acc=0.9999  test_loss=0.1793  test_acc=0.9540  lr=0.001000  time=17.9s
2026-05-22 12:29:39  INFO  Epoch  277/300  train_loss=0.0019  train_acc=0.9999  test_loss=0.1782  test_acc=0.9547  lr=0.001000  time=17.9s
2026-05-22 12:29:57  INFO  Epoch  278/300  train_loss=0.0019  train_acc=1.0000  test_loss=0.1780  test_acc=0.9548  lr=0.001000  time=17.9s
2026-05-22 12:30:15  INFO  Epoch  279/300  train_loss=0.0019  train_acc=0.9999  test_loss=0.1777  test_acc=0.9552  lr=0.001000  time=17.9s
2026-05-22 12:30:33  INFO  Epoch  280/300  train_loss=0.0018  train_acc=1.0000  test_loss=0.1790  test_acc=0.9536  lr=0.001000  time=17.9s
2026-05-22 12:30:33  INFO    [checkpoint] Saved: /local/data/gme101/checkpoints_steplr/seed_0/checkpoint_epoch_0280.pt
2026-05-22 12:30:33  INFO    [activations] shape=(2040, 512)  saved: /local/data/gme101/activations_steplr/seed_0/activations_epoch_0280.npy
2026-05-22 12:30:51  INFO  Epoch  281/300  train_loss=0.0017  train_acc=1.0000  test_loss=0.1779  test_acc=0.9547  lr=0.001000  time=17.9s
2026-05-22 12:31:09  INFO  Epoch  282/300  train_loss=0.0018  train_acc=1.0000  test_loss=0.1783  test_acc=0.9539  lr=0.001000  time=17.9s
2026-05-22 12:31:27  INFO  Epoch  283/300  train_loss=0.0019  train_acc=0.9999  test_loss=0.1776  test_acc=0.9539  lr=0.001000  time=17.9s
2026-05-22 12:31:45  INFO  Epoch  284/300  train_loss=0.0018  train_acc=1.0000  test_loss=0.1775  test_acc=0.9547  lr=0.001000  time=17.9s
2026-05-22 12:32:03  INFO  Epoch  285/300  train_loss=0.0017  train_acc=1.0000  test_loss=0.1753  test_acc=0.9551  lr=0.001000  time=17.9s
2026-05-22 12:32:03  INFO    [checkpoint] Saved: /local/data/gme101/checkpoints_steplr/seed_0/checkpoint_epoch_0285.pt
2026-05-22 12:32:03  INFO    [activations] shape=(2040, 512)  saved: /local/data/gme101/activations_steplr/seed_0/activations_epoch_0285.npy
2026-05-22 12:32:21  INFO  Epoch  286/300  train_loss=0.0018  train_acc=0.9999  test_loss=0.1767  test_acc=0.9553  lr=0.001000  time=17.9s
2026-05-22 12:32:39  INFO  Epoch  287/300  train_loss=0.0018  train_acc=1.0000  test_loss=0.1760  test_acc=0.9551  lr=0.001000  time=17.9s
2026-05-22 12:32:57  INFO  Epoch  288/300  train_loss=0.0018  train_acc=1.0000  test_loss=0.1764  test_acc=0.9546  lr=0.001000  time=17.9s
2026-05-22 12:33:15  INFO  Epoch  289/300  train_loss=0.0018  train_acc=1.0000  test_loss=0.1776  test_acc=0.9546  lr=0.001000  time=17.9s
2026-05-22 12:33:32  INFO  Epoch  290/300  train_loss=0.0018  train_acc=1.0000  test_loss=0.1777  test_acc=0.9546  lr=0.001000  time=17.9s
2026-05-22 12:33:33  INFO    [checkpoint] Saved: /local/data/gme101/checkpoints_steplr/seed_0/checkpoint_epoch_0290.pt
2026-05-22 12:33:33  INFO    [activations] shape=(2040, 512)  saved: /local/data/gme101/activations_steplr/seed_0/activations_epoch_0290.npy
2026-05-22 12:33:51  INFO  Epoch  291/300  train_loss=0.0018  train_acc=0.9999  test_loss=0.1792  test_acc=0.9544  lr=0.001000  time=17.9s
2026-05-22 12:34:09  INFO  Epoch  292/300  train_loss=0.0018  train_acc=1.0000  test_loss=0.1758  test_acc=0.9546  lr=0.001000  time=17.9s
2026-05-22 12:34:26  INFO  Epoch  293/300  train_loss=0.0018  train_acc=1.0000  test_loss=0.1774  test_acc=0.9550  lr=0.001000  time=17.9s
2026-05-22 12:34:44  INFO  Epoch  294/300  train_loss=0.0018  train_acc=1.0000  test_loss=0.1761  test_acc=0.9553  lr=0.001000  time=17.9s
2026-05-22 12:35:02  INFO  Epoch  295/300  train_loss=0.0018  train_acc=1.0000  test_loss=0.1768  test_acc=0.9557  lr=0.001000  time=17.9s
2026-05-22 12:35:02  INFO    [checkpoint] Saved: /local/data/gme101/checkpoints_steplr/seed_0/checkpoint_epoch_0295.pt
2026-05-22 12:35:03  INFO    [activations] shape=(2040, 512)  saved: /local/data/gme101/activations_steplr/seed_0/activations_epoch_0295.npy
2026-05-22 12:35:20  INFO  Epoch  296/300  train_loss=0.0018  train_acc=1.0000  test_loss=0.1761  test_acc=0.9547  lr=0.001000  time=17.9s
2026-05-22 12:35:38  INFO  Epoch  297/300  train_loss=0.0017  train_acc=1.0000  test_loss=0.1769  test_acc=0.9550  lr=0.001000  time=17.9s
2026-05-22 12:35:56  INFO  Epoch  298/300  train_loss=0.0018  train_acc=1.0000  test_loss=0.1769  test_acc=0.9553  lr=0.001000  time=17.9s
2026-05-22 12:36:14  INFO  Epoch  299/300  train_loss=0.0018  train_acc=1.0000  test_loss=0.1748  test_acc=0.9551  lr=0.001000  time=17.9s
2026-05-22 12:36:32  INFO  Epoch  300/300  train_loss=0.0018  train_acc=1.0000  test_loss=0.1753  test_acc=0.9556  lr=0.001000  time=17.9s
2026-05-22 12:36:32  INFO    [checkpoint] Saved: /local/data/gme101/checkpoints_steplr/seed_0/checkpoint_epoch_0300.pt
2026-05-22 12:36:32  INFO    [activations] shape=(2040, 512)  saved: /local/data/gme101/activations_steplr/seed_0/activations_epoch_0300.npy
2026-05-22 12:36:32  INFO  ======================================================================
2026-05-22 12:36:32  INFO  Training complete.
2026-05-22 12:36:32  INFO  Final test accuracy: 0.9556
2026-05-22 12:36:32  INFO  Checkpoints saved to: /local/data/gme101/checkpoints_steplr/seed_0
2026-05-22 12:36:32  INFO  Activations saved to: /local/data/gme101/activations_steplr/seed_0
2026-05-22 12:36:32  INFO  ======================================================================
