2026-05-22 09:07:13  INFO  ======================================================================
2026-05-22 09:07:13  INFO  Activation Extraction — Full Training and Test Sets
2026-05-22 09:07:13  INFO  ======================================================================
2026-05-22 09:07:13  INFO  Config:          configs/resnet18_cifar10_constantlr.yaml
2026-05-22 09:07:13  INFO  Epoch to load:   200
2026-05-22 09:07:13  INFO  Checkpoint dir:  /local/data/gme101/checkpoints_constantlr/seed_42
2026-05-22 09:07:13  INFO  Activations dir: /local/data/gme101/activations_constantlr/seed_42
2026-05-22 09:07:13  INFO  Device: cuda
2026-05-22 09:07:13  INFO  GPU: NVIDIA L4
2026-05-22 09:07:13  INFO  Building model...
2026-05-22 09:07:14  INFO  Loaded checkpoint from epoch 200
2026-05-22 09:07:14  INFO    Checkpoint train_acc: 0.9855
2026-05-22 09:07:14  INFO    Checkpoint test_acc:  0.9155
2026-05-22 09:07:14  INFO  Building full train loader (no augmentation, no shuffle)...
2026-05-22 09:07:14  INFO    Train batches: 391
2026-05-22 09:07:14  INFO  Building full test loader...
2026-05-22 09:07:14  INFO    Test batches:  79
2026-05-22 09:07:14  INFO  ----------------------------------------------------------------------
2026-05-22 09:07:14  INFO  Extracting activations for full training set...
2026-05-22 09:07:19  INFO    Saved train activations: shape=(50000, 512)  path=/local/data/gme101/activations_constantlr/seed_42/train_full_epoch_0200.npy
2026-05-22 09:07:19  INFO    Saved train labels:      shape=(50000,)  path=/local/data/gme101/activations_constantlr/seed_42/train_labels.npy
2026-05-22 09:07:19  INFO  ----------------------------------------------------------------------
2026-05-22 09:07:19  INFO  Extracting activations for full test set...
2026-05-22 09:07:20  INFO    Saved test activations: shape=(10000, 512)  path=/local/data/gme101/activations_constantlr/seed_42/test_full_epoch_0200.npy
2026-05-22 09:07:20  INFO    Saved test labels:      shape=(10000,)  path=/local/data/gme101/activations_constantlr/seed_42/test_labels.npy
2026-05-22 09:07:20  INFO  ======================================================================
2026-05-22 09:07:20  INFO  Extraction complete.
2026-05-22 09:07:20  INFO    Train features: (50000, 512)
2026-05-22 09:07:20  INFO    Test features:  (10000, 512)
2026-05-22 09:07:20  INFO    Checkpoint network test accuracy at epoch 200: 0.9155
2026-05-22 09:07:20  INFO    Next step: run surrogates/linear_probe.py, lightgbm_probe.py, or rf_probe.py with --epoch same as above.
2026-05-22 09:07:20  INFO  ======================================================================
2026-05-22 09:08:25  INFO  ======================================================================
2026-05-22 09:08:25  INFO  Activation Extraction — Full Training and Test Sets
2026-05-22 09:08:25  INFO  ======================================================================
2026-05-22 09:08:25  INFO  Config:          configs/resnet18_cifar10_constantlr.yaml
2026-05-22 09:08:25  INFO  Epoch to load:   285
2026-05-22 09:08:25  INFO  Checkpoint dir:  /local/data/gme101/checkpoints_constantlr/seed_42
2026-05-22 09:08:25  INFO  Activations dir: /local/data/gme101/activations_constantlr/seed_42
2026-05-22 09:08:25  INFO  Device: cuda
2026-05-22 09:08:25  INFO  GPU: NVIDIA L4
2026-05-22 09:08:25  INFO  Building model...
2026-05-22 09:08:25  INFO  Loaded checkpoint from epoch 285
2026-05-22 09:08:25  INFO    Checkpoint train_acc: 0.9866
2026-05-22 09:08:25  INFO    Checkpoint test_acc:  0.9220
2026-05-22 09:08:25  INFO  Building full train loader (no augmentation, no shuffle)...
2026-05-22 09:08:25  INFO    Train batches: 391
2026-05-22 09:08:25  INFO  Building full test loader...
2026-05-22 09:08:26  INFO    Test batches:  79
2026-05-22 09:08:26  INFO  ----------------------------------------------------------------------
2026-05-22 09:08:26  INFO  Extracting activations for full training set...
2026-05-22 09:08:30  INFO    Saved train activations: shape=(50000, 512)  path=/local/data/gme101/activations_constantlr/seed_42/train_full_epoch_0285.npy
2026-05-22 09:08:30  INFO    Saved train labels:      shape=(50000,)  path=/local/data/gme101/activations_constantlr/seed_42/train_labels.npy
2026-05-22 09:08:30  INFO  ----------------------------------------------------------------------
2026-05-22 09:08:30  INFO  Extracting activations for full test set...
2026-05-22 09:08:31  INFO    Saved test activations: shape=(10000, 512)  path=/local/data/gme101/activations_constantlr/seed_42/test_full_epoch_0285.npy
2026-05-22 09:08:31  INFO    Saved test labels:      shape=(10000,)  path=/local/data/gme101/activations_constantlr/seed_42/test_labels.npy
2026-05-22 09:08:31  INFO  ======================================================================
2026-05-22 09:08:31  INFO  Extraction complete.
2026-05-22 09:08:31  INFO    Train features: (50000, 512)
2026-05-22 09:08:31  INFO    Test features:  (10000, 512)
2026-05-22 09:08:31  INFO    Checkpoint network test accuracy at epoch 285: 0.9220
2026-05-22 09:08:31  INFO    Next step: run surrogates/linear_probe.py, lightgbm_probe.py, or rf_probe.py with --epoch same as above.
2026-05-22 09:08:31  INFO  ======================================================================
