2026-05-22 09:07:21  INFO  ======================================================================
2026-05-22 09:07:21  INFO  Surrogate: Logistic Regression (Linear Probe)
2026-05-22 09:07:21  INFO  ======================================================================
2026-05-22 09:07:21  INFO  Config:          configs/resnet18_cifar10_constantlr.yaml
2026-05-22 09:07:21  INFO  Epoch:           200
2026-05-22 09:07:21  INFO  C:               1.0
2026-05-22 09:07:21  INFO  max_iter:        1000
2026-05-22 09:07:21  INFO  Loading train features...
2026-05-22 09:07:21  INFO    Train: features=(50000, 512)  labels=(50000,)
2026-05-22 09:07:21  INFO  Loading test features...
2026-05-22 09:07:21  INFO    Test:  features=(10000, 512)  labels=(10000,)
2026-05-22 09:07:21  INFO  Normalizing features (StandardScaler fit on train)...
2026-05-22 09:07:22  INFO  Reference (full network) test_acc at epoch 200: 0.9155
2026-05-22 09:07:22  INFO  Training logistic regression...
2026-05-22 09:07:23  INFO    Solver converged in 87 iterations.
2026-05-22 09:07:23  INFO  ----------------------------------------------------------------------
2026-05-22 09:07:23  INFO  Surrogate train accuracy:        0.9962
2026-05-22 09:07:23  INFO  Surrogate test accuracy:         0.9252
2026-05-22 09:07:23  INFO  Full network test accuracy:      0.9155
2026-05-22 09:07:23  INFO  Accuracy gap (network - surrogate): -0.0097  (surrogate matches or exceeds)
2026-05-22 09:07:23  INFO  Saved results to: /local/data/gme101/results_constantlr/seed_42/surrogate_linear_epoch_0200.csv
2026-05-22 09:07:23  INFO  ======================================================================
2026-05-22 09:07:25  INFO  ======================================================================
2026-05-22 09:07:25  INFO  Surrogate: LightGBM
2026-05-22 09:07:25  INFO  ======================================================================
2026-05-22 09:07:25  INFO  Config:          configs/resnet18_cifar10_constantlr.yaml
2026-05-22 09:07:25  INFO  Epoch:           200
2026-05-22 09:07:25  INFO  LightGBM:        n_estimators=200  num_leaves=31  lr=0.1
2026-05-22 09:07:25  INFO  Loading train features...
2026-05-22 09:07:25  INFO    Train: features=(50000, 512)  labels=(50000,)
2026-05-22 09:07:25  INFO  Loading test features...
2026-05-22 09:07:25  INFO    Test:  features=(10000, 512)  labels=(10000,)
2026-05-22 09:07:25  INFO  Reference (full network) test_acc at epoch 200: 0.9155
2026-05-22 09:07:25  INFO  Training LightGBM...
2026-05-22 09:07:25  INFO    Fitting LightGBM: n_estimators=200, num_leaves=31, lr=0.1
2026-05-22 09:08:19  INFO  ----------------------------------------------------------------------
2026-05-22 09:08:19  INFO  Surrogate train accuracy:           1.0000
2026-05-22 09:08:19  INFO  Surrogate test accuracy:            0.9245
2026-05-22 09:08:19  INFO  Full network test accuracy:         0.9155
2026-05-22 09:08:19  INFO  Accuracy gap (network - surrogate): -0.0090  (surrogate matches or exceeds)
2026-05-22 09:08:19  INFO  Saved results to: /local/data/gme101/results_constantlr/seed_42/surrogate_lightgbm_epoch_0200.csv
2026-05-22 09:08:19  INFO  ======================================================================
2026-05-22 09:08:21  INFO  ======================================================================
2026-05-22 09:08:21  INFO  Surrogate: Random Forest
2026-05-22 09:08:21  INFO  ======================================================================
2026-05-22 09:08:21  INFO  Config:          configs/resnet18_cifar10_constantlr.yaml
2026-05-22 09:08:21  INFO  Epoch:           200
2026-05-22 09:08:21  INFO  RandomForest:    n_estimators=200  max_features=sqrt  n_jobs=-1
2026-05-22 09:08:21  INFO  Loading train features...
2026-05-22 09:08:21  INFO    Train: features=(50000, 512)  labels=(50000,)
2026-05-22 09:08:21  INFO  Loading test features...
2026-05-22 09:08:21  INFO    Test:  features=(10000, 512)  labels=(10000,)
2026-05-22 09:08:21  INFO  Reference (full network) test_acc at epoch 200: 0.9155
2026-05-22 09:08:21  INFO  Training Random Forest...
2026-05-22 09:08:21  INFO    Fitting RandomForest: n_estimators=200, max_features=sqrt, n_jobs=-1
2026-05-22 09:08:23  INFO  ----------------------------------------------------------------------
2026-05-22 09:08:23  INFO  Surrogate train accuracy:           1.0000
2026-05-22 09:08:23  INFO  Surrogate test accuracy:            0.9244
2026-05-22 09:08:23  INFO  Full network test accuracy:         0.9155
2026-05-22 09:08:23  INFO  Accuracy gap (network - surrogate): -0.0089  (surrogate matches or exceeds)
2026-05-22 09:08:23  INFO  Saved results to: /local/data/gme101/results_constantlr/seed_42/surrogate_rf_epoch_0200.csv
2026-05-22 09:08:23  INFO  ======================================================================
2026-05-22 09:08:33  INFO  ======================================================================
2026-05-22 09:08:33  INFO  Surrogate: Logistic Regression (Linear Probe)
2026-05-22 09:08:33  INFO  ======================================================================
2026-05-22 09:08:33  INFO  Config:          configs/resnet18_cifar10_constantlr.yaml
2026-05-22 09:08:33  INFO  Epoch:           285
2026-05-22 09:08:33  INFO  C:               1.0
2026-05-22 09:08:33  INFO  max_iter:        1000
2026-05-22 09:08:33  INFO  Loading train features...
2026-05-22 09:08:33  INFO    Train: features=(50000, 512)  labels=(50000,)
2026-05-22 09:08:33  INFO  Loading test features...
2026-05-22 09:08:33  INFO    Test:  features=(10000, 512)  labels=(10000,)
2026-05-22 09:08:33  INFO  Normalizing features (StandardScaler fit on train)...
2026-05-22 09:08:33  INFO  Reference (full network) test_acc at epoch 285: 0.9220
2026-05-22 09:08:33  INFO  Training logistic regression...
2026-05-22 09:08:34  INFO    Solver converged in 77 iterations.
2026-05-22 09:08:34  INFO  ----------------------------------------------------------------------
2026-05-22 09:08:34  INFO  Surrogate train accuracy:        0.9967
2026-05-22 09:08:34  INFO  Surrogate test accuracy:         0.9272
2026-05-22 09:08:34  INFO  Full network test accuracy:      0.9220
2026-05-22 09:08:34  INFO  Accuracy gap (network - surrogate): -0.0052  (surrogate matches or exceeds)
2026-05-22 09:08:34  INFO  Saved results to: /local/data/gme101/results_constantlr/seed_42/surrogate_linear_epoch_0285.csv
2026-05-22 09:08:34  INFO  ======================================================================
2026-05-22 09:08:36  INFO  ======================================================================
2026-05-22 09:08:36  INFO  Surrogate: LightGBM
2026-05-22 09:08:36  INFO  ======================================================================
2026-05-22 09:08:36  INFO  Config:          configs/resnet18_cifar10_constantlr.yaml
2026-05-22 09:08:36  INFO  Epoch:           285
2026-05-22 09:08:36  INFO  LightGBM:        n_estimators=200  num_leaves=31  lr=0.1
2026-05-22 09:08:36  INFO  Loading train features...
2026-05-22 09:08:36  INFO    Train: features=(50000, 512)  labels=(50000,)
2026-05-22 09:08:36  INFO  Loading test features...
2026-05-22 09:08:36  INFO    Test:  features=(10000, 512)  labels=(10000,)
2026-05-22 09:08:36  INFO  Reference (full network) test_acc at epoch 285: 0.9220
2026-05-22 09:08:36  INFO  Training LightGBM...
2026-05-22 09:08:36  INFO    Fitting LightGBM: n_estimators=200, num_leaves=31, lr=0.1
2026-05-22 09:08:55  INFO  ----------------------------------------------------------------------
2026-05-22 09:08:55  INFO  Surrogate train accuracy:           1.0000
2026-05-22 09:08:55  INFO  Surrogate test accuracy:            0.9251
2026-05-22 09:08:55  INFO  Full network test accuracy:         0.9220
2026-05-22 09:08:55  INFO  Accuracy gap (network - surrogate): -0.0031  (surrogate matches or exceeds)
2026-05-22 09:08:55  INFO  Saved results to: /local/data/gme101/results_constantlr/seed_42/surrogate_lightgbm_epoch_0285.csv
2026-05-22 09:08:55  INFO  ======================================================================
2026-05-22 09:08:56  INFO  ======================================================================
2026-05-22 09:08:56  INFO  Surrogate: Random Forest
2026-05-22 09:08:56  INFO  ======================================================================
2026-05-22 09:08:56  INFO  Config:          configs/resnet18_cifar10_constantlr.yaml
2026-05-22 09:08:56  INFO  Epoch:           285
2026-05-22 09:08:56  INFO  RandomForest:    n_estimators=200  max_features=sqrt  n_jobs=-1
2026-05-22 09:08:56  INFO  Loading train features...
2026-05-22 09:08:56  INFO    Train: features=(50000, 512)  labels=(50000,)
2026-05-22 09:08:56  INFO  Loading test features...
2026-05-22 09:08:56  INFO    Test:  features=(10000, 512)  labels=(10000,)
2026-05-22 09:08:56  INFO  Reference (full network) test_acc at epoch 285: 0.9220
2026-05-22 09:08:56  INFO  Training Random Forest...
2026-05-22 09:08:56  INFO    Fitting RandomForest: n_estimators=200, max_features=sqrt, n_jobs=-1
2026-05-22 09:08:59  INFO  ----------------------------------------------------------------------
2026-05-22 09:08:59  INFO  Surrogate train accuracy:           1.0000
2026-05-22 09:08:59  INFO  Surrogate test accuracy:            0.9264
2026-05-22 09:08:59  INFO  Full network test accuracy:         0.9220
2026-05-22 09:08:59  INFO  Accuracy gap (network - surrogate): -0.0044  (surrogate matches or exceeds)
2026-05-22 09:08:59  INFO  Saved results to: /local/data/gme101/results_constantlr/seed_42/surrogate_rf_epoch_0285.csv
2026-05-22 09:08:59  INFO  ======================================================================
