2026-05-22 07:19:48  INFO  ======================================================================
2026-05-22 07:19:48  INFO  Representation Stabilization — Training Run
2026-05-22 07:19:48  INFO  ======================================================================
2026-05-22 07:19:48  INFO  Config: configs/resnet18_cifar10_constantlr.yaml
2026-05-22 07:19:48  INFO  Config contents:
K: 5
batch_size: 128
checkpoint_freq: 5
cka:
  n_samples: 2048
dataset: cifar10
drs:
  compute_freq: 10
  n_planes: 500
  n_points_per_plane: 2500
  probe_epochs: 10
  probe_lr: 0.0001
epochs: 300
extraction:
  layer: penultimate
  n_samples: 2048
lr: 0.01
lr_scheduler: constant
lr_warmup_epochs: 0
model: resnet18
momentum: 0.9
optimizer: sgd
paths:
  activations: /local/data/gme101/activations_constantlr/seed_42
  checkpoints: /local/data/gme101/checkpoints_constantlr/seed_42
  results: /local/data/gme101/results_constantlr/seed_42
seed: 42
surrogates:
  lightgbm:
    learning_rate: 0.1
    n_estimators: 200
    n_jobs: -1
    num_leaves: 31
  linear:
    C: 1.0
    max_iter: 1000
  random_forest:
    max_features: sqrt
    n_estimators: 200
    n_jobs: -1
tau: 0.02
weight_decay: 0.0005

2026-05-22 07:19:48  INFO  Device: cuda
2026-05-22 07:19:48  INFO  GPU: NVIDIA L4
2026-05-22 07:19:48  INFO  CUDA version: 12.1
2026-05-22 07:19:48  INFO  VRAM: 23.7 GB
2026-05-22 07:19:48  INFO  PyTorch version: 2.5.1+cu121
2026-05-22 07:19:48  INFO  Seed: 42
2026-05-22 07:19:48  INFO  Building data loaders...
2026-05-22 07:19:50  INFO  Train batches: 391
2026-05-22 07:19:50  INFO  Test batches:  79
2026-05-22 07:19:50  INFO  Extraction samples: 2048
2026-05-22 07:19:50  INFO  Building ResNet-18 (CIFAR-10 stem)...
2026-05-22 07:19:50  INFO  Trainable parameters: 11,173,962
2026-05-22 07:19:50  INFO  Optimizer: SGD  lr=0.01  momentum=0.9  wd=0.0005
2026-05-22 07:19:50  INFO  Scheduler: constant
2026-05-22 07:19:50  INFO  Starting training: epochs 1 to 300
2026-05-22 07:19:50  INFO  ----------------------------------------------------------------------
2026-05-22 07:20:08  INFO  Epoch    1/300  train_loss=1.5392  train_acc=0.4288  test_loss=1.2576  test_acc=0.5468  lr=0.010000  time=17.8s
2026-05-22 07:20:25  INFO  Epoch    2/300  train_loss=1.0864  train_acc=0.6128  test_loss=0.9518  test_acc=0.6600  lr=0.010000  time=17.6s
2026-05-22 07:20:43  INFO  Epoch    3/300  train_loss=0.8439  train_acc=0.7020  test_loss=0.9779  test_acc=0.6818  lr=0.010000  time=17.7s
2026-05-22 07:21:01  INFO  Epoch    4/300  train_loss=0.7088  train_acc=0.7512  test_loss=0.7049  test_acc=0.7540  lr=0.010000  time=17.8s
2026-05-22 07:21:18  INFO  Epoch    5/300  train_loss=0.6126  train_acc=0.7868  test_loss=0.7167  test_acc=0.7715  lr=0.010000  time=17.8s
2026-05-22 07:21:19  INFO    [checkpoint] Saved: /local/data/gme101/checkpoints_constantlr/seed_42/checkpoint_epoch_0005.pt
2026-05-22 07:21:19  INFO    [activations] shape=(2040, 512)  saved: /local/data/gme101/activations_constantlr/seed_42/activations_epoch_0005.npy
2026-05-22 07:21:37  INFO  Epoch    6/300  train_loss=0.5439  train_acc=0.8101  test_loss=0.6008  test_acc=0.7980  lr=0.010000  time=17.8s
2026-05-22 07:21:54  INFO  Epoch    7/300  train_loss=0.4994  train_acc=0.8264  test_loss=0.5204  test_acc=0.8219  lr=0.010000  time=17.8s
2026-05-22 07:22:12  INFO  Epoch    8/300  train_loss=0.4540  train_acc=0.8417  test_loss=0.5307  test_acc=0.8206  lr=0.010000  time=17.9s
2026-05-22 07:22:30  INFO  Epoch    9/300  train_loss=0.4156  train_acc=0.8558  test_loss=0.4990  test_acc=0.8387  lr=0.010000  time=17.9s
2026-05-22 07:22:48  INFO  Epoch   10/300  train_loss=0.3895  train_acc=0.8654  test_loss=0.6261  test_acc=0.8001  lr=0.010000  time=17.9s
2026-05-22 07:22:48  INFO    [checkpoint] Saved: /local/data/gme101/checkpoints_constantlr/seed_42/checkpoint_epoch_0010.pt
2026-05-22 07:22:48  INFO    [activations] shape=(2040, 512)  saved: /local/data/gme101/activations_constantlr/seed_42/activations_epoch_0010.npy
2026-05-22 07:23:06  INFO  Epoch   11/300  train_loss=0.3667  train_acc=0.8727  test_loss=0.5818  test_acc=0.8187  lr=0.010000  time=17.9s
2026-05-22 07:23:24  INFO  Epoch   12/300  train_loss=0.3405  train_acc=0.8818  test_loss=0.5506  test_acc=0.8301  lr=0.010000  time=18.0s
2026-05-22 07:23:42  INFO  Epoch   13/300  train_loss=0.3198  train_acc=0.8877  test_loss=0.4486  test_acc=0.8538  lr=0.010000  time=18.0s
2026-05-22 07:24:00  INFO  Epoch   14/300  train_loss=0.3019  train_acc=0.8955  test_loss=0.4923  test_acc=0.8416  lr=0.010000  time=18.0s
2026-05-22 07:24:18  INFO  Epoch   15/300  train_loss=0.2825  train_acc=0.9020  test_loss=0.4561  test_acc=0.8552  lr=0.010000  time=18.0s
2026-05-22 07:24:18  INFO    [checkpoint] Saved: /local/data/gme101/checkpoints_constantlr/seed_42/checkpoint_epoch_0015.pt
2026-05-22 07:24:19  INFO    [activations] shape=(2040, 512)  saved: /local/data/gme101/activations_constantlr/seed_42/activations_epoch_0015.npy
2026-05-22 07:24:37  INFO  Epoch   16/300  train_loss=0.2687  train_acc=0.9066  test_loss=0.4070  test_acc=0.8695  lr=0.010000  time=18.0s
2026-05-22 07:24:55  INFO  Epoch   17/300  train_loss=0.2569  train_acc=0.9094  test_loss=0.4722  test_acc=0.8501  lr=0.010000  time=18.0s
2026-05-22 07:25:13  INFO  Epoch   18/300  train_loss=0.2432  train_acc=0.9141  test_loss=0.4711  test_acc=0.8546  lr=0.010000  time=18.0s
2026-05-22 07:25:31  INFO  Epoch   19/300  train_loss=0.2305  train_acc=0.9181  test_loss=0.4438  test_acc=0.8608  lr=0.010000  time=18.0s
2026-05-22 07:25:49  INFO  Epoch   20/300  train_loss=0.2163  train_acc=0.9242  test_loss=0.4485  test_acc=0.8633  lr=0.010000  time=18.0s
2026-05-22 07:25:49  INFO    [checkpoint] Saved: /local/data/gme101/checkpoints_constantlr/seed_42/checkpoint_epoch_0020.pt
2026-05-22 07:25:49  INFO    [activations] shape=(2040, 512)  saved: /local/data/gme101/activations_constantlr/seed_42/activations_epoch_0020.npy
2026-05-22 07:26:07  INFO  Epoch   21/300  train_loss=0.2076  train_acc=0.9282  test_loss=0.4715  test_acc=0.8615  lr=0.010000  time=18.0s
2026-05-22 07:26:25  INFO  Epoch   22/300  train_loss=0.2010  train_acc=0.9300  test_loss=0.4826  test_acc=0.8529  lr=0.010000  time=18.1s
2026-05-22 07:26:43  INFO  Epoch   23/300  train_loss=0.1866  train_acc=0.9339  test_loss=0.5310  test_acc=0.8428  lr=0.010000  time=18.0s
2026-05-22 07:27:01  INFO  Epoch   24/300  train_loss=0.1758  train_acc=0.9380  test_loss=0.4187  test_acc=0.8738  lr=0.010000  time=18.1s
2026-05-22 07:27:19  INFO  Epoch   25/300  train_loss=0.1685  train_acc=0.9399  test_loss=0.4554  test_acc=0.8603  lr=0.010000  time=18.0s
2026-05-22 07:27:19  INFO    [checkpoint] Saved: /local/data/gme101/checkpoints_constantlr/seed_42/checkpoint_epoch_0025.pt
2026-05-22 07:27:20  INFO    [activations] shape=(2040, 512)  saved: /local/data/gme101/activations_constantlr/seed_42/activations_epoch_0025.npy
2026-05-22 07:27:38  INFO  Epoch   26/300  train_loss=0.1659  train_acc=0.9411  test_loss=0.4107  test_acc=0.8823  lr=0.010000  time=18.1s
2026-05-22 07:27:56  INFO  Epoch   27/300  train_loss=0.1606  train_acc=0.9429  test_loss=0.4363  test_acc=0.8704  lr=0.010000  time=18.1s
2026-05-22 07:28:14  INFO  Epoch   28/300  train_loss=0.1490  train_acc=0.9487  test_loss=0.3908  test_acc=0.8807  lr=0.010000  time=18.1s
2026-05-22 07:28:32  INFO  Epoch   29/300  train_loss=0.1472  train_acc=0.9491  test_loss=0.3915  test_acc=0.8833  lr=0.010000  time=18.1s
2026-05-22 07:28:50  INFO  Epoch   30/300  train_loss=0.1394  train_acc=0.9505  test_loss=0.3771  test_acc=0.8906  lr=0.010000  time=18.1s
2026-05-22 07:28:50  INFO    [checkpoint] Saved: /local/data/gme101/checkpoints_constantlr/seed_42/checkpoint_epoch_0030.pt
2026-05-22 07:28:50  INFO    [activations] shape=(2040, 512)  saved: /local/data/gme101/activations_constantlr/seed_42/activations_epoch_0030.npy
2026-05-22 07:29:08  INFO  Epoch   31/300  train_loss=0.1382  train_acc=0.9514  test_loss=0.3789  test_acc=0.8827  lr=0.010000  time=18.1s
2026-05-22 07:29:26  INFO  Epoch   32/300  train_loss=0.1279  train_acc=0.9540  test_loss=0.4666  test_acc=0.8727  lr=0.010000  time=18.1s
2026-05-22 07:29:44  INFO  Epoch   33/300  train_loss=0.1257  train_acc=0.9565  test_loss=0.3877  test_acc=0.8895  lr=0.010000  time=18.1s
2026-05-22 07:30:02  INFO  Epoch   34/300  train_loss=0.1162  train_acc=0.9592  test_loss=0.3734  test_acc=0.8879  lr=0.010000  time=18.1s
2026-05-22 07:30:21  INFO  Epoch   35/300  train_loss=0.1127  train_acc=0.9599  test_loss=0.3577  test_acc=0.8911  lr=0.010000  time=18.1s
2026-05-22 07:30:21  INFO    [checkpoint] Saved: /local/data/gme101/checkpoints_constantlr/seed_42/checkpoint_epoch_0035.pt
2026-05-22 07:30:21  INFO    [activations] shape=(2040, 512)  saved: /local/data/gme101/activations_constantlr/seed_42/activations_epoch_0035.npy
2026-05-22 07:30:39  INFO  Epoch   36/300  train_loss=0.1183  train_acc=0.9578  test_loss=0.3587  test_acc=0.8983  lr=0.010000  time=18.1s
2026-05-22 07:30:57  INFO  Epoch   37/300  train_loss=0.1087  train_acc=0.9614  test_loss=0.4163  test_acc=0.8848  lr=0.010000  time=18.1s
2026-05-22 07:31:15  INFO  Epoch   38/300  train_loss=0.0993  train_acc=0.9655  test_loss=0.3715  test_acc=0.8950  lr=0.010000  time=18.1s
2026-05-22 07:31:33  INFO  Epoch   39/300  train_loss=0.1058  train_acc=0.9630  test_loss=0.4051  test_acc=0.8817  lr=0.010000  time=18.1s
2026-05-22 07:31:51  INFO  Epoch   40/300  train_loss=0.1047  train_acc=0.9629  test_loss=0.3926  test_acc=0.8906  lr=0.010000  time=18.1s
2026-05-22 07:31:51  INFO    [checkpoint] Saved: /local/data/gme101/checkpoints_constantlr/seed_42/checkpoint_epoch_0040.pt
2026-05-22 07:31:51  INFO    [activations] shape=(2040, 512)  saved: /local/data/gme101/activations_constantlr/seed_42/activations_epoch_0040.npy
2026-05-22 07:32:10  INFO  Epoch   41/300  train_loss=0.0926  train_acc=0.9677  test_loss=0.3665  test_acc=0.8960  lr=0.010000  time=18.1s
2026-05-22 07:32:28  INFO  Epoch   42/300  train_loss=0.0916  train_acc=0.9680  test_loss=0.3826  test_acc=0.8952  lr=0.010000  time=18.1s
2026-05-22 07:32:46  INFO  Epoch   43/300  train_loss=0.0905  train_acc=0.9678  test_loss=0.4137  test_acc=0.8873  lr=0.010000  time=18.1s
2026-05-22 07:33:04  INFO  Epoch   44/300  train_loss=0.0896  train_acc=0.9693  test_loss=0.3621  test_acc=0.9001  lr=0.010000  time=18.1s
2026-05-22 07:33:22  INFO  Epoch   45/300  train_loss=0.0839  train_acc=0.9710  test_loss=0.3547  test_acc=0.9053  lr=0.010000  time=18.0s
2026-05-22 07:33:22  INFO    [checkpoint] Saved: /local/data/gme101/checkpoints_constantlr/seed_42/checkpoint_epoch_0045.pt
2026-05-22 07:33:22  INFO    [activations] shape=(2040, 512)  saved: /local/data/gme101/activations_constantlr/seed_42/activations_epoch_0045.npy
2026-05-22 07:33:40  INFO  Epoch   46/300  train_loss=0.0879  train_acc=0.9695  test_loss=0.3699  test_acc=0.8984  lr=0.010000  time=18.1s
2026-05-22 07:33:58  INFO  Epoch   47/300  train_loss=0.0808  train_acc=0.9729  test_loss=0.3678  test_acc=0.8994  lr=0.010000  time=18.1s
2026-05-22 07:34:16  INFO  Epoch   48/300  train_loss=0.0804  train_acc=0.9718  test_loss=0.3576  test_acc=0.9019  lr=0.010000  time=18.0s
2026-05-22 07:34:34  INFO  Epoch   49/300  train_loss=0.0801  train_acc=0.9728  test_loss=0.3716  test_acc=0.8988  lr=0.010000  time=18.0s
2026-05-22 07:34:52  INFO  Epoch   50/300  train_loss=0.0811  train_acc=0.9724  test_loss=0.4223  test_acc=0.8864  lr=0.010000  time=18.1s
2026-05-22 07:34:52  INFO    [checkpoint] Saved: /local/data/gme101/checkpoints_constantlr/seed_42/checkpoint_epoch_0050.pt
2026-05-22 07:34:53  INFO    [activations] shape=(2040, 512)  saved: /local/data/gme101/activations_constantlr/seed_42/activations_epoch_0050.npy
2026-05-22 07:35:11  INFO  Epoch   51/300  train_loss=0.0759  train_acc=0.9748  test_loss=0.3254  test_acc=0.9125  lr=0.010000  time=18.0s
2026-05-22 07:35:29  INFO  Epoch   52/300  train_loss=0.0697  train_acc=0.9763  test_loss=0.4189  test_acc=0.8907  lr=0.010000  time=18.0s
2026-05-22 07:35:47  INFO  Epoch   53/300  train_loss=0.0774  train_acc=0.9729  test_loss=0.3693  test_acc=0.8982  lr=0.010000  time=18.1s
2026-05-22 07:36:05  INFO  Epoch   54/300  train_loss=0.0721  train_acc=0.9750  test_loss=0.3623  test_acc=0.8988  lr=0.010000  time=18.1s
2026-05-22 07:36:23  INFO  Epoch   55/300  train_loss=0.0658  train_acc=0.9771  test_loss=0.3596  test_acc=0.9029  lr=0.010000  time=18.1s
2026-05-22 07:36:23  INFO    [checkpoint] Saved: /local/data/gme101/checkpoints_constantlr/seed_42/checkpoint_epoch_0055.pt
2026-05-22 07:36:23  INFO    [activations] shape=(2040, 512)  saved: /local/data/gme101/activations_constantlr/seed_42/activations_epoch_0055.npy
2026-05-22 07:36:41  INFO  Epoch   56/300  train_loss=0.0719  train_acc=0.9744  test_loss=0.3763  test_acc=0.9005  lr=0.010000  time=18.1s
2026-05-22 07:36:59  INFO  Epoch   57/300  train_loss=0.0750  train_acc=0.9737  test_loss=0.4125  test_acc=0.8893  lr=0.010000  time=18.0s
2026-05-22 07:37:17  INFO  Epoch   58/300  train_loss=0.0733  train_acc=0.9748  test_loss=0.3358  test_acc=0.9058  lr=0.010000  time=18.0s
2026-05-22 07:37:35  INFO  Epoch   59/300  train_loss=0.0585  train_acc=0.9800  test_loss=0.3279  test_acc=0.9104  lr=0.010000  time=18.0s
2026-05-22 07:37:54  INFO  Epoch   60/300  train_loss=0.0689  train_acc=0.9766  test_loss=0.3630  test_acc=0.9069  lr=0.010000  time=18.1s
2026-05-22 07:37:54  INFO    [checkpoint] Saved: /local/data/gme101/checkpoints_constantlr/seed_42/checkpoint_epoch_0060.pt
2026-05-22 07:37:54  INFO    [activations] shape=(2040, 512)  saved: /local/data/gme101/activations_constantlr/seed_42/activations_epoch_0060.npy
2026-05-22 07:38:12  INFO  Epoch   61/300  train_loss=0.0683  train_acc=0.9769  test_loss=0.3682  test_acc=0.8981  lr=0.010000  time=18.0s
2026-05-22 07:38:30  INFO  Epoch   62/300  train_loss=0.0636  train_acc=0.9785  test_loss=0.3537  test_acc=0.9071  lr=0.010000  time=18.0s
2026-05-22 07:38:48  INFO  Epoch   63/300  train_loss=0.0580  train_acc=0.9809  test_loss=0.3161  test_acc=0.9137  lr=0.010000  time=18.1s
2026-05-22 07:39:06  INFO  Epoch   64/300  train_loss=0.0652  train_acc=0.9775  test_loss=0.4407  test_acc=0.8837  lr=0.010000  time=18.0s
2026-05-22 07:39:24  INFO  Epoch   65/300  train_loss=0.0648  train_acc=0.9779  test_loss=0.3605  test_acc=0.8993  lr=0.010000  time=18.0s
2026-05-22 07:39:24  INFO    [checkpoint] Saved: /local/data/gme101/checkpoints_constantlr/seed_42/checkpoint_epoch_0065.pt
2026-05-22 07:39:24  INFO    [activations] shape=(2040, 512)  saved: /local/data/gme101/activations_constantlr/seed_42/activations_epoch_0065.npy
2026-05-22 07:39:42  INFO  Epoch   66/300  train_loss=0.0676  train_acc=0.9760  test_loss=0.3740  test_acc=0.9031  lr=0.010000  time=18.0s
2026-05-22 07:40:00  INFO  Epoch   67/300  train_loss=0.0610  train_acc=0.9793  test_loss=0.3461  test_acc=0.9067  lr=0.010000  time=18.0s
2026-05-22 07:40:18  INFO  Epoch   68/300  train_loss=0.0657  train_acc=0.9771  test_loss=0.3894  test_acc=0.8990  lr=0.010000  time=18.0s
2026-05-22 07:40:36  INFO  Epoch   69/300  train_loss=0.0667  train_acc=0.9770  test_loss=0.3664  test_acc=0.8990  lr=0.010000  time=18.0s
2026-05-22 07:40:54  INFO  Epoch   70/300  train_loss=0.0656  train_acc=0.9776  test_loss=0.3527  test_acc=0.9021  lr=0.010000  time=18.0s
2026-05-22 07:40:54  INFO    [checkpoint] Saved: /local/data/gme101/checkpoints_constantlr/seed_42/checkpoint_epoch_0070.pt
2026-05-22 07:40:55  INFO    [activations] shape=(2040, 512)  saved: /local/data/gme101/activations_constantlr/seed_42/activations_epoch_0070.npy
2026-05-22 07:41:13  INFO  Epoch   71/300  train_loss=0.0624  train_acc=0.9786  test_loss=0.3325  test_acc=0.9113  lr=0.010000  time=18.0s
2026-05-22 07:41:31  INFO  Epoch   72/300  train_loss=0.0578  train_acc=0.9804  test_loss=0.3922  test_acc=0.8969  lr=0.010000  time=18.0s
2026-05-22 07:41:49  INFO  Epoch   73/300  train_loss=0.0629  train_acc=0.9782  test_loss=0.3620  test_acc=0.9004  lr=0.010000  time=18.0s
2026-05-22 07:42:07  INFO  Epoch   74/300  train_loss=0.0644  train_acc=0.9782  test_loss=0.3173  test_acc=0.9140  lr=0.010000  time=18.0s
2026-05-22 07:42:25  INFO  Epoch   75/300  train_loss=0.0635  train_acc=0.9779  test_loss=0.3336  test_acc=0.9046  lr=0.010000  time=18.0s
2026-05-22 07:42:25  INFO    [checkpoint] Saved: /local/data/gme101/checkpoints_constantlr/seed_42/checkpoint_epoch_0075.pt
2026-05-22 07:42:25  INFO    [activations] shape=(2040, 512)  saved: /local/data/gme101/activations_constantlr/seed_42/activations_epoch_0075.npy
2026-05-22 07:42:43  INFO  Epoch   76/300  train_loss=0.0571  train_acc=0.9804  test_loss=0.3508  test_acc=0.9042  lr=0.010000  time=18.0s
2026-05-22 07:43:01  INFO  Epoch   77/300  train_loss=0.0604  train_acc=0.9799  test_loss=0.3491  test_acc=0.9027  lr=0.010000  time=18.0s
2026-05-22 07:43:19  INFO  Epoch   78/300  train_loss=0.0617  train_acc=0.9788  test_loss=0.3604  test_acc=0.9063  lr=0.010000  time=18.0s
2026-05-22 07:43:37  INFO  Epoch   79/300  train_loss=0.0650  train_acc=0.9777  test_loss=0.3360  test_acc=0.9063  lr=0.010000  time=18.0s
2026-05-22 07:43:55  INFO  Epoch   80/300  train_loss=0.0536  train_acc=0.9827  test_loss=0.3852  test_acc=0.9020  lr=0.010000  time=18.0s
2026-05-22 07:43:55  INFO    [checkpoint] Saved: /local/data/gme101/checkpoints_constantlr/seed_42/checkpoint_epoch_0080.pt
2026-05-22 07:43:56  INFO    [activations] shape=(2040, 512)  saved: /local/data/gme101/activations_constantlr/seed_42/activations_epoch_0080.npy
2026-05-22 07:44:14  INFO  Epoch   81/300  train_loss=0.0621  train_acc=0.9786  test_loss=0.4071  test_acc=0.8947  lr=0.010000  time=18.0s
2026-05-22 07:44:32  INFO  Epoch   82/300  train_loss=0.0613  train_acc=0.9794  test_loss=0.3673  test_acc=0.9034  lr=0.010000  time=18.0s
2026-05-22 07:44:50  INFO  Epoch   83/300  train_loss=0.0583  train_acc=0.9807  test_loss=0.3462  test_acc=0.9040  lr=0.010000  time=18.0s
2026-05-22 07:45:08  INFO  Epoch   84/300  train_loss=0.0583  train_acc=0.9808  test_loss=0.3422  test_acc=0.9112  lr=0.010000  time=18.0s
2026-05-22 07:45:26  INFO  Epoch   85/300  train_loss=0.0592  train_acc=0.9799  test_loss=0.3532  test_acc=0.9011  lr=0.010000  time=18.1s
2026-05-22 07:45:26  INFO    [checkpoint] Saved: /local/data/gme101/checkpoints_constantlr/seed_42/checkpoint_epoch_0085.pt
2026-05-22 07:45:26  INFO    [activations] shape=(2040, 512)  saved: /local/data/gme101/activations_constantlr/seed_42/activations_epoch_0085.npy
2026-05-22 07:45:44  INFO  Epoch   86/300  train_loss=0.0662  train_acc=0.9776  test_loss=0.3454  test_acc=0.9042  lr=0.010000  time=18.0s
2026-05-22 07:46:02  INFO  Epoch   87/300  train_loss=0.0582  train_acc=0.9795  test_loss=0.3575  test_acc=0.9032  lr=0.010000  time=18.0s
2026-05-22 07:46:20  INFO  Epoch   88/300  train_loss=0.0573  train_acc=0.9809  test_loss=0.3163  test_acc=0.9117  lr=0.010000  time=18.0s
2026-05-22 07:46:38  INFO  Epoch   89/300  train_loss=0.0586  train_acc=0.9802  test_loss=0.3319  test_acc=0.9110  lr=0.010000  time=18.0s
2026-05-22 07:46:56  INFO  Epoch   90/300  train_loss=0.0556  train_acc=0.9809  test_loss=0.3538  test_acc=0.9029  lr=0.010000  time=18.0s
2026-05-22 07:46:56  INFO    [checkpoint] Saved: /local/data/gme101/checkpoints_constantlr/seed_42/checkpoint_epoch_0090.pt
2026-05-22 07:46:56  INFO    [activations] shape=(2040, 512)  saved: /local/data/gme101/activations_constantlr/seed_42/activations_epoch_0090.npy
2026-05-22 07:47:14  INFO  Epoch   91/300  train_loss=0.0594  train_acc=0.9804  test_loss=0.3514  test_acc=0.9041  lr=0.010000  time=18.0s
2026-05-22 07:47:32  INFO  Epoch   92/300  train_loss=0.0558  train_acc=0.9818  test_loss=0.3685  test_acc=0.9013  lr=0.010000  time=18.0s
2026-05-22 07:47:50  INFO  Epoch   93/300  train_loss=0.0592  train_acc=0.9793  test_loss=0.3768  test_acc=0.8993  lr=0.010000  time=18.0s
2026-05-22 07:48:08  INFO  Epoch   94/300  train_loss=0.0617  train_acc=0.9789  test_loss=0.3673  test_acc=0.8993  lr=0.010000  time=18.0s
2026-05-22 07:48:26  INFO  Epoch   95/300  train_loss=0.0641  train_acc=0.9790  test_loss=0.4737  test_acc=0.8798  lr=0.010000  time=18.0s
2026-05-22 07:48:26  INFO    [checkpoint] Saved: /local/data/gme101/checkpoints_constantlr/seed_42/checkpoint_epoch_0095.pt
2026-05-22 07:48:27  INFO    [activations] shape=(2040, 512)  saved: /local/data/gme101/activations_constantlr/seed_42/activations_epoch_0095.npy
2026-05-22 07:48:45  INFO  Epoch   96/300  train_loss=0.0587  train_acc=0.9802  test_loss=0.3129  test_acc=0.9121  lr=0.010000  time=18.0s
2026-05-22 07:49:03  INFO  Epoch   97/300  train_loss=0.0607  train_acc=0.9796  test_loss=0.3395  test_acc=0.9086  lr=0.010000  time=18.0s
2026-05-22 07:49:21  INFO  Epoch   98/300  train_loss=0.0564  train_acc=0.9813  test_loss=0.3340  test_acc=0.9095  lr=0.010000  time=18.0s
2026-05-22 07:49:39  INFO  Epoch   99/300  train_loss=0.0568  train_acc=0.9809  test_loss=0.3263  test_acc=0.9113  lr=0.010000  time=18.0s
2026-05-22 07:49:57  INFO  Epoch  100/300  train_loss=0.0545  train_acc=0.9819  test_loss=0.3552  test_acc=0.9028  lr=0.010000  time=18.0s
2026-05-22 07:49:57  INFO    [checkpoint] Saved: /local/data/gme101/checkpoints_constantlr/seed_42/checkpoint_epoch_0100.pt
2026-05-22 07:49:57  INFO    [activations] shape=(2040, 512)  saved: /local/data/gme101/activations_constantlr/seed_42/activations_epoch_0100.npy
2026-05-22 07:50:15  INFO  Epoch  101/300  train_loss=0.0586  train_acc=0.9811  test_loss=0.3635  test_acc=0.9001  lr=0.010000  time=18.0s
2026-05-22 07:50:33  INFO  Epoch  102/300  train_loss=0.0596  train_acc=0.9799  test_loss=0.3650  test_acc=0.8976  lr=0.010000  time=18.0s
2026-05-22 07:50:51  INFO  Epoch  103/300  train_loss=0.0614  train_acc=0.9794  test_loss=0.3858  test_acc=0.8959  lr=0.010000  time=18.0s
2026-05-22 07:51:09  INFO  Epoch  104/300  train_loss=0.0607  train_acc=0.9800  test_loss=0.3237  test_acc=0.9120  lr=0.010000  time=18.0s
2026-05-22 07:51:27  INFO  Epoch  105/300  train_loss=0.0579  train_acc=0.9804  test_loss=0.3147  test_acc=0.9112  lr=0.010000  time=18.0s
2026-05-22 07:51:27  INFO    [checkpoint] Saved: /local/data/gme101/checkpoints_constantlr/seed_42/checkpoint_epoch_0105.pt
2026-05-22 07:51:28  INFO    [activations] shape=(2040, 512)  saved: /local/data/gme101/activations_constantlr/seed_42/activations_epoch_0105.npy
2026-05-22 07:51:46  INFO  Epoch  106/300  train_loss=0.0545  train_acc=0.9816  test_loss=0.3075  test_acc=0.9135  lr=0.010000  time=18.0s
2026-05-22 07:52:04  INFO  Epoch  107/300  train_loss=0.0562  train_acc=0.9810  test_loss=0.3182  test_acc=0.9115  lr=0.010000  time=18.0s
2026-05-22 07:52:22  INFO  Epoch  108/300  train_loss=0.0588  train_acc=0.9805  test_loss=0.3129  test_acc=0.9164  lr=0.010000  time=18.0s
2026-05-22 07:52:40  INFO  Epoch  109/300  train_loss=0.0584  train_acc=0.9805  test_loss=0.3485  test_acc=0.9048  lr=0.010000  time=18.0s
2026-05-22 07:52:58  INFO  Epoch  110/300  train_loss=0.0525  train_acc=0.9825  test_loss=0.3181  test_acc=0.9144  lr=0.010000  time=18.0s
2026-05-22 07:52:58  INFO    [checkpoint] Saved: /local/data/gme101/checkpoints_constantlr/seed_42/checkpoint_epoch_0110.pt
2026-05-22 07:52:58  INFO    [activations] shape=(2040, 512)  saved: /local/data/gme101/activations_constantlr/seed_42/activations_epoch_0110.npy
2026-05-22 07:53:16  INFO  Epoch  111/300  train_loss=0.0553  train_acc=0.9812  test_loss=0.3182  test_acc=0.9086  lr=0.010000  time=18.0s
2026-05-22 07:53:34  INFO  Epoch  112/300  train_loss=0.0585  train_acc=0.9800  test_loss=0.3019  test_acc=0.9153  lr=0.010000  time=18.0s
2026-05-22 07:53:52  INFO  Epoch  113/300  train_loss=0.0532  train_acc=0.9817  test_loss=0.3338  test_acc=0.9114  lr=0.010000  time=18.0s
2026-05-22 07:54:10  INFO  Epoch  114/300  train_loss=0.0577  train_acc=0.9803  test_loss=0.3737  test_acc=0.9004  lr=0.010000  time=18.0s
2026-05-22 07:54:28  INFO  Epoch  115/300  train_loss=0.0563  train_acc=0.9810  test_loss=0.3265  test_acc=0.9109  lr=0.010000  time=18.0s
2026-05-22 07:54:28  INFO    [checkpoint] Saved: /local/data/gme101/checkpoints_constantlr/seed_42/checkpoint_epoch_0115.pt
2026-05-22 07:54:28  INFO    [activations] shape=(2040, 512)  saved: /local/data/gme101/activations_constantlr/seed_42/activations_epoch_0115.npy
2026-05-22 07:54:46  INFO  Epoch  116/300  train_loss=0.0541  train_acc=0.9823  test_loss=0.3289  test_acc=0.9061  lr=0.010000  time=18.0s
2026-05-22 07:55:04  INFO  Epoch  117/300  train_loss=0.0589  train_acc=0.9804  test_loss=0.3243  test_acc=0.9113  lr=0.010000  time=18.0s
2026-05-22 07:55:22  INFO  Epoch  118/300  train_loss=0.0571  train_acc=0.9811  test_loss=0.3251  test_acc=0.9107  lr=0.010000  time=18.0s
2026-05-22 07:55:40  INFO  Epoch  119/300  train_loss=0.0528  train_acc=0.9828  test_loss=0.3053  test_acc=0.9157  lr=0.010000  time=18.0s
2026-05-22 07:55:58  INFO  Epoch  120/300  train_loss=0.0568  train_acc=0.9808  test_loss=0.3097  test_acc=0.9138  lr=0.010000  time=18.0s
2026-05-22 07:55:58  INFO    [checkpoint] Saved: /local/data/gme101/checkpoints_constantlr/seed_42/checkpoint_epoch_0120.pt
2026-05-22 07:55:59  INFO    [activations] shape=(2040, 512)  saved: /local/data/gme101/activations_constantlr/seed_42/activations_epoch_0120.npy
2026-05-22 07:56:17  INFO  Epoch  121/300  train_loss=0.0561  train_acc=0.9807  test_loss=0.2943  test_acc=0.9184  lr=0.010000  time=18.0s
2026-05-22 07:56:35  INFO  Epoch  122/300  train_loss=0.0527  train_acc=0.9821  test_loss=0.3469  test_acc=0.9086  lr=0.010000  time=18.0s
2026-05-22 07:56:53  INFO  Epoch  123/300  train_loss=0.0566  train_acc=0.9808  test_loss=0.3195  test_acc=0.9119  lr=0.010000  time=18.0s
2026-05-22 07:57:11  INFO  Epoch  124/300  train_loss=0.0599  train_acc=0.9801  test_loss=0.3827  test_acc=0.8992  lr=0.010000  time=18.0s
2026-05-22 07:57:29  INFO  Epoch  125/300  train_loss=0.0554  train_acc=0.9811  test_loss=0.3385  test_acc=0.9051  lr=0.010000  time=18.0s
2026-05-22 07:57:29  INFO    [checkpoint] Saved: /local/data/gme101/checkpoints_constantlr/seed_42/checkpoint_epoch_0125.pt
2026-05-22 07:57:29  INFO    [activations] shape=(2040, 512)  saved: /local/data/gme101/activations_constantlr/seed_42/activations_epoch_0125.npy
2026-05-22 07:57:47  INFO  Epoch  126/300  train_loss=0.0528  train_acc=0.9836  test_loss=0.3147  test_acc=0.9136  lr=0.010000  time=18.0s
2026-05-22 07:58:05  INFO  Epoch  127/300  train_loss=0.0563  train_acc=0.9810  test_loss=0.3550  test_acc=0.9060  lr=0.010000  time=18.0s
2026-05-22 07:58:23  INFO  Epoch  128/300  train_loss=0.0555  train_acc=0.9820  test_loss=0.3121  test_acc=0.9161  lr=0.010000  time=18.0s
2026-05-22 07:58:41  INFO  Epoch  129/300  train_loss=0.0527  train_acc=0.9819  test_loss=0.3693  test_acc=0.9027  lr=0.010000  time=18.0s
2026-05-22 07:58:59  INFO  Epoch  130/300  train_loss=0.0568  train_acc=0.9815  test_loss=0.3011  test_acc=0.9147  lr=0.010000  time=18.0s
2026-05-22 07:58:59  INFO    [checkpoint] Saved: /local/data/gme101/checkpoints_constantlr/seed_42/checkpoint_epoch_0130.pt
2026-05-22 07:58:59  INFO    [activations] shape=(2040, 512)  saved: /local/data/gme101/activations_constantlr/seed_42/activations_epoch_0130.npy
2026-05-22 07:59:17  INFO  Epoch  131/300  train_loss=0.0521  train_acc=0.9829  test_loss=0.3227  test_acc=0.9106  lr=0.010000  time=18.0s
2026-05-22 07:59:35  INFO  Epoch  132/300  train_loss=0.0562  train_acc=0.9815  test_loss=0.2973  test_acc=0.9149  lr=0.010000  time=18.0s
2026-05-22 07:59:53  INFO  Epoch  133/300  train_loss=0.0578  train_acc=0.9803  test_loss=0.3022  test_acc=0.9175  lr=0.010000  time=18.0s
2026-05-22 08:00:11  INFO  Epoch  134/300  train_loss=0.0511  train_acc=0.9831  test_loss=0.2979  test_acc=0.9159  lr=0.010000  time=18.0s
2026-05-22 08:00:29  INFO  Epoch  135/300  train_loss=0.0542  train_acc=0.9815  test_loss=0.3212  test_acc=0.9095  lr=0.010000  time=18.0s
2026-05-22 08:00:29  INFO    [checkpoint] Saved: /local/data/gme101/checkpoints_constantlr/seed_42/checkpoint_epoch_0135.pt
2026-05-22 08:00:30  INFO    [activations] shape=(2040, 512)  saved: /local/data/gme101/activations_constantlr/seed_42/activations_epoch_0135.npy
2026-05-22 08:00:48  INFO  Epoch  136/300  train_loss=0.0513  train_acc=0.9827  test_loss=0.3223  test_acc=0.9119  lr=0.010000  time=18.0s
2026-05-22 08:01:06  INFO  Epoch  137/300  train_loss=0.0511  train_acc=0.9829  test_loss=0.3161  test_acc=0.9116  lr=0.010000  time=18.0s
2026-05-22 08:01:24  INFO  Epoch  138/300  train_loss=0.0603  train_acc=0.9801  test_loss=0.3250  test_acc=0.9108  lr=0.010000  time=18.0s
2026-05-22 08:01:42  INFO  Epoch  139/300  train_loss=0.0515  train_acc=0.9831  test_loss=0.3520  test_acc=0.9071  lr=0.010000  time=18.1s
2026-05-22 08:02:00  INFO  Epoch  140/300  train_loss=0.0583  train_acc=0.9806  test_loss=0.3013  test_acc=0.9159  lr=0.010000  time=18.0s
2026-05-22 08:02:00  INFO    [checkpoint] Saved: /local/data/gme101/checkpoints_constantlr/seed_42/checkpoint_epoch_0140.pt
2026-05-22 08:02:00  INFO    [activations] shape=(2040, 512)  saved: /local/data/gme101/activations_constantlr/seed_42/activations_epoch_0140.npy
2026-05-22 08:02:18  INFO  Epoch  141/300  train_loss=0.0498  train_acc=0.9836  test_loss=0.3197  test_acc=0.9104  lr=0.010000  time=18.0s
2026-05-22 08:02:36  INFO  Epoch  142/300  train_loss=0.0532  train_acc=0.9822  test_loss=0.3216  test_acc=0.9128  lr=0.010000  time=18.0s
2026-05-22 08:02:54  INFO  Epoch  143/300  train_loss=0.0486  train_acc=0.9838  test_loss=0.3482  test_acc=0.9082  lr=0.010000  time=18.0s
2026-05-22 08:03:12  INFO  Epoch  144/300  train_loss=0.0494  train_acc=0.9831  test_loss=0.3273  test_acc=0.9124  lr=0.010000  time=18.0s
2026-05-22 08:03:30  INFO  Epoch  145/300  train_loss=0.0535  train_acc=0.9825  test_loss=0.3090  test_acc=0.9173  lr=0.010000  time=18.0s
2026-05-22 08:03:30  INFO    [checkpoint] Saved: /local/data/gme101/checkpoints_constantlr/seed_42/checkpoint_epoch_0145.pt
2026-05-22 08:03:30  INFO    [activations] shape=(2040, 512)  saved: /local/data/gme101/activations_constantlr/seed_42/activations_epoch_0145.npy
2026-05-22 08:03:48  INFO  Epoch  146/300  train_loss=0.0477  train_acc=0.9845  test_loss=0.3534  test_acc=0.9120  lr=0.010000  time=18.0s
2026-05-22 08:04:06  INFO  Epoch  147/300  train_loss=0.0552  train_acc=0.9814  test_loss=0.3027  test_acc=0.9198  lr=0.010000  time=18.0s
2026-05-22 08:04:24  INFO  Epoch  148/300  train_loss=0.0540  train_acc=0.9816  test_loss=0.3418  test_acc=0.9075  lr=0.010000  time=18.0s
2026-05-22 08:04:42  INFO  Epoch  149/300  train_loss=0.0470  train_acc=0.9851  test_loss=0.3156  test_acc=0.9166  lr=0.010000  time=18.0s
2026-05-22 08:05:00  INFO  Epoch  150/300  train_loss=0.0500  train_acc=0.9834  test_loss=0.3139  test_acc=0.9161  lr=0.010000  time=18.0s
2026-05-22 08:05:00  INFO    [checkpoint] Saved: /local/data/gme101/checkpoints_constantlr/seed_42/checkpoint_epoch_0150.pt
2026-05-22 08:05:00  INFO    [activations] shape=(2040, 512)  saved: /local/data/gme101/activations_constantlr/seed_42/activations_epoch_0150.npy
2026-05-22 08:05:18  INFO  Epoch  151/300  train_loss=0.0487  train_acc=0.9837  test_loss=0.3370  test_acc=0.9099  lr=0.010000  time=18.0s
2026-05-22 08:05:36  INFO  Epoch  152/300  train_loss=0.0560  train_acc=0.9819  test_loss=0.3220  test_acc=0.9132  lr=0.010000  time=18.0s
2026-05-22 08:05:54  INFO  Epoch  153/300  train_loss=0.0551  train_acc=0.9811  test_loss=0.3221  test_acc=0.9119  lr=0.010000  time=18.0s
2026-05-22 08:06:12  INFO  Epoch  154/300  train_loss=0.0491  train_acc=0.9838  test_loss=0.3104  test_acc=0.9162  lr=0.010000  time=18.0s
2026-05-22 08:06:30  INFO  Epoch  155/300  train_loss=0.0489  train_acc=0.9838  test_loss=0.3013  test_acc=0.9144  lr=0.010000  time=18.0s
2026-05-22 08:06:31  INFO    [checkpoint] Saved: /local/data/gme101/checkpoints_constantlr/seed_42/checkpoint_epoch_0155.pt
2026-05-22 08:06:31  INFO    [activations] shape=(2040, 512)  saved: /local/data/gme101/activations_constantlr/seed_42/activations_epoch_0155.npy
2026-05-22 08:06:49  INFO  Epoch  156/300  train_loss=0.0573  train_acc=0.9806  test_loss=0.3244  test_acc=0.9113  lr=0.010000  time=18.0s
2026-05-22 08:07:07  INFO  Epoch  157/300  train_loss=0.0482  train_acc=0.9846  test_loss=0.2907  test_acc=0.9232  lr=0.010000  time=18.0s
2026-05-22 08:07:25  INFO  Epoch  158/300  train_loss=0.0515  train_acc=0.9828  test_loss=0.3195  test_acc=0.9115  lr=0.010000  time=18.0s
2026-05-22 08:07:43  INFO  Epoch  159/300  train_loss=0.0489  train_acc=0.9837  test_loss=0.3533  test_acc=0.9038  lr=0.010000  time=18.0s
2026-05-22 08:08:01  INFO  Epoch  160/300  train_loss=0.0478  train_acc=0.9845  test_loss=0.3477  test_acc=0.9063  lr=0.010000  time=18.0s
2026-05-22 08:08:01  INFO    [checkpoint] Saved: /local/data/gme101/checkpoints_constantlr/seed_42/checkpoint_epoch_0160.pt
2026-05-22 08:08:01  INFO    [activations] shape=(2040, 512)  saved: /local/data/gme101/activations_constantlr/seed_42/activations_epoch_0160.npy
2026-05-22 08:08:19  INFO  Epoch  161/300  train_loss=0.0531  train_acc=0.9824  test_loss=0.3117  test_acc=0.9158  lr=0.010000  time=18.0s
2026-05-22 08:08:37  INFO  Epoch  162/300  train_loss=0.0489  train_acc=0.9836  test_loss=0.2969  test_acc=0.9172  lr=0.010000  time=18.0s
2026-05-22 08:08:55  INFO  Epoch  163/300  train_loss=0.0524  train_acc=0.9825  test_loss=0.3021  test_acc=0.9166  lr=0.010000  time=18.0s
2026-05-22 08:09:13  INFO  Epoch  164/300  train_loss=0.0514  train_acc=0.9835  test_loss=0.2947  test_acc=0.9152  lr=0.010000  time=18.0s
2026-05-22 08:09:31  INFO  Epoch  165/300  train_loss=0.0527  train_acc=0.9828  test_loss=0.2936  test_acc=0.9206  lr=0.010000  time=18.0s
2026-05-22 08:09:31  INFO    [checkpoint] Saved: /local/data/gme101/checkpoints_constantlr/seed_42/checkpoint_epoch_0165.pt
2026-05-22 08:09:31  INFO    [activations] shape=(2040, 512)  saved: /local/data/gme101/activations_constantlr/seed_42/activations_epoch_0165.npy
2026-05-22 08:09:49  INFO  Epoch  166/300  train_loss=0.0417  train_acc=0.9865  test_loss=0.3095  test_acc=0.9193  lr=0.010000  time=18.0s
2026-05-22 08:10:07  INFO  Epoch  167/300  train_loss=0.0512  train_acc=0.9829  test_loss=0.3074  test_acc=0.9186  lr=0.010000  time=18.0s
2026-05-22 08:10:25  INFO  Epoch  168/300  train_loss=0.0548  train_acc=0.9820  test_loss=0.3197  test_acc=0.9149  lr=0.010000  time=18.0s
2026-05-22 08:10:43  INFO  Epoch  169/300  train_loss=0.0481  train_acc=0.9846  test_loss=0.3200  test_acc=0.9107  lr=0.010000  time=18.0s
2026-05-22 08:11:01  INFO  Epoch  170/300  train_loss=0.0506  train_acc=0.9831  test_loss=0.3484  test_acc=0.9062  lr=0.010000  time=18.0s
2026-05-22 08:11:01  INFO    [checkpoint] Saved: /local/data/gme101/checkpoints_constantlr/seed_42/checkpoint_epoch_0170.pt
2026-05-22 08:11:02  INFO    [activations] shape=(2040, 512)  saved: /local/data/gme101/activations_constantlr/seed_42/activations_epoch_0170.npy
2026-05-22 08:11:20  INFO  Epoch  171/300  train_loss=0.0487  train_acc=0.9834  test_loss=0.3506  test_acc=0.9078  lr=0.010000  time=18.0s
2026-05-22 08:11:38  INFO  Epoch  172/300  train_loss=0.0508  train_acc=0.9835  test_loss=0.3234  test_acc=0.9137  lr=0.010000  time=18.0s
2026-05-22 08:11:56  INFO  Epoch  173/300  train_loss=0.0474  train_acc=0.9848  test_loss=0.3751  test_acc=0.9028  lr=0.010000  time=18.0s
2026-05-22 08:12:14  INFO  Epoch  174/300  train_loss=0.0509  train_acc=0.9834  test_loss=0.2897  test_acc=0.9233  lr=0.010000  time=18.0s
2026-05-22 08:12:32  INFO  Epoch  175/300  train_loss=0.0482  train_acc=0.9839  test_loss=0.3322  test_acc=0.9100  lr=0.010000  time=18.0s
2026-05-22 08:12:32  INFO    [checkpoint] Saved: /local/data/gme101/checkpoints_constantlr/seed_42/checkpoint_epoch_0175.pt
2026-05-22 08:12:32  INFO    [activations] shape=(2040, 512)  saved: /local/data/gme101/activations_constantlr/seed_42/activations_epoch_0175.npy
2026-05-22 08:12:50  INFO  Epoch  176/300  train_loss=0.0491  train_acc=0.9836  test_loss=0.3113  test_acc=0.9164  lr=0.010000  time=18.0s
2026-05-22 08:13:08  INFO  Epoch  177/300  train_loss=0.0507  train_acc=0.9828  test_loss=0.2868  test_acc=0.9206  lr=0.010000  time=18.0s
2026-05-22 08:13:26  INFO  Epoch  178/300  train_loss=0.0459  train_acc=0.9854  test_loss=0.3238  test_acc=0.9103  lr=0.010000  time=18.0s
2026-05-22 08:13:44  INFO  Epoch  179/300  train_loss=0.0493  train_acc=0.9836  test_loss=0.2965  test_acc=0.9229  lr=0.010000  time=18.0s
2026-05-22 08:14:02  INFO  Epoch  180/300  train_loss=0.0453  train_acc=0.9851  test_loss=0.3004  test_acc=0.9190  lr=0.010000  time=18.0s
2026-05-22 08:14:02  INFO    [checkpoint] Saved: /local/data/gme101/checkpoints_constantlr/seed_42/checkpoint_epoch_0180.pt
2026-05-22 08:14:02  INFO    [activations] shape=(2040, 512)  saved: /local/data/gme101/activations_constantlr/seed_42/activations_epoch_0180.npy
2026-05-22 08:14:20  INFO  Epoch  181/300  train_loss=0.0495  train_acc=0.9833  test_loss=0.2951  test_acc=0.9154  lr=0.010000  time=18.0s
2026-05-22 08:14:38  INFO  Epoch  182/300  train_loss=0.0496  train_acc=0.9845  test_loss=0.2984  test_acc=0.9193  lr=0.010000  time=18.0s
2026-05-22 08:14:56  INFO  Epoch  183/300  train_loss=0.0469  train_acc=0.9847  test_loss=0.3173  test_acc=0.9176  lr=0.010000  time=18.0s
2026-05-22 08:15:14  INFO  Epoch  184/300  train_loss=0.0482  train_acc=0.9846  test_loss=0.3047  test_acc=0.9208  lr=0.010000  time=18.0s
2026-05-22 08:15:32  INFO  Epoch  185/300  train_loss=0.0480  train_acc=0.9837  test_loss=0.3321  test_acc=0.9112  lr=0.010000  time=18.0s
2026-05-22 08:15:32  INFO    [checkpoint] Saved: /local/data/gme101/checkpoints_constantlr/seed_42/checkpoint_epoch_0185.pt
2026-05-22 08:15:32  INFO    [activations] shape=(2040, 512)  saved: /local/data/gme101/activations_constantlr/seed_42/activations_epoch_0185.npy
2026-05-22 08:15:50  INFO  Epoch  186/300  train_loss=0.0494  train_acc=0.9841  test_loss=0.3407  test_acc=0.9100  lr=0.010000  time=18.0s
2026-05-22 08:16:08  INFO  Epoch  187/300  train_loss=0.0463  train_acc=0.9843  test_loss=0.3134  test_acc=0.9117  lr=0.010000  time=18.0s
2026-05-22 08:16:26  INFO  Epoch  188/300  train_loss=0.0472  train_acc=0.9846  test_loss=0.3443  test_acc=0.9083  lr=0.010000  time=18.0s
2026-05-22 08:16:44  INFO  Epoch  189/300  train_loss=0.0486  train_acc=0.9842  test_loss=0.3312  test_acc=0.9109  lr=0.010000  time=18.0s
2026-05-22 08:17:02  INFO  Epoch  190/300  train_loss=0.0492  train_acc=0.9833  test_loss=0.3006  test_acc=0.9171  lr=0.010000  time=18.0s
2026-05-22 08:17:03  INFO    [checkpoint] Saved: /local/data/gme101/checkpoints_constantlr/seed_42/checkpoint_epoch_0190.pt
2026-05-22 08:17:03  INFO    [activations] shape=(2040, 512)  saved: /local/data/gme101/activations_constantlr/seed_42/activations_epoch_0190.npy
2026-05-22 08:17:21  INFO  Epoch  191/300  train_loss=0.0512  train_acc=0.9831  test_loss=0.3019  test_acc=0.9168  lr=0.010000  time=18.0s
2026-05-22 08:17:39  INFO  Epoch  192/300  train_loss=0.0418  train_acc=0.9871  test_loss=0.3156  test_acc=0.9141  lr=0.010000  time=18.0s
2026-05-22 08:17:57  INFO  Epoch  193/300  train_loss=0.0493  train_acc=0.9836  test_loss=0.2962  test_acc=0.9178  lr=0.010000  time=18.0s
2026-05-22 08:18:15  INFO  Epoch  194/300  train_loss=0.0496  train_acc=0.9834  test_loss=0.3299  test_acc=0.9098  lr=0.010000  time=18.0s
2026-05-22 08:18:33  INFO  Epoch  195/300  train_loss=0.0481  train_acc=0.9841  test_loss=0.3021  test_acc=0.9165  lr=0.010000  time=18.0s
2026-05-22 08:18:33  INFO    [checkpoint] Saved: /local/data/gme101/checkpoints_constantlr/seed_42/checkpoint_epoch_0195.pt
2026-05-22 08:18:33  INFO    [activations] shape=(2040, 512)  saved: /local/data/gme101/activations_constantlr/seed_42/activations_epoch_0195.npy
2026-05-22 08:18:51  INFO  Epoch  196/300  train_loss=0.0474  train_acc=0.9842  test_loss=0.3394  test_acc=0.9105  lr=0.010000  time=18.0s
2026-05-22 08:19:09  INFO  Epoch  197/300  train_loss=0.0474  train_acc=0.9841  test_loss=0.3053  test_acc=0.9175  lr=0.010000  time=18.0s
2026-05-22 08:19:27  INFO  Epoch  198/300  train_loss=0.0460  train_acc=0.9853  test_loss=0.2909  test_acc=0.9214  lr=0.010000  time=18.0s
2026-05-22 08:19:45  INFO  Epoch  199/300  train_loss=0.0457  train_acc=0.9849  test_loss=0.3412  test_acc=0.9125  lr=0.010000  time=18.0s
2026-05-22 08:20:03  INFO  Epoch  200/300  train_loss=0.0440  train_acc=0.9855  test_loss=0.3182  test_acc=0.9155  lr=0.010000  time=18.0s
2026-05-22 08:20:03  INFO    [checkpoint] Saved: /local/data/gme101/checkpoints_constantlr/seed_42/checkpoint_epoch_0200.pt
2026-05-22 08:20:03  INFO    [activations] shape=(2040, 512)  saved: /local/data/gme101/activations_constantlr/seed_42/activations_epoch_0200.npy
2026-05-22 08:20:21  INFO  Epoch  201/300  train_loss=0.0506  train_acc=0.9833  test_loss=0.3752  test_acc=0.9067  lr=0.010000  time=18.0s
2026-05-22 08:20:39  INFO  Epoch  202/300  train_loss=0.0491  train_acc=0.9842  test_loss=0.2975  test_acc=0.9214  lr=0.010000  time=18.0s
2026-05-22 08:20:57  INFO  Epoch  203/300  train_loss=0.0446  train_acc=0.9858  test_loss=0.3089  test_acc=0.9166  lr=0.010000  time=18.0s
2026-05-22 08:21:15  INFO  Epoch  204/300  train_loss=0.0400  train_acc=0.9874  test_loss=0.3377  test_acc=0.9112  lr=0.010000  time=18.0s
2026-05-22 08:21:33  INFO  Epoch  205/300  train_loss=0.0501  train_acc=0.9835  test_loss=0.3100  test_acc=0.9149  lr=0.010000  time=18.0s
2026-05-22 08:21:33  INFO    [checkpoint] Saved: /local/data/gme101/checkpoints_constantlr/seed_42/checkpoint_epoch_0205.pt
2026-05-22 08:21:34  INFO    [activations] shape=(2040, 512)  saved: /local/data/gme101/activations_constantlr/seed_42/activations_epoch_0205.npy
2026-05-22 08:21:52  INFO  Epoch  206/300  train_loss=0.0474  train_acc=0.9850  test_loss=0.3107  test_acc=0.9149  lr=0.010000  time=18.0s
2026-05-22 08:22:10  INFO  Epoch  207/300  train_loss=0.0488  train_acc=0.9836  test_loss=0.3344  test_acc=0.9085  lr=0.010000  time=18.0s
2026-05-22 08:22:28  INFO  Epoch  208/300  train_loss=0.0461  train_acc=0.9848  test_loss=0.3377  test_acc=0.9095  lr=0.010000  time=18.0s
2026-05-22 08:22:46  INFO  Epoch  209/300  train_loss=0.0456  train_acc=0.9855  test_loss=0.2995  test_acc=0.9199  lr=0.010000  time=18.0s
2026-05-22 08:23:04  INFO  Epoch  210/300  train_loss=0.0482  train_acc=0.9843  test_loss=0.3574  test_acc=0.9053  lr=0.010000  time=18.0s
2026-05-22 08:23:04  INFO    [checkpoint] Saved: /local/data/gme101/checkpoints_constantlr/seed_42/checkpoint_epoch_0210.pt
2026-05-22 08:23:04  INFO    [activations] shape=(2040, 512)  saved: /local/data/gme101/activations_constantlr/seed_42/activations_epoch_0210.npy
2026-05-22 08:23:22  INFO  Epoch  211/300  train_loss=0.0491  train_acc=0.9840  test_loss=0.3460  test_acc=0.9104  lr=0.010000  time=18.0s
2026-05-22 08:23:40  INFO  Epoch  212/300  train_loss=0.0519  train_acc=0.9833  test_loss=0.3287  test_acc=0.9143  lr=0.010000  time=18.0s
2026-05-22 08:23:58  INFO  Epoch  213/300  train_loss=0.0466  train_acc=0.9844  test_loss=0.3229  test_acc=0.9126  lr=0.010000  time=18.0s
2026-05-22 08:24:16  INFO  Epoch  214/300  train_loss=0.0436  train_acc=0.9860  test_loss=0.3061  test_acc=0.9206  lr=0.010000  time=18.0s
2026-05-22 08:24:34  INFO  Epoch  215/300  train_loss=0.0491  train_acc=0.9836  test_loss=0.3096  test_acc=0.9164  lr=0.010000  time=18.0s
2026-05-22 08:24:34  INFO    [checkpoint] Saved: /local/data/gme101/checkpoints_constantlr/seed_42/checkpoint_epoch_0215.pt
2026-05-22 08:24:34  INFO    [activations] shape=(2040, 512)  saved: /local/data/gme101/activations_constantlr/seed_42/activations_epoch_0215.npy
2026-05-22 08:24:52  INFO  Epoch  216/300  train_loss=0.0438  train_acc=0.9856  test_loss=0.3454  test_acc=0.9071  lr=0.010000  time=18.0s
2026-05-22 08:25:10  INFO  Epoch  217/300  train_loss=0.0431  train_acc=0.9864  test_loss=0.3292  test_acc=0.9150  lr=0.010000  time=18.0s
2026-05-22 08:25:28  INFO  Epoch  218/300  train_loss=0.0453  train_acc=0.9847  test_loss=0.3033  test_acc=0.9208  lr=0.010000  time=18.0s
2026-05-22 08:25:46  INFO  Epoch  219/300  train_loss=0.0449  train_acc=0.9845  test_loss=0.3540  test_acc=0.9057  lr=0.010000  time=18.0s
2026-05-22 08:26:04  INFO  Epoch  220/300  train_loss=0.0492  train_acc=0.9838  test_loss=0.3110  test_acc=0.9169  lr=0.010000  time=18.0s
2026-05-22 08:26:04  INFO    [checkpoint] Saved: /local/data/gme101/checkpoints_constantlr/seed_42/checkpoint_epoch_0220.pt
2026-05-22 08:26:04  INFO    [activations] shape=(2040, 512)  saved: /local/data/gme101/activations_constantlr/seed_42/activations_epoch_0220.npy
2026-05-22 08:26:22  INFO  Epoch  221/300  train_loss=0.0497  train_acc=0.9836  test_loss=0.2995  test_acc=0.9186  lr=0.010000  time=18.0s
2026-05-22 08:26:40  INFO  Epoch  222/300  train_loss=0.0479  train_acc=0.9841  test_loss=0.3432  test_acc=0.9112  lr=0.010000  time=18.0s
2026-05-22 08:26:58  INFO  Epoch  223/300  train_loss=0.0468  train_acc=0.9850  test_loss=0.2811  test_acc=0.9215  lr=0.010000  time=18.0s
2026-05-22 08:27:16  INFO  Epoch  224/300  train_loss=0.0459  train_acc=0.9851  test_loss=0.2906  test_acc=0.9220  lr=0.010000  time=18.0s
2026-05-22 08:27:34  INFO  Epoch  225/300  train_loss=0.0419  train_acc=0.9867  test_loss=0.3292  test_acc=0.9124  lr=0.010000  time=18.0s
2026-05-22 08:27:34  INFO    [checkpoint] Saved: /local/data/gme101/checkpoints_constantlr/seed_42/checkpoint_epoch_0225.pt
2026-05-22 08:27:35  INFO    [activations] shape=(2040, 512)  saved: /local/data/gme101/activations_constantlr/seed_42/activations_epoch_0225.npy
2026-05-22 08:27:53  INFO  Epoch  226/300  train_loss=0.0472  train_acc=0.9846  test_loss=0.2910  test_acc=0.9203  lr=0.010000  time=18.0s
2026-05-22 08:28:11  INFO  Epoch  227/300  train_loss=0.0480  train_acc=0.9839  test_loss=0.2916  test_acc=0.9221  lr=0.010000  time=18.0s
2026-05-22 08:28:29  INFO  Epoch  228/300  train_loss=0.0438  train_acc=0.9858  test_loss=0.3667  test_acc=0.9058  lr=0.010000  time=18.0s
2026-05-22 08:28:47  INFO  Epoch  229/300  train_loss=0.0499  train_acc=0.9833  test_loss=0.3377  test_acc=0.9080  lr=0.010000  time=18.0s
2026-05-22 08:29:05  INFO  Epoch  230/300  train_loss=0.0469  train_acc=0.9846  test_loss=0.3154  test_acc=0.9163  lr=0.010000  time=18.0s
2026-05-22 08:29:05  INFO    [checkpoint] Saved: /local/data/gme101/checkpoints_constantlr/seed_42/checkpoint_epoch_0230.pt
2026-05-22 08:29:05  INFO    [activations] shape=(2040, 512)  saved: /local/data/gme101/activations_constantlr/seed_42/activations_epoch_0230.npy
2026-05-22 08:29:23  INFO  Epoch  231/300  train_loss=0.0455  train_acc=0.9852  test_loss=0.2988  test_acc=0.9191  lr=0.010000  time=18.0s
2026-05-22 08:29:41  INFO  Epoch  232/300  train_loss=0.0428  train_acc=0.9862  test_loss=0.3097  test_acc=0.9167  lr=0.010000  time=18.0s
2026-05-22 08:29:59  INFO  Epoch  233/300  train_loss=0.0434  train_acc=0.9863  test_loss=0.3073  test_acc=0.9178  lr=0.010000  time=18.0s
2026-05-22 08:30:17  INFO  Epoch  234/300  train_loss=0.0454  train_acc=0.9848  test_loss=0.2963  test_acc=0.9209  lr=0.010000  time=18.0s
2026-05-22 08:30:35  INFO  Epoch  235/300  train_loss=0.0437  train_acc=0.9860  test_loss=0.2997  test_acc=0.9188  lr=0.010000  time=18.0s
2026-05-22 08:30:35  INFO    [checkpoint] Saved: /local/data/gme101/checkpoints_constantlr/seed_42/checkpoint_epoch_0235.pt
2026-05-22 08:30:35  INFO    [activations] shape=(2040, 512)  saved: /local/data/gme101/activations_constantlr/seed_42/activations_epoch_0235.npy
2026-05-22 08:30:53  INFO  Epoch  236/300  train_loss=0.0467  train_acc=0.9847  test_loss=0.3203  test_acc=0.9173  lr=0.010000  time=18.0s
2026-05-22 08:31:11  INFO  Epoch  237/300  train_loss=0.0469  train_acc=0.9847  test_loss=0.2808  test_acc=0.9251  lr=0.010000  time=18.0s
2026-05-22 08:31:29  INFO  Epoch  238/300  train_loss=0.0465  train_acc=0.9848  test_loss=0.3530  test_acc=0.9081  lr=0.010000  time=18.0s
2026-05-22 08:31:47  INFO  Epoch  239/300  train_loss=0.0465  train_acc=0.9848  test_loss=0.2917  test_acc=0.9198  lr=0.010000  time=18.0s
2026-05-22 08:32:05  INFO  Epoch  240/300  train_loss=0.0419  train_acc=0.9862  test_loss=0.3456  test_acc=0.9095  lr=0.010000  time=18.0s
2026-05-22 08:32:05  INFO    [checkpoint] Saved: /local/data/gme101/checkpoints_constantlr/seed_42/checkpoint_epoch_0240.pt
2026-05-22 08:32:06  INFO    [activations] shape=(2040, 512)  saved: /local/data/gme101/activations_constantlr/seed_42/activations_epoch_0240.npy
2026-05-22 08:32:24  INFO  Epoch  241/300  train_loss=0.0473  train_acc=0.9842  test_loss=0.3203  test_acc=0.9139  lr=0.010000  time=18.0s
2026-05-22 08:32:42  INFO  Epoch  242/300  train_loss=0.0490  train_acc=0.9841  test_loss=0.3169  test_acc=0.9173  lr=0.010000  time=18.0s
2026-05-22 08:33:00  INFO  Epoch  243/300  train_loss=0.0488  train_acc=0.9844  test_loss=0.3055  test_acc=0.9184  lr=0.010000  time=18.0s
2026-05-22 08:33:18  INFO  Epoch  244/300  train_loss=0.0444  train_acc=0.9855  test_loss=0.2971  test_acc=0.9174  lr=0.010000  time=18.0s
2026-05-22 08:33:36  INFO  Epoch  245/300  train_loss=0.0396  train_acc=0.9872  test_loss=0.3424  test_acc=0.9083  lr=0.010000  time=18.0s
2026-05-22 08:33:36  INFO    [checkpoint] Saved: /local/data/gme101/checkpoints_constantlr/seed_42/checkpoint_epoch_0245.pt
2026-05-22 08:33:36  INFO    [activations] shape=(2040, 512)  saved: /local/data/gme101/activations_constantlr/seed_42/activations_epoch_0245.npy
2026-05-22 08:33:54  INFO  Epoch  246/300  train_loss=0.0470  train_acc=0.9852  test_loss=0.3164  test_acc=0.9127  lr=0.010000  time=18.0s
2026-05-22 08:34:12  INFO  Epoch  247/300  train_loss=0.0427  train_acc=0.9859  test_loss=0.3199  test_acc=0.9155  lr=0.010000  time=18.0s
2026-05-22 08:34:30  INFO  Epoch  248/300  train_loss=0.0451  train_acc=0.9856  test_loss=0.3115  test_acc=0.9154  lr=0.010000  time=18.0s
2026-05-22 08:34:48  INFO  Epoch  249/300  train_loss=0.0441  train_acc=0.9862  test_loss=0.3251  test_acc=0.9122  lr=0.010000  time=18.0s
2026-05-22 08:35:06  INFO  Epoch  250/300  train_loss=0.0443  train_acc=0.9861  test_loss=0.3050  test_acc=0.9211  lr=0.010000  time=18.0s
2026-05-22 08:35:06  INFO    [checkpoint] Saved: /local/data/gme101/checkpoints_constantlr/seed_42/checkpoint_epoch_0250.pt
2026-05-22 08:35:06  INFO    [activations] shape=(2040, 512)  saved: /local/data/gme101/activations_constantlr/seed_42/activations_epoch_0250.npy
2026-05-22 08:35:24  INFO  Epoch  251/300  train_loss=0.0451  train_acc=0.9853  test_loss=0.3354  test_acc=0.9126  lr=0.010000  time=18.0s
2026-05-22 08:35:42  INFO  Epoch  252/300  train_loss=0.0436  train_acc=0.9857  test_loss=0.2966  test_acc=0.9222  lr=0.010000  time=18.0s
2026-05-22 08:36:00  INFO  Epoch  253/300  train_loss=0.0414  train_acc=0.9868  test_loss=0.3128  test_acc=0.9172  lr=0.010000  time=18.0s
2026-05-22 08:36:18  INFO  Epoch  254/300  train_loss=0.0442  train_acc=0.9861  test_loss=0.3255  test_acc=0.9161  lr=0.010000  time=18.0s
2026-05-22 08:36:36  INFO  Epoch  255/300  train_loss=0.0440  train_acc=0.9857  test_loss=0.3047  test_acc=0.9194  lr=0.010000  time=18.0s
2026-05-22 08:36:36  INFO    [checkpoint] Saved: /local/data/gme101/checkpoints_constantlr/seed_42/checkpoint_epoch_0255.pt
2026-05-22 08:36:37  INFO    [activations] shape=(2040, 512)  saved: /local/data/gme101/activations_constantlr/seed_42/activations_epoch_0255.npy
2026-05-22 08:36:55  INFO  Epoch  256/300  train_loss=0.0454  train_acc=0.9849  test_loss=0.3060  test_acc=0.9181  lr=0.010000  time=18.0s
2026-05-22 08:37:13  INFO  Epoch  257/300  train_loss=0.0488  train_acc=0.9839  test_loss=0.3469  test_acc=0.9083  lr=0.010000  time=18.0s
2026-05-22 08:37:31  INFO  Epoch  258/300  train_loss=0.0443  train_acc=0.9859  test_loss=0.2921  test_acc=0.9186  lr=0.010000  time=18.0s
2026-05-22 08:37:49  INFO  Epoch  259/300  train_loss=0.0418  train_acc=0.9863  test_loss=0.3266  test_acc=0.9136  lr=0.010000  time=18.0s
2026-05-22 08:38:07  INFO  Epoch  260/300  train_loss=0.0410  train_acc=0.9868  test_loss=0.2992  test_acc=0.9207  lr=0.010000  time=18.0s
2026-05-22 08:38:07  INFO    [checkpoint] Saved: /local/data/gme101/checkpoints_constantlr/seed_42/checkpoint_epoch_0260.pt
2026-05-22 08:38:07  INFO    [activations] shape=(2040, 512)  saved: /local/data/gme101/activations_constantlr/seed_42/activations_epoch_0260.npy
2026-05-22 08:38:25  INFO  Epoch  261/300  train_loss=0.0455  train_acc=0.9853  test_loss=0.3156  test_acc=0.9139  lr=0.010000  time=18.0s
2026-05-22 08:38:43  INFO  Epoch  262/300  train_loss=0.0465  train_acc=0.9848  test_loss=0.2979  test_acc=0.9197  lr=0.010000  time=18.0s
2026-05-22 08:39:01  INFO  Epoch  263/300  train_loss=0.0441  train_acc=0.9856  test_loss=0.3112  test_acc=0.9151  lr=0.010000  time=18.0s
2026-05-22 08:39:19  INFO  Epoch  264/300  train_loss=0.0416  train_acc=0.9867  test_loss=0.3506  test_acc=0.9063  lr=0.010000  time=18.0s
2026-05-22 08:39:37  INFO  Epoch  265/300  train_loss=0.0483  train_acc=0.9840  test_loss=0.2920  test_acc=0.9203  lr=0.010000  time=18.0s
2026-05-22 08:39:37  INFO    [checkpoint] Saved: /local/data/gme101/checkpoints_constantlr/seed_42/checkpoint_epoch_0265.pt
2026-05-22 08:39:37  INFO    [activations] shape=(2040, 512)  saved: /local/data/gme101/activations_constantlr/seed_42/activations_epoch_0265.npy
2026-05-22 08:39:55  INFO  Epoch  266/300  train_loss=0.0417  train_acc=0.9869  test_loss=0.3299  test_acc=0.9145  lr=0.010000  time=18.0s
2026-05-22 08:40:13  INFO  Epoch  267/300  train_loss=0.0449  train_acc=0.9853  test_loss=0.2943  test_acc=0.9214  lr=0.010000  time=18.0s
2026-05-22 08:40:31  INFO  Epoch  268/300  train_loss=0.0435  train_acc=0.9856  test_loss=0.2711  test_acc=0.9221  lr=0.010000  time=18.0s
2026-05-22 08:40:49  INFO  Epoch  269/300  train_loss=0.0458  train_acc=0.9850  test_loss=0.3397  test_acc=0.9131  lr=0.010000  time=18.0s
2026-05-22 08:41:07  INFO  Epoch  270/300  train_loss=0.0466  train_acc=0.9854  test_loss=0.2611  test_acc=0.9295  lr=0.010000  time=18.0s
2026-05-22 08:41:07  INFO    [checkpoint] Saved: /local/data/gme101/checkpoints_constantlr/seed_42/checkpoint_epoch_0270.pt
2026-05-22 08:41:07  INFO    [activations] shape=(2040, 512)  saved: /local/data/gme101/activations_constantlr/seed_42/activations_epoch_0270.npy
2026-05-22 08:41:25  INFO  Epoch  271/300  train_loss=0.0469  train_acc=0.9846  test_loss=0.3109  test_acc=0.9156  lr=0.010000  time=18.0s
2026-05-22 08:41:43  INFO  Epoch  272/300  train_loss=0.0367  train_acc=0.9886  test_loss=0.2957  test_acc=0.9221  lr=0.010000  time=18.0s
2026-05-22 08:42:01  INFO  Epoch  273/300  train_loss=0.0456  train_acc=0.9850  test_loss=0.3179  test_acc=0.9173  lr=0.010000  time=18.0s
2026-05-22 08:42:19  INFO  Epoch  274/300  train_loss=0.0425  train_acc=0.9866  test_loss=0.2922  test_acc=0.9207  lr=0.010000  time=18.0s
2026-05-22 08:42:37  INFO  Epoch  275/300  train_loss=0.0447  train_acc=0.9859  test_loss=0.3161  test_acc=0.9185  lr=0.010000  time=18.0s
2026-05-22 08:42:37  INFO    [checkpoint] Saved: /local/data/gme101/checkpoints_constantlr/seed_42/checkpoint_epoch_0275.pt
2026-05-22 08:42:38  INFO    [activations] shape=(2040, 512)  saved: /local/data/gme101/activations_constantlr/seed_42/activations_epoch_0275.npy
2026-05-22 08:42:56  INFO  Epoch  276/300  train_loss=0.0418  train_acc=0.9867  test_loss=0.2693  test_acc=0.9292  lr=0.010000  time=18.0s
2026-05-22 08:43:14  INFO  Epoch  277/300  train_loss=0.0464  train_acc=0.9850  test_loss=0.2881  test_acc=0.9228  lr=0.010000  time=18.0s
2026-05-22 08:43:32  INFO  Epoch  278/300  train_loss=0.0412  train_acc=0.9868  test_loss=0.2706  test_acc=0.9240  lr=0.010000  time=18.0s
2026-05-22 08:43:49  INFO  Epoch  279/300  train_loss=0.0471  train_acc=0.9844  test_loss=0.2867  test_acc=0.9220  lr=0.010000  time=18.0s
2026-05-22 08:44:07  INFO  Epoch  280/300  train_loss=0.0446  train_acc=0.9850  test_loss=0.2881  test_acc=0.9229  lr=0.010000  time=18.0s
2026-05-22 08:44:08  INFO    [checkpoint] Saved: /local/data/gme101/checkpoints_constantlr/seed_42/checkpoint_epoch_0280.pt
2026-05-22 08:44:08  INFO    [activations] shape=(2040, 512)  saved: /local/data/gme101/activations_constantlr/seed_42/activations_epoch_0280.npy
2026-05-22 08:44:26  INFO  Epoch  281/300  train_loss=0.0440  train_acc=0.9854  test_loss=0.2713  test_acc=0.9268  lr=0.010000  time=18.0s
2026-05-22 08:44:44  INFO  Epoch  282/300  train_loss=0.0423  train_acc=0.9861  test_loss=0.3120  test_acc=0.9209  lr=0.010000  time=18.0s
2026-05-22 08:45:02  INFO  Epoch  283/300  train_loss=0.0474  train_acc=0.9842  test_loss=0.3715  test_acc=0.9063  lr=0.010000  time=18.0s
2026-05-22 08:45:20  INFO  Epoch  284/300  train_loss=0.0460  train_acc=0.9840  test_loss=0.2787  test_acc=0.9235  lr=0.010000  time=18.0s
2026-05-22 08:45:38  INFO  Epoch  285/300  train_loss=0.0423  train_acc=0.9866  test_loss=0.2890  test_acc=0.9220  lr=0.010000  time=18.0s
2026-05-22 08:45:38  INFO    [checkpoint] Saved: /local/data/gme101/checkpoints_constantlr/seed_42/checkpoint_epoch_0285.pt
2026-05-22 08:45:38  INFO    [activations] shape=(2040, 512)  saved: /local/data/gme101/activations_constantlr/seed_42/activations_epoch_0285.npy
2026-05-22 08:45:56  INFO  Epoch  286/300  train_loss=0.0442  train_acc=0.9859  test_loss=0.2809  test_acc=0.9221  lr=0.010000  time=18.0s
2026-05-22 08:46:14  INFO  Epoch  287/300  train_loss=0.0401  train_acc=0.9872  test_loss=0.3197  test_acc=0.9134  lr=0.010000  time=18.0s
2026-05-22 08:46:32  INFO  Epoch  288/300  train_loss=0.0471  train_acc=0.9841  test_loss=0.2981  test_acc=0.9183  lr=0.010000  time=18.0s
2026-05-22 08:46:50  INFO  Epoch  289/300  train_loss=0.0462  train_acc=0.9848  test_loss=0.2810  test_acc=0.9232  lr=0.010000  time=18.0s
2026-05-22 08:47:08  INFO  Epoch  290/300  train_loss=0.0401  train_acc=0.9870  test_loss=0.2890  test_acc=0.9208  lr=0.010000  time=18.0s
2026-05-22 08:47:08  INFO    [checkpoint] Saved: /local/data/gme101/checkpoints_constantlr/seed_42/checkpoint_epoch_0290.pt
2026-05-22 08:47:08  INFO    [activations] shape=(2040, 512)  saved: /local/data/gme101/activations_constantlr/seed_42/activations_epoch_0290.npy
2026-05-22 08:47:26  INFO  Epoch  291/300  train_loss=0.0403  train_acc=0.9868  test_loss=0.3045  test_acc=0.9212  lr=0.010000  time=18.0s
2026-05-22 08:47:44  INFO  Epoch  292/300  train_loss=0.0370  train_acc=0.9878  test_loss=0.3497  test_acc=0.9122  lr=0.010000  time=18.0s
2026-05-22 08:48:02  INFO  Epoch  293/300  train_loss=0.0447  train_acc=0.9857  test_loss=0.3012  test_acc=0.9191  lr=0.010000  time=18.0s
2026-05-22 08:48:20  INFO  Epoch  294/300  train_loss=0.0499  train_acc=0.9836  test_loss=0.4423  test_acc=0.8890  lr=0.010000  time=18.0s
2026-05-22 08:48:38  INFO  Epoch  295/300  train_loss=0.0416  train_acc=0.9861  test_loss=0.2804  test_acc=0.9242  lr=0.010000  time=18.0s
2026-05-22 08:48:38  INFO    [checkpoint] Saved: /local/data/gme101/checkpoints_constantlr/seed_42/checkpoint_epoch_0295.pt
2026-05-22 08:48:38  INFO    [activations] shape=(2040, 512)  saved: /local/data/gme101/activations_constantlr/seed_42/activations_epoch_0295.npy
2026-05-22 08:48:56  INFO  Epoch  296/300  train_loss=0.0405  train_acc=0.9865  test_loss=0.2988  test_acc=0.9206  lr=0.010000  time=18.0s
2026-05-22 08:49:14  INFO  Epoch  297/300  train_loss=0.0425  train_acc=0.9862  test_loss=0.3105  test_acc=0.9180  lr=0.010000  time=18.0s
2026-05-22 08:49:32  INFO  Epoch  298/300  train_loss=0.0452  train_acc=0.9856  test_loss=0.3011  test_acc=0.9189  lr=0.010000  time=18.0s
2026-05-22 08:49:50  INFO  Epoch  299/300  train_loss=0.0438  train_acc=0.9856  test_loss=0.3541  test_acc=0.9099  lr=0.010000  time=18.0s
2026-05-22 08:50:08  INFO  Epoch  300/300  train_loss=0.0496  train_acc=0.9834  test_loss=0.3335  test_acc=0.9123  lr=0.010000  time=18.0s
2026-05-22 08:50:08  INFO    [checkpoint] Saved: /local/data/gme101/checkpoints_constantlr/seed_42/checkpoint_epoch_0300.pt
2026-05-22 08:50:09  INFO    [activations] shape=(2040, 512)  saved: /local/data/gme101/activations_constantlr/seed_42/activations_epoch_0300.npy
2026-05-22 08:50:09  INFO  ======================================================================
2026-05-22 08:50:09  INFO  Training complete.
2026-05-22 08:50:09  INFO  Final test accuracy: 0.9123
2026-05-22 08:50:09  INFO  Checkpoints saved to: /local/data/gme101/checkpoints_constantlr/seed_42
2026-05-22 08:50:09  INFO  Activations saved to: /local/data/gme101/activations_constantlr/seed_42
2026-05-22 08:50:09  INFO  ======================================================================
